[1673018011.173042] [p9r1n01:110362:0]         mxm.c:196  MXM  WARN  The 'ulimit -s' on the system is set to 'unlimited'. This may have negative performance implications. Please set the stack size to the default value (10240) 
[1673018011.202316] [p9r1n01:110362:0]         mxm.c:196  MXM  WARN  The 'ulimit -s' on the system is set to 'unlimited'. This may have negative performance implications. Please set the stack size to the default value (10240) 
W: [0.3] b: [-0.3] loss: 23.660002
W: [-0.68799996] b: [-0.5964] loss: 3.1527553
W: [-0.85824794] b: [-0.5986672] loss: 6.2934694
W: [-0.68444693] b: [-0.47035688] loss: 2.3554971
W: [-0.54023486] b: [-0.34088215] loss: 1.2035619
W: [-0.51930666] b: [-0.24431771] loss: 1.1625841
W: [-0.5687065] b: [-0.16472267] loss: 0.95999175
W: [-0.62664914] b: [-0.08300689] loss: 0.78651047
W: [-0.6696265] b: [0.00705381] loss: 0.65730596
W: [-0.7009441] b: [0.10272098] loss: 0.5367398
W: [-0.7294163] b: [0.19954172] loss: 0.42758077
W: [-0.75935256] b: [0.2947542] loss: 0.33251035
W: [-0.7906072] b: [0.38726884] loss: 0.25108838
W: [-0.8216009] b: [0.47663674] loss: 0.18307284
W: [-0.85121167] b: [0.5624015] loss: 0.12791783
W: [-0.87906253] b: [0.6439948] loss: 0.084647596
W: [-0.90513706] b: [0.7208602] loss: 0.052045
W: [-0.9294495] b: [0.7925567] loss: 0.028747529
W: [-0.951949] b: [0.858783] loss: 0.01332356
W: [-0.97255677] b: [0.91935545] loss: 0.0043451544
W: [-0.9912156] b: [0.9741818] loss: 0.00044533933
W: [-1.0079085] b: [1.0232451] loss: 0.00036099204
W: [-1.0226532] b: [1.0665964] loss: 0.0029629087
W: [-1.035492] b: [1.1043482] loss: 0.0072741183
W: [-1.0464838] b: [1.1366682] loss: 0.01247795
W: [-1.0557017] b: [1.163771] loss: 0.017917676
W: [-1.063232] b: [1.18591] loss: 0.023089457
W: [-1.0691706] b: [1.2033701] loss: 0.027630111
W: [-1.0736231] b: [1.2164606] loss: 0.031301554
W: [-1.0767006] b: [1.2255087] loss: 0.033973098
W: [-1.0785185] b: [1.2308539] loss: 0.035602685
W: [-1.0791948] b: [1.2328423] loss: 0.036218636
W: [-1.0788478] b: [1.231822] loss: 0.03590193
W: [-1.0775949] b: [1.2281386] loss: 0.034770112
W: [-1.0755516] b: [1.222131] loss: 0.03296301
W: [-1.0728298] b: [1.2141289] loss: 0.03063081
W: [-1.0695375] b: [1.2044488] loss: 0.02792402
W: [-1.0657772] b: [1.1933928] loss: 0.024985552
W: [-1.0616456] b: [1.1812454] loss: 0.02194538
W: [-1.0572333] b: [1.1682733] loss: 0.0189164
W: [-1.0526247] b: [1.1547229] loss: 0.015992556
W: [-1.0478963] b: [1.1408207] loss: 0.0132477395
W: [-1.043118] b: [1.1267723] loss: 0.010736348
W: [-1.0383528] b: [1.1127619] loss: 0.008494396
W: [-1.0336561] b: [1.0989531] loss: 0.0065413425
W: [-1.0290767] b: [1.085489] loss: 0.0048823548
W: [-1.0246564] b: [1.0724927] loss: 0.0035107369
W: [-1.0204304] b: [1.060068] loss: 0.0024104267
W: [-1.016428] b: [1.0483003] loss: 0.0015585027
W: [-1.0126722] b: [1.0372577] loss: 0.0009273424
W: [-1.0091807] b: [1.0269922] loss: 0.00048672457
W: [-1.005966] b: [1.0175407] loss: 0.00020554247
W: [-1.0030359] b: [1.0089262] loss: 5.3227304e-05
W: [-1.0003942] b: [1.001159] loss: 8.973178e-07
W: [-0.9980404] b: [0.9942384] loss: 2.2176702e-05
W: [-0.9959707] b: [0.98815346] loss: 9.3754425e-05
W: [-0.99417865] b: [0.98288447] loss: 0.00019569913
W: [-0.99265474] b: [0.9784041] loss: 0.00031156503
W: [-0.99138767] b: [0.9746787] loss: 0.00042833417
W: [-0.9903641] b: [0.97166926] loss: 0.00053619704
W: [-0.9895693] b: [0.96933246] loss: 0.00062829885
W: [-0.98898745] b: [0.9676218] loss: 0.00070034806
W: [-0.988602] b: [0.96648836] loss: 0.0007502388
W: [-0.98839563] b: [0.9658818] loss: 0.0007776431
W: [-0.98835117] b: [0.96575105] loss: 0.00078361254
W: [-0.9884511] b: [0.9660449] loss: 0.0007702263
W: [-0.9886783] b: [0.96671283] loss: 0.0007402197
W: [-0.9890159] b: [0.9677054] loss: 0.00069673784
W: [-0.98944765] b: [0.9689748] loss: 0.0006430383
W: [-0.9899579] b: [0.97047514] loss: 0.00058235053
W: [-0.990532] b: [0.9721628] loss: 0.00051767577
W: [-0.99115574] b: [0.9739969] loss: 0.00045170987
W: [-0.9918164] b: [0.9759392] loss: 0.00038674823
W: [-0.99250185] b: [0.9779545] loss: 0.00032467235
W: [-0.99320114] b: [0.98001057] loss: 0.00026693745
W: [-0.9939044] b: [0.98207825] loss: 0.00021457157
W: [-0.9946028] b: [0.9841315] loss: 0.0001682206
W: [-0.99528843] b: [0.98614734] loss: 0.00012819702
W: [-0.9959545] b: [0.9881058] loss: 9.451066e-05
W: [-0.99659526] b: [0.9899897] loss: 6.694281e-05
W: [-0.99720585] b: [0.99178475] loss: 4.5086737e-05
W: [-0.99778223] b: [0.9934794] loss: 2.8403854e-05
W: [-0.99832124] b: [0.9950644] loss: 1.6274464e-05
W: [-0.9988208] b: [0.99653286] loss: 8.03065e-06
W: [-0.999279] b: [0.9978802] loss: 3.001851e-06
W: [-0.9996951] b: [0.9991037] loss: 5.367354e-07
W: [-1.0000689] b: [1.0002024] loss: 2.7376586e-08
W: [-1.0004003] b: [1.001177] loss: 9.254886e-07
W: [-1.0006902] b: [1.0020294] loss: 2.751365e-06
W: [-1.0009398] b: [1.0027632] loss: 5.1003535e-06
W: [-1.0011505] b: [1.0033826] loss: 7.643326e-06
W: [-1.001324] b: [1.0038928] loss: 1.0123125e-05
W: [-1.0014626] b: [1.0042999] loss: 1.2351724e-05
W: [-1.0015681] b: [1.0046104] loss: 1.419961e-05
W: [-1.0016432] b: [1.0048313] loss: 1.5593227e-05
W: [-1.0016904] b: [1.0049698] loss: 1.65004e-05
W: [-1.001712] b: [1.0050336] loss: 1.6926855e-05
W: [-1.0017108] b: [1.0050299] loss: 1.6901637e-05
W: [-1.0016892] b: [1.0049665] loss: 1.6478129e-05
W: [-1.0016499] b: [1.0048506] loss: 1.5718348e-05
W: [-1.001595] b: [1.0046895] loss: 1.4691128e-05
W: [-1.0015272] b: [1.00449] loss: 1.34685e-05
W: [-1.0014485] b: [1.0042589] loss: 1.2117003e-05
W: [-1.0013613] b: [1.0040023] loss: 1.0701189e-05
W: [-1.0012674] b: [1.0037262] loss: 9.275877e-06
W: [-1.0011687] b: [1.0034362] loss: 7.888317e-06
W: [-1.0010669] b: [1.0031371] loss: 6.574487e-06
W: [-1.0009637] b: [1.0028336] loss: 5.3638823e-06
W: [-1.0008605] b: [1.0025297] loss: 4.2754773e-06
W: [-1.0007583] b: [1.0022292] loss: 3.3198887e-06
W: [-1.0006583] b: [1.0019354] loss: 2.502119e-06
W: [-1.0005615] b: [1.0016508] loss: 1.8205499e-06
W: [-1.0004687] b: [1.001378] loss: 1.2686701e-06
W: [-1.0003805] b: [1.001119] loss: 8.363909e-07
W: [-1.0002977] b: [1.0008752] loss: 5.117463e-07
W: [-1.0002204] b: [1.000648] loss: 2.8054154e-07
W: [-1.000149] b: [1.0004382] loss: 1.2828002e-07
W: [-1.0000838] b: [1.0002464] loss: 4.0537216e-08
W: [-1.0000249] b: [1.0000728] loss: 3.542553e-09
W: [-0.99997205] b: [0.9999177] loss: 4.532126e-09
W: [-0.9999254] b: [0.9997807] loss: 3.2126e-08
W: [-0.99988484] b: [0.9996615] loss: 7.654543e-08
W: [-0.99985015] b: [0.9995596] loss: 1.2959512e-07
W: [-0.9998212] b: [0.99947417] loss: 1.8466305e-07
W: [-0.99979746] b: [0.99940455] loss: 2.368129e-07
W: [-0.9997788] b: [0.9993498] loss: 2.8251043e-07
W: [-0.9997649] b: [0.9993088] loss: 3.1914192e-07
W: [-0.9997554] b: [0.9992807] loss: 3.4564187e-07
W: [-0.9997498] b: [0.9992643] loss: 3.6157365e-07
W: [-0.99974775] b: [0.9992586] loss: 3.6724794e-07
W: [-0.99974906] b: [0.99926233] loss: 3.6353612e-07
W: [-0.9997533] b: [0.9992745] loss: 3.5161673e-07
W: [-0.9997599] b: [0.99929404] loss: 3.329327e-07
W: [-0.9997687] b: [0.99931985] loss: 3.0898366e-07
W: [-0.9997792] b: [0.99935097] loss: 2.814246e-07
W: [-0.9997913] b: [0.99938637] loss: 2.514903e-07
W: [-0.9998045] b: [0.99942523] loss: 2.2069392e-07
W: [-0.99981856] b: [0.99946666] loss: 1.9003699e-07
W: [-0.9998333] b: [0.9995099] loss: 1.6044545e-07
W: [-0.99984837] b: [0.99955416] loss: 1.3279077e-07
W: [-0.99986356] b: [0.9995989] loss: 1.075033e-07
W: [-0.99987876] b: [0.9996435] loss: 8.490369e-08
W: [-0.9998937] b: [0.99968743] loss: 6.52618e-08
W: [-0.99990827] b: [0.9997302] loss: 4.863806e-08
W: [-0.9999223] b: [0.99977154] loss: 3.4872986e-08
W: [-0.99993575] b: [0.999811] loss: 2.3860398e-08
W: [-0.9999484] b: [0.99984837] loss: 1.5363938e-08
W: [-0.99996036] b: [0.99988335] loss: 9.098017e-09
W: [-0.9999714] b: [0.9999159] loss: 4.7248e-09
W: [-0.9999816] b: [0.9999458] loss: 1.9655317e-09
W: [-0.9999909] b: [0.9999731] loss: 4.803411e-10
W: [-0.9999992] b: [0.9999977] loss: 3.424816e-12
W: [-1.0000067] b: [1.0000196] loss: 2.55568e-10
W: [-1.0000131] b: [1.0000387] loss: 1.0050201e-09
W: [-1.0000188] b: [1.0000553] loss: 2.0444304e-09
W: [-1.0000236] b: [1.0000695] loss: 3.220208e-09
W: [-1.0000277] b: [1.0000812] loss: 4.41176e-09
W: [-1.0000308] b: [1.0000907] loss: 5.501903e-09
W: [-1.0000334] b: [1.000098] loss: 6.4167125e-09
W: [-1.0000352] b: [1.0001034] loss: 7.1269284e-09
W: [-1.0000364] b: [1.0001068] loss: 7.623456e-09
W: [-1.000037] b: [1.0001087] loss: 7.89521e-09
W: [-1.0000371] b: [1.0001091] loss: 7.936833e-09
W: [-1.0000368] b: [1.000108] loss: 7.798022e-09
W: [-1.000036] b: [1.0001059] loss: 7.485937e-09
W: [-1.0000349] b: [1.0001026] loss: 7.0484845e-09
W: [-1.0000335] b: [1.0000986] loss: 6.4831767e-09
W: [-1.0000318] b: [1.0000938] loss: 5.868415e-09
W: [-1.0000302] b: [1.0000883] loss: 5.2260845e-09
W: [-1.000028] b: [1.0000825] loss: 4.5443613e-09
W: [-1.0000259] b: [1.0000763] loss: 3.8865693e-09
W: [-1.0000237] b: [1.0000699] loss: 3.2587337e-09
W: [-1.0000216] b: [1.0000633] loss: 2.6726212e-09
W: [-1.0000193] b: [1.0000567] loss: 2.151296e-09
W: [-1.000017] b: [1.0000502] loss: 1.6865016e-09
W: [-1.0000149] b: [1.0000437] loss: 1.2752963e-09
W: [-1.0000128] b: [1.0000376] loss: 9.382717e-10
W: [-1.0000108] b: [1.0000316] loss: 6.7116446e-10
W: [-1.0000088] b: [1.0000259] loss: 4.494325e-10
W: [-1.0000069] b: [1.0000205] loss: 2.8046543e-10
W: [-1.0000052] b: [1.0000155] loss: 1.6029844e-10
W: [-1.0000037] b: [1.0000108] loss: 7.766232e-11
W: [-1.0000023] b: [1.0000066] loss: 2.8208547e-11
W: [-1.000001] b: [1.0000026] loss: 4.774847e-12
W: [-0.9999997] b: [0.99999917] loss: 5.8619776e-13
W: [-0.9999987] b: [0.99999607] loss: 1.064393e-11
W: [-0.9999978] b: [0.9999934] loss: 2.8663294e-11
W: [-0.99999696] b: [0.99999106] loss: 5.416112e-11
W: [-0.9999963] b: [0.9999891] loss: 7.9356965e-11
W: [-0.9999957] b: [0.9999875] loss: 1.05998765e-10
W: [-0.9999953] b: [0.9999862] loss: 1.2774493e-10
W: [-0.99999493] b: [0.9999852] loss: 1.463043e-10
W: [-0.99999475] b: [0.9999845] loss: 1.6029844e-10
W: [-0.9999946] b: [0.9999841] loss: 1.6791546e-10
W: [-0.9999945] b: [0.9999839] loss: 1.7170976e-10
W: [-0.9999945] b: [0.9999839] loss: 1.7170976e-10
W: [-0.9999946] b: [0.99998415] loss: 1.6673951e-10
W: [-0.9999947] b: [0.9999845] loss: 1.6074253e-10
W: [-0.99999493] b: [0.99998504] loss: 1.48205e-10
W: [-0.9999952] b: [0.9999857] loss: 1.3655566e-10
W: [-0.9999954] b: [0.99998647] loss: 1.2114754e-10
W: [-0.99999565] b: [0.9999873] loss: 1.0902568e-10
W: [-0.999996] b: [0.9999882] loss: 9.395151e-11
W: [-0.9999963] b: [0.99998915] loss: 7.767653e-11
W: [-0.9999966] b: [0.9999901] loss: 6.649614e-11
W: [-0.99999696] b: [0.99999106] loss: 5.416112e-11
W: [-0.9999973] b: [0.999992] loss: 4.3218762e-11
W: [-0.9999977] b: [0.99999297] loss: 3.354117e-11
W: [-0.999998] b: [0.9999939] loss: 2.4186875e-11
W: [-0.9999982] b: [0.9999949] loss: 1.7195134e-11
W: [-0.9999985] b: [0.99999577] loss: 1.17807986e-11
W: [-0.9999988] b: [0.9999966] loss: 7.876366e-12
W: [-0.99999917] b: [0.9999974] loss: 4.675371e-12
W: [-0.99999934] b: [0.9999981] loss: 2.4336089e-12
W: [-0.9999996] b: [0.99999875] loss: 1.1510792e-12
W: [-0.99999976] b: [0.99999934] loss: 2.877698e-13
W: [-0.99999994] b: [0.9999999] loss: 1.7763568e-14
W: [-1.0000001] b: [1.0000004] loss: 7.1054274e-14
W: [-1.0000002] b: [1.0000008] loss: 4.973799e-13
W: [-1.0000005] b: [1.0000012] loss: 1.1368684e-12
W: [-1.0000006] b: [1.0000015] loss: 2.1742608e-12
W: [-1.0000006] b: [1.0000019] loss: 2.4584779e-12
W: [-1.0000007] b: [1.0000021] loss: 3.0695446e-12
W: [-1.0000007] b: [1.0000023] loss: 3.3395509e-12
W: [-1.0000008] b: [1.0000024] loss: 3.82272e-12
W: [-1.0000008] b: [1.0000025] loss: 4.405365e-12
W: [-1.0000008] b: [1.0000025] loss: 4.405365e-12
W: [-1.0000008] b: [1.0000025] loss: 4.405365e-12
W: [-1.0000008] b: [1.0000025] loss: 4.405365e-12
W: [-1.0000008] b: [1.0000024] loss: 3.82272e-12
W: [-1.0000008] b: [1.0000023] loss: 3.3111291e-12
W: [-1.0000008] b: [1.0000021] loss: 3.424816e-12
W: [-1.0000007] b: [1.000002] loss: 2.9842795e-12
W: [-1.0000006] b: [1.0000019] loss: 2.4584779e-12
W: [-1.0000006] b: [1.0000018] loss: 2.0037305e-12
W: [-1.0000006] b: [1.0000017] loss: 1.946887e-12
W: [-1.0000005] b: [1.0000015] loss: 1.7479351e-12
W: [-1.0000005] b: [1.0000014] loss: 1.364242e-12
W: [-1.0000005] b: [1.0000013] loss: 1.0516032e-12
W: [-1.0000005] b: [1.0000012] loss: 1.1368684e-12
W: [-1.0000004] b: [1.0000011] loss: 8.81073e-13
W: [-1.0000002] b: [1.000001] loss: 7.9580786e-13
W: [-1.0000002] b: [1.0000008] loss: 4.973799e-13
W: [-1.0000002] b: [1.0000007] loss: 3.410605e-13
W: [-1.0000002] b: [1.0000006] loss: 3.6948222e-13
W: [-1.0000002] b: [1.0000005] loss: 3.410605e-13
W: [-1.0000001] b: [1.0000004] loss: 7.1054274e-14
W: [-1.0000001] b: [1.0000002] loss: 1.2789769e-13
W: [-1.] b: [1.0000001] loss: 4.2632564e-14
W: [-0.99999994] b: [1.] loss: 1.314504e-13
W: [-0.99999994] b: [0.9999999] loss: 1.7763568e-14
W: [-0.99999994] b: [0.9999998] loss: 1.4210855e-14
W: [-0.99999994] b: [0.99999976] loss: 4.6185278e-14
W: [-0.99999994] b: [0.9999997] loss: 1.1368684e-13
W: [-0.9999999] b: [0.99999964] loss: 8.526513e-14
W: [-0.9999999] b: [0.99999964] loss: 8.526513e-14
W: [-0.9999999] b: [0.99999964] loss: 8.526513e-14
W: [-0.9999999] b: [0.99999964] loss: 8.526513e-14
W: [-0.9999999] b: [0.99999964] loss: 8.526513e-14
W: [-0.9999999] b: [0.99999964] loss: 8.526513e-14
W: [-0.9999999] b: [0.99999964] loss: 8.526513e-14
W: [-0.9999999] b: [0.99999964] loss: 8.526513e-14
W: [-0.9999999] b: [0.99999964] loss: 8.526513e-14
W: [-0.9999999] b: [0.99999964] loss: 8.526513e-14
W: [-0.9999999] b: [0.99999964] loss: 8.526513e-14
W: [-0.9999999] b: [0.99999964] loss: 8.526513e-14
W: [-0.9999999] b: [0.99999964] loss: 8.526513e-14
W: [-0.9999999] b: [0.99999964] loss: 8.526513e-14
W: [-0.9999999] b: [0.99999964] loss: 8.526513e-14
W: [-0.9999999] b: [0.9999997] loss: 1.4566126e-13
W: [-0.99999994] b: [0.9999997] loss: 1.1368684e-13
W: [-0.99999994] b: [0.99999976] loss: 4.6185278e-14
W: [-0.99999994] b: [0.9999998] loss: 1.4210855e-14
W: [-0.99999994] b: [0.9999998] loss: 1.4210855e-14
W: [-0.99999994] b: [0.9999998] loss: 1.4210855e-14
W: [-0.99999994] b: [0.9999998] loss: 1.4210855e-14
W: [-0.99999994] b: [0.9999998] loss: 1.4210855e-14
W: [-0.99999994] b: [0.9999998] loss: 1.4210855e-14
W: [-0.99999994] b: [0.9999998] loss: 1.4210855e-14
W: [-0.99999994] b: [0.9999998] loss: 1.4210855e-14
W: [-0.99999994] b: [0.9999998] loss: 1.4210855e-14
W: [-0.99999994] b: [0.9999998] loss: 1.4210855e-14
W: [-0.99999994] b: [0.9999998] loss: 1.4210855e-14
W: [-0.99999994] b: [0.9999998] loss: 1.4210855e-14
W: [-0.99999994] b: [0.9999998] loss: 1.4210855e-14
W: [-0.99999994] b: [0.9999998] loss: 1.4210855e-14
W: [-0.99999994] b: [0.9999998] loss: 1.4210855e-14
W: [-0.99999994] b: [0.9999998] loss: 1.4210855e-14
W: [-0.99999994] b: [0.9999998] loss: 1.4210855e-14
W: [-0.99999994] b: [0.9999998] loss: 1.4210855e-14
W: [-0.99999994] b: [0.9999998] loss: 1.4210855e-14
W: [-0.99999994] b: [0.9999998] loss: 1.4210855e-14
W: [-0.99999994] b: [0.9999998] loss: 1.4210855e-14
W: [-0.99999994] b: [0.9999998] loss: 1.4210855e-14
W: [-0.99999994] b: [0.9999998] loss: 1.4210855e-14
W: [-0.99999994] b: [0.9999998] loss: 1.4210855e-14
W: [-0.99999994] b: [0.9999998] loss: 1.4210855e-14
W: [-0.99999994] b: [0.9999998] loss: 1.4210855e-14
W: [-0.99999994] b: [0.9999998] loss: 1.4210855e-14
W: [-0.99999994] b: [0.9999998] loss: 1.4210855e-14
W: [-0.99999994] b: [0.9999998] loss: 1.4210855e-14
W: [-0.99999994] b: [0.9999998] loss: 1.4210855e-14
W: [-0.99999994] b: [0.9999998] loss: 1.4210855e-14
W: [-0.99999994] b: [0.9999998] loss: 1.4210855e-14
W: [-0.99999994] b: [0.9999998] loss: 1.4210855e-14
W: [-0.99999994] b: [0.9999998] loss: 1.4210855e-14
W: [-0.99999994] b: [0.9999998] loss: 1.4210855e-14
W: [-0.99999994] b: [0.9999998] loss: 1.4210855e-14
W: [-0.99999994] b: [0.9999998] loss: 1.4210855e-14
W: [-0.99999994] b: [0.9999998] loss: 1.4210855e-14
W: [-0.99999994] b: [0.9999998] loss: 1.4210855e-14
W: [-0.99999994] b: [0.9999998] loss: 1.4210855e-14
W: [-0.99999994] b: [0.9999998] loss: 1.4210855e-14
W: [-0.99999994] b: [0.9999998] loss: 1.4210855e-14
W: [-0.99999994] b: [0.9999998] loss: 1.4210855e-14
W: [-0.99999994] b: [0.9999998] loss: 1.4210855e-14
W: [-0.99999994] b: [0.9999998] loss: 1.4210855e-14
W: [-0.99999994] b: [0.9999998] loss: 1.4210855e-14
W: [-0.99999994] b: [0.9999998] loss: 1.4210855e-14
W: [-0.99999994] b: [0.9999998] loss: 1.4210855e-14
W: [-0.99999994] b: [0.9999998] loss: 1.4210855e-14
W: [-0.99999994] b: [0.9999998] loss: 1.4210855e-14
W: [-0.99999994] b: [0.9999998] loss: 1.4210855e-14
W: [-0.99999994] b: [0.9999998] loss: 1.4210855e-14
W: [-0.99999994] b: [0.9999998] loss: 1.4210855e-14
W: [-0.99999994] b: [0.9999998] loss: 1.4210855e-14
W: [-0.99999994] b: [0.9999998] loss: 1.4210855e-14
W: [-0.99999994] b: [0.9999998] loss: 1.4210855e-14
W: [-0.99999994] b: [0.9999998] loss: 1.4210855e-14
W: [-0.99999994] b: [0.9999998] loss: 1.4210855e-14
W: [-0.99999994] b: [0.9999998] loss: 1.4210855e-14
W: [-0.99999994] b: [0.9999998] loss: 1.4210855e-14
W: [-0.99999994] b: [0.9999998] loss: 1.4210855e-14
W: [-0.99999994] b: [0.9999998] loss: 1.4210855e-14
W: [-0.99999994] b: [0.9999998] loss: 1.4210855e-14
W: [-0.99999994] b: [0.9999998] loss: 1.4210855e-14
W: [-0.99999994] b: [0.9999998] loss: 1.4210855e-14
W: [-0.99999994] b: [0.9999998] loss: 1.4210855e-14
W: [-0.99999994] b: [0.9999998] loss: 1.4210855e-14
W: [-0.99999994] b: [0.9999998] loss: 1.4210855e-14
W: [-0.99999994] b: [0.9999998] loss: 1.4210855e-14
W: [-0.99999994] b: [0.9999998] loss: 1.4210855e-14
W: [-0.99999994] b: [0.9999998] loss: 1.4210855e-14
W: [-0.99999994] b: [0.9999998] loss: 1.4210855e-14
W: [-0.99999994] b: [0.9999998] loss: 1.4210855e-14
W: [-0.99999994] b: [0.9999998] loss: 1.4210855e-14
W: [-0.99999994] b: [0.9999998] loss: 1.4210855e-14
W: [-0.99999994] b: [0.9999998] loss: 1.4210855e-14
W: [-0.99999994] b: [0.9999998] loss: 1.4210855e-14
W: [-0.99999994] b: [0.9999998] loss: 1.4210855e-14
W: [-0.99999994] b: [0.9999998] loss: 1.4210855e-14
W: [-0.99999994] b: [0.9999998] loss: 1.4210855e-14
W: [-0.99999994] b: [0.9999998] loss: 1.4210855e-14
W: [-0.99999994] b: [0.9999998] loss: 1.4210855e-14
W: [-0.99999994] b: [0.9999998] loss: 1.4210855e-14
W: [-0.99999994] b: [0.9999998] loss: 1.4210855e-14
W: [-0.99999994] b: [0.9999998] loss: 1.4210855e-14
W: [-0.99999994] b: [0.9999998] loss: 1.4210855e-14
W: [-0.99999994] b: [0.9999998] loss: 1.4210855e-14
W: [-0.99999994] b: [0.9999998] loss: 1.4210855e-14
W: [-0.99999994] b: [0.9999998] loss: 1.4210855e-14
W: [-0.99999994] b: [0.9999998] loss: 1.4210855e-14
W: [-0.99999994] b: [0.9999998] loss: 1.4210855e-14
W: [-0.99999994] b: [0.9999998] loss: 1.4210855e-14
W: [-0.99999994] b: [0.9999998] loss: 1.4210855e-14
W: [-0.99999994] b: [0.9999998] loss: 1.4210855e-14
W: [-0.99999994] b: [0.9999998] loss: 1.4210855e-14
W: [-0.99999994] b: [0.9999998] loss: 1.4210855e-14
W: [-0.99999994] b: [0.9999998] loss: 1.4210855e-14
W: [-0.99999994] b: [0.9999998] loss: 1.4210855e-14
W: [-0.99999994] b: [0.9999998] loss: 1.4210855e-14
W: [-0.99999994] b: [0.9999998] loss: 1.4210855e-14
W: [-0.99999994] b: [0.9999998] loss: 1.4210855e-14
W: [-0.99999994] b: [0.9999998] loss: 1.4210855e-14
W: [-0.99999994] b: [0.9999998] loss: 1.4210855e-14
W: [-0.99999994] b: [0.9999998] loss: 1.4210855e-14
W: [-0.99999994] b: [0.9999998] loss: 1.4210855e-14
W: [-0.99999994] b: [0.9999998] loss: 1.4210855e-14
W: [-0.99999994] b: [0.9999998] loss: 1.4210855e-14
W: [-0.99999994] b: [0.9999998] loss: 1.4210855e-14
W: [-0.99999994] b: [0.9999998] loss: 1.4210855e-14
W: [-0.99999994] b: [0.9999998] loss: 1.4210855e-14
W: [-0.99999994] b: [0.9999998] loss: 1.4210855e-14
W: [-0.99999994] b: [0.9999998] loss: 1.4210855e-14
W: [-0.99999994] b: [0.9999998] loss: 1.4210855e-14
W: [-0.99999994] b: [0.9999998] loss: 1.4210855e-14
W: [-0.99999994] b: [0.9999998] loss: 1.4210855e-14
W: [-0.99999994] b: [0.9999998] loss: 1.4210855e-14
W: [-0.99999994] b: [0.9999998] loss: 1.4210855e-14
W: [-0.99999994] b: [0.9999998] loss: 1.4210855e-14
W: [-0.99999994] b: [0.9999998] loss: 1.4210855e-14
W: [-0.99999994] b: [0.9999998] loss: 1.4210855e-14
W: [-0.99999994] b: [0.9999998] loss: 1.4210855e-14
W: [-0.99999994] b: [0.9999998] loss: 1.4210855e-14
W: [-0.99999994] b: [0.9999998] loss: 1.4210855e-14
W: [-0.99999994] b: [0.9999998] loss: 1.4210855e-14
W: [-0.99999994] b: [0.9999998] loss: 1.4210855e-14
W: [-0.99999994] b: [0.9999998] loss: 1.4210855e-14
W: [-0.99999994] b: [0.9999998] loss: 1.4210855e-14
W: [-0.99999994] b: [0.9999998] loss: 1.4210855e-14
W: [-0.99999994] b: [0.9999998] loss: 1.4210855e-14
W: [-0.99999994] b: [0.9999998] loss: 1.4210855e-14
W: [-0.99999994] b: [0.9999998] loss: 1.4210855e-14
W: [-0.99999994] b: [0.9999998] loss: 1.4210855e-14
W: [-0.99999994] b: [0.9999998] loss: 1.4210855e-14
W: [-0.99999994] b: [0.9999998] loss: 1.4210855e-14
W: [-0.99999994] b: [0.9999998] loss: 1.4210855e-14
W: [-0.99999994] b: [0.9999998] loss: 1.4210855e-14
W: [-0.99999994] b: [0.9999998] loss: 1.4210855e-14
W: [-0.99999994] b: [0.9999998] loss: 1.4210855e-14
W: [-0.99999994] b: [0.9999998] loss: 1.4210855e-14
W: [-0.99999994] b: [0.9999998] loss: 1.4210855e-14
W: [-0.99999994] b: [0.9999998] loss: 1.4210855e-14
W: [-0.99999994] b: [0.9999998] loss: 1.4210855e-14
W: [-0.99999994] b: [0.9999998] loss: 1.4210855e-14
W: [-0.99999994] b: [0.9999998] loss: 1.4210855e-14
W: [-0.99999994] b: [0.9999998] loss: 1.4210855e-14
W: [-0.99999994] b: [0.9999998] loss: 1.4210855e-14
W: [-0.99999994] b: [0.9999998] loss: 1.4210855e-14
W: [-0.99999994] b: [0.9999998] loss: 1.4210855e-14
W: [-0.99999994] b: [0.9999998] loss: 1.4210855e-14
W: [-0.99999994] b: [0.9999998] loss: 1.4210855e-14
W: [-0.99999994] b: [0.9999998] loss: 1.4210855e-14
W: [-0.99999994] b: [0.9999998] loss: 1.4210855e-14
W: [-0.99999994] b: [0.9999998] loss: 1.4210855e-14
W: [-0.99999994] b: [0.9999998] loss: 1.4210855e-14
W: [-0.99999994] b: [0.9999998] loss: 1.4210855e-14
W: [-0.99999994] b: [0.9999998] loss: 1.4210855e-14
W: [-0.99999994] b: [0.9999998] loss: 1.4210855e-14
W: [-0.99999994] b: [0.9999998] loss: 1.4210855e-14
W: [-0.99999994] b: [0.9999998] loss: 1.4210855e-14
W: [-0.99999994] b: [0.9999998] loss: 1.4210855e-14
W: [-0.99999994] b: [0.9999998] loss: 1.4210855e-14
W: [-0.99999994] b: [0.9999998] loss: 1.4210855e-14
W: [-0.99999994] b: [0.9999998] loss: 1.4210855e-14
W: [-0.99999994] b: [0.9999998] loss: 1.4210855e-14
W: [-0.99999994] b: [0.9999998] loss: 1.4210855e-14
W: [-0.99999994] b: [0.9999998] loss: 1.4210855e-14
W: [-0.99999994] b: [0.9999998] loss: 1.4210855e-14
W: [-0.99999994] b: [0.9999998] loss: 1.4210855e-14
W: [-0.99999994] b: [0.9999998] loss: 1.4210855e-14
W: [-0.99999994] b: [0.9999998] loss: 1.4210855e-14
W: [-0.99999994] b: [0.9999998] loss: 1.4210855e-14
W: [-0.99999994] b: [0.9999998] loss: 1.4210855e-14
W: [-0.99999994] b: [0.9999998] loss: 1.4210855e-14
W: [-0.99999994] b: [0.9999998] loss: 1.4210855e-14
W: [-0.99999994] b: [0.9999998] loss: 1.4210855e-14
W: [-0.99999994] b: [0.9999998] loss: 1.4210855e-14
W: [-0.99999994] b: [0.9999998] loss: 1.4210855e-14
W: [-0.99999994] b: [0.9999998] loss: 1.4210855e-14
W: [-0.99999994] b: [0.9999998] loss: 1.4210855e-14
W: [-0.99999994] b: [0.9999998] loss: 1.4210855e-14
W: [-0.99999994] b: [0.9999998] loss: 1.4210855e-14
W: [-0.99999994] b: [0.9999998] loss: 1.4210855e-14
W: [-0.99999994] b: [0.9999998] loss: 1.4210855e-14
W: [-0.99999994] b: [0.9999998] loss: 1.4210855e-14
W: [-0.99999994] b: [0.9999998] loss: 1.4210855e-14
W: [-0.99999994] b: [0.9999998] loss: 1.4210855e-14
W: [-0.99999994] b: [0.9999998] loss: 1.4210855e-14
W: [-0.99999994] b: [0.9999998] loss: 1.4210855e-14
W: [-0.99999994] b: [0.9999998] loss: 1.4210855e-14
W: [-0.99999994] b: [0.9999998] loss: 1.4210855e-14
W: [-0.99999994] b: [0.9999998] loss: 1.4210855e-14
W: [-0.99999994] b: [0.9999998] loss: 1.4210855e-14
W: [-0.99999994] b: [0.9999998] loss: 1.4210855e-14
W: [-0.99999994] b: [0.9999998] loss: 1.4210855e-14
W: [-0.99999994] b: [0.9999998] loss: 1.4210855e-14
W: [-0.99999994] b: [0.9999998] loss: 1.4210855e-14
W: [-0.99999994] b: [0.9999998] loss: 1.4210855e-14
W: [-0.99999994] b: [0.9999998] loss: 1.4210855e-14
W: [-0.99999994] b: [0.9999998] loss: 1.4210855e-14
W: [-0.99999994] b: [0.9999998] loss: 1.4210855e-14
W: [-0.99999994] b: [0.9999998] loss: 1.4210855e-14
W: [-0.99999994] b: [0.9999998] loss: 1.4210855e-14
W: [-0.99999994] b: [0.9999998] loss: 1.4210855e-14
W: [-0.99999994] b: [0.9999998] loss: 1.4210855e-14
W: [-0.99999994] b: [0.9999998] loss: 1.4210855e-14
W: [-0.99999994] b: [0.9999998] loss: 1.4210855e-14
W: [-0.99999994] b: [0.9999998] loss: 1.4210855e-14
W: [-0.99999994] b: [0.9999998] loss: 1.4210855e-14
W: [-0.99999994] b: [0.9999998] loss: 1.4210855e-14
W: [-0.99999994] b: [0.9999998] loss: 1.4210855e-14
W: [-0.99999994] b: [0.9999998] loss: 1.4210855e-14
W: [-0.99999994] b: [0.9999998] loss: 1.4210855e-14
W: [-0.99999994] b: [0.9999998] loss: 1.4210855e-14
W: [-0.99999994] b: [0.9999998] loss: 1.4210855e-14
W: [-0.99999994] b: [0.9999998] loss: 1.4210855e-14
W: [-0.99999994] b: [0.9999998] loss: 1.4210855e-14
W: [-0.99999994] b: [0.9999998] loss: 1.4210855e-14
W: [-0.99999994] b: [0.9999998] loss: 1.4210855e-14
W: [-0.99999994] b: [0.9999998] loss: 1.4210855e-14
W: [-0.99999994] b: [0.9999998] loss: 1.4210855e-14
W: [-0.99999994] b: [0.9999998] loss: 1.4210855e-14
W: [-0.99999994] b: [0.9999998] loss: 1.4210855e-14
W: [-0.99999994] b: [0.9999998] loss: 1.4210855e-14
W: [-0.99999994] b: [0.9999998] loss: 1.4210855e-14
W: [-0.99999994] b: [0.9999998] loss: 1.4210855e-14
W: [-0.99999994] b: [0.9999998] loss: 1.4210855e-14
W: [-0.99999994] b: [0.9999998] loss: 1.4210855e-14
W: [-0.99999994] b: [0.9999998] loss: 1.4210855e-14
W: [-0.99999994] b: [0.9999998] loss: 1.4210855e-14
W: [-0.99999994] b: [0.9999998] loss: 1.4210855e-14
W: [-0.99999994] b: [0.9999998] loss: 1.4210855e-14
W: [-0.99999994] b: [0.9999998] loss: 1.4210855e-14
W: [-0.99999994] b: [0.9999998] loss: 1.4210855e-14
W: [-0.99999994] b: [0.9999998] loss: 1.4210855e-14
W: [-0.99999994] b: [0.9999998] loss: 1.4210855e-14
W: [-0.99999994] b: [0.9999998] loss: 1.4210855e-14
W: [-0.99999994] b: [0.9999998] loss: 1.4210855e-14
W: [-0.99999994] b: [0.9999998] loss: 1.4210855e-14
W: [-0.99999994] b: [0.9999998] loss: 1.4210855e-14
W: [-0.99999994] b: [0.9999998] loss: 1.4210855e-14
W: [-0.99999994] b: [0.9999998] loss: 1.4210855e-14
W: [-0.99999994] b: [0.9999998] loss: 1.4210855e-14
W: [-0.99999994] b: [0.9999998] loss: 1.4210855e-14
W: [-0.99999994] b: [0.9999998] loss: 1.4210855e-14
W: [-0.99999994] b: [0.9999998] loss: 1.4210855e-14
W: [-0.99999994] b: [0.9999998] loss: 1.4210855e-14
W: [-0.99999994] b: [0.9999998] loss: 1.4210855e-14
W: [-0.99999994] b: [0.9999998] loss: 1.4210855e-14
W: [-0.99999994] b: [0.9999998] loss: 1.4210855e-14
W: [-0.99999994] b: [0.9999998] loss: 1.4210855e-14
W: [-0.99999994] b: [0.9999998] loss: 1.4210855e-14
W: [-0.99999994] b: [0.9999998] loss: 1.4210855e-14
W: [-0.99999994] b: [0.9999998] loss: 1.4210855e-14
W: [-0.99999994] b: [0.9999998] loss: 1.4210855e-14
W: [-0.99999994] b: [0.9999998] loss: 1.4210855e-14
W: [-0.99999994] b: [0.9999998] loss: 1.4210855e-14
W: [-0.99999994] b: [0.9999998] loss: 1.4210855e-14
W: [-0.99999994] b: [0.9999998] loss: 1.4210855e-14
W: [-0.99999994] b: [0.9999998] loss: 1.4210855e-14
W: [-0.99999994] b: [0.9999998] loss: 1.4210855e-14
W: [-0.99999994] b: [0.9999998] loss: 1.4210855e-14
W: [-0.99999994] b: [0.9999998] loss: 1.4210855e-14
W: [-0.99999994] b: [0.9999998] loss: 1.4210855e-14
W: [-0.99999994] b: [0.9999998] loss: 1.4210855e-14
W: [-0.99999994] b: [0.9999998] loss: 1.4210855e-14
W: [-0.99999994] b: [0.9999998] loss: 1.4210855e-14
W: [-0.99999994] b: [0.9999998] loss: 1.4210855e-14
W: [-0.99999994] b: [0.9999998] loss: 1.4210855e-14
W: [-0.99999994] b: [0.9999998] loss: 1.4210855e-14
W: [-0.99999994] b: [0.9999998] loss: 1.4210855e-14
W: [-0.99999994] b: [0.9999998] loss: 1.4210855e-14
W: [-0.99999994] b: [0.9999998] loss: 1.4210855e-14
W: [-0.99999994] b: [0.9999998] loss: 1.4210855e-14
W: [-0.99999994] b: [0.9999998] loss: 1.4210855e-14
W: [-0.99999994] b: [0.9999998] loss: 1.4210855e-14
W: [-0.99999994] b: [0.9999998] loss: 1.4210855e-14
W: [-0.99999994] b: [0.9999998] loss: 1.4210855e-14
W: [-0.99999994] b: [0.9999998] loss: 1.4210855e-14
W: [-0.99999994] b: [0.9999998] loss: 1.4210855e-14
W: [-0.99999994] b: [0.9999998] loss: 1.4210855e-14
W: [-0.99999994] b: [0.9999998] loss: 1.4210855e-14
W: [-0.99999994] b: [0.9999998] loss: 1.4210855e-14
W: [-0.99999994] b: [0.9999998] loss: 1.4210855e-14
W: [-0.99999994] b: [0.9999998] loss: 1.4210855e-14
W: [-0.99999994] b: [0.9999998] loss: 1.4210855e-14
W: [-0.99999994] b: [0.9999998] loss: 1.4210855e-14
W: [-0.99999994] b: [0.9999998] loss: 1.4210855e-14
W: [-0.99999994] b: [0.9999998] loss: 1.4210855e-14
W: [-0.99999994] b: [0.9999998] loss: 1.4210855e-14
W: [-0.99999994] b: [0.9999998] loss: 1.4210855e-14
W: [-0.99999994] b: [0.9999998] loss: 1.4210855e-14
W: [-0.99999994] b: [0.9999998] loss: 1.4210855e-14
W: [-0.99999994] b: [0.9999998] loss: 1.4210855e-14
W: [-0.99999994] b: [0.9999998] loss: 1.4210855e-14
W: [-0.99999994] b: [0.9999998] loss: 1.4210855e-14
W: [-0.99999994] b: [0.9999998] loss: 1.4210855e-14
W: [-0.99999994] b: [0.9999998] loss: 1.4210855e-14
W: [-0.99999994] b: [0.9999998] loss: 1.4210855e-14
W: [-0.99999994] b: [0.9999998] loss: 1.4210855e-14
W: [-0.99999994] b: [0.9999998] loss: 1.4210855e-14
W: [-0.99999994] b: [0.9999998] loss: 1.4210855e-14
W: [-0.99999994] b: [0.9999998] loss: 1.4210855e-14
W: [-0.99999994] b: [0.9999998] loss: 1.4210855e-14
W: [-0.99999994] b: [0.9999998] loss: 1.4210855e-14
W: [-0.99999994] b: [0.9999998] loss: 1.4210855e-14
W: [-0.99999994] b: [0.9999998] loss: 1.4210855e-14
W: [-0.99999994] b: [0.9999998] loss: 1.4210855e-14
W: [-0.99999994] b: [0.9999998] loss: 1.4210855e-14
W: [-0.99999994] b: [0.9999998] loss: 1.4210855e-14
W: [-0.99999994] b: [0.9999998] loss: 1.4210855e-14
W: [-0.99999994] b: [0.9999998] loss: 1.4210855e-14
W: [-0.99999994] b: [0.9999998] loss: 1.4210855e-14
W: [-0.99999994] b: [0.9999998] loss: 1.4210855e-14
W: [-0.99999994] b: [0.9999998] loss: 1.4210855e-14
W: [-0.99999994] b: [0.9999998] loss: 1.4210855e-14
W: [-0.99999994] b: [0.9999998] loss: 1.4210855e-14
W: [-0.99999994] b: [0.9999998] loss: 1.4210855e-14
W: [-0.99999994] b: [0.9999998] loss: 1.4210855e-14
W: [-0.99999994] b: [0.9999998] loss: 1.4210855e-14
W: [-0.99999994] b: [0.9999998] loss: 1.4210855e-14
W: [-0.99999994] b: [0.9999998] loss: 1.4210855e-14
W: [-0.99999994] b: [0.9999998] loss: 1.4210855e-14
W: [-0.99999994] b: [0.9999998] loss: 1.4210855e-14
W: [-0.99999994] b: [0.9999998] loss: 1.4210855e-14
W: [-0.99999994] b: [0.9999998] loss: 1.4210855e-14
W: [-0.99999994] b: [0.9999998] loss: 1.4210855e-14
W: [-0.99999994] b: [0.9999998] loss: 1.4210855e-14
W: [-0.99999994] b: [0.9999998] loss: 1.4210855e-14
W: [-0.99999994] b: [0.9999998] loss: 1.4210855e-14
W: [-0.99999994] b: [0.9999998] loss: 1.4210855e-14
W: [-0.99999994] b: [0.9999998] loss: 1.4210855e-14
W: [-0.99999994] b: [0.9999998] loss: 1.4210855e-14
W: [-0.99999994] b: [0.9999998] loss: 1.4210855e-14
W: [-0.99999994] b: [0.9999998] loss: 1.4210855e-14
W: [-0.99999994] b: [0.9999998] loss: 1.4210855e-14
W: [-0.99999994] b: [0.9999998] loss: 1.4210855e-14
W: [-0.99999994] b: [0.9999998] loss: 1.4210855e-14
W: [-0.99999994] b: [0.9999998] loss: 1.4210855e-14
W: [-0.99999994] b: [0.9999998] loss: 1.4210855e-14
W: [-0.99999994] b: [0.9999998] loss: 1.4210855e-14
W: [-0.99999994] b: [0.9999998] loss: 1.4210855e-14
W: [-0.99999994] b: [0.9999998] loss: 1.4210855e-14
W: [-0.99999994] b: [0.9999998] loss: 1.4210855e-14
W: [-0.99999994] b: [0.9999998] loss: 1.4210855e-14
W: [-0.99999994] b: [0.9999998] loss: 1.4210855e-14
W: [-0.99999994] b: [0.9999998] loss: 1.4210855e-14
W: [-0.99999994] b: [0.9999998] loss: 1.4210855e-14
W: [-0.99999994] b: [0.9999998] loss: 1.4210855e-14
W: [-0.99999994] b: [0.9999998] loss: 1.4210855e-14
W: [-0.99999994] b: [0.9999998] loss: 1.4210855e-14
W: [-0.99999994] b: [0.9999998] loss: 1.4210855e-14
W: [-0.99999994] b: [0.9999998] loss: 1.4210855e-14
W: [-0.99999994] b: [0.9999998] loss: 1.4210855e-14
W: [-0.99999994] b: [0.9999998] loss: 1.4210855e-14
W: [-0.99999994] b: [0.9999998] loss: 1.4210855e-14
W: [-0.99999994] b: [0.9999998] loss: 1.4210855e-14
W: [-0.99999994] b: [0.9999998] loss: 1.4210855e-14
W: [-0.99999994] b: [0.9999998] loss: 1.4210855e-14
W: [-0.99999994] b: [0.9999998] loss: 1.4210855e-14
W: [-0.99999994] b: [0.9999998] loss: 1.4210855e-14
W: [-0.99999994] b: [0.9999998] loss: 1.4210855e-14
W: [-0.99999994] b: [0.9999998] loss: 1.4210855e-14
W: [-0.99999994] b: [0.9999998] loss: 1.4210855e-14
W: [-0.99999994] b: [0.9999998] loss: 1.4210855e-14
W: [-0.99999994] b: [0.9999998] loss: 1.4210855e-14
W: [-0.99999994] b: [0.9999998] loss: 1.4210855e-14
W: [-0.99999994] b: [0.9999998] loss: 1.4210855e-14
W: [-0.99999994] b: [0.9999998] loss: 1.4210855e-14
W: [-0.99999994] b: [0.9999998] loss: 1.4210855e-14
W: [-0.99999994] b: [0.9999998] loss: 1.4210855e-14
W: [-0.99999994] b: [0.9999998] loss: 1.4210855e-14
W: [-0.99999994] b: [0.9999998] loss: 1.4210855e-14
W: [-0.99999994] b: [0.9999998] loss: 1.4210855e-14
W: [-0.99999994] b: [0.9999998] loss: 1.4210855e-14
W: [-0.99999994] b: [0.9999998] loss: 1.4210855e-14
W: [-0.99999994] b: [0.9999998] loss: 1.4210855e-14
W: [-0.99999994] b: [0.9999998] loss: 1.4210855e-14
W: [-0.99999994] b: [0.9999998] loss: 1.4210855e-14
W: [-0.99999994] b: [0.9999998] loss: 1.4210855e-14
W: [-0.99999994] b: [0.9999998] loss: 1.4210855e-14
W: [-0.99999994] b: [0.9999998] loss: 1.4210855e-14
W: [-0.99999994] b: [0.9999998] loss: 1.4210855e-14
W: [-0.99999994] b: [0.9999998] loss: 1.4210855e-14
W: [-0.99999994] b: [0.9999998] loss: 1.4210855e-14
W: [-0.99999994] b: [0.9999998] loss: 1.4210855e-14
W: [-0.99999994] b: [0.9999998] loss: 1.4210855e-14
W: [-0.99999994] b: [0.9999998] loss: 1.4210855e-14
W: [-0.99999994] b: [0.9999998] loss: 1.4210855e-14
W: [-0.99999994] b: [0.9999998] loss: 1.4210855e-14
W: [-0.99999994] b: [0.9999998] loss: 1.4210855e-14
W: [-0.99999994] b: [0.9999998] loss: 1.4210855e-14
W: [-0.99999994] b: [0.9999998] loss: 1.4210855e-14
W: [-0.99999994] b: [0.9999998] loss: 1.4210855e-14
W: [-0.99999994] b: [0.9999998] loss: 1.4210855e-14
W: [-0.99999994] b: [0.9999998] loss: 1.4210855e-14
W: [-0.99999994] b: [0.9999998] loss: 1.4210855e-14
W: [-0.99999994] b: [0.9999998] loss: 1.4210855e-14
W: [-0.99999994] b: [0.9999998] loss: 1.4210855e-14
W: [-0.99999994] b: [0.9999998] loss: 1.4210855e-14
W: [-0.99999994] b: [0.9999998] loss: 1.4210855e-14
W: [-0.99999994] b: [0.9999998] loss: 1.4210855e-14
W: [-0.99999994] b: [0.9999998] loss: 1.4210855e-14
W: [-0.99999994] b: [0.9999998] loss: 1.4210855e-14
W: [-0.99999994] b: [0.9999998] loss: 1.4210855e-14
W: [-0.99999994] b: [0.9999998] loss: 1.4210855e-14
W: [-0.99999994] b: [0.9999998] loss: 1.4210855e-14
W: [-0.99999994] b: [0.9999998] loss: 1.4210855e-14
W: [-0.99999994] b: [0.9999998] loss: 1.4210855e-14
W: [-0.99999994] b: [0.9999998] loss: 1.4210855e-14
W: [-0.99999994] b: [0.9999998] loss: 1.4210855e-14
W: [-0.99999994] b: [0.9999998] loss: 1.4210855e-14
W: [-0.99999994] b: [0.9999998] loss: 1.4210855e-14
W: [-0.99999994] b: [0.9999998] loss: 1.4210855e-14
W: [-0.99999994] b: [0.9999998] loss: 1.4210855e-14
W: [-0.99999994] b: [0.9999998] loss: 1.4210855e-14
W: [-0.99999994] b: [0.9999998] loss: 1.4210855e-14
W: [-0.99999994] b: [0.9999998] loss: 1.4210855e-14
W: [-0.99999994] b: [0.9999998] loss: 1.4210855e-14
W: [-0.99999994] b: [0.9999998] loss: 1.4210855e-14
W: [-0.99999994] b: [0.9999998] loss: 1.4210855e-14
W: [-0.99999994] b: [0.9999998] loss: 1.4210855e-14
W: [-0.99999994] b: [0.9999998] loss: 1.4210855e-14
W: [-0.99999994] b: [0.9999998] loss: 1.4210855e-14
W: [-0.99999994] b: [0.9999998] loss: 1.4210855e-14
W: [-0.99999994] b: [0.9999998] loss: 1.4210855e-14
W: [-0.99999994] b: [0.9999998] loss: 1.4210855e-14
W: [-0.99999994] b: [0.9999998] loss: 1.4210855e-14
W: [-0.99999994] b: [0.9999998] loss: 1.4210855e-14
W: [-0.99999994] b: [0.9999998] loss: 1.4210855e-14
W: [-0.99999994] b: [0.9999998] loss: 1.4210855e-14
W: [-0.99999994] b: [0.9999998] loss: 1.4210855e-14
W: [-0.99999994] b: [0.9999998] loss: 1.4210855e-14
W: [-0.99999994] b: [0.9999998] loss: 1.4210855e-14
W: [-0.99999994] b: [0.9999998] loss: 1.4210855e-14
W: [-0.99999994] b: [0.9999998] loss: 1.4210855e-14
W: [-0.99999994] b: [0.9999998] loss: 1.4210855e-14
W: [-0.99999994] b: [0.9999998] loss: 1.4210855e-14
W: [-0.99999994] b: [0.9999998] loss: 1.4210855e-14
W: [-0.99999994] b: [0.9999998] loss: 1.4210855e-14
W: [-0.99999994] b: [0.9999998] loss: 1.4210855e-14
W: [-0.99999994] b: [0.9999998] loss: 1.4210855e-14
W: [-0.99999994] b: [0.9999998] loss: 1.4210855e-14
W: [-0.99999994] b: [0.9999998] loss: 1.4210855e-14
W: [-0.99999994] b: [0.9999998] loss: 1.4210855e-14
W: [-0.99999994] b: [0.9999998] loss: 1.4210855e-14
W: [-0.99999994] b: [0.9999998] loss: 1.4210855e-14
W: [-0.99999994] b: [0.9999998] loss: 1.4210855e-14
W: [-0.99999994] b: [0.9999998] loss: 1.4210855e-14
W: [-0.99999994] b: [0.9999998] loss: 1.4210855e-14
W: [-0.99999994] b: [0.9999998] loss: 1.4210855e-14
W: [-0.99999994] b: [0.9999998] loss: 1.4210855e-14
W: [-0.99999994] b: [0.9999998] loss: 1.4210855e-14
W: [-0.99999994] b: [0.9999998] loss: 1.4210855e-14
W: [-0.99999994] b: [0.9999998] loss: 1.4210855e-14
W: [-0.99999994] b: [0.9999998] loss: 1.4210855e-14
W: [-0.99999994] b: [0.9999998] loss: 1.4210855e-14
W: [-0.99999994] b: [0.9999998] loss: 1.4210855e-14
W: [-0.99999994] b: [0.9999998] loss: 1.4210855e-14
W: [-0.99999994] b: [0.9999998] loss: 1.4210855e-14
W: [-0.99999994] b: [0.9999998] loss: 1.4210855e-14
W: [-0.99999994] b: [0.9999998] loss: 1.4210855e-14
W: [-0.99999994] b: [0.9999998] loss: 1.4210855e-14
W: [-0.99999994] b: [0.9999998] loss: 1.4210855e-14
W: [-0.99999994] b: [0.9999998] loss: 1.4210855e-14
W: [-0.99999994] b: [0.9999998] loss: 1.4210855e-14
W: [-0.99999994] b: [0.9999998] loss: 1.4210855e-14
W: [-0.99999994] b: [0.9999998] loss: 1.4210855e-14
W: [-0.99999994] b: [0.9999998] loss: 1.4210855e-14
W: [-0.99999994] b: [0.9999998] loss: 1.4210855e-14
W: [-0.99999994] b: [0.9999998] loss: 1.4210855e-14
W: [-0.99999994] b: [0.9999998] loss: 1.4210855e-14
W: [-0.99999994] b: [0.9999998] loss: 1.4210855e-14
W: [-0.99999994] b: [0.9999998] loss: 1.4210855e-14
W: [-0.99999994] b: [0.9999998] loss: 1.4210855e-14
W: [-0.99999994] b: [0.9999998] loss: 1.4210855e-14
W: [-0.99999994] b: [0.9999998] loss: 1.4210855e-14
W: [-0.99999994] b: [0.9999998] loss: 1.4210855e-14
W: [-0.99999994] b: [0.9999998] loss: 1.4210855e-14
W: [-0.99999994] b: [0.9999998] loss: 1.4210855e-14
W: [-0.99999994] b: [0.9999998] loss: 1.4210855e-14
W: [-0.99999994] b: [0.9999998] loss: 1.4210855e-14
W: [-0.99999994] b: [0.9999998] loss: 1.4210855e-14
W: [-0.99999994] b: [0.9999998] loss: 1.4210855e-14
W: [-0.99999994] b: [0.9999998] loss: 1.4210855e-14
W: [-0.99999994] b: [0.9999998] loss: 1.4210855e-14
W: [-0.99999994] b: [0.9999998] loss: 1.4210855e-14
W: [-0.99999994] b: [0.9999998] loss: 1.4210855e-14
W: [-0.99999994] b: [0.9999998] loss: 1.4210855e-14
W: [-0.99999994] b: [0.9999998] loss: 1.4210855e-14
W: [-0.99999994] b: [0.9999998] loss: 1.4210855e-14
W: [-0.99999994] b: [0.9999998] loss: 1.4210855e-14
W: [-0.99999994] b: [0.9999998] loss: 1.4210855e-14
W: [-0.99999994] b: [0.9999998] loss: 1.4210855e-14
W: [-0.99999994] b: [0.9999998] loss: 1.4210855e-14
W: [-0.99999994] b: [0.9999998] loss: 1.4210855e-14
W: [-0.99999994] b: [0.9999998] loss: 1.4210855e-14
W: [-0.99999994] b: [0.9999998] loss: 1.4210855e-14
W: [-0.99999994] b: [0.9999998] loss: 1.4210855e-14
W: [-0.99999994] b: [0.9999998] loss: 1.4210855e-14
W: [-0.99999994] b: [0.9999998] loss: 1.4210855e-14
W: [-0.99999994] b: [0.9999998] loss: 1.4210855e-14
W: [-0.99999994] b: [0.9999998] loss: 1.4210855e-14
W: [-0.99999994] b: [0.9999998] loss: 1.4210855e-14
W: [-0.99999994] b: [0.9999998] loss: 1.4210855e-14
W: [-0.99999994] b: [0.9999998] loss: 1.4210855e-14
W: [-0.99999994] b: [0.9999998] loss: 1.4210855e-14
W: [-0.99999994] b: [0.9999998] loss: 1.4210855e-14
W: [-0.99999994] b: [0.9999998] loss: 1.4210855e-14
W: [-0.99999994] b: [0.9999998] loss: 1.4210855e-14
W: [-0.99999994] b: [0.9999998] loss: 1.4210855e-14
W: [-0.99999994] b: [0.9999998] loss: 1.4210855e-14
W: [-0.99999994] b: [0.9999998] loss: 1.4210855e-14
W: [-0.99999994] b: [0.9999998] loss: 1.4210855e-14
W: [-0.99999994] b: [0.9999998] loss: 1.4210855e-14
W: [-0.99999994] b: [0.9999998] loss: 1.4210855e-14
W: [-0.99999994] b: [0.9999998] loss: 1.4210855e-14
W: [-0.99999994] b: [0.9999998] loss: 1.4210855e-14
W: [-0.99999994] b: [0.9999998] loss: 1.4210855e-14
W: [-0.99999994] b: [0.9999998] loss: 1.4210855e-14
W: [-0.99999994] b: [0.9999998] loss: 1.4210855e-14
W: [-0.99999994] b: [0.9999998] loss: 1.4210855e-14
W: [-0.99999994] b: [0.9999998] loss: 1.4210855e-14
W: [-0.99999994] b: [0.9999998] loss: 1.4210855e-14
W: [-0.99999994] b: [0.9999998] loss: 1.4210855e-14
W: [-0.99999994] b: [0.9999998] loss: 1.4210855e-14
W: [-0.99999994] b: [0.9999998] loss: 1.4210855e-14
W: [-0.99999994] b: [0.9999998] loss: 1.4210855e-14
W: [-0.99999994] b: [0.9999998] loss: 1.4210855e-14
W: [-0.99999994] b: [0.9999998] loss: 1.4210855e-14
W: [-0.99999994] b: [0.9999998] loss: 1.4210855e-14
W: [-0.99999994] b: [0.9999998] loss: 1.4210855e-14
W: [-0.99999994] b: [0.9999998] loss: 1.4210855e-14
W: [-0.99999994] b: [0.9999998] loss: 1.4210855e-14
W: [-0.99999994] b: [0.9999998] loss: 1.4210855e-14
W: [-0.99999994] b: [0.9999998] loss: 1.4210855e-14
W: [-0.99999994] b: [0.9999998] loss: 1.4210855e-14
W: [-0.99999994] b: [0.9999998] loss: 1.4210855e-14
W: [-0.99999994] b: [0.9999998] loss: 1.4210855e-14
W: [-0.99999994] b: [0.9999998] loss: 1.4210855e-14
W: [-0.99999994] b: [0.9999998] loss: 1.4210855e-14
W: [-0.99999994] b: [0.9999998] loss: 1.4210855e-14
W: [-0.99999994] b: [0.9999998] loss: 1.4210855e-14
W: [-0.99999994] b: [0.9999998] loss: 1.4210855e-14
W: [-0.99999994] b: [0.9999998] loss: 1.4210855e-14
W: [-0.99999994] b: [0.9999998] loss: 1.4210855e-14
W: [-0.99999994] b: [0.9999998] loss: 1.4210855e-14
W: [-0.99999994] b: [0.9999998] loss: 1.4210855e-14
W: [-0.99999994] b: [0.9999998] loss: 1.4210855e-14
W: [-0.99999994] b: [0.9999998] loss: 1.4210855e-14
W: [-0.99999994] b: [0.9999998] loss: 1.4210855e-14
W: [-0.99999994] b: [0.9999998] loss: 1.4210855e-14
W: [-0.99999994] b: [0.9999998] loss: 1.4210855e-14
W: [-0.99999994] b: [0.9999998] loss: 1.4210855e-14
W: [-0.99999994] b: [0.9999998] loss: 1.4210855e-14
W: [-0.99999994] b: [0.9999998] loss: 1.4210855e-14
W: [-0.99999994] b: [0.9999998] loss: 1.4210855e-14
W: [-0.99999994] b: [0.9999998] loss: 1.4210855e-14
W: [-0.99999994] b: [0.9999998] loss: 1.4210855e-14
W: [-0.99999994] b: [0.9999998] loss: 1.4210855e-14
W: [-0.99999994] b: [0.9999998] loss: 1.4210855e-14
W: [-0.99999994] b: [0.9999998] loss: 1.4210855e-14
W: [-0.99999994] b: [0.9999998] loss: 1.4210855e-14
W: [-0.99999994] b: [0.9999998] loss: 1.4210855e-14
W: [-0.99999994] b: [0.9999998] loss: 1.4210855e-14
W: [-0.99999994] b: [0.9999998] loss: 1.4210855e-14
W: [-0.99999994] b: [0.9999998] loss: 1.4210855e-14
W: [-0.99999994] b: [0.9999998] loss: 1.4210855e-14
W: [-0.99999994] b: [0.9999998] loss: 1.4210855e-14
W: [-0.99999994] b: [0.9999998] loss: 1.4210855e-14
W: [-0.99999994] b: [0.9999998] loss: 1.4210855e-14
W: [-0.99999994] b: [0.9999998] loss: 1.4210855e-14
W: [-0.99999994] b: [0.9999998] loss: 1.4210855e-14
W: [-0.99999994] b: [0.9999998] loss: 1.4210855e-14
W: [-0.99999994] b: [0.9999998] loss: 1.4210855e-14
W: [-0.99999994] b: [0.9999998] loss: 1.4210855e-14
W: [-0.99999994] b: [0.9999998] loss: 1.4210855e-14
W: [-0.99999994] b: [0.9999998] loss: 1.4210855e-14
W: [-0.99999994] b: [0.9999998] loss: 1.4210855e-14
W: [-0.99999994] b: [0.9999998] loss: 1.4210855e-14
W: [-0.99999994] b: [0.9999998] loss: 1.4210855e-14
W: [-0.99999994] b: [0.9999998] loss: 1.4210855e-14
W: [-0.99999994] b: [0.9999998] loss: 1.4210855e-14
W: [-0.99999994] b: [0.9999998] loss: 1.4210855e-14
W: [-0.99999994] b: [0.9999998] loss: 1.4210855e-14
W: [-0.99999994] b: [0.9999998] loss: 1.4210855e-14
W: [-0.99999994] b: [0.9999998] loss: 1.4210855e-14
W: [-0.99999994] b: [0.9999998] loss: 1.4210855e-14
W: [-0.99999994] b: [0.9999998] loss: 1.4210855e-14
W: [-0.99999994] b: [0.9999998] loss: 1.4210855e-14
W: [-0.99999994] b: [0.9999998] loss: 1.4210855e-14
W: [-0.99999994] b: [0.9999998] loss: 1.4210855e-14
W: [-0.99999994] b: [0.9999998] loss: 1.4210855e-14
W: [-0.99999994] b: [0.9999998] loss: 1.4210855e-14
W: [-0.99999994] b: [0.9999998] loss: 1.4210855e-14
W: [-0.99999994] b: [0.9999998] loss: 1.4210855e-14
W: [-0.99999994] b: [0.9999998] loss: 1.4210855e-14
W: [-0.99999994] b: [0.9999998] loss: 1.4210855e-14
W: [-0.99999994] b: [0.9999998] loss: 1.4210855e-14
W: [-0.99999994] b: [0.9999998] loss: 1.4210855e-14
W: [-0.99999994] b: [0.9999998] loss: 1.4210855e-14
W: [-0.99999994] b: [0.9999998] loss: 1.4210855e-14
W: [-0.99999994] b: [0.9999998] loss: 1.4210855e-14
W: [-0.99999994] b: [0.9999998] loss: 1.4210855e-14
W: [-0.99999994] b: [0.9999998] loss: 1.4210855e-14
W: [-0.99999994] b: [0.9999998] loss: 1.4210855e-14
W: [-0.99999994] b: [0.9999998] loss: 1.4210855e-14
W: [-0.99999994] b: [0.9999998] loss: 1.4210855e-14
W: [-0.99999994] b: [0.9999998] loss: 1.4210855e-14
W: [-0.99999994] b: [0.9999998] loss: 1.4210855e-14
W: [-0.99999994] b: [0.9999998] loss: 1.4210855e-14
W: [-0.99999994] b: [0.9999998] loss: 1.4210855e-14
W: [-0.99999994] b: [0.9999998] loss: 1.4210855e-14
W: [-0.99999994] b: [0.9999998] loss: 1.4210855e-14
W: [-0.99999994] b: [0.9999998] loss: 1.4210855e-14
W: [-0.99999994] b: [0.9999998] loss: 1.4210855e-14
W: [-0.99999994] b: [0.9999998] loss: 1.4210855e-14
W: [-0.99999994] b: [0.9999998] loss: 1.4210855e-14
W: [-0.99999994] b: [0.9999998] loss: 1.4210855e-14
W: [-0.99999994] b: [0.9999998] loss: 1.4210855e-14
W: [-0.99999994] b: [0.9999998] loss: 1.4210855e-14
W: [-0.99999994] b: [0.9999998] loss: 1.4210855e-14
W: [-0.99999994] b: [0.9999998] loss: 1.4210855e-14
W: [-0.99999994] b: [0.9999998] loss: 1.4210855e-14
W: [-0.99999994] b: [0.9999998] loss: 1.4210855e-14
W: [-0.99999994] b: [0.9999998] loss: 1.4210855e-14
W: [-0.99999994] b: [0.9999998] loss: 1.4210855e-14
W: [-0.99999994] b: [0.9999998] loss: 1.4210855e-14
W: [-0.99999994] b: [0.9999998] loss: 1.4210855e-14
W: [-0.99999994] b: [0.9999998] loss: 1.4210855e-14
W: [-0.99999994] b: [0.9999998] loss: 1.4210855e-14
W: [-0.99999994] b: [0.9999998] loss: 1.4210855e-14
W: [-0.99999994] b: [0.9999998] loss: 1.4210855e-14
W: [-0.99999994] b: [0.9999998] loss: 1.4210855e-14
W: [-0.99999994] b: [0.9999998] loss: 1.4210855e-14
W: [-0.99999994] b: [0.9999998] loss: 1.4210855e-14
W: [-0.99999994] b: [0.9999998] loss: 1.4210855e-14
W: [-0.99999994] b: [0.9999998] loss: 1.4210855e-14
W: [-0.99999994] b: [0.9999998] loss: 1.4210855e-14
W: [-0.99999994] b: [0.9999998] loss: 1.4210855e-14
W: [-0.99999994] b: [0.9999998] loss: 1.4210855e-14
W: [-0.99999994] b: [0.9999998] loss: 1.4210855e-14
W: [-0.99999994] b: [0.9999998] loss: 1.4210855e-14
W: [-0.99999994] b: [0.9999998] loss: 1.4210855e-14
W: [-0.99999994] b: [0.9999998] loss: 1.4210855e-14
W: [-0.99999994] b: [0.9999998] loss: 1.4210855e-14
W: [-0.99999994] b: [0.9999998] loss: 1.4210855e-14
W: [-0.99999994] b: [0.9999998] loss: 1.4210855e-14
W: [-0.99999994] b: [0.9999998] loss: 1.4210855e-14
W: [-0.99999994] b: [0.9999998] loss: 1.4210855e-14
W: [-0.99999994] b: [0.9999998] loss: 1.4210855e-14
W: [-0.99999994] b: [0.9999998] loss: 1.4210855e-14
W: [-0.99999994] b: [0.9999998] loss: 1.4210855e-14
W: [-0.99999994] b: [0.9999998] loss: 1.4210855e-14
W: [-0.99999994] b: [0.9999998] loss: 1.4210855e-14
W: [-0.99999994] b: [0.9999998] loss: 1.4210855e-14
W: [-0.99999994] b: [0.9999998] loss: 1.4210855e-14
W: [-0.99999994] b: [0.9999998] loss: 1.4210855e-14
W: [-0.99999994] b: [0.9999998] loss: 1.4210855e-14
W: [-0.99999994] b: [0.9999998] loss: 1.4210855e-14
W: [-0.99999994] b: [0.9999998] loss: 1.4210855e-14
W: [-0.99999994] b: [0.9999998] loss: 1.4210855e-14
W: [-0.99999994] b: [0.9999998] loss: 1.4210855e-14
W: [-0.99999994] b: [0.9999998] loss: 1.4210855e-14
W: [-0.99999994] b: [0.9999998] loss: 1.4210855e-14
W: [-0.99999994] b: [0.9999998] loss: 1.4210855e-14
W: [-0.99999994] b: [0.9999998] loss: 1.4210855e-14
W: [-0.99999994] b: [0.9999998] loss: 1.4210855e-14
W: [-0.99999994] b: [0.9999998] loss: 1.4210855e-14
W: [-0.99999994] b: [0.9999998] loss: 1.4210855e-14
W: [-0.99999994] b: [0.9999998] loss: 1.4210855e-14
W: [-0.99999994] b: [0.9999998] loss: 1.4210855e-14
W: [-0.99999994] b: [0.9999998] loss: 1.4210855e-14
W: [-0.99999994] b: [0.9999998] loss: 1.4210855e-14
W: [-0.99999994] b: [0.9999998] loss: 1.4210855e-14
W: [-0.99999994] b: [0.9999998] loss: 1.4210855e-14
W: [-0.99999994] b: [0.9999998] loss: 1.4210855e-14
W: [-0.99999994] b: [0.9999998] loss: 1.4210855e-14
W: [-0.99999994] b: [0.9999998] loss: 1.4210855e-14
W: [-0.99999994] b: [0.9999998] loss: 1.4210855e-14
W: [-0.99999994] b: [0.9999998] loss: 1.4210855e-14
W: [-0.99999994] b: [0.9999998] loss: 1.4210855e-14
W: [-0.99999994] b: [0.9999998] loss: 1.4210855e-14
W: [-0.99999994] b: [0.9999998] loss: 1.4210855e-14
W: [-0.99999994] b: [0.9999998] loss: 1.4210855e-14
W: [-0.99999994] b: [0.9999998] loss: 1.4210855e-14
W: [-0.99999994] b: [0.9999998] loss: 1.4210855e-14
W: [-0.99999994] b: [0.9999998] loss: 1.4210855e-14
W: [-0.99999994] b: [0.9999998] loss: 1.4210855e-14
W: [-0.99999994] b: [0.9999998] loss: 1.4210855e-14
W: [-0.99999994] b: [0.9999998] loss: 1.4210855e-14
W: [-0.99999994] b: [0.9999998] loss: 1.4210855e-14
W: [-0.99999994] b: [0.9999998] loss: 1.4210855e-14
W: [-0.99999994] b: [0.9999998] loss: 1.4210855e-14
W: [-0.99999994] b: [0.9999998] loss: 1.4210855e-14
W: [-0.99999994] b: [0.9999998] loss: 1.4210855e-14
W: [-0.99999994] b: [0.9999998] loss: 1.4210855e-14
W: [-0.99999994] b: [0.9999998] loss: 1.4210855e-14
W: [-0.99999994] b: [0.9999998] loss: 1.4210855e-14
W: [-0.99999994] b: [0.9999998] loss: 1.4210855e-14
W: [-0.99999994] b: [0.9999998] loss: 1.4210855e-14
W: [-0.99999994] b: [0.9999998] loss: 1.4210855e-14
W: [-0.99999994] b: [0.9999998] loss: 1.4210855e-14
W: [-0.99999994] b: [0.9999998] loss: 1.4210855e-14
W: [-0.99999994] b: [0.9999998] loss: 1.4210855e-14
W: [-0.99999994] b: [0.9999998] loss: 1.4210855e-14
W: [-0.99999994] b: [0.9999998] loss: 1.4210855e-14
W: [-0.99999994] b: [0.9999998] loss: 1.4210855e-14
W: [-0.99999994] b: [0.9999998] loss: 1.4210855e-14
W: [-0.99999994] b: [0.9999998] loss: 1.4210855e-14
W: [-0.99999994] b: [0.9999998] loss: 1.4210855e-14
W: [-0.99999994] b: [0.9999998] loss: 1.4210855e-14
W: [-0.99999994] b: [0.9999998] loss: 1.4210855e-14
W: [-0.99999994] b: [0.9999998] loss: 1.4210855e-14
W: [-0.99999994] b: [0.9999998] loss: 1.4210855e-14
W: [-0.99999994] b: [0.9999998] loss: 1.4210855e-14
W: [-0.99999994] b: [0.9999998] loss: 1.4210855e-14
W: [-0.99999994] b: [0.9999998] loss: 1.4210855e-14
W: [-0.99999994] b: [0.9999998] loss: 1.4210855e-14
W: [-0.99999994] b: [0.9999998] loss: 1.4210855e-14
W: [-0.99999994] b: [0.9999998] loss: 1.4210855e-14
W: [-0.99999994] b: [0.9999998] loss: 1.4210855e-14
W: [-0.99999994] b: [0.9999998] loss: 1.4210855e-14
W: [-0.99999994] b: [0.9999998] loss: 1.4210855e-14
W: [-0.99999994] b: [0.9999998] loss: 1.4210855e-14
W: [-0.99999994] b: [0.9999998] loss: 1.4210855e-14
W: [-0.99999994] b: [0.9999998] loss: 1.4210855e-14
W: [-0.99999994] b: [0.9999998] loss: 1.4210855e-14
W: [-0.99999994] b: [0.9999998] loss: 1.4210855e-14
W: [-0.99999994] b: [0.9999998] loss: 1.4210855e-14
The size of the loss captured was:  1000
