[1673020952.985775] [p9r1n01:141358:0]         mxm.c:196  MXM  WARN  The 'ulimit -s' on the system is set to 'unlimited'. This may have negative performance implications. Please set the stack size to the default value (10240) 
[1673020953.016670] [p9r1n01:141358:0]         mxm.c:196  MXM  WARN  The 'ulimit -s' on the system is set to 'unlimited'. This may have negative performance implications. Please set the stack size to the default value (10240) 
W: [0.3] b: [-0.3] loss: 23.660002
W: [-0.21998997] b: [-0.45599] loss: 4.0183606
W: [-0.39678797] b: [-0.49550277] loss: 1.8199513
W: [-0.45960462] b: [-0.49649495] loss: 1.5448245
W: [-0.48453283] b: [-0.48484442] loss: 1.4824729
W: [-0.49683422] b: [-0.4691403] loss: 1.4443445
W: [-0.5048956] b: [-0.4522322] loss: 1.4096335
W: [-0.5115018] b: [-0.4350645] loss: 1.3760267
W: [-0.51757777] b: [-0.41794896] loss: 1.3432512
W: [-0.5234313] b: [-0.40098748] loss: 1.31126
W: [-0.529165] b: [-0.3842122] loss: 1.2800305
W: [-0.5348135] b: [-0.3676322] loss: 1.249545
W: [-0.54038894] b: [-0.35124892] loss: 1.2197853
W: [-0.54589576] b: [-0.3350612] loss: 1.1907343
W: [-0.55133605] b: [-0.31906712] loss: 1.1623753
W: [-0.556711] b: [-0.30326453] loss: 1.1346912
W: [-0.5620215] b: [-0.28765115] loss: 1.1076667
W: [-0.5672684] b: [-0.27222475] loss: 1.0812855
W: [-0.57245237] b: [-0.25698307] loss: 1.0555325
W: [-0.5775743] b: [-0.24192396] loss: 1.0303926
W: [-0.5826349] b: [-0.22704518] loss: 1.0058517
W: [-0.5876349] b: [-0.21234459] loss: 0.9818949
W: [-0.592575] b: [-0.19782004] loss: 0.95850873
W: [-0.597456] b: [-0.18346943] loss: 0.9356792
W: [-0.6022785] b: [-0.16929068] loss: 0.91339356
W: [-0.6070432] b: [-0.15528172] loss: 0.8916386
W: [-0.6117509] b: [-0.14144054] loss: 0.8704016
W: [-0.6164022] b: [-0.12776512] loss: 0.84967035
W: [-0.62099785] b: [-0.11425347] loss: 0.8294328
W: [-0.6255384] b: [-0.10090362] loss: 0.80967724
W: [-0.6300246] b: [-0.08771365] loss: 0.79039186
W: [-0.6344571] b: [-0.07468164] loss: 0.7715659
W: [-0.6388365] b: [-0.06180568] loss: 0.7531883
W: [-0.64316344] b: [-0.04908393] loss: 0.73524827
W: [-0.6474386] b: [-0.03651453] loss: 0.7177354
W: [-0.6516625] b: [-0.02409565] loss: 0.7006397
W: [-0.65583587] b: [-0.01182549] loss: 0.6839509
W: [-0.65995926] b: [0.00027772] loss: 0.66768366
W: [-0.66402924] b: [0.01223735] loss: 0.6518034
W: [-0.66804916] b: [0.02405421] loss: 0.63630116
W: [-0.6720205] b: [0.03572971] loss: 0.62116754
W: [-0.6759441] b: [0.04726543] loss: 0.6063944
W: [-0.6798207] b: [0.05866302] loss: 0.59197253
W: [-0.6836509] b: [0.06992412] loss: 0.57789385
W: [-0.68743515] b: [0.08105037] loss: 0.56415015
W: [-0.69117415] b: [0.09204336] loss: 0.5507336
W: [-0.6948683] b: [0.10290472] loss: 0.5376363
W: [-0.6985183] b: [0.11363601] loss: 0.5248505
W: [-0.7021245] b: [0.12423878] loss: 0.51236904
W: [-0.7056875] b: [0.13471457] loss: 0.50018454
W: [-0.7092079] b: [0.1450649] loss: 0.48828995
W: [-0.7126861] b: [0.15529129] loss: 0.47667846
W: [-0.7161227] b: [0.16539522] loss: 0.4653432
W: [-0.7195181] b: [0.17537813] loss: 0.45427758
W: [-0.72287285] b: [0.1852415] loss: 0.4434753
W: [-0.7261874] b: [0.19498676] loss: 0.43293017
W: [-0.7294623] b: [0.2046153] loss: 0.42263582
W: [-0.73269796] b: [0.21412854] loss: 0.4125863
W: [-0.73589486] b: [0.22352785] loss: 0.4027761
W: [-0.7390535] b: [0.2328146] loss: 0.39319912
W: [-0.74217427] b: [0.24199013] loss: 0.38385007
W: [-0.7452577] b: [0.25105578] loss: 0.37472343
W: [-0.7483042] b: [0.26001284] loss: 0.36581406
W: [-0.7513142] b: [0.26886263] loss: 0.35711664
W: [-0.7542882] b: [0.27760646] loss: 0.34862605
W: [-0.7572266] b: [0.28624555] loss: 0.34033746
W: [-0.76012975] b: [0.2947812] loss: 0.33224612
W: [-0.7629981] b: [0.30321464] loss: 0.32434723
W: [-0.7658321] b: [0.31154707] loss: 0.31663635
W: [-0.76863223] b: [0.31977972] loss: 0.30910882
W: [-0.77139884] b: [0.3279138] loss: 0.30176046
W: [-0.77413225] b: [0.33595043] loss: 0.2945869
W: [-0.77683294] b: [0.34389085] loss: 0.28758398
W: [-0.7795013] b: [0.35173616] loss: 0.2807476
W: [-0.78213775] b: [0.3594875] loss: 0.27407396
W: [-0.7847426] b: [0.36714604] loss: 0.26755902
W: [-0.7873162] b: [0.37471285] loss: 0.26119915
W: [-0.78985906] b: [0.38218907] loss: 0.25499043
W: [-0.7923714] b: [0.38957575] loss: 0.24892949
W: [-0.7948537] b: [0.39687395] loss: 0.24301271
W: [-0.79730624] b: [0.40408477] loss: 0.23723663
W: [-0.7997294] b: [0.41120923] loss: 0.23159811
W: [-0.8021236] b: [0.41824836] loss: 0.22609362
W: [-0.8044891] b: [0.4252032] loss: 0.22071996
W: [-0.80682623] b: [0.43207476] loss: 0.2154743
W: [-0.80913544] b: [0.43886402] loss: 0.21035331
W: [-0.811417] b: [0.445572] loss: 0.20535412
W: [-0.8136712] b: [0.4521996] loss: 0.200474
W: [-0.81589836] b: [0.45874786] loss: 0.1957098
W: [-0.8180989] b: [0.46521768] loss: 0.19105895
W: [-0.8202731] b: [0.47161004] loss: 0.18651876
W: [-0.82242125] b: [0.47792584] loss: 0.18208651
W: [-0.82454365] b: [0.484166] loss: 0.17775972
W: [-0.82664067] b: [0.49033144] loss: 0.17353588
W: [-0.8287125] b: [0.49642304] loss: 0.16941248
W: [-0.8307596] b: [0.5024417] loss: 0.16538708
W: [-0.83278215] b: [0.5083883] loss: 0.16145751
W: [-0.8347805] b: [0.51426363] loss: 0.15762137
W: [-0.8367549] b: [0.52006865] loss: 0.15387645
W: [-0.83870566] b: [0.5258041] loss: 0.15022063
W: [-0.84063303] b: [0.5314709] loss: 0.1466517
W: [-0.84253734] b: [0.5370698] loss: 0.14316775
W: [-0.8444189] b: [0.54260164] loss: 0.1397666
W: [-0.8462779] b: [0.5480673] loss: 0.13644636
W: [-0.8481146] b: [0.55346745] loss: 0.13320501
W: [-0.84992933] b: [0.55880296] loss: 0.13004082
W: [-0.8517223] b: [0.5640746] loss: 0.12695178
W: [-0.8534938] b: [0.56928307] loss: 0.12393628
W: [-0.8552441] b: [0.57442915] loss: 0.12099252
W: [-0.85697347] b: [0.5795136] loss: 0.118118644
W: [-0.8586821] b: [0.5845372] loss: 0.11531324
W: [-0.8603703] b: [0.5895006] loss: 0.112574466
W: [-0.8620382] b: [0.5944046] loss: 0.10990081
W: [-0.86368614] b: [0.59924984] loss: 0.10729079
W: [-0.8653144] b: [0.60403705] loss: 0.10474281
W: [-0.86692315] b: [0.608767] loss: 0.10225542
W: [-0.86851263] b: [0.6134402] loss: 0.09982713
W: [-0.8700831] b: [0.6180575] loss: 0.09745662
W: [-0.8716347] b: [0.6226195] loss: 0.095142476
W: [-0.8731678] b: [0.6271269] loss: 0.09288333
W: [-0.8746825] b: [0.6315803] loss: 0.090677895
W: [-0.87617904] b: [0.63598037] loss: 0.08852486
W: [-0.87765765] b: [0.64032775] loss: 0.086423054
W: [-0.87911856] b: [0.64462304] loss: 0.08437123
W: [-0.880562] b: [0.6488669] loss: 0.08236819
W: [-0.88198817] b: [0.6530599] loss: 0.080412775
W: [-0.8833972] b: [0.6572027] loss: 0.07850383
W: [-0.8847894] b: [0.66129595] loss: 0.07664024
W: [-0.88616496] b: [0.6653401] loss: 0.07482104
W: [-0.887524] b: [0.6693359] loss: 0.073045
W: [-0.8888668] b: [0.6732838] loss: 0.071311206
W: [-0.89019346] b: [0.67718446] loss: 0.06961866
W: [-0.8915043] b: [0.6810384] loss: 0.06796628
W: [-0.8927994] b: [0.68484616] loss: 0.06635322
W: [-0.89407897] b: [0.68860835] loss: 0.06477849
W: [-0.89534324] b: [0.6923255] loss: 0.06324117
W: [-0.8965924] b: [0.6959981] loss: 0.061740473
W: [-0.89782655] b: [0.6996267] loss: 0.060275372
W: [-0.89904594] b: [0.70321184] loss: 0.058845118
W: [-0.90025073] b: [0.7067541] loss: 0.057448827
W: [-0.9014411] b: [0.7102539] loss: 0.05608578
W: [-0.9026172] b: [0.7137118] loss: 0.05475509
W: [-0.9037792] b: [0.7171283] loss: 0.053456046
W: [-0.9049273] b: [0.72050387] loss: 0.052187838
W: [-0.90606165] b: [0.723839] loss: 0.05094983
W: [-0.90718246] b: [0.72713417] loss: 0.04974122
W: [-0.9082898] b: [0.7303899] loss: 0.048561327
W: [-0.9093839] b: [0.73360664] loss: 0.047409467
W: [-0.9104648] b: [0.7367849] loss: 0.04628501
W: [-0.9115329] b: [0.739925] loss: 0.045187205
W: [-0.9125881] b: [0.74302757] loss: 0.04411558
W: [-0.9136308] b: [0.746093] loss: 0.04306936
W: [-0.9146609] b: [0.74912167] loss: 0.042047992
W: [-0.9156787] b: [0.7521141] loss: 0.041050877
W: [-0.91668427] b: [0.7550707] loss: 0.040077507
W: [-0.9176778] b: [0.75799185] loss: 0.03912723
W: [-0.9186595] b: [0.760878] loss: 0.03819958
W: [-0.9196294] b: [0.7637297] loss: 0.037293926
W: [-0.92058766] b: [0.7665472] loss: 0.036409765
W: [-0.9215345] b: [0.7693309] loss: 0.035546668
W: [-0.92247] b: [0.7720813] loss: 0.034704026
W: [-0.92339426] b: [0.7747988] loss: 0.033881426
W: [-0.92430747] b: [0.77748376] loss: 0.033078335
W: [-0.9252097] b: [0.7801365] loss: 0.032294374
W: [-0.9261012] b: [0.7827575] loss: 0.031528987
W: [-0.926982] b: [0.78534716] loss: 0.030781811
W: [-0.9278522] b: [0.78790575] loss: 0.030052345
W: [-0.928712] b: [0.7904337] loss: 0.029340252
W: [-0.9295615] b: [0.7929314] loss: 0.028645063
W: [-0.93040085] b: [0.7953991] loss: 0.027966384
W: [-0.9312302] b: [0.7978374] loss: 0.027303787
W: [-0.9320495] b: [0.8002464] loss: 0.026656974
W: [-0.93285906] b: [0.8026266] loss: 0.026025496
W: [-0.9336589] b: [0.8049783] loss: 0.025409032
W: [-0.9344492] b: [0.8073018] loss: 0.024807177
W: [-0.93523] b: [0.8095975] loss: 0.024219636
W: [-0.9360015] b: [0.8118657] loss: 0.023646027
W: [-0.9367637] b: [0.8141067] loss: 0.023086075
W: [-0.9375168] b: [0.8163209] loss: 0.022539396
W: [-0.93826085] b: [0.81850857] loss: 0.022005718
W: [-0.938996] b: [0.82067] loss: 0.021484673
W: [-0.93972236] b: [0.8228056] loss: 0.020976052
W: [-0.94044006] b: [0.8249156] loss: 0.02047946
W: [-0.9411491] b: [0.8270003] loss: 0.019994674
W: [-0.9418497] b: [0.8290601] loss: 0.019521395
W: [-0.9425419] b: [0.8310952] loss: 0.019059341
W: [-0.9432258] b: [0.833106] loss: 0.018608274
W: [-0.94390154] b: [0.83509266] loss: 0.018167868
W: [-0.9445691] b: [0.83705556] loss: 0.017737975
W: [-0.94522876] b: [0.8389949] loss: 0.017318262
W: [-0.9458805] b: [0.8409111] loss: 0.016908502
W: [-0.9465244] b: [0.8428043] loss: 0.016508471
W: [-0.9471606] b: [0.8446748] loss: 0.016117925
W: [-0.9477892] b: [0.8465229] loss: 0.015736649
W: [-0.9484102] b: [0.8483489] loss: 0.015364434
W: [-0.94902384] b: [0.850153] loss: 0.0150010595
W: [-0.9496301] b: [0.85193557] loss: 0.01464631
W: [-0.9502291] b: [0.8536967] loss: 0.014299946
W: [-0.950821] b: [0.8554368] loss: 0.013961824
W: [-0.95140576] b: [0.85715604] loss: 0.013631719
W: [-0.9519835] b: [0.8588547] loss: 0.013309454
W: [-0.95255435] b: [0.860533] loss: 0.012994818
W: [-0.9531183] b: [0.8621912] loss: 0.012687657
W: [-0.95367557] b: [0.86382955] loss: 0.012387792
W: [-0.95422614] b: [0.8654483] loss: 0.012095013
W: [-0.9547701] b: [0.86704767] loss: 0.011809206
W: [-0.95530754] b: [0.86862785] loss: 0.011530144
W: [-0.95583856] b: [0.87018913] loss: 0.011257733
W: [-0.95636326] b: [0.8717317] loss: 0.01099178
W: [-0.95688164] b: [0.8732558] loss: 0.010732117
W: [-0.95739377] b: [0.87476164] loss: 0.010478623
W: [-0.9578998] b: [0.87624943] loss: 0.010231133
W: [-0.9583998] b: [0.8777194] loss: 0.009989533
W: [-0.9588938] b: [0.8791718] loss: 0.009753647
W: [-0.9593819] b: [0.8806068] loss: 0.009523363
W: [-0.9598641] b: [0.8820246] loss: 0.00929851
W: [-0.96034056] b: [0.8834254] loss: 0.009079025
W: [-0.9608113] b: [0.8848095] loss: 0.008864713
W: [-0.9612764] b: [0.886177] loss: 0.008655491
W: [-0.96173596] b: [0.8875281] loss: 0.008451228
W: [-0.96219003] b: [0.888863] loss: 0.00825181
W: [-0.9626386] b: [0.89018196] loss: 0.00805712
W: [-0.96308184] b: [0.8914851] loss: 0.007867051
W: [-0.96351975] b: [0.8927726] loss: 0.0076814806
W: [-0.9639524] b: [0.89404476] loss: 0.0075003025
W: [-0.9643799] b: [0.89530164] loss: 0.0073234094
W: [-0.96480227] b: [0.8965435] loss: 0.007150716
W: [-0.9652196] b: [0.89777046] loss: 0.0069821137
W: [-0.9656319] b: [0.89898276] loss: 0.006817508
W: [-0.9660393] b: [0.9001805] loss: 0.0066568013
W: [-0.9664418] b: [0.9013639] loss: 0.0064998954
W: [-0.9668395] b: [0.9025332] loss: 0.006346727
W: [-0.9672324] b: [0.9036884] loss: 0.006197177
W: [-0.9676206] b: [0.90482974] loss: 0.0060511613
W: [-0.96800417] b: [0.90595746] loss: 0.0059086094
W: [-0.96838313] b: [0.9070717] loss: 0.005769437
W: [-0.96875757] b: [0.9081726] loss: 0.0056335456
W: [-0.96912754] b: [0.9092603] loss: 0.0055008847
W: [-0.9694931] b: [0.91033494] loss: 0.005371352
W: [-0.9698542] b: [0.91139674] loss: 0.005244906
W: [-0.970211] b: [0.91244584] loss: 0.00512144
W: [-0.97056353] b: [0.91348237] loss: 0.0050009023
W: [-0.97091186] b: [0.9145065] loss: 0.0048832134
W: [-0.971256] b: [0.91551834] loss: 0.004768311
W: [-0.97159606] b: [0.9165181] loss: 0.0046561207
W: [-0.971932] b: [0.91750586] loss: 0.004546608
W: [-0.97226393] b: [0.91848177] loss: 0.0044396683
W: [-0.97259194] b: [0.919446] loss: 0.0043352637
W: [-0.97291595] b: [0.9203987] loss: 0.0042333277
W: [-0.9732361] b: [0.92134] loss: 0.004133807
W: [-0.9735524] b: [0.92227] loss: 0.004036646
W: [-0.973865] b: [0.92318887] loss: 0.0039417758
W: [-0.9741738] b: [0.92409676] loss: 0.003849141
W: [-0.97447884] b: [0.92499375] loss: 0.0037587075
W: [-0.97478026] b: [0.92588] loss: 0.0036704063
W: [-0.9750781] b: [0.92675567] loss: 0.0035842033
W: [-0.9753724] b: [0.9276208] loss: 0.0035000392
W: [-0.9756631] b: [0.9284756] loss: 0.0034178544
W: [-0.97595036] b: [0.92932016] loss: 0.0033376198
W: [-0.97623414] b: [0.9301546] loss: 0.0032592753
W: [-0.9765146] b: [0.9309791] loss: 0.0031827923
W: [-0.9767916] b: [0.93179363] loss: 0.003108116
W: [-0.9770654] b: [0.9325985] loss: 0.003035193
W: [-0.9773358] b: [0.93339366] loss: 0.0029640095
W: [-0.9776031] b: [0.9341793] loss: 0.0028944993
W: [-0.97786707] b: [0.93495554] loss: 0.002826641
W: [-0.97812796] b: [0.9357225] loss: 0.0027603677
W: [-0.9783856] b: [0.9364802] loss: 0.002695684
W: [-0.9786403] b: [0.9372289] loss: 0.0026325083
W: [-0.9788919] b: [0.9379687] loss: 0.0025708345
W: [-0.97914046] b: [0.93869954] loss: 0.0025106047
W: [-0.9793861] b: [0.93942165] loss: 0.002451811
W: [-0.97962874] b: [0.9401351] loss: 0.002394407
W: [-0.97986853] b: [0.94084007] loss: 0.0023383442
W: [-0.9801054] b: [0.94153655] loss: 0.0022836095
W: [-0.98033947] b: [0.9422247] loss: 0.0022301804
W: [-0.98057073] b: [0.9429046] loss: 0.0021780015
W: [-0.9807992] b: [0.94357634] loss: 0.0021270514
W: [-0.9810249] b: [0.94424003] loss: 0.0020773134
W: [-0.98124796] b: [0.9448958] loss: 0.0020287333
W: [-0.9814683] b: [0.9455437] loss: 0.0019813145
W: [-0.98168606] b: [0.94618386] loss: 0.0019350131
W: [-0.98190117] b: [0.9468163] loss: 0.0018898014
W: [-0.9821137] b: [0.9474412] loss: 0.0018456464
W: [-0.9823237] b: [0.94805866] loss: 0.0018025396
W: [-0.9825312] b: [0.9486687] loss: 0.0017604531
W: [-0.9827362] b: [0.94927144] loss: 0.0017193571
W: [-0.98293877] b: [0.94986695] loss: 0.0016792284
W: [-0.9831389] b: [0.9504553] loss: 0.0016400423
W: [-0.9833366] b: [0.95103663] loss: 0.0016017924
W: [-0.98353195] b: [0.951611] loss: 0.0015644333
W: [-0.98372495] b: [0.9521785] loss: 0.0015279565
W: [-0.9839157] b: [0.9527392] loss: 0.0014923385
W: [-0.9841041] b: [0.95329314] loss: 0.0014575566
W: [-0.98429024] b: [0.9538405] loss: 0.0014236013
W: [-0.9844742] b: [0.9543813] loss: 0.0013904416
W: [-0.9846559] b: [0.9549156] loss: 0.0013580605
W: [-0.98483545] b: [0.9554435] loss: 0.0013264522
W: [-0.9850129] b: [0.9559651] loss: 0.0012955756
W: [-0.9851882] b: [0.95648044] loss: 0.0012654344
W: [-0.98536134] b: [0.95698965] loss: 0.001235998
W: [-0.98553246] b: [0.9574927] loss: 0.0012072483
W: [-0.9857015] b: [0.95798975] loss: 0.0011791828
W: [-0.9858685] b: [0.95848083] loss: 0.0011517811
W: [-0.98603356] b: [0.9589661] loss: 0.0011250178
W: [-0.9861966] b: [0.9594455] loss: 0.0010988871
W: [-0.9863577] b: [0.95991915] loss: 0.0010733693
W: [-0.9865169] b: [0.9603872] loss: 0.0010484534
W: [-0.9866742] b: [0.9608496] loss: 0.0010241165
W: [-0.9868296] b: [0.96130645] loss: 0.0010003524
W: [-0.9869831] b: [0.96175784] loss: 0.0009771571
W: [-0.9871348] b: [0.9622038] loss: 0.00095449825
W: [-0.98728466] b: [0.96264446] loss: 0.0009323771
W: [-0.9874328] b: [0.9630798] loss: 0.000910766
W: [-0.98757905] b: [0.96351] loss: 0.0008896752
W: [-0.9877236] b: [0.96393496] loss: 0.00086907117
W: [-0.9878664] b: [0.9643549] loss: 0.0008489566
W: [-0.98800755] b: [0.9647697] loss: 0.0008293119
W: [-0.98814696] b: [0.9651796] loss: 0.000810128
W: [-0.9882847] b: [0.96558464] loss: 0.0007913931
W: [-0.9884208] b: [0.9659848] loss: 0.0007730947
W: [-0.98855525] b: [0.9663802] loss: 0.00075522665
W: [-0.9886881] b: [0.9667708] loss: 0.00073778245
W: [-0.9888194] b: [0.96715677] loss: 0.00072074204
W: [-0.9889491] b: [0.9675381] loss: 0.00070410623
W: [-0.98907727] b: [0.9679149] loss: 0.00068785594
W: [-0.9892039] b: [0.9682871] loss: 0.0006719954
W: [-0.989329] b: [0.9686549] loss: 0.00065649836
W: [-0.98945254] b: [0.9690183] loss: 0.0006413637
W: [-0.9895747] b: [0.96937734] loss: 0.0006265875
W: [-0.9896953] b: [0.96973205] loss: 0.0006121576
W: [-0.9898145] b: [0.9700825] loss: 0.00059806457
W: [-0.9899323] b: [0.9704288] loss: 0.0005843033
W: [-0.9900487] b: [0.97077096] loss: 0.0005708619
W: [-0.9901637] b: [0.97110903] loss: 0.00055772933
W: [-0.9902773] b: [0.97144306] loss: 0.00054491364
W: [-0.9903895] b: [0.971773] loss: 0.0005323901
W: [-0.9905004] b: [0.97209907] loss: 0.0005201664
W: [-0.99060994] b: [0.9724212] loss: 0.00050822255
W: [-0.9907182] b: [0.9727395] loss: 0.0004965608
W: [-0.9908252] b: [0.973054] loss: 0.00048517343
W: [-0.99093086] b: [0.9733647] loss: 0.0004740479
W: [-0.9910353] b: [0.9736717] loss: 0.0004631876
W: [-0.99113846] b: [0.973975] loss: 0.0004525774
W: [-0.9912404] b: [0.9742747] loss: 0.00044221556
W: [-0.99134105] b: [0.9745708] loss: 0.00043209342
W: [-0.9914406] b: [0.97486335] loss: 0.0004222096
W: [-0.9915389] b: [0.9751524] loss: 0.000412562
W: [-0.99163604] b: [0.97543794] loss: 0.0004031321
W: [-0.991732] b: [0.9757201] loss: 0.0003939247
W: [-0.99182683] b: [0.9759989] loss: 0.00038493157
W: [-0.9919205] b: [0.9762743] loss: 0.00037614888
W: [-0.99201304] b: [0.97654647] loss: 0.0003675721
W: [-0.9921045] b: [0.97681534] loss: 0.00035919406
W: [-0.99219483] b: [0.977081] loss: 0.0003510107
W: [-0.9922841] b: [0.9773435] loss: 0.00034301725
W: [-0.99237233] b: [0.97760284] loss: 0.00033520666
W: [-0.9924595] b: [0.9778591] loss: 0.00032758186
W: [-0.9925456] b: [0.9781122] loss: 0.0003201366
W: [-0.99263066] b: [0.9783623] loss: 0.00031286356
W: [-0.9927147] b: [0.97860944] loss: 0.00030575716
W: [-0.99279773] b: [0.97885364] loss: 0.00029881927
W: [-0.9928798] b: [0.97909486] loss: 0.0002920395
W: [-0.9929609] b: [0.9793332] loss: 0.00028541897
W: [-0.993041] b: [0.9795687] loss: 0.00027895393
W: [-0.99312013] b: [0.9798014] loss: 0.00027263688
W: [-0.99319834] b: [0.9800313] loss: 0.00026646527
W: [-0.9932756] b: [0.98025846] loss: 0.0002604401
W: [-0.99335194] b: [0.9804829] loss: 0.00025455322
W: [-0.99342734] b: [0.9807046] loss: 0.00024880178
W: [-0.99350184] b: [0.9809237] loss: 0.00024318456
W: [-0.99357545] b: [0.9811402] loss: 0.00023769894
W: [-0.99364823] b: [0.98135406] loss: 0.00023233786
W: [-0.9937201] b: [0.98156536] loss: 0.00022710254
W: [-0.9937911] b: [0.98177415] loss: 0.00022198982
W: [-0.99386126] b: [0.98198044] loss: 0.00021699561
W: [-0.9939306] b: [0.98218423] loss: 0.00021211445
W: [-0.99399906] b: [0.9823856] loss: 0.00020734954
W: [-0.9940667] b: [0.98258454] loss: 0.0002026913
W: [-0.9941336] b: [0.9827811] loss: 0.00019814228
W: [-0.99419963] b: [0.9829753] loss: 0.00019369909
W: [-0.9942649] b: [0.9831672] loss: 0.00018935848
W: [-0.9943294] b: [0.9833568] loss: 0.00018511618
W: [-0.9943931] b: [0.9835441] loss: 0.0001809744
W: [-0.99445605] b: [0.9837292] loss: 0.00017692731
W: [-0.9945182] b: [0.98391205] loss: 0.00017297253
W: [-0.9945797] b: [0.9840927] loss: 0.0001691116
W: [-0.9946404] b: [0.9842712] loss: 0.0001653391
W: [-0.9947004] b: [0.9844476] loss: 0.000161653
W: [-0.9947597] b: [0.9846218] loss: 0.00015805036
W: [-0.9948182] b: [0.984794] loss: 0.00015453315
W: [-0.9948761] b: [0.98496413] loss: 0.00015109428
W: [-0.99493325] b: [0.9851322] loss: 0.00014773569
W: [-0.9949897] b: [0.9852983] loss: 0.00014445625
W: [-0.99504554] b: [0.9854623] loss: 0.0001412487
W: [-0.9951007] b: [0.98562443] loss: 0.00013811905
W: [-0.99515516] b: [0.9857846] loss: 0.00013505682
W: [-0.995209] b: [0.98594284] loss: 0.00013206847
W: [-0.99526215] b: [0.9860992] loss: 0.00012914794
W: [-0.9953147] b: [0.9862537] loss: 0.00012629363
W: [-0.99536663] b: [0.9864063] loss: 0.00012350493
W: [-0.9954179] b: [0.9865571] loss: 0.00012078197
W: [-0.99546856] b: [0.98670614] loss: 0.00011811767
W: [-0.9955186] b: [0.98685336] loss: 0.00011551777
W: [-0.9955681] b: [0.9869988] loss: 0.00011297661
W: [-0.995617] b: [0.9871425] loss: 0.000110494606
W: [-0.99566525] b: [0.9872845] loss: 0.000108066444
W: [-0.995713] b: [0.98742473] loss: 0.000105698186
W: [-0.99576014] b: [0.9875633] loss: 0.000103381964
W: [-0.9958067] b: [0.9877003] loss: 0.00010111695
W: [-0.9958527] b: [0.9878356] loss: 9.890536e-05
W: [-0.9958982] b: [0.9879693] loss: 9.674271e-05
W: [-0.9959431] b: [0.98810136] loss: 9.4630544e-05
W: [-0.9959875] b: [0.9882319] loss: 9.256751e-05
W: [-0.99603134] b: [0.9883608] loss: 9.055184e-05
W: [-0.9960747] b: [0.9884882] loss: 8.8580346e-05
W: [-0.9961175] b: [0.9886141] loss: 8.665437e-05
W: [-0.9961598] b: [0.9887384] loss: 8.477348e-05
W: [-0.9962016] b: [0.98886126] loss: 8.293459e-05
W: [-0.9962429] b: [0.9889827] loss: 8.11361e-05
W: [-0.9962837] b: [0.9891026] loss: 7.937968e-05
W: [-0.996324] b: [0.9892211] loss: 7.766335e-05
W: [-0.9963638] b: [0.9893382] loss: 7.5984484e-05
W: [-0.99640316] b: [0.9894539] loss: 7.434677e-05
W: [-0.996442] b: [0.98956823] loss: 7.274336e-05
W: [-0.99648046] b: [0.9896812] loss: 7.1177055e-05
W: [-0.99651843] b: [0.98979276] loss: 6.9647234e-05
W: [-0.9965559] b: [0.98990303] loss: 6.8150184e-05
W: [-0.99659294] b: [0.990012] loss: 6.668732e-05
W: [-0.99662954] b: [0.9901196] loss: 6.52605e-05
W: [-0.9966657] b: [0.9902259] loss: 6.386213e-05
W: [-0.9967014] b: [0.990331] loss: 6.249703e-05
W: [-0.99673676] b: [0.99043477] loss: 6.116293e-05
W: [-0.99677163] b: [0.99053735] loss: 5.9860264e-05
W: [-0.9968061] b: [0.9906387] loss: 5.858572e-05
W: [-0.9968402] b: [0.9907388] loss: 5.7339385e-05
W: [-0.99687386] b: [0.99083775] loss: 5.612038e-05
W: [-0.9969071] b: [0.9909355] loss: 5.492973e-05
W: [-0.99693996] b: [0.99103206] loss: 5.3766733e-05
W: [-0.9969724] b: [0.9911275] loss: 5.2628406e-05
W: [-0.99700445] b: [0.9912217] loss: 5.1516086e-05
W: [-0.9970361] b: [0.9913149] loss: 5.0429662e-05
W: [-0.9970674] b: [0.9914069] loss: 4.9367132e-05
W: [-0.9970983] b: [0.9914978] loss: 4.8328555e-05
W: [-0.9971289] b: [0.99158764] loss: 4.7313144e-05
W: [-0.99715906] b: [0.9916764] loss: 4.6319863e-05
W: [-0.99718887] b: [0.99176407] loss: 4.5350334e-05
W: [-0.9972184] b: [0.9918507] loss: 4.4401753e-05
W: [-0.99724746] b: [0.99193627] loss: 4.3474447e-05
W: [-0.9972762] b: [0.99202085] loss: 4.2567895e-05
W: [-0.9973046] b: [0.9921044] loss: 4.1680585e-05
W: [-0.9973327] b: [0.99218696] loss: 4.081464e-05
W: [-0.99736047] b: [0.9922685] loss: 3.9967454e-05
W: [-0.9973879] b: [0.9923491] loss: 3.913898e-05
W: [-0.99741495] b: [0.9924287] loss: 3.8329003e-05
W: [-0.9974417] b: [0.9925074] loss: 3.753745e-05
W: [-0.9974682] b: [0.9925851] loss: 3.6762976e-05
W: [-0.9974943] b: [0.99266195] loss: 3.6004873e-05
W: [-0.9975201] b: [0.9927378] loss: 3.52644e-05
W: [-0.99754554] b: [0.9928128] loss: 3.4541175e-05
W: [-0.99757075] b: [0.9928869] loss: 3.3833072e-05
W: [-0.99759567] b: [0.9929601] loss: 3.3139466e-05
W: [-0.9976203] b: [0.9930324] loss: 3.2463704e-05
W: [-0.9976446] b: [0.99310386] loss: 3.180029e-05
W: [-0.99766856] b: [0.99317443] loss: 3.11532e-05
W: [-0.9976923] b: [0.9932442] loss: 3.0520812e-05
W: [-0.9977157] b: [0.9933131] loss: 2.9901772e-05
W: [-0.9977389] b: [0.99338114] loss: 2.9296887e-05
W: [-0.9977618] b: [0.99344844] loss: 2.8704508e-05
W: [-0.9977844] b: [0.9935149] loss: 2.8125516e-05
W: [-0.9978067] b: [0.9935806] loss: 2.7558413e-05
W: [-0.9978288] b: [0.9936455] loss: 2.700374e-05
W: [-0.9978506] b: [0.9937096] loss: 2.6461748e-05
W: [-0.9978722] b: [0.993773] loss: 2.5932071e-05
W: [-0.99789345] b: [0.99383557] loss: 2.5413203e-05
W: [-0.9979145] b: [0.9938974] loss: 2.4907476e-05
W: [-0.9979353] b: [0.9939585] loss: 2.4410972e-05
W: [-0.9979558] b: [0.99401885] loss: 2.3925822e-05
W: [-0.99797606] b: [0.9940785] loss: 2.3451816e-05
W: [-0.99799615] b: [0.9941374] loss: 2.2987788e-05
W: [-0.99801594] b: [0.99419564] loss: 2.2533706e-05
W: [-0.9980355] b: [0.99425316] loss: 2.2089163e-05
W: [-0.9980548] b: [0.99430996] loss: 2.165448e-05
W: [-0.9980739] b: [0.9943661] loss: 2.1230524e-05
W: [-0.9980928] b: [0.9944216] loss: 2.0813604e-05
W: [-0.9981114] b: [0.99447644] loss: 2.0407691e-05
W: [-0.99812984] b: [0.9945306] loss: 2.0009156e-05
W: [-0.9981481] b: [0.99458414] loss: 1.9619485e-05
W: [-0.998166] b: [0.994637] loss: 1.9238787e-05
W: [-0.9981838] b: [0.9946892] loss: 1.886622e-05
W: [-0.9982014] b: [0.99474084] loss: 1.850193e-05
W: [-0.9982187] b: [0.9947918] loss: 1.8144445e-05
W: [-0.9982358] b: [0.9948422] loss: 1.7795464e-05
W: [-0.99825275] b: [0.99489194] loss: 1.7454404e-05
W: [-0.9982695] b: [0.9949411] loss: 1.711974e-05
W: [-0.998286] b: [0.9949897] loss: 1.6793188e-05
W: [-0.99830234] b: [0.99503773] loss: 1.6473085e-05
W: [-0.9983185] b: [0.9950852] loss: 1.6160113e-05
W: [-0.9983344] b: [0.995132] loss: 1.5853351e-05
W: [-0.99835014] b: [0.99517834] loss: 1.555304e-05
W: [-0.9983657] b: [0.9952241] loss: 1.5260213e-05
W: [-0.9983811] b: [0.9952693] loss: 1.4972679e-05
W: [-0.9983963] b: [0.99531394] loss: 1.4691584e-05
W: [-0.9984113] b: [0.99535805] loss: 1.4416442e-05
W: [-0.9984261] b: [0.9954017] loss: 1.4147081e-05
W: [-0.99844074] b: [0.9954448] loss: 1.3883444e-05
W: [-0.9984552] b: [0.99548733] loss: 1.3625857e-05
W: [-0.99846953] b: [0.99552935] loss: 1.3373456e-05
W: [-0.99848366] b: [0.9955709] loss: 1.3125902e-05
W: [-0.9984976] b: [0.99561197] loss: 1.2883815e-05
W: [-0.9985114] b: [0.9956525] loss: 1.26468485e-05
W: [-0.998525] b: [0.99569255] loss: 1.2415401e-05
W: [-0.9985385] b: [0.9957321] loss: 1.2188464e-05
W: [-0.9985518] b: [0.9957712] loss: 1.1966076e-05
W: [-0.99856496] b: [0.99580985] loss: 1.1748913e-05
W: [-0.99857795] b: [0.99584806] loss: 1.1536273e-05
W: [-0.99859077] b: [0.9958858] loss: 1.1327753e-05
W: [-0.99860346] b: [0.99592304] loss: 1.1123331e-05
W: [-0.998616] b: [0.9959599] loss: 1.0923134e-05
W: [-0.9986283] b: [0.9959963] loss: 1.07274245e-05
W: [-0.9986406] b: [0.99603224] loss: 1.0536072e-05
W: [-0.9986527] b: [0.99606776] loss: 1.0348422e-05
W: [-0.9986646] b: [0.99610287] loss: 1.0164661e-05
W: [-0.9986764] b: [0.99613756] loss: 9.984742e-06
W: [-0.99868804] b: [0.99617183] loss: 9.80823e-06
W: [-0.99869955] b: [0.9962057] loss: 9.636431e-06
W: [-0.99871093] b: [0.9962391] loss: 9.467448e-06
W: [-0.9987222] b: [0.99627215] loss: 9.301673e-06
W: [-0.9987333] b: [0.9963048] loss: 9.13964e-06
W: [-0.99874425] b: [0.99633706] loss: 8.9807145e-06
W: [-0.9987551] b: [0.99636894] loss: 8.82546e-06
W: [-0.99876577] b: [0.9964004] loss: 8.673128e-06
W: [-0.9987764] b: [0.9964315] loss: 8.52459e-06
W: [-0.99878687] b: [0.9964623] loss: 8.378395e-06
W: [-0.9987972] b: [0.9964927] loss: 8.234912e-06
W: [-0.9988074] b: [0.99652267] loss: 8.094954e-06
W: [-0.99881744] b: [0.9965523] loss: 7.957745e-06
W: [-0.9988274] b: [0.99658155] loss: 7.823433e-06
W: [-0.99883723] b: [0.9966105] loss: 7.691895e-06
W: [-0.998847] b: [0.99663913] loss: 7.5626704e-06
W: [-0.9988566] b: [0.9966674] loss: 7.4359377e-06
W: [-0.9988661] b: [0.9966953] loss: 7.312169e-06
W: [-0.9988755] b: [0.9967229] loss: 7.1907116e-06
W: [-0.9988848] b: [0.9967501] loss: 7.0716837e-06
W: [-0.9988939] b: [0.99677706] loss: 6.9551947e-06
W: [-0.998903] b: [0.99680364] loss: 6.840767e-06
W: [-0.9989119] b: [0.9968299] loss: 6.729398e-06
W: [-0.99892074] b: [0.9968559] loss: 6.6197044e-06
W: [-0.99892944] b: [0.9968816] loss: 6.5122213e-06
W: [-0.9989381] b: [0.99690694] loss: 6.4066976e-06
W: [-0.9989466] b: [0.99693197] loss: 6.3037824e-06
W: [-0.998955] b: [0.9969567] loss: 6.202709e-06
W: [-0.99896336] b: [0.99698114] loss: 6.10331e-06
W: [-0.9989716] b: [0.9970053] loss: 6.006154e-06
W: [-0.9989796] b: [0.9970292] loss: 5.910732e-06
W: [-0.9989877] b: [0.9970528] loss: 5.817299e-06
W: [-0.9989956] b: [0.9970761] loss: 5.7257976e-06
W: [-0.9990034] b: [0.9970991] loss: 5.6364997e-06
W: [-0.99901116] b: [0.9971218] loss: 5.548637e-06
W: [-0.9990188] b: [0.9971443] loss: 5.462463e-06
W: [-0.99902636] b: [0.9971665] loss: 5.37765e-06
W: [-0.9990338] b: [0.99718845] loss: 5.2953947e-06
W: [-0.9990412] b: [0.99721014] loss: 5.2135583e-06
W: [-0.9990485] b: [0.99723154] loss: 5.134266e-06
W: [-0.9990557] b: [0.9972527] loss: 5.0562053e-06
W: [-0.9990628] b: [0.9972736] loss: 4.979698e-06
W: [-0.9990698] b: [0.99729425] loss: 4.9046616e-06
W: [-0.9990767] b: [0.99731463] loss: 4.831296e-06
W: [-0.99908364] b: [0.9973348] loss: 4.7589983e-06
W: [-0.9990904] b: [0.9973547] loss: 4.688637e-06
W: [-0.9990971] b: [0.99737436] loss: 4.618955e-06
W: [-0.99910367] b: [0.99739385] loss: 4.550885e-06
W: [-0.9991102] b: [0.99741304] loss: 4.4844273e-06
W: [-0.9991167] b: [0.99743205] loss: 4.418361e-06
W: [-0.9991231] b: [0.9974508] loss: 4.3543455e-06
W: [-0.9991294] b: [0.99746937] loss: 4.2913525e-06
W: [-0.9991356] b: [0.99748766] loss: 4.2294178e-06
W: [-0.99914175] b: [0.9975058] loss: 4.169238e-06
W: [-0.99914783] b: [0.99752367] loss: 4.109366e-06
W: [-0.99915385] b: [0.9975413] loss: 4.051531e-06
W: [-0.9991598] b: [0.9975588] loss: 3.9940687e-06
W: [-0.99916565] b: [0.997576] loss: 3.937993e-06
W: [-0.99917144] b: [0.99759305] loss: 3.8831786e-06
W: [-0.99917716] b: [0.99760985] loss: 3.82902e-06
W: [-0.9991828] b: [0.9976265] loss: 3.7760215e-06
W: [-0.9991884] b: [0.99764293] loss: 3.723973e-06
W: [-0.99919397] b: [0.99765915] loss: 3.6731453e-06
W: [-0.9991994] b: [0.9976752] loss: 3.6229585e-06
W: [-0.99920475] b: [0.99769104] loss: 3.5740477e-06
W: [-0.9992101] b: [0.9977067] loss: 3.525521e-06
W: [-0.99921536] b: [0.9977222] loss: 3.4781738e-06
W: [-0.99922055] b: [0.99773747] loss: 3.4316777e-06
W: [-0.9992257] b: [0.99775255] loss: 3.3861613e-06
W: [-0.99923074] b: [0.99776745] loss: 3.3417364e-06
W: [-0.9992358] b: [0.9977822] loss: 3.298e-06
W: [-0.99924076] b: [0.9977967] loss: 3.2548305e-06
W: [-0.99924564] b: [0.9978111] loss: 3.2125763e-06
W: [-0.9992505] b: [0.9978253] loss: 3.1711966e-06
W: [-0.99925524] b: [0.9978394] loss: 3.1304226e-06
W: [-0.99925995] b: [0.9978533] loss: 3.0902484e-06
W: [-0.9992646] b: [0.997867] loss: 3.051228e-06
W: [-0.99926925] b: [0.9978805] loss: 3.0124304e-06
W: [-0.9992738] b: [0.9978939] loss: 2.9743999e-06
W: [-0.99927825] b: [0.99790716] loss: 2.937472e-06
W: [-0.9992827] b: [0.9979202] loss: 2.901023e-06
W: [-0.9992871] b: [0.99793315] loss: 2.8650811e-06
W: [-0.9992915] b: [0.9979459] loss: 2.8300735e-06
W: [-0.9992958] b: [0.99795854] loss: 2.7950878e-06
W: [-0.9993] b: [0.997971] loss: 2.761389e-06
W: [-0.9993042] b: [0.9979833] loss: 2.7281253e-06
W: [-0.9993083] b: [0.99799544] loss: 2.695287e-06
W: [-0.9993124] b: [0.9980074] loss: 2.6631783e-06
W: [-0.9993164] b: [0.9980193] loss: 2.631721e-06
W: [-0.9993204] b: [0.998031] loss: 2.6010498e-06
W: [-0.9993244] b: [0.9980426] loss: 2.570384e-06
W: [-0.99932826] b: [0.998054] loss: 2.5405127e-06
W: [-0.9993321] b: [0.99806535] loss: 2.511335e-06
W: [-0.9993359] b: [0.9980765] loss: 2.4823291e-06
W: [-0.99933964] b: [0.9980875] loss: 2.4542271e-06
W: [-0.99934334] b: [0.99809843] loss: 2.4260885e-06
W: [-0.99934703] b: [0.9981092] loss: 2.3986536e-06
W: [-0.9993506] b: [0.9981199] loss: 2.371814e-06
W: [-0.9993542] b: [0.9981304] loss: 2.3454827e-06
W: [-0.9993577] b: [0.99814075] loss: 2.3198145e-06
W: [-0.9993612] b: [0.998151] loss: 2.2944798e-06
W: [-0.9993647] b: [0.99816114] loss: 2.269125e-06
W: [-0.9993681] b: [0.99817115] loss: 2.24472e-06
W: [-0.99937147] b: [0.99818105] loss: 2.2206991e-06
W: [-0.9993748] b: [0.9981908] loss: 2.196949e-06
W: [-0.9993781] b: [0.9982005] loss: 2.1734668e-06
W: [-0.9993813] b: [0.99821] loss: 2.1505768e-06
W: [-0.9993845] b: [0.9982195] loss: 2.1279475e-06
W: [-0.9993877] b: [0.99822885] loss: 2.1056073e-06
W: [-0.99939084] b: [0.9982381] loss: 2.0838881e-06
W: [-0.99939394] b: [0.9982472] loss: 2.0624186e-06
W: [-0.999397] b: [0.9982562] loss: 2.0414175e-06
W: [-0.9994] b: [0.9982651] loss: 2.0207021e-06
W: [-0.999403] b: [0.99827385] loss: 2.0004154e-06
W: [-0.999406] b: [0.99828255] loss: 1.9801619e-06
W: [-0.9994089] b: [0.99829113] loss: 1.960816e-06
W: [-0.99941176] b: [0.9982996] loss: 1.9413715e-06
W: [-0.9994146] b: [0.99830794] loss: 1.922397e-06
W: [-0.9994174] b: [0.9983162] loss: 1.9037e-06
W: [-0.9994202] b: [0.9983244] loss: 1.8852952e-06
W: [-0.99942297] b: [0.9983325] loss: 1.8671932e-06
W: [-0.99942565] b: [0.9983405] loss: 1.8495971e-06
W: [-0.99942833] b: [0.99834836] loss: 1.8321456e-06
W: [-0.999431] b: [0.99835616] loss: 1.8147391e-06
W: [-0.99943364] b: [0.99836385] loss: 1.7979933e-06
W: [-0.9994362] b: [0.9983715] loss: 1.7810714e-06
W: [-0.99943876] b: [0.998379] loss: 1.7648837e-06
W: [-0.99944127] b: [0.9983864] loss: 1.748881e-06
W: [-0.99944377] b: [0.9983937] loss: 1.7331063e-06
W: [-0.9994463] b: [0.9984009] loss: 1.7175634e-06
W: [-0.9994487] b: [0.9984081] loss: 1.7022661e-06
W: [-0.9994511] b: [0.9984152] loss: 1.687358e-06
W: [-0.9994535] b: [0.99842215] loss: 1.6724424e-06
W: [-0.9994558] b: [0.99842906] loss: 1.6579111e-06
W: [-0.99945813] b: [0.99843585] loss: 1.64347e-06
W: [-0.9994604] b: [0.9984426] loss: 1.6297236e-06
W: [-0.99946266] b: [0.99844927] loss: 1.615827e-06
W: [-0.9994649] b: [0.9984558] loss: 1.6019462e-06
W: [-0.99946713] b: [0.9984623] loss: 1.5885354e-06
W: [-0.9994693] b: [0.99846876] loss: 1.5756476e-06
W: [-0.9994715] b: [0.9984751] loss: 1.5625058e-06
W: [-0.9994736] b: [0.99848133] loss: 1.5497926e-06
W: [-0.99947566] b: [0.99848753] loss: 1.5371386e-06
W: [-0.99947774] b: [0.9984937] loss: 1.5248745e-06
W: [-0.99947983] b: [0.9984997] loss: 1.512559e-06
W: [-0.99948186] b: [0.99850565] loss: 1.5006265e-06
W: [-0.9994839] b: [0.99851155] loss: 1.4889374e-06
W: [-0.99948585] b: [0.9985174] loss: 1.477502e-06
W: [-0.9994878] b: [0.9985232] loss: 1.4660328e-06
W: [-0.9994898] b: [0.9985289] loss: 1.4546013e-06
W: [-0.9994917] b: [0.9985345] loss: 1.4435426e-06
W: [-0.99949354] b: [0.99854004] loss: 1.4328948e-06
W: [-0.99949545] b: [0.9985455] loss: 1.4218767e-06
W: [-0.99949723] b: [0.99855095] loss: 1.4113944e-06
W: [-0.9994991] b: [0.9985563] loss: 1.4011339e-06
W: [-0.9995009] b: [0.9985616] loss: 1.3908826e-06
W: [-0.99950266] b: [0.99856687] loss: 1.3808087e-06
W: [-0.99950445] b: [0.99857205] loss: 1.3708827e-06
W: [-0.9995062] b: [0.9985772] loss: 1.3609645e-06
W: [-0.9995079] b: [0.99858224] loss: 1.3515727e-06
W: [-0.99950963] b: [0.99858725] loss: 1.3420479e-06
W: [-0.9995113] b: [0.9985922] loss: 1.3324678e-06
W: [-0.9995129] b: [0.9985971] loss: 1.323484e-06
W: [-0.9995146] b: [0.99860185] loss: 1.3144869e-06
W: [-0.9995162] b: [0.9986066] loss: 1.3056981e-06
W: [-0.9995178] b: [0.99861133] loss: 1.2969322e-06
W: [-0.9995194] b: [0.998616] loss: 1.28812e-06
W: [-0.99952096] b: [0.99862057] loss: 1.2795342e-06
W: [-0.9995225] b: [0.9986251] loss: 1.2711571e-06
W: [-0.999524] b: [0.99862957] loss: 1.2631167e-06
W: [-0.9995255] b: [0.998634] loss: 1.2551674e-06
W: [-0.999527] b: [0.99863833] loss: 1.2470962e-06
W: [-0.99952847] b: [0.9986426] loss: 1.2393405e-06
W: [-0.9995299] b: [0.9986469] loss: 1.2315854e-06
W: [-0.9995313] b: [0.99865115] loss: 1.2239462e-06
W: [-0.99953276] b: [0.9986553] loss: 1.2162833e-06
W: [-0.99953413] b: [0.99865943] loss: 1.2089073e-06
W: [-0.9995355] b: [0.9986635] loss: 1.2015605e-06
W: [-0.9995369] b: [0.9986675] loss: 1.1945338e-06
W: [-0.99953824] b: [0.9986714] loss: 1.1873431e-06
W: [-0.99953955] b: [0.99867535] loss: 1.1805218e-06
W: [-0.99954087] b: [0.9986792] loss: 1.1735368e-06
W: [-0.9995422] b: [0.99868304] loss: 1.1667976e-06
W: [-0.9995435] b: [0.9986868] loss: 1.1602483e-06
W: [-0.99954474] b: [0.99869055] loss: 1.1536963e-06
W: [-0.999546] b: [0.99869424] loss: 1.1471159e-06
W: [-0.99954724] b: [0.9986979] loss: 1.1407368e-06
W: [-0.99954844] b: [0.9987015] loss: 1.1345969e-06
W: [-0.9995497] b: [0.9987051] loss: 1.1284342e-06
W: [-0.9995509] b: [0.9987086] loss: 1.122114e-06
W: [-0.9995521] b: [0.99871206] loss: 1.1162454e-06
W: [-0.9995532] b: [0.9987155] loss: 1.1102256e-06
W: [-0.99955434] b: [0.9987189] loss: 1.1046542e-06
W: [-0.9995555] b: [0.99872226] loss: 1.0988712e-06
W: [-0.99955666] b: [0.9987256] loss: 1.0930573e-06
W: [-0.9995578] b: [0.9987289] loss: 1.0875553e-06
W: [-0.99955887] b: [0.9987321] loss: 1.0820016e-06
W: [-0.99955994] b: [0.9987353] loss: 1.0764359e-06
W: [-0.999561] b: [0.99873847] loss: 1.0713362e-06
W: [-0.9995621] b: [0.99874157] loss: 1.0660717e-06
W: [-0.99956316] b: [0.99874467] loss: 1.0608466e-06
W: [-0.9995642] b: [0.9987477] loss: 1.0557644e-06
W: [-0.9995652] b: [0.9987507] loss: 1.0506486e-06
W: [-0.9995662] b: [0.99875367] loss: 1.0455452e-06
W: [-0.9995672] b: [0.9987566] loss: 1.0408997e-06
W: [-0.9995682] b: [0.9987595] loss: 1.0359034e-06
W: [-0.9995692] b: [0.99876237] loss: 1.0311768e-06
W: [-0.99957013] b: [0.99876523] loss: 1.0264611e-06
W: [-0.9995711] b: [0.99876803] loss: 1.021852e-06
W: [-0.99957204] b: [0.9987708] loss: 1.0172706e-06
W: [-0.99957293] b: [0.9987735] loss: 1.012938e-06
W: [-0.9995739] b: [0.9987762] loss: 1.008383e-06
W: [-0.9995748] b: [0.9987789] loss: 1.0039722e-06
W: [-0.9995757] b: [0.9987815] loss: 9.996035e-07
W: [-0.99957657] b: [0.9987841] loss: 9.954202e-07
W: [-0.9995774] b: [0.9987867] loss: 9.913236e-07
W: [-0.9995783] b: [0.9987892] loss: 9.870802e-07
W: [-0.99957913] b: [0.9987917] loss: 9.831692e-07
W: [-0.99957997] b: [0.9987942] loss: 9.792404e-07
W: [-0.9995808] b: [0.99879664] loss: 9.753002e-07
W: [-0.99958163] b: [0.998799] loss: 9.714224e-07
W: [-0.99958247] b: [0.9988014] loss: 9.675781e-07
W: [-0.99958324] b: [0.9988038] loss: 9.637001e-07
W: [-0.9995841] b: [0.9988061] loss: 9.598133e-07
W: [-0.99958485] b: [0.99880844] loss: 9.561167e-07
W: [-0.9995856] b: [0.9988107] loss: 9.5261845e-07
W: [-0.9995864] b: [0.998813] loss: 9.488782e-07
W: [-0.9995871] b: [0.9988152] loss: 9.4562864e-07
W: [-0.9995879] b: [0.9988174] loss: 9.420324e-07
W: [-0.9995886] b: [0.99881953] loss: 9.3862633e-07
W: [-0.9995893] b: [0.9988217] loss: 9.352777e-07
W: [-0.99959004] b: [0.99882376] loss: 9.318263e-07
W: [-0.99959075] b: [0.99882585] loss: 9.286531e-07
W: [-0.99959147] b: [0.99882793] loss: 9.253624e-07
W: [-0.9995921] b: [0.99882996] loss: 9.223358e-07
W: [-0.99959284] b: [0.998832] loss: 9.1902444e-07
W: [-0.9995935] b: [0.99883395] loss: 9.1595103e-07
W: [-0.99959415] b: [0.9988359] loss: 9.128115e-07
W: [-0.9995948] b: [0.9988379] loss: 9.098707e-07
W: [-0.99959546] b: [0.9988398] loss: 9.0698654e-07
W: [-0.9995961] b: [0.9988417] loss: 9.0393985e-07
W: [-0.9995968] b: [0.99884355] loss: 9.009246e-07
W: [-0.9995974] b: [0.9988454] loss: 8.980927e-07
W: [-0.999598] b: [0.99884725] loss: 8.953168e-07
W: [-0.9995986] b: [0.99884903] loss: 8.924495e-07
W: [-0.9995992] b: [0.9988508] loss: 8.898286e-07
W: [-0.9995998] b: [0.9988526] loss: 8.872116e-07
W: [-0.99960047] b: [0.99885434] loss: 8.844594e-07
W: [-0.99960107] b: [0.99885607] loss: 8.81711e-07
W: [-0.9996016] b: [0.9988578] loss: 8.7909336e-07
W: [-0.9996022] b: [0.99885947] loss: 8.7652415e-07
W: [-0.99960274] b: [0.99886113] loss: 8.739206e-07
W: [-0.99960333] b: [0.9988628] loss: 8.713338e-07
W: [-0.99960387] b: [0.9988644] loss: 8.689899e-07
W: [-0.9996044] b: [0.998866] loss: 8.6667444e-07
W: [-0.99960494] b: [0.99886763] loss: 8.640292e-07
W: [-0.9996055] b: [0.9988692] loss: 8.617705e-07
W: [-0.999606] b: [0.99887073] loss: 8.595399e-07
W: [-0.99960655] b: [0.9988723] loss: 8.570744e-07
W: [-0.9996071] b: [0.9988738] loss: 8.547685e-07
W: [-0.99960756] b: [0.99887526] loss: 8.5246586e-07
W: [-0.99960804] b: [0.99887675] loss: 8.5037857e-07
W: [-0.9996086] b: [0.9988782] loss: 8.4824933e-07
W: [-0.99960905] b: [0.9988796] loss: 8.461109e-07
W: [-0.99960953] b: [0.99888104] loss: 8.4397516e-07
W: [-0.99961] b: [0.9988825] loss: 8.4184217e-07
W: [-0.9996105] b: [0.99888384] loss: 8.39786e-07
W: [-0.99961096] b: [0.9988852] loss: 8.3752195e-07
W: [-0.9996114] b: [0.9988866] loss: 8.3563236e-07
W: [-0.99961185] b: [0.9988879] loss: 8.3375016e-07
W: [-0.99961233] b: [0.9988892] loss: 8.316604e-07
W: [-0.99961275] b: [0.9988905] loss: 8.298512e-07
W: [-0.9996132] b: [0.99889183] loss: 8.277662e-07
W: [-0.99961364] b: [0.99889314] loss: 8.2596137e-07
W: [-0.99961406] b: [0.9988944] loss: 8.2409014e-07
W: [-0.9996145] b: [0.99889565] loss: 8.22154e-07
W: [-0.9996149] b: [0.9988969] loss: 8.202201e-07
W: [-0.9996153] b: [0.9988981] loss: 8.185078e-07
W: [-0.9996157] b: [0.9988993] loss: 8.166636e-07
W: [-0.99961615] b: [0.9989005] loss: 8.149797e-07
W: [-0.9996165] b: [0.99890167] loss: 8.132868e-07
W: [-0.9996169] b: [0.9989028] loss: 8.115878e-07
W: [-0.99961734] b: [0.99890393] loss: 8.099154e-07
W: [-0.9996177] b: [0.99890506] loss: 8.083544e-07
W: [-0.99961805] b: [0.9989062] loss: 8.0661283e-07
W: [-0.9996184] b: [0.9989073] loss: 8.0501377e-07
W: [-0.9996188] b: [0.9989084] loss: 8.032676e-07
W: [-0.9996192] b: [0.9989095] loss: 8.0182247e-07
W: [-0.99961954] b: [0.99891055] loss: 8.003539e-07
W: [-0.9996199] b: [0.9989116] loss: 7.987055e-07
W: [-0.99962026] b: [0.99891263] loss: 7.9710605e-07
W: [-0.9996206] b: [0.99891365] loss: 7.9562335e-07
W: [-0.999621] b: [0.99891466] loss: 7.943227e-07
W: [-0.99962133] b: [0.9989157] loss: 7.927523e-07
W: [-0.9996216] b: [0.9989167] loss: 7.913045e-07
W: [-0.999622] b: [0.99891764] loss: 7.898742e-07
W: [-0.9996223] b: [0.9989186] loss: 7.884598e-07
W: [-0.99962264] b: [0.99891955] loss: 7.8703204e-07
W: [-0.99962294] b: [0.9989205] loss: 7.857508e-07
W: [-0.99962324] b: [0.99892145] loss: 7.843402e-07
W: [-0.9996236] b: [0.99892235] loss: 7.8307716e-07
W: [-0.9996239] b: [0.99892324] loss: 7.8180534e-07
W: [-0.9996242] b: [0.99892414] loss: 7.8042035e-07
W: [-0.9996245] b: [0.99892503] loss: 7.7921567e-07
W: [-0.9996248] b: [0.9989259] loss: 7.7794704e-07
W: [-0.9996251] b: [0.9989268] loss: 7.767041e-07
W: [-0.9996254] b: [0.99892765] loss: 7.753699e-07
W: [-0.9996257] b: [0.9989285] loss: 7.7426455e-07
W: [-0.999626] b: [0.9989293] loss: 7.729326e-07
W: [-0.9996262] b: [0.99893016] loss: 7.719732e-07
W: [-0.9996265] b: [0.998931] loss: 7.7066767e-07
W: [-0.9996268] b: [0.9989318] loss: 7.6956564e-07
W: [-0.9996271] b: [0.9989326] loss: 7.6832043e-07
W: [-0.99962735] b: [0.9989334] loss: 7.672201e-07
W: [-0.9996276] b: [0.99893415] loss: 7.6625827e-07
W: [-0.9996279] b: [0.9989349] loss: 7.651044e-07
W: [-0.9996281] b: [0.9989357] loss: 7.6392996e-07
W: [-0.99962837] b: [0.9989365] loss: 7.627565e-07
W: [-0.9996286] b: [0.9989372] loss: 7.617426e-07
W: [-0.99962884] b: [0.9989379] loss: 7.6072945e-07
W: [-0.9996291] b: [0.9989386] loss: 7.5971695e-07
W: [-0.9996293] b: [0.99893934] loss: 7.5870514e-07
W: [-0.99962956] b: [0.99894005] loss: 7.57694e-07
W: [-0.9996298] b: [0.99894077] loss: 7.5668356e-07
W: [-0.99963003] b: [0.9989415] loss: 7.556738e-07
W: [-0.9996303] b: [0.99894214] loss: 7.548226e-07
W: [-0.9996305] b: [0.9989428] loss: 7.5397196e-07
W: [-0.99963075] b: [0.99894345] loss: 7.5303376e-07
W: [-0.999631] b: [0.9989441] loss: 7.5189575e-07
W: [-0.99963117] b: [0.99894476] loss: 7.511138e-07
W: [-0.9996314] b: [0.9989454] loss: 7.5018954e-07
W: [-0.99963164] b: [0.9989461] loss: 7.493293e-07
W: [-0.9996319] b: [0.9989467] loss: 7.4826966e-07
W: [-0.99963206] b: [0.9989474] loss: 7.4741416e-07
W: [-0.9996323] b: [0.998948] loss: 7.4643737e-07
W: [-0.9996325] b: [0.9989486] loss: 7.457034e-07
W: [-0.99963266] b: [0.99894917] loss: 7.449943e-07
W: [-0.9996329] b: [0.99894977] loss: 7.4401896e-07
W: [-0.9996331] b: [0.99895036] loss: 7.433106e-07
W: [-0.9996333] b: [0.99895096] loss: 7.423364e-07
W: [-0.9996335] b: [0.99895155] loss: 7.4162887e-07
W: [-0.9996337] b: [0.9989521] loss: 7.408122e-07
W: [-0.9996339] b: [0.9989526] loss: 7.3995125e-07
W: [-0.9996341] b: [0.99895316] loss: 7.391151e-07
W: [-0.99963427] b: [0.9989537] loss: 7.385652e-07
W: [-0.99963444] b: [0.99895424] loss: 7.37817e-07
W: [-0.9996346] b: [0.9989548] loss: 7.3698203e-07
W: [-0.9996348] b: [0.9989553] loss: 7.361233e-07
W: [-0.999635] b: [0.99895585] loss: 7.3537626e-07
W: [-0.99963516] b: [0.9989564] loss: 7.3482795e-07
W: [-0.99963534] b: [0.99895686] loss: 7.340513e-07
W: [-0.9996355] b: [0.99895734] loss: 7.3344887e-07
W: [-0.99963564] b: [0.9989578] loss: 7.3283866e-07
W: [-0.9996358] b: [0.9989583] loss: 7.3206303e-07
W: [-0.999636] b: [0.99895877] loss: 7.314614e-07
W: [-0.9996361] b: [0.99895924] loss: 7.308521e-07
W: [-0.9996363] b: [0.9989597] loss: 7.300775e-07
W: [-0.9996365] b: [0.9989602] loss: 7.2947665e-07
W: [-0.9996366] b: [0.9989607] loss: 7.2886826e-07
W: [-0.99963677] b: [0.99896115] loss: 7.280947e-07
W: [-0.99963695] b: [0.99896157] loss: 7.27563e-07
W: [-0.99963707] b: [0.99896204] loss: 7.269555e-07
W: [-0.99963725] b: [0.99896246] loss: 7.2620287e-07
W: [-0.99963737] b: [0.9989629] loss: 7.2567616e-07
W: [-0.9996375] b: [0.9989633] loss: 7.2514985e-07
W: [-0.99963766] b: [0.9989637] loss: 7.24398e-07
W: [-0.9996378] b: [0.99896413] loss: 7.2385996e-07
W: [-0.9996379] b: [0.99896455] loss: 7.233843e-07
W: [-0.9996381] b: [0.99896497] loss: 7.2279227e-07
W: [-0.9996382] b: [0.9989654] loss: 7.221081e-07
W: [-0.9996383] b: [0.9989658] loss: 7.216451e-07
W: [-0.99963844] b: [0.9989662] loss: 7.2112044e-07
W: [-0.9996386] b: [0.9989666] loss: 7.2045054e-07
W: [-0.99963874] b: [0.99896693] loss: 7.200682e-07
W: [-0.99963886] b: [0.9989673] loss: 7.196618e-07
W: [-0.999639] b: [0.99896765] loss: 7.1908335e-07
W: [-0.9996391] b: [0.998968] loss: 7.184809e-07
W: [-0.9996392] b: [0.99896836] loss: 7.1809916e-07
W: [-0.99963933] b: [0.9989687] loss: 7.176933e-07
W: [-0.99963945] b: [0.9989691] loss: 7.1711565e-07
W: [-0.9996396] b: [0.99896944] loss: 7.16514e-07
W: [-0.9996397] b: [0.9989698] loss: 7.1613283e-07
W: [-0.9996398] b: [0.99897015] loss: 7.1572754e-07
W: [-0.9996399] b: [0.9989705] loss: 7.151507e-07
W: [-0.99964005] b: [0.99897087] loss: 7.1454986e-07
W: [-0.99964017] b: [0.9989712] loss: 7.1416923e-07
W: [-0.9996403] b: [0.9989715] loss: 7.136365e-07
W: [-0.9996404] b: [0.9989718] loss: 7.132138e-07
W: [-0.9996405] b: [0.9989721] loss: 7.129627e-07
W: [-0.99964064] b: [0.9989724] loss: 7.1245455e-07
W: [-0.9996407] b: [0.9989727] loss: 7.1206233e-07
W: [-0.9996408] b: [0.998973] loss: 7.1156654e-07
W: [-0.99964094] b: [0.9989733] loss: 7.1124214e-07
W: [-0.99964106] b: [0.9989736] loss: 7.107841e-07
W: [-0.9996411] b: [0.9989739] loss: 7.103429e-07
W: [-0.99964124] b: [0.9989742] loss: 7.098971e-07
W: [-0.9996413] b: [0.9989745] loss: 7.096635e-07
W: [-0.9996414] b: [0.9989748] loss: 7.092058e-07
W: [-0.99964154] b: [0.9989751] loss: 7.087483e-07
W: [-0.9996416] b: [0.9989754] loss: 7.085149e-07
W: [-0.9996417] b: [0.9989757] loss: 7.080696e-07
W: [-0.99964184] b: [0.998976] loss: 7.075632e-07
W: [-0.9996419] b: [0.9989763] loss: 7.071724e-07
W: [-0.999642] b: [0.9989765] loss: 7.067948e-07
W: [-0.9996421] b: [0.9989768] loss: 7.065619e-07
W: [-0.9996422] b: [0.99897707] loss: 7.059897e-07
W: [-0.99964225] b: [0.9989773] loss: 7.057027e-07
W: [-0.9996424] b: [0.99897754] loss: 7.0552005e-07
W: [-0.99964243] b: [0.9989778] loss: 7.052091e-07
W: [-0.9996425] b: [0.998978] loss: 7.0489824e-07
W: [-0.9996426] b: [0.99897826] loss: 7.043508e-07
W: [-0.99964267] b: [0.9989785] loss: 7.040401e-07
W: [-0.9996427] b: [0.99897873] loss: 7.037535e-07
W: [-0.99964285] b: [0.998979] loss: 7.035711e-07
W: [-0.9996429] b: [0.9989792] loss: 7.0326064e-07
W: [-0.99964297] b: [0.99897945] loss: 7.029502e-07
W: [-0.9996431] b: [0.9989797] loss: 7.0240344e-07
W: [-0.99964315] b: [0.9989799] loss: 7.020932e-07
W: [-0.9996432] b: [0.99898016] loss: 7.018071e-07
W: [-0.9996433] b: [0.9989804] loss: 7.016249e-07
W: [-0.9996434] b: [0.99898064] loss: 7.013149e-07
W: [-0.99964345] b: [0.9989809] loss: 7.010049e-07
W: [-0.99964356] b: [0.99898106] loss: 7.0059883e-07
W: [-0.9996436] b: [0.9989813] loss: 7.00216e-07
W: [-0.9996437] b: [0.99898154] loss: 7.0000317e-07
W: [-0.99964374] b: [0.9989817] loss: 6.9977244e-07
W: [-0.9996438] b: [0.9989819] loss: 6.995417e-07
W: [-0.9996439] b: [0.9989821] loss: 6.99112e-07
W: [-0.999644] b: [0.9989823] loss: 6.988264e-07
W: [-0.99964404] b: [0.9989825] loss: 6.986567e-07
W: [-0.9996441] b: [0.99898267] loss: 6.984261e-07
W: [-0.99964416] b: [0.99898285] loss: 6.9821965e-07
W: [-0.9996442] b: [0.998983] loss: 6.980499e-07
W: [-0.9996443] b: [0.9989832] loss: 6.976867e-07
W: [-0.99964434] b: [0.9989834] loss: 6.9745624e-07
W: [-0.9996444] b: [0.99898356] loss: 6.972259e-07
W: [-0.99964446] b: [0.99898374] loss: 6.968868e-07
W: [-0.9996445] b: [0.9989839] loss: 6.9671734e-07
W: [-0.9996446] b: [0.9989841] loss: 6.9648706e-07
W: [-0.99964464] b: [0.9989843] loss: 6.9628095e-07
W: [-0.9996447] b: [0.99898446] loss: 6.9611144e-07
W: [-0.99964476] b: [0.99898463] loss: 6.9574867e-07
W: [-0.9996448] b: [0.9989848] loss: 6.9551857e-07
W: [-0.9996449] b: [0.998985] loss: 6.952886e-07
W: [-0.99964494] b: [0.9989852] loss: 6.949499e-07
W: [-0.999645] b: [0.99898535] loss: 6.947807e-07
W: [-0.99964505] b: [0.9989855] loss: 6.9455075e-07
W: [-0.9996451] b: [0.9989857] loss: 6.94345e-07
W: [-0.9996452] b: [0.9989858] loss: 6.940491e-07
W: [-0.99964523] b: [0.998986] loss: 6.9389193e-07
W: [-0.9996453] b: [0.9989862] loss: 6.9373476e-07
W: [-0.99964535] b: [0.99898636] loss: 6.9329997e-07
W: [-0.9996454] b: [0.99898654] loss: 6.930823e-07
W: [-0.9996455] b: [0.99898666] loss: 6.9300376e-07
W: [-0.99964553] b: [0.9989868] loss: 6.9270834e-07
W: [-0.99964553] b: [0.99898696] loss: 6.9261716e-07
W: [-0.9996456] b: [0.9989871] loss: 6.9255066e-07
W: [-0.99964565] b: [0.9989872] loss: 6.922672e-07
W: [-0.9996457] b: [0.9989873] loss: 6.919838e-07
W: [-0.9996457] b: [0.99898744] loss: 6.9195926e-07
W: [-0.99964577] b: [0.99898756] loss: 6.9167595e-07
W: [-0.99964577] b: [0.9989877] loss: 6.916514e-07
W: [-0.9996458] b: [0.9989878] loss: 6.913681e-07
W: [-0.9996459] b: [0.9989879] loss: 6.9130164e-07
W: [-0.99964595] b: [0.99898803] loss: 6.912112e-07
W: [-0.999646] b: [0.99898815] loss: 6.909281e-07
W: [-0.999646] b: [0.9989883] loss: 6.9090356e-07
W: [-0.99964607] b: [0.9989884] loss: 6.9064436e-07
W: [-0.9996461] b: [0.9989885] loss: 6.9036133e-07
W: [-0.9996461] b: [0.9989886] loss: 6.903368e-07
W: [-0.9996462] b: [0.99898875] loss: 6.9005375e-07
W: [-0.9996462] b: [0.99898887] loss: 6.900293e-07
W: [-0.99964625] b: [0.998989] loss: 6.8974634e-07
W: [-0.99964625] b: [0.9989891] loss: 6.897219e-07
W: [-0.9996463] b: [0.9989892] loss: 6.8943893e-07
W: [-0.99964637] b: [0.99898934] loss: 6.893726e-07
W: [-0.9996464] b: [0.99898946] loss: 6.892823e-07
The size of the loss captured was:  1000
