[1673017950.960750] [p9r1n01:109324:0]         mxm.c:196  MXM  WARN  The 'ulimit -s' on the system is set to 'unlimited'. This may have negative performance implications. Please set the stack size to the default value (10240) 
[1673017950.990335] [p9r1n01:109324:0]         mxm.c:196  MXM  WARN  The 'ulimit -s' on the system is set to 'unlimited'. This may have negative performance implications. Please set the stack size to the default value (10240) 
W: [0.3] b: [-0.3] loss: 23.660002
W: [0.20120001] b: [-0.32964] loss: 18.414942
W: [0.07266952] b: [-0.36771107] loss: 12.659091
W: [-0.07238793] b: [-0.4098991] loss: 7.6083975
W: [-0.22180589] b: [-0.45222655] loss: 4.001147
W: [-0.3650987] b: [-0.49127305] loss: 2.052347
W: [-0.49389023] b: [-0.52432233] loss: 1.5491588
W: [-0.6021331] b: [-0.5494381] loss: 2.0225732
W: [-0.68613774] b: [-0.5654749] loss: 2.9312625
W: [-0.74443924] b: [-0.57203394] loss: 3.8094983
W: [-0.7775372] b: [-0.5693754] loss: 4.353895
W: [-0.7875462] b: [-0.5583003] loss: 4.445962
W: [-0.77779436] b: [-0.540015] loss: 4.1238446
W: [-0.75240546] b: [-0.51598936] loss: 3.5249732
W: [-0.7158948] b: [-0.48782027] loss: 2.8219602
W: [-0.67280376] b: [-0.45710763] loss: 2.1691692
W: [-0.62739116] b: [-0.4253501] loss: 1.6696513
W: [-0.5833933] b: [-0.39386377] loss: 1.3643993
W: [-0.543857] b: [-0.36372596] loss: 1.2399061
W: [-0.5110458] b: [-0.33574364] loss: 1.2467813
W: [-0.4864136] b: [-0.31044474] loss: 1.3216593
W: [-0.47063643] b: [-0.28808945] loss: 1.4061186
W: [-0.46369135] b: [-0.2686972] loss: 1.4589137
W: [-0.46496946] b: [-0.2520854] loss: 1.4605231
W: [-0.47340986] b: [-0.23791529] loss: 1.4111725
W: [-0.48764262] b: [-0.22574079] loss: 1.3247178
W: [-0.5061293] b: [-0.21505642] loss: 1.221081
W: [-0.5272925] b: [-0.20534162] loss: 1.1194847
W: [-0.549627] b: [-0.19609873] loss: 1.0338724
W: [-0.5717888] b: [-0.18688333] loss: 0.9709783
W: [-0.5926585] b: [-0.17732605] loss: 0.9307244
W: [-0.61138034] b: [-0.1671459] loss: 0.9081584
W: [-0.6273765] b: [-0.15615527] loss: 0.8960157
W: [-0.6403414] b: [-0.14425814] loss: 0.88709044
W: [-0.6502182] b: [-0.13144213] loss: 0.8759071
W: [-0.6571627] b: [-0.11776631] loss: 0.85948884
W: [-0.66149884] b: [-0.10334615] loss: 0.8373029
W: [-0.66366994] b: [-0.08833703] loss: 0.8106382
W: [-0.6641899] b: [-0.07291772] loss: 0.78173023
W: [-0.6635976] b: [-0.05727486] loss: 0.75292176
W: [-0.6624167] b: [-0.04158943] loss: 0.72604465
W: [-0.6611232] b: [-0.02602568] loss: 0.7021134
W: [-0.6601212] b: [-0.01072298] loss: 0.6813055
W: [-0.6597272] b: [0.00420944] loss: 0.6631539
W: [-0.6601632] b: [0.01869489] loss: 0.6468386
W: [-0.6615569] b: [0.03268905] loss: 0.63147956
W: [-0.66394824] b: [0.04617774] loss: 0.6163581
W: [-0.66730076] b: [0.05917303] loss: 0.6010368
W: [-0.6715163] b: [0.07170821] loss: 0.5853744
W: [-0.6764515] b: [0.08383215] loss: 0.5694685
W: [-0.6819345] b: [0.09560362] loss: 0.5535555
W: [-0.6877809] b: [0.10708573] loss: 0.53790873
W: [-0.69380856] b: [0.11834114] loss: 0.5227575
W: [-0.69984883] b: [0.12942791] loss: 0.50824016
W: [-0.7057561] b: [0.14039645] loss: 0.49439517
W: [-0.7114137] b: [0.15128744] loss: 0.4811772
W: [-0.7167369] b: [0.16213073] loss: 0.4684903
W: [-0.72167397] b: [0.17294513] loss: 0.45622236
W: [-0.72620386] b: [0.183739] loss: 0.44427556
W: [-0.730333] b: [0.19451149] loss: 0.4325822
W: [-0.7340903] b: [0.20525405] loss: 0.42111036
W: [-0.7375221] b: [0.21595241] loss: 0.40985864
W: [-0.7406857] b: [0.2265885] loss: 0.39884537
W: [-0.7436442] b: [0.23714235] loss: 0.38809636
W: [-0.7464612] b: [0.24759383] loss: 0.3776347
W: [-0.74919677] b: [0.2579241] loss: 0.3674737
W: [-0.75190365] b: [0.26811674] loss: 0.35761508
W: [-0.75462526] b: [0.2781586] loss: 0.34805006
W: [-0.75739413] b: [0.2880402] loss: 0.33876273
W: [-0.7602316] b: [0.29775587] loss: 0.32973486
W: [-0.76314825] b: [0.3073037] loss: 0.3209486
W: [-0.76614475] b: [0.31668502] loss: 0.31238985
W: [-0.7692137] b: [0.325904] loss: 0.30404866
W: [-0.7723412] b: [0.33496702] loss: 0.2959191
W: [-0.77550906] b: [0.34388185] loss: 0.28799796
W: [-0.77869666] b: [0.35265717] loss: 0.28028333
W: [-0.78188264] b: [0.3613018] loss: 0.2727738
W: [-0.7850467] b: [0.36982435] loss: 0.26546633
W: [-0.7881706] b: [0.37823257] loss: 0.25835732
W: [-0.79123914] b: [0.3865332] loss: 0.25144184
W: [-0.7942409] b: [0.39473176] loss: 0.24471383
W: [-0.7971681] b: [0.40283242] loss: 0.23816723
W: [-0.8000169] b: [0.41083807] loss: 0.23179574
W: [-0.8027868] b: [0.41875044] loss: 0.22559392
W: [-0.8054804] b: [0.42657018] loss: 0.2195565
W: [-0.80810255] b: [0.43429717] loss: 0.21367903
W: [-0.8106597] b: [0.4419307] loss: 0.20795771
W: [-0.8131595] b: [0.44946972] loss: 0.20238851
W: [-0.8156099] b: [0.45691296] loss: 0.19696793
W: [-0.81801856] b: [0.4642593] loss: 0.19169249
W: [-0.8203926] b: [0.47150776] loss: 0.1865584
W: [-0.8227381] b: [0.47865772] loss: 0.18156207
W: [-0.82505995] b: [0.48570892] loss: 0.17669973
W: [-0.82736176] b: [0.49266154] loss: 0.17196769
W: [-0.82964575] b: [0.49951622] loss: 0.16736239
W: [-0.831913] b: [0.506274] loss: 0.16288021
W: [-0.8341634] b: [0.5129362] loss: 0.15851782
W: [-0.8363961] b: [0.5195045] loss: 0.15427205
W: [-0.8386095] b: [0.5259807] loss: 0.15013975
W: [-0.84080166] b: [0.5323669] loss: 0.146118
W: [-0.84297043] b: [0.538665] loss: 0.14220381
W: [-0.84511364] b: [0.5448771] loss: 0.13839436
W: [-0.8472293] b: [0.5510051] loss: 0.13468696
W: [-0.8493158] b: [0.5570508] loss: 0.13107891
W: [-0.8513719] b: [0.5630159] loss: 0.12756747
W: [-0.8533967] b: [0.56890184] loss: 0.12415002
W: [-0.8553899] b: [0.57470995] loss: 0.12082417
W: [-0.8573515] b: [0.5804415] loss: 0.11758738
W: [-0.8592819] b: [0.58609736] loss: 0.11443719
W: [-0.86118186] b: [0.59167856] loss: 0.11137142
W: [-0.86305237] b: [0.59718585] loss: 0.108387694
W: [-0.8648945] b: [0.60262] loss: 0.105483904
W: [-0.86670953] b: [0.6079817] loss: 0.10265781
W: [-0.86849856] b: [0.6132716] loss: 0.09990749
W: [-0.87026286] b: [0.61849046] loss: 0.097230755
W: [-0.87200344] b: [0.6236389] loss: 0.094625756
W: [-0.8737212] b: [0.6287178] loss: 0.09209052
W: [-0.87541693] b: [0.6337278] loss: 0.08962324
W: [-0.8770912] b: [0.6386697] loss: 0.08722205
W: [-0.87874454] b: [0.6435445] loss: 0.08488516
W: [-0.88037723] b: [0.648353] loss: 0.082610875
W: [-0.8819895] b: [0.65309614] loss: 0.08039755
W: [-0.88358134] b: [0.65777487] loss: 0.0782435
W: [-0.8851529] b: [0.6623901] loss: 0.07614708
W: [-0.88670415] b: [0.66694283] loss: 0.0741069
W: [-0.88823503] b: [0.671434] loss: 0.07212132
W: [-0.8897456] b: [0.67586446] loss: 0.070188984
W: [-0.8912358] b: [0.68023515] loss: 0.06830841
W: [-0.8927058] b: [0.68454695] loss: 0.066478215
W: [-0.8941556] b: [0.68880075] loss: 0.06469704
W: [-0.8955854] b: [0.69299734] loss: 0.06296362
W: [-0.89699537] b: [0.69713753] loss: 0.061276607
W: [-0.89838576] b: [0.70122206] loss: 0.05963475
W: [-0.89975685] b: [0.7052517] loss: 0.058036957
W: [-0.9011089] b: [0.70922714] loss: 0.056481928
W: [-0.90244234] b: [0.71314913] loss: 0.054968603
W: [-0.90375745] b: [0.71701837] loss: 0.05349579
W: [-0.9050546] b: [0.72083545] loss: 0.05206245
W: [-0.90633416] b: [0.7246011] loss: 0.050667517
W: [-0.9075964] b: [0.728316] loss: 0.04930997
W: [-0.90884167] b: [0.7319808] loss: 0.047988746
W: [-0.91007024] b: [0.7355961] loss: 0.04670297
W: [-0.9112824] b: [0.7391626] loss: 0.045451604
W: [-0.9124784] b: [0.74268097] loss: 0.044233806
W: [-0.91365844] b: [0.7461518] loss: 0.043048568
W: [-0.91482276] b: [0.74957573] loss: 0.041895185
W: [-0.9159716] b: [0.75295347] loss: 0.04077264
W: [-0.917105] b: [0.75628555] loss: 0.039680153
W: [-0.9182233] b: [0.7595727] loss: 0.038617004
W: [-0.9193266] b: [0.7628154] loss: 0.037582316
W: [-0.9204151] b: [0.7660144] loss: 0.036575302
W: [-0.92148894] b: [0.7691702] loss: 0.03559535
W: [-0.92254823] b: [0.7722835] loss: 0.03464162
W: [-0.9235932] b: [0.7753548] loss: 0.033713434
W: [-0.9246241] b: [0.7783847] loss: 0.032810103
W: [-0.925641] b: [0.78137374] loss: 0.03193099
W: [-0.9266441] b: [0.7843225] loss: 0.031075437
W: [-0.9276336] b: [0.7872315] loss: 0.030242788
W: [-0.92860967] b: [0.7901013] loss: 0.029432487
W: [-0.9295726] b: [0.7929324] loss: 0.028643893
W: [-0.93052244] b: [0.79572535] loss: 0.027876388
W: [-0.9314594] b: [0.79848063] loss: 0.027129453
W: [-0.9323838] b: [0.8011987] loss: 0.02640257
W: [-0.93329567] b: [0.80388016] loss: 0.025695164
W: [-0.9341952] b: [0.80652547] loss: 0.025006672
W: [-0.9350827] b: [0.8091351] loss: 0.024336627
W: [-0.93595815] b: [0.81170946] loss: 0.023684574
W: [-0.9368219] b: [0.81424916] loss: 0.023049982
W: [-0.937674] b: [0.8167546] loss: 0.022432365
W: [-0.9385146] b: [0.8192262] loss: 0.021831313
W: [-0.93934387] b: [0.82166445] loss: 0.021246387
W: [-0.940162] b: [0.82406986] loss: 0.020677073
W: [-0.9409691] b: [0.8264428] loss: 0.020123068
W: [-0.94176537] b: [0.8287837] loss: 0.019583907
W: [-0.9425509] b: [0.831093] loss: 0.019059166
W: [-0.9433258] b: [0.8333712] loss: 0.018548477
W: [-0.94409025] b: [0.8356187] loss: 0.01805151
W: [-0.9448444] b: [0.83783585] loss: 0.017567817
W: [-0.9455884] b: [0.8400231] loss: 0.017097104
W: [-0.9463223] b: [0.84218085] loss: 0.016639007
W: [-0.94704634] b: [0.8443095] loss: 0.016193205
W: [-0.9477606] b: [0.84640944] loss: 0.015759302
W: [-0.94846517] b: [0.84848106] loss: 0.015337048
W: [-0.9491603] b: [0.8505247] loss: 0.014926111
W: [-0.94984597] b: [0.85254085] loss: 0.014526181
W: [-0.9505224] b: [0.8545298] loss: 0.014136976
W: [-0.95118976] b: [0.8564919] loss: 0.013758197
W: [-0.9518481] b: [0.8584276] loss: 0.013389532
W: [-0.95249754] b: [0.86033714] loss: 0.013030768
W: [-0.95313823] b: [0.8622209] loss: 0.012681628
W: [-0.9537703] b: [0.86407924] loss: 0.012341848
W: [-0.9543938] b: [0.86591256] loss: 0.01201117
W: [-0.955009] b: [0.86772114] loss: 0.011689326
W: [-0.9556158] b: [0.8695053] loss: 0.0113761155
W: [-0.9562145] b: [0.8712654] loss: 0.011071311
W: [-0.9568051] b: [0.87300175] loss: 0.01077467
W: [-0.95738775] b: [0.8747147] loss: 0.010485964
W: [-0.9579625] b: [0.8764045] loss: 0.010205012
W: [-0.95852953] b: [0.87807155] loss: 0.009931581
W: [-0.95908886] b: [0.8797161] loss: 0.009665488
W: [-0.9596407] b: [0.8813385] loss: 0.009406492
W: [-0.96018505] b: [0.882939] loss: 0.009154453
W: [-0.9607221] b: [0.8845179] loss: 0.008909176
W: [-0.96125185] b: [0.88607556] loss: 0.008670459
W: [-0.96177447] b: [0.88761216] loss: 0.008438144
W: [-0.96229005] b: [0.889128] loss: 0.008212055
W: [-0.96279866] b: [0.89062345] loss: 0.007992015
W: [-0.9633004] b: [0.8920987] loss: 0.007777878
W: [-0.96379536] b: [0.8935541] loss: 0.0075694798
W: [-0.9642837] b: [0.89498985] loss: 0.0073666777
W: [-0.9647654] b: [0.89640623] loss: 0.007169285
W: [-0.96524066] b: [0.8978035] loss: 0.0069772024
W: [-0.9657095] b: [0.8991819] loss: 0.0067902384
W: [-0.96617204] b: [0.9005417] loss: 0.0066083176
W: [-0.9666283] b: [0.9018832] loss: 0.006431249
W: [-0.96707845] b: [0.9032066] loss: 0.0062589296
W: [-0.9675225] b: [0.9045121] loss: 0.0060912315
W: [-0.96796054] b: [0.90580004] loss: 0.0059280302
W: [-0.96839267] b: [0.90707064] loss: 0.0057691843
W: [-0.96881896] b: [0.90832406] loss: 0.0056145983
W: [-0.96923953] b: [0.90956056] loss: 0.005464163
W: [-0.96965444] b: [0.91078043] loss: 0.0053177606
W: [-0.97006375] b: [0.9119838] loss: 0.0051752725
W: [-0.9704675] b: [0.91317093] loss: 0.005036623
W: [-0.97086585] b: [0.9143421] loss: 0.004901662
W: [-0.9712588] b: [0.9154975] loss: 0.0047703306
W: [-0.9716465] b: [0.91663724] loss: 0.004642501
W: [-0.9720289] b: [0.9177616] loss: 0.0045181112
W: [-0.9724062] b: [0.91887087] loss: 0.0043970635
W: [-0.9727784] b: [0.91996515] loss: 0.0042792344
W: [-0.97314554] b: [0.92104465] loss: 0.0041645775
W: [-0.97350776] b: [0.9221096] loss: 0.0040529976
W: [-0.9738651] b: [0.9231602] loss: 0.0039444068
W: [-0.9742176] b: [0.9241966] loss: 0.0038387082
W: [-0.9745653] b: [0.92521906] loss: 0.0037358585
W: [-0.9749084] b: [0.9262277] loss: 0.0036357667
W: [-0.97524685] b: [0.9272227] loss: 0.0035383438
W: [-0.97558075] b: [0.92820436] loss: 0.0034435291
W: [-0.9759101] b: [0.92917275] loss: 0.0033512674
W: [-0.97623503] b: [0.9301281] loss: 0.0032614714
W: [-0.9765556] b: [0.9310705] loss: 0.0031740856
W: [-0.9768718] b: [0.9320002] loss: 0.0030890335
W: [-0.97718376] b: [0.9329174] loss: 0.0030062646
W: [-0.9774915] b: [0.9338222] loss: 0.0029257198
W: [-0.97779506] b: [0.9347148] loss: 0.0028473318
W: [-0.9780946] b: [0.93559533] loss: 0.0027710414
W: [-0.97839004] b: [0.936464] loss: 0.0026968003
W: [-0.9786815] b: [0.937321] loss: 0.0026245303
W: [-0.97896904] b: [0.93816644] loss: 0.0025542076
W: [-0.9792527] b: [0.9390004] loss: 0.0024857763
W: [-0.97953254] b: [0.9398232] loss: 0.0024191658
W: [-0.9798086] b: [0.94063485] loss: 0.0023543579
W: [-0.98008096] b: [0.9414356] loss: 0.0022912698
W: [-0.9803496] b: [0.9422255] loss: 0.0022298712
W: [-0.98061466] b: [0.9430048] loss: 0.0021701283
W: [-0.98087615] b: [0.9437735] loss: 0.002111983
W: [-0.9811341] b: [0.9445319] loss: 0.0020553921
W: [-0.98138857] b: [0.9452801] loss: 0.0020003195
W: [-0.9816396] b: [0.94601816] loss: 0.0019467212
W: [-0.9818873] b: [0.9467463] loss: 0.0018945631
W: [-0.9821316] b: [0.9474646] loss: 0.0018437899
W: [-0.9823726] b: [0.94817317] loss: 0.0017943978
W: [-0.98261034] b: [0.9488722] loss: 0.0017463096
W: [-0.9828449] b: [0.94956183] loss: 0.0016995225
W: [-0.9830763] b: [0.95024216] loss: 0.001653989
W: [-0.98330456] b: [0.9509133] loss: 0.001609662
W: [-0.98352975] b: [0.9515754] loss: 0.0015665407
W: [-0.9837519] b: [0.95222855] loss: 0.0015245626
W: [-0.98397106] b: [0.9528729] loss: 0.0014837183
W: [-0.98418725] b: [0.9535085] loss: 0.001443957
W: [-0.9844005] b: [0.9541356] loss: 0.0014052709
W: [-0.9846109] b: [0.95475423] loss: 0.0013676209
W: [-0.98481846] b: [0.9553645] loss: 0.001330972
W: [-0.9850232] b: [0.9559666] loss: 0.0012953132
W: [-0.9852252] b: [0.9565605] loss: 0.0012606077
W: [-0.9854245] b: [0.9571464] loss: 0.0012268266
W: [-0.9856211] b: [0.9577244] loss: 0.0011939558
W: [-0.98581505] b: [0.95829463] loss: 0.001161964
W: [-0.9860064] b: [0.9588571] loss: 0.0011308313
W: [-0.98619515] b: [0.95941204] loss: 0.001100536
W: [-0.98638135] b: [0.9599595] loss: 0.0010710438
W: [-0.98656505] b: [0.9604996] loss: 0.0010423423
W: [-0.98674625] b: [0.9610324] loss: 0.001014416
W: [-0.986925] b: [0.961558] loss: 0.0009872328
W: [-0.9871014] b: [0.9620765] loss: 0.0009607805
W: [-0.98727536] b: [0.962588] loss: 0.00093503995
W: [-0.987447] b: [0.9630926] loss: 0.00090998533
W: [-0.98761636] b: [0.96359044] loss: 0.00088559947
W: [-0.9877834] b: [0.9640815] loss: 0.0008618745
W: [-0.9879481] b: [0.964566] loss: 0.0008387819
W: [-0.98811066] b: [0.9650439] loss: 0.0008163114
W: [-0.988271] b: [0.9655154] loss: 0.00079443736
W: [-0.9884292] b: [0.9659805] loss: 0.00077315007
W: [-0.98858523] b: [0.96643937] loss: 0.0007524325
W: [-0.9887392] b: [0.966892] loss: 0.00073227583
W: [-0.98889107] b: [0.96733856] loss: 0.0007126555
W: [-0.9890409] b: [0.9677791] loss: 0.0006935629
W: [-0.98918873] b: [0.9682137] loss: 0.0006749803
W: [-0.9893346] b: [0.9686424] loss: 0.000656892
W: [-0.98947847] b: [0.96906537] loss: 0.00063929084
W: [-0.9896204] b: [0.9694826] loss: 0.00062216434
W: [-0.9897604] b: [0.96989423] loss: 0.00060549076
W: [-0.9898985] b: [0.9703003] loss: 0.0005892692
W: [-0.99003476] b: [0.9707009] loss: 0.00057347986
W: [-0.99016917] b: [0.9710961] loss: 0.00055811147
W: [-0.9903018] b: [0.971486] loss: 0.0005431545
W: [-0.9904326] b: [0.97187054] loss: 0.0005286019
W: [-0.99056166] b: [0.9722499] loss: 0.00051444396
W: [-0.990689] b: [0.97262424] loss: 0.00050065905
W: [-0.99081457] b: [0.9729935] loss: 0.00048723968
W: [-0.9909384] b: [0.97335774] loss: 0.0004741875
W: [-0.9910606] b: [0.9737171] loss: 0.0004614848
W: [-0.9911812] b: [0.9740716] loss: 0.00044911876
W: [-0.9913001] b: [0.9744213] loss: 0.00043708383
W: [-0.99141747] b: [0.9747663] loss: 0.00042537076
W: [-0.9915332] b: [0.97510666] loss: 0.00041397798
W: [-0.9916474] b: [0.9754424] loss: 0.00040288403
W: [-0.9917601] b: [0.97577363] loss: 0.00039208736
W: [-0.99187124] b: [0.9761004] loss: 0.0003815842
W: [-0.99198085] b: [0.9764227] loss: 0.00037136232
W: [-0.99208903] b: [0.9767407] loss: 0.00036141253
W: [-0.9921957] b: [0.9770544] loss: 0.00035172727
W: [-0.992301] b: [0.9773639] loss: 0.00034230383
W: [-0.9924048] b: [0.9776692] loss: 0.0003331332
W: [-0.9925073] b: [0.97797036] loss: 0.00032420718
W: [-0.9926083] b: [0.9782675] loss: 0.00031552068
W: [-0.99270797] b: [0.9785606] loss: 0.00030706706
W: [-0.9928063] b: [0.9788498] loss: 0.00029883898
W: [-0.99290335] b: [0.9791351] loss: 0.0002908314
W: [-0.9929991] b: [0.97941655] loss: 0.00028303853
W: [-0.9930935] b: [0.9796942] loss: 0.00027545443
W: [-0.99318665] b: [0.9799681] loss: 0.000268074
W: [-0.99327856] b: [0.98023826] loss: 0.00026088944
W: [-0.9933692] b: [0.9805048] loss: 0.00025390045
W: [-0.9934587] b: [0.9807678] loss: 0.00024709527
W: [-0.9935469] b: [0.9810272] loss: 0.0002404748
W: [-0.9936339] b: [0.98128307] loss: 0.00023403206
W: [-0.9937198] b: [0.9815355] loss: 0.0002277632
W: [-0.9938045] b: [0.9817845] loss: 0.00022166263
W: [-0.9938881] b: [0.9820302] loss: 0.0002157205
W: [-0.9939705] b: [0.98227257] loss: 0.00020994246
W: [-0.9940518] b: [0.9825117] loss: 0.00020431704
W: [-0.99413204] b: [0.98274755] loss: 0.00019884293
W: [-0.9942112] b: [0.98298025] loss: 0.00019351515
W: [-0.9942893] b: [0.9832098] loss: 0.00018833076
W: [-0.9943663] b: [0.9834362] loss: 0.00018328358
W: [-0.9944423] b: [0.9836596] loss: 0.00017837291
W: [-0.99451727] b: [0.98388004] loss: 0.00017359453
W: [-0.99459124] b: [0.9840975] loss: 0.00016894283
W: [-0.9946642] b: [0.984312] loss: 0.00016441582
W: [-0.99473614] b: [0.9845236] loss: 0.00016000931
W: [-0.9948071] b: [0.98473233] loss: 0.00015572365
W: [-0.99487716] b: [0.98493826] loss: 0.00015155223
W: [-0.99494624] b: [0.9851414] loss: 0.00014748948
W: [-0.9950144] b: [0.9853418] loss: 0.00014353913
W: [-0.99508166] b: [0.9855395] loss: 0.00013969313
W: [-0.995148] b: [0.9857345] loss: 0.00013594933
W: [-0.99521345] b: [0.9859269] loss: 0.00013230689
W: [-0.995278] b: [0.98611677] loss: 0.00012876376
W: [-0.9953417] b: [0.98630404] loss: 0.00012531209
W: [-0.99540454] b: [0.98648876] loss: 0.00012195584
W: [-0.99546653] b: [0.986671] loss: 0.00011868747
W: [-0.9955277] b: [0.98685074] loss: 0.0001155076
W: [-0.995588] b: [0.9870281] loss: 0.000112412294
W: [-0.9956475] b: [0.98720306] loss: 0.00010940182
W: [-0.9957062] b: [0.9873757] loss: 0.00010646936
W: [-0.99576414] b: [0.98754597] loss: 0.00010361632
W: [-0.99582124] b: [0.98771393] loss: 0.00010083927
W: [-0.9958776] b: [0.98787963] loss: 9.813959e-05
W: [-0.99593323] b: [0.9880431] loss: 9.550772e-05
W: [-0.9959881] b: [0.9882044] loss: 9.295049e-05
W: [-0.9960422] b: [0.9883635] loss: 9.0459165e-05
W: [-0.9960956] b: [0.98852044] loss: 8.8034525e-05
W: [-0.9961482] b: [0.9886753] loss: 8.567658e-05
W: [-0.9962002] b: [0.98882806] loss: 8.338147e-05
W: [-0.99625146] b: [0.98897874] loss: 8.114751e-05
W: [-0.996302] b: [0.9891274] loss: 7.897239e-05
W: [-0.9963519] b: [0.989274] loss: 7.685662e-05
W: [-0.9964011] b: [0.9894187] loss: 7.4797645e-05
W: [-0.9964496] b: [0.9895614] loss: 7.279376e-05
W: [-0.99649745] b: [0.98970217] loss: 7.08445e-05
W: [-0.9965447] b: [0.98984104] loss: 6.894558e-05
W: [-0.9965913] b: [0.9899781] loss: 6.709816e-05
W: [-0.9966373] b: [0.99011326] loss: 6.5300344e-05
W: [-0.99668264] b: [0.9902466] loss: 6.3550775e-05
W: [-0.9967274] b: [0.99037814] loss: 6.1848084e-05
W: [-0.9967716] b: [0.9905079] loss: 6.019096e-05
W: [-0.9968151] b: [0.99063593] loss: 5.8578353e-05
W: [-0.99685806] b: [0.99076223] loss: 5.7008787e-05
W: [-0.99690044] b: [0.9908868] loss: 5.5480803e-05
W: [-0.9969422] b: [0.9910097] loss: 5.3995223e-05
W: [-0.99698347] b: [0.99113095] loss: 5.254949e-05
W: [-0.9970241] b: [0.9912506] loss: 5.1140083e-05
W: [-0.99706423] b: [0.9913686] loss: 4.9770497e-05
W: [-0.9971038] b: [0.991485] loss: 4.8437934e-05
W: [-0.99714285] b: [0.99159986] loss: 4.713869e-05
W: [-0.9971814] b: [0.99171317] loss: 4.5875473e-05
W: [-0.99721944] b: [0.9918249] loss: 4.4647062e-05
W: [-0.99725693] b: [0.9919352] loss: 4.345151e-05
W: [-0.99729395] b: [0.992044] loss: 4.2286534e-05
W: [-0.9973305] b: [0.99215126] loss: 4.115358e-05
W: [-0.9973665] b: [0.9922571] loss: 4.0050974e-05
W: [-0.997402] b: [0.99236155] loss: 3.8977912e-05
W: [-0.99743706] b: [0.99246454] loss: 3.7933794e-05
W: [-0.99747163] b: [0.99256617] loss: 3.6916877e-05
W: [-0.9975057] b: [0.9926664] loss: 3.592908e-05
W: [-0.99753934] b: [0.99276537] loss: 3.496623e-05
W: [-0.99757254] b: [0.99286294] loss: 3.4028773e-05
W: [-0.99760526] b: [0.9929592] loss: 3.311772e-05
W: [-0.99763757] b: [0.99305415] loss: 3.2229877e-05
W: [-0.99766946] b: [0.99314785] loss: 3.136615e-05
W: [-0.99770087] b: [0.9932403] loss: 3.0526164e-05
W: [-0.99773186] b: [0.9933315] loss: 2.9707022e-05
W: [-0.99776244] b: [0.99342144] loss: 2.8912193e-05
W: [-0.9977926] b: [0.9935102] loss: 2.8136947e-05
W: [-0.9978224] b: [0.99359775] loss: 2.738267e-05
W: [-0.9978518] b: [0.9936841] loss: 2.6648358e-05
W: [-0.99788076] b: [0.9937693] loss: 2.593548e-05
W: [-0.99790937] b: [0.99385333] loss: 2.5239955e-05
W: [-0.99793756] b: [0.99393624] loss: 2.456375e-05
W: [-0.9979654] b: [0.994018] loss: 2.3906032e-05
W: [-0.9979929] b: [0.9940987] loss: 2.3264782e-05
W: [-0.99801993] b: [0.9941783] loss: 2.2641634e-05
W: [-0.99804664] b: [0.9942568] loss: 2.2035105e-05
W: [-0.998073] b: [0.9943343] loss: 2.1444579e-05
W: [-0.99809897] b: [0.9944107] loss: 2.0870066e-05
W: [-0.9981246] b: [0.9944861] loss: 2.031081e-05
W: [-0.9981499] b: [0.9945605] loss: 1.9766554e-05
W: [-0.99817485] b: [0.99463385] loss: 1.9237314e-05
W: [-0.99819946] b: [0.9947062] loss: 1.87215e-05
W: [-0.9982237] b: [0.9947776] loss: 1.8220393e-05
W: [-0.9982477] b: [0.9948481] loss: 1.7731229e-05
W: [-0.99827135] b: [0.9949176] loss: 1.7256512e-05
W: [-0.99829465] b: [0.9949861] loss: 1.6793709e-05
W: [-0.99831766] b: [0.99505377] loss: 1.6344015e-05
W: [-0.99834037] b: [0.99512047] loss: 1.590618e-05
W: [-0.9983628] b: [0.99518627] loss: 1.5480005e-05
W: [-0.9983849] b: [0.9952512] loss: 1.5065254e-05
W: [-0.99840665] b: [0.99531525] loss: 1.4661544e-05
W: [-0.99842817] b: [0.99537843] loss: 1.4269033e-05
W: [-0.9984494] b: [0.9954408] loss: 1.3885858e-05
W: [-0.9984703] b: [0.9955023] loss: 1.3514043e-05
W: [-0.9984909] b: [0.995563] loss: 1.3151939e-05
W: [-0.99851125] b: [0.9956228] loss: 1.2799983e-05
W: [-0.99853134] b: [0.9956819] loss: 1.2456121e-05
W: [-0.99855113] b: [0.9957401] loss: 1.2122845e-05
W: [-0.9985707] b: [0.9957976] loss: 1.17980035e-05
W: [-0.99858993] b: [0.99585426] loss: 1.1481547e-05
W: [-0.99860895] b: [0.99591017] loss: 1.1174317e-05
W: [-0.9986277] b: [0.99596536] loss: 1.0874368e-05
W: [-0.9986462] b: [0.9960198] loss: 1.0583741e-05
W: [-0.99866444] b: [0.9960735] loss: 1.0299763e-05
W: [-0.99868244] b: [0.9961265] loss: 1.0023378e-05
W: [-0.9987002] b: [0.99617875] loss: 9.755326e-06
W: [-0.9987177] b: [0.9962303] loss: 9.4938905e-06
W: [-0.9987351] b: [0.99628115] loss: 9.239115e-06
W: [-0.9987522] b: [0.9963313] loss: 8.991337e-06
W: [-0.99876904] b: [0.99638075] loss: 8.750752e-06
W: [-0.9987857] b: [0.99642956] loss: 8.5165375e-06
W: [-0.99880207] b: [0.9964777] loss: 8.287724e-06
W: [-0.9988182] b: [0.9965252] loss: 8.066243e-06
W: [-0.99883413] b: [0.9965721] loss: 7.849928e-06
W: [-0.99884987] b: [0.99661833] loss: 7.639512e-06
W: [-0.99886537] b: [0.9966639] loss: 7.4352074e-06
W: [-0.9988807] b: [0.9967089] loss: 7.2353887e-06
W: [-0.99889576] b: [0.99675333] loss: 7.0414662e-06
W: [-0.99891067] b: [0.99679714] loss: 6.85298e-06
W: [-0.9989253] b: [0.99684036] loss: 6.6696284e-06
W: [-0.9989398] b: [0.996883] loss: 6.490419e-06
W: [-0.9989541] b: [0.996925] loss: 6.317103e-06
W: [-0.99896824] b: [0.9969665] loss: 6.147259e-06
W: [-0.99898213] b: [0.9970074] loss: 5.9824933e-06
W: [-0.99899584] b: [0.9970478] loss: 5.8222377e-06
W: [-0.9990094] b: [0.9970876] loss: 5.666269e-06
W: [-0.9990227] b: [0.9971269] loss: 5.514691e-06
W: [-0.9990359] b: [0.9971656] loss: 5.367224e-06
W: [-0.9990489] b: [0.9972038] loss: 5.223287e-06
W: [-0.9990617] b: [0.99724156] loss: 5.08326e-06
W: [-0.9990744] b: [0.99727875] loss: 4.946867e-06
W: [-0.9990869] b: [0.99731547] loss: 4.814229e-06
W: [-0.99909925] b: [0.99735165] loss: 4.685529e-06
W: [-0.9991114] b: [0.99738735] loss: 4.5600486e-06
W: [-0.9991234] b: [0.9974226] loss: 4.437665e-06
W: [-0.9991352] b: [0.9974573] loss: 4.3188456e-06
W: [-0.9991469] b: [0.9974916] loss: 4.203383e-06
W: [-0.9991584] b: [0.99752545] loss: 4.090689e-06
W: [-0.9991697] b: [0.99755883] loss: 3.9811157e-06
W: [-0.9991809] b: [0.99759173] loss: 3.874487e-06
W: [-0.99919194] b: [0.9976242] loss: 3.7705074e-06
W: [-0.99920285] b: [0.9976563] loss: 3.6696013e-06
W: [-0.9992136] b: [0.9976879] loss: 3.571348e-06
W: [-0.9992242] b: [0.99771905] loss: 3.475695e-06
W: [-0.9992347] b: [0.9977498] loss: 3.3825686e-06
W: [-0.999245] b: [0.99778014] loss: 3.2917865e-06
W: [-0.9992552] b: [0.99781007] loss: 3.203832e-06
W: [-0.99926525] b: [0.9978396] loss: 3.1180568e-06
W: [-0.99927515] b: [0.9978688] loss: 3.0343404e-06
W: [-0.9992849] b: [0.9978975] loss: 2.9529006e-06
W: [-0.9992946] b: [0.9979259] loss: 2.874082e-06
W: [-0.99930406] b: [0.99795383] loss: 2.797003e-06
W: [-0.9993134] b: [0.9979814] loss: 2.721895e-06
W: [-0.99932265] b: [0.99800867] loss: 2.6491398e-06
W: [-0.9993318] b: [0.99803555] loss: 2.5782688e-06
W: [-0.9993408] b: [0.998062] loss: 2.5092777e-06
W: [-0.99934965] b: [0.9980881] loss: 2.44196e-06
W: [-0.9993584] b: [0.99811393] loss: 2.3764803e-06
W: [-0.99936706] b: [0.9981394] loss: 2.3127957e-06
W: [-0.99937564] b: [0.9981645] loss: 2.2506438e-06
W: [-0.9993841] b: [0.9981892] loss: 2.1905134e-06
W: [-0.99939245] b: [0.99821365] loss: 2.13161e-06
W: [-0.9994007] b: [0.9982377] loss: 2.0747955e-06
W: [-0.9994088] b: [0.9982615] loss: 2.0188681e-06
W: [-0.99941677] b: [0.99828494] loss: 1.965112e-06
W: [-0.99942464] b: [0.99830806] loss: 1.9121817e-06
W: [-0.9994324] b: [0.9983309] loss: 1.8609333e-06
W: [-0.99944] b: [0.9983534] loss: 1.8113274e-06
W: [-0.9994475] b: [0.99837565] loss: 1.7626512e-06
W: [-0.999455] b: [0.9983976] loss: 1.7153708e-06
W: [-0.9994623] b: [0.9984192] loss: 1.669514e-06
W: [-0.9994696] b: [0.99844056] loss: 1.6244705e-06
W: [-0.99947673] b: [0.9984616] loss: 1.5809276e-06
W: [-0.99948376] b: [0.99848235] loss: 1.5388633e-06
W: [-0.99949074] b: [0.9985028] loss: 1.497529e-06
W: [-0.9994976] b: [0.998523] loss: 1.4574064e-06
W: [-0.9995044] b: [0.9985429] loss: 1.418488e-06
W: [-0.99951106] b: [0.9985626] loss: 1.3803365e-06
W: [-0.9995177] b: [0.99858195] loss: 1.3433603e-06
W: [-0.9995242] b: [0.9986011] loss: 1.3074873e-06
W: [-0.9995306] b: [0.99862] loss: 1.2723985e-06
W: [-0.99953693] b: [0.9986386] loss: 1.2383492e-06
W: [-0.9995432] b: [0.9986569] loss: 1.2050654e-06
W: [-0.9995494] b: [0.99867505] loss: 1.1727496e-06
W: [-0.99955547] b: [0.9986929] loss: 1.141316e-06
W: [-0.9995615] b: [0.9987106] loss: 1.1107978e-06
W: [-0.9995674] b: [0.998728] loss: 1.0809304e-06
W: [-0.99957323] b: [0.99874514] loss: 1.051945e-06
W: [-0.999579] b: [0.9987621] loss: 1.0238346e-06
W: [-0.9995847] b: [0.99877876] loss: 9.963325e-07
W: [-0.9995903] b: [0.9987952] loss: 9.696728e-07
W: [-0.9995958] b: [0.9988115] loss: 9.4364066e-07
W: [-0.99960124] b: [0.9988275] loss: 9.1836006e-07
W: [-0.9996066] b: [0.9988433] loss: 8.9368996e-07
W: [-0.9996119] b: [0.9988589] loss: 8.698184e-07
W: [-0.99961716] b: [0.9988743] loss: 8.4662145e-07
W: [-0.9996223] b: [0.9988895] loss: 8.2375146e-07
W: [-0.99962735] b: [0.99890447] loss: 8.0180314e-07
W: [-0.99963236] b: [0.99891925] loss: 7.803212e-07
W: [-0.9996373] b: [0.99893385] loss: 7.592987e-07
W: [-0.9996422] b: [0.9989482] loss: 7.391475e-07
W: [-0.999647] b: [0.9989624] loss: 7.192621e-07
W: [-0.9996518] b: [0.9989764] loss: 6.9998e-07
W: [-0.9996565] b: [0.99899024] loss: 6.8126263e-07
W: [-0.99966115] b: [0.9990038] loss: 6.630438e-07
W: [-0.99966574] b: [0.99901724] loss: 6.452169e-07
W: [-0.99967027] b: [0.9990305] loss: 6.2803076e-07
W: [-0.99967474] b: [0.9990435] loss: 6.1106283e-07
W: [-0.99967915] b: [0.9990564] loss: 5.947053e-07
W: [-0.9996835] b: [0.99906915] loss: 5.7881164e-07
W: [-0.99968773] b: [0.99908173] loss: 5.6336756e-07
W: [-0.99969196] b: [0.9990941] loss: 5.480997e-07
W: [-0.9996961] b: [0.99910635] loss: 5.3357667e-07
W: [-0.9997002] b: [0.9991184] loss: 5.192083e-07
W: [-0.99970424] b: [0.9991303] loss: 5.052706e-07
W: [-0.99970824] b: [0.99914205] loss: 4.9164504e-07
W: [-0.99971217] b: [0.9991536] loss: 4.7855696e-07
W: [-0.99971604] b: [0.99916506] loss: 4.657071e-07
W: [-0.99971986] b: [0.9991763] loss: 4.5322452e-07
W: [-0.9997236] b: [0.9991874] loss: 4.411869e-07
W: [-0.9997273] b: [0.9991984] loss: 4.293666e-07
W: [-0.999731] b: [0.99920917] loss: 4.1781772e-07
W: [-0.99973464] b: [0.99921983] loss: 4.0662175e-07
W: [-0.9997382] b: [0.9992304] loss: 3.9569704e-07
W: [-0.99974173] b: [0.99924076] loss: 3.8504425e-07
W: [-0.9997452] b: [0.999251] loss: 3.7484966e-07
W: [-0.99974865] b: [0.9992611] loss: 3.6482822e-07
W: [-0.99975204] b: [0.99927104] loss: 3.549373e-07
W: [-0.9997554] b: [0.99928087] loss: 3.454931e-07
W: [-0.99975866] b: [0.9992906] loss: 3.3628623e-07
W: [-0.99976194] b: [0.9993001] loss: 3.2717793e-07
W: [-0.99976516] b: [0.99930954] loss: 3.184831e-07
W: [-0.9997683] b: [0.99931884] loss: 3.0996227e-07
W: [-0.9997715] b: [0.999328] loss: 3.0171714e-07
W: [-0.9997746] b: [0.9993371] loss: 2.936258e-07
W: [-0.9997776] b: [0.999346] loss: 2.8570526e-07
W: [-0.9997806] b: [0.99935484] loss: 2.780577e-07
W: [-0.9997836] b: [0.99936354] loss: 2.706534e-07
W: [-0.9997865] b: [0.9993721] loss: 2.6329363e-07
W: [-0.99978936] b: [0.9993806] loss: 2.5629964e-07
W: [-0.99979216] b: [0.99938893] loss: 2.4945092e-07
W: [-0.99979496] b: [0.99939716] loss: 2.4283287e-07
W: [-0.9997977] b: [0.99940526] loss: 2.3635349e-07
W: [-0.99980044] b: [0.9994133] loss: 2.2994311e-07
W: [-0.9998031] b: [0.99942124] loss: 2.2382694e-07
W: [-0.9998058] b: [0.99942905] loss: 2.1777373e-07
W: [-0.99980843] b: [0.99943674] loss: 2.1199307e-07
W: [-0.999811] b: [0.9994443] loss: 2.0624373e-07
W: [-0.99981356] b: [0.9994518] loss: 2.0075518e-07
W: [-0.99981606] b: [0.9994592] loss: 1.9537796e-07
W: [-0.99981856] b: [0.9994665] loss: 1.9014735e-07
W: [-0.999821] b: [0.9994737] loss: 1.8509085e-07
W: [-0.9998234] b: [0.9994808] loss: 1.8005414e-07
W: [-0.9998258] b: [0.9994878] loss: 1.752958e-07
W: [-0.9998281] b: [0.99949473] loss: 1.7056396e-07
W: [-0.9998304] b: [0.9995015] loss: 1.6596057e-07
W: [-0.9998327] b: [0.99950826] loss: 1.6150715e-07
W: [-0.99983495] b: [0.9995149] loss: 1.571906e-07
W: [-0.99983716] b: [0.99952143] loss: 1.5301725e-07
W: [-0.99983937] b: [0.9995279] loss: 1.489603e-07
W: [-0.9998416] b: [0.99953425] loss: 1.4488123e-07
W: [-0.9998437] b: [0.9995405] loss: 1.4104842e-07
W: [-0.99984586] b: [0.9995467] loss: 1.3726591e-07
W: [-0.99984795] b: [0.99955285] loss: 1.3360518e-07
W: [-0.99985003] b: [0.99955887] loss: 1.2999183e-07
W: [-0.99985206] b: [0.9995648] loss: 1.2650483e-07
W: [-0.999854] b: [0.99957067] loss: 1.2309489e-07
W: [-0.999856] b: [0.99957645] loss: 1.198719e-07
W: [-0.9998579] b: [0.9995822] loss: 1.1666184e-07
W: [-0.9998598] b: [0.99958783] loss: 1.1348638e-07
W: [-0.9998617] b: [0.9995934] loss: 1.10418725e-07
W: [-0.99986356] b: [0.99959886] loss: 1.0746392e-07
W: [-0.9998654] b: [0.9996043] loss: 1.04608574e-07
W: [-0.9998672] b: [0.99960965] loss: 1.0180122e-07
W: [-0.999869] b: [0.9996149] loss: 9.908132e-08
W: [-0.9998708] b: [0.9996201] loss: 9.6393634e-08
W: [-0.9998725] b: [0.9996252] loss: 9.3843184e-08
W: [-0.99987423] b: [0.9996303] loss: 9.131887e-08
W: [-0.9998759] b: [0.9996353] loss: 8.887096e-08
W: [-0.9998776] b: [0.9996402] loss: 8.647761e-08
W: [-0.99987924] b: [0.99964505] loss: 8.4169244e-08
W: [-0.99988085] b: [0.9996498] loss: 8.1895564e-08
W: [-0.99988246] b: [0.99965453] loss: 7.9736196e-08
W: [-0.99988407] b: [0.9996592] loss: 7.7630816e-08
W: [-0.9998856] b: [0.9996638] loss: 7.5553615e-08
W: [-0.99988717] b: [0.9996683] loss: 7.3532306e-08
W: [-0.9998887] b: [0.9996728] loss: 7.150312e-08
W: [-0.9998902] b: [0.9996772] loss: 6.96195e-08
W: [-0.9998917] b: [0.99968153] loss: 6.772673e-08
W: [-0.9998932] b: [0.9996858] loss: 6.593274e-08
W: [-0.9998946] b: [0.99969006] loss: 6.417167e-08
W: [-0.99989605] b: [0.9996942] loss: 6.2480396e-08
W: [-0.9998974] b: [0.99969834] loss: 6.0814614e-08
W: [-0.9998988] b: [0.9997024] loss: 5.917065e-08
W: [-0.99990016] b: [0.9997064] loss: 5.7612784e-08
W: [-0.99990153] b: [0.9997103] loss: 5.605159e-08
W: [-0.99990284] b: [0.99971426] loss: 5.4565675e-08
W: [-0.99990416] b: [0.9997181] loss: 5.307618e-08
W: [-0.99990547] b: [0.99972194] loss: 5.164907e-08
W: [-0.9999067] b: [0.9997257] loss: 5.024008e-08
W: [-0.999908] b: [0.9997294] loss: 4.891831e-08
W: [-0.9999092] b: [0.99973303] loss: 4.758806e-08
W: [-0.9999104] b: [0.9997366] loss: 4.6323862e-08
W: [-0.9999116] b: [0.9997402] loss: 4.5076717e-08
W: [-0.9999128] b: [0.9997437] loss: 4.3886292e-08
W: [-0.999914] b: [0.99974716] loss: 4.268698e-08
W: [-0.9999151] b: [0.99975055] loss: 4.1573518e-08
W: [-0.99991626] b: [0.9997539] loss: 4.048809e-08
W: [-0.9999174] b: [0.99975723] loss: 3.9380044e-08
W: [-0.9999185] b: [0.9997605] loss: 3.8297845e-08
W: [-0.99991965] b: [0.9997637] loss: 3.7292352e-08
W: [-0.9999207] b: [0.9997669] loss: 3.6301376e-08
W: [-0.9999218] b: [0.99977005] loss: 3.53446e-08
W: [-0.9999229] b: [0.99977314] loss: 3.435676e-08
W: [-0.9999239] b: [0.9997762] loss: 3.344583e-08
W: [-0.9999249] b: [0.9997792] loss: 3.256298e-08
W: [-0.9999259] b: [0.9997822] loss: 3.1708044e-08
W: [-0.9999269] b: [0.9997851] loss: 3.084651e-08
W: [-0.99992794] b: [0.99978805] loss: 3.0009904e-08
W: [-0.9999289] b: [0.9997909] loss: 2.920682e-08
W: [-0.99992985] b: [0.9997937] loss: 2.8446607e-08
W: [-0.9999308] b: [0.9997965] loss: 2.7679892e-08
W: [-0.99993175] b: [0.99979925] loss: 2.6920265e-08
W: [-0.99993265] b: [0.99980193] loss: 2.6206184e-08
W: [-0.99993354] b: [0.9998046] loss: 2.5519444e-08
W: [-0.99993443] b: [0.99980724] loss: 2.483948e-08
W: [-0.9999353] b: [0.99980986] loss: 2.4168703e-08
W: [-0.9999362] b: [0.9998124] loss: 2.3501261e-08
W: [-0.99993706] b: [0.9998149] loss: 2.288289e-08
W: [-0.9999379] b: [0.99981743] loss: 2.2267532e-08
W: [-0.9999387] b: [0.9998199] loss: 2.1660114e-08
W: [-0.99993956] b: [0.9998223] loss: 2.109164e-08
W: [-0.9999404] b: [0.9998247] loss: 2.0528578e-08
W: [-0.9999412] b: [0.9998271] loss: 1.9989287e-08
W: [-0.99994195] b: [0.9998294] loss: 1.9427404e-08
W: [-0.9999427] b: [0.99983174] loss: 1.8904146e-08
W: [-0.9999435] b: [0.999834] loss: 1.8412923e-08
W: [-0.99994427] b: [0.99983627] loss: 1.7898287e-08
W: [-0.99994504] b: [0.9998385] loss: 1.7418387e-08
W: [-0.9999458] b: [0.9998407] loss: 1.697083e-08
W: [-0.99994653] b: [0.9998428] loss: 1.6517902e-08
W: [-0.99994725] b: [0.99984497] loss: 1.6071112e-08
W: [-0.99994797] b: [0.99984705] loss: 1.5641707e-08
W: [-0.9999487] b: [0.99984914] loss: 1.5192157e-08
W: [-0.9999494] b: [0.99985117] loss: 1.4809871e-08
W: [-0.9999501] b: [0.9998532] loss: 1.43834455e-08
W: [-0.99995077] b: [0.99985516] loss: 1.4001188e-08
W: [-0.9999514] b: [0.9998571] loss: 1.364721e-08
W: [-0.9999521] b: [0.99985904] loss: 1.327459e-08
W: [-0.99995273] b: [0.99986094] loss: 1.29283535e-08
W: [-0.9999534] b: [0.9998628] loss: 1.2561628e-08
W: [-0.999954] b: [0.99986464] loss: 1.2238306e-08
W: [-0.9999546] b: [0.9998665] loss: 1.19097905e-08
W: [-0.9999552] b: [0.9998683] loss: 1.16042855e-08
W: [-0.9999558] b: [0.99987006] loss: 1.1280363e-08
W: [-0.99995637] b: [0.9998718] loss: 1.0981498e-08
W: [-0.99995697] b: [0.9998735] loss: 1.0699438e-08
W: [-0.99995756] b: [0.99987525] loss: 1.0398285e-08
W: [-0.99995816] b: [0.9998769] loss: 1.0119923e-08
W: [-0.9999587] b: [0.9998786] loss: 9.859036e-09
W: [-0.99995923] b: [0.9998802] loss: 9.6001e-09
W: [-0.99995977] b: [0.9998818] loss: 9.324253e-09
W: [-0.9999603] b: [0.9998834] loss: 9.083138e-09
W: [-0.99996084] b: [0.99988496] loss: 8.832632e-09
W: [-0.9999614] b: [0.9998865] loss: 8.605184e-09
W: [-0.9999619] b: [0.99988806] loss: 8.380727e-09
W: [-0.99996245] b: [0.99988955] loss: 8.1489056e-09
W: [-0.999963] b: [0.99989104] loss: 7.92922e-09
W: [-0.99996346] b: [0.99989253] loss: 7.706106e-09
W: [-0.99996394] b: [0.99989396] loss: 7.5026065e-09
W: [-0.9999644] b: [0.9998954] loss: 7.3018356e-09
W: [-0.9999649] b: [0.9998968] loss: 7.103793e-09
W: [-0.99996537] b: [0.9998982] loss: 6.9242283e-09
W: [-0.99996585] b: [0.99989957] loss: 6.7469728e-09
W: [-0.9999663] b: [0.99990094] loss: 6.5639547e-09
W: [-0.9999668] b: [0.99990225] loss: 6.381857e-09
W: [-0.9999672] b: [0.99990356] loss: 6.2204606e-09
W: [-0.99996763] b: [0.9999049] loss: 6.045685e-09
W: [-0.99996805] b: [0.9999062] loss: 5.8734457e-09
W: [-0.99996847] b: [0.99990743] loss: 5.734023e-09
W: [-0.9999689] b: [0.9999087] loss: 5.5730567e-09
W: [-0.9999693] b: [0.99990994] loss: 5.413426e-09
W: [-0.9999697] b: [0.9999111] loss: 5.277517e-09
W: [-0.99997014] b: [0.9999123] loss: 5.130019e-09
W: [-0.99997056] b: [0.9999135] loss: 4.9969096e-09
W: [-0.999971] b: [0.9999147] loss: 4.853405e-09
W: [-0.9999714] b: [0.99991584] loss: 4.731419e-09
W: [-0.9999718] b: [0.999917] loss: 4.6110245e-09
W: [-0.99997216] b: [0.9999181] loss: 4.4868678e-09
W: [-0.9999725] b: [0.99991924] loss: 4.351321e-09
W: [-0.9999729] b: [0.9999203] loss: 4.2495714e-09
W: [-0.99997324] b: [0.9999214] loss: 4.1234927e-09
W: [-0.9999736] b: [0.99992245] loss: 4.0244714e-09
W: [-0.99997395] b: [0.9999235] loss: 3.9018033e-09
W: [-0.9999743] b: [0.99992454] loss: 3.798039e-09
W: [-0.99997467] b: [0.99992555] loss: 3.7092605e-09
W: [-0.999975] b: [0.99992657] loss: 3.6021568e-09
W: [-0.9999754] b: [0.9999276] loss: 3.4973624e-09
W: [-0.99997574] b: [0.99992853] loss: 3.4045797e-09
W: [-0.99997604] b: [0.9999295] loss: 3.3207677e-09
W: [-0.99997634] b: [0.99993044] loss: 3.2267877e-09
W: [-0.99997663] b: [0.9999314] loss: 3.1446383e-09
W: [-0.99997693] b: [0.99993235] loss: 3.0532874e-09
W: [-0.99997723] b: [0.99993324] loss: 2.9786662e-09
W: [-0.9999775] b: [0.99993414] loss: 2.9057219e-09
W: [-0.9999778] b: [0.99993503] loss: 2.8276617e-09
W: [-0.9999781] b: [0.9999359] loss: 2.7395117e-09
W: [-0.9999784] b: [0.99993676] loss: 2.6745717e-09
W: [-0.9999787] b: [0.9999376] loss: 2.5980995e-09
W: [-0.999979] b: [0.9999384] loss: 2.53414e-09
W: [-0.9999793] b: [0.99993926] loss: 2.459842e-09
W: [-0.9999796] b: [0.9999401] loss: 2.3976021e-09
W: [-0.9999799] b: [0.9999409] loss: 2.3351454e-09
W: [-0.9999802] b: [0.99994165] loss: 2.273115e-09
W: [-0.9999805] b: [0.9999424] loss: 2.2175932e-09
W: [-0.99998075] b: [0.9999432] loss: 2.1586999e-09
W: [-0.999981] b: [0.999944] loss: 2.0960904e-09
W: [-0.9999812] b: [0.99994475] loss: 2.034426e-09
W: [-0.99998146] b: [0.9999455] loss: 1.9780835e-09
W: [-0.9999817] b: [0.99994624] loss: 1.935792e-09
W: [-0.99998194] b: [0.99994695] loss: 1.8756516e-09
W: [-0.9999822] b: [0.99994767] loss: 1.834497e-09
W: [-0.9999824] b: [0.9999484] loss: 1.7759483e-09
W: [-0.99998266] b: [0.9999491] loss: 1.7359305e-09
W: [-0.9999829] b: [0.99994975] loss: 1.6826789e-09
W: [-0.99998313] b: [0.9999504] loss: 1.642821e-09
W: [-0.9999834] b: [0.99995106] loss: 1.6034534e-09
W: [-0.9999836] b: [0.9999517] loss: 1.5524115e-09
W: [-0.99998385] b: [0.9999524] loss: 1.5103296e-09
W: [-0.9999841] b: [0.99995303] loss: 1.4726034e-09
W: [-0.99998426] b: [0.9999537] loss: 1.4329125e-09
W: [-0.99998444] b: [0.99995434] loss: 1.397229e-09
W: [-0.9999847] b: [0.99995494] loss: 1.3564438e-09
W: [-0.99998486] b: [0.99995553] loss: 1.3247643e-09
W: [-0.99998504] b: [0.99995613] loss: 1.2862991e-09
W: [-0.9999852] b: [0.9999567] loss: 1.2484378e-09
W: [-0.9999854] b: [0.9999573] loss: 1.218627e-09
W: [-0.99998564] b: [0.9999579] loss: 1.1804282e-09
W: [-0.9999858] b: [0.99995846] loss: 1.1541808e-09
W: [-0.999986] b: [0.999959] loss: 1.124409e-09
W: [-0.9999862] b: [0.9999595] loss: 1.0950352e-09
W: [-0.99998635] b: [0.99996006] loss: 1.0702657e-09
W: [-0.9999865] b: [0.9999606] loss: 1.0389023e-09
W: [-0.9999867] b: [0.99996114] loss: 1.0101537e-09
W: [-0.9999869] b: [0.9999617] loss: 9.823147e-10
W: [-0.99998707] b: [0.9999622] loss: 9.522587e-10
W: [-0.99998724] b: [0.9999627] loss: 9.3425e-10
W: [-0.9999874] b: [0.99996316] loss: 9.039418e-10
W: [-0.9999876] b: [0.99996364] loss: 8.8679997e-10
W: [-0.9999878] b: [0.9999641] loss: 8.5735863e-10
W: [-0.99998796] b: [0.9999646] loss: 8.406289e-10
W: [-0.99998814] b: [0.9999651] loss: 8.1171336e-10
W: [-0.9999883] b: [0.99996555] loss: 7.9539575e-10
W: [-0.9999885] b: [0.999966] loss: 7.6768814e-10
W: [-0.9999887] b: [0.9999665] loss: 7.5155526e-10
W: [-0.99998885] b: [0.999967] loss: 7.247145e-10
W: [-0.999989] b: [0.99996746] loss: 7.0436457e-10
W: [-0.9999891] b: [0.9999679] loss: 6.865548e-10
W: [-0.9999892] b: [0.9999683] loss: 6.7185013e-10
W: [-0.99998933] b: [0.9999687] loss: 6.570673e-10
W: [-0.99998945] b: [0.9999691] loss: 6.4033046e-10
W: [-0.99998957] b: [0.99996954] loss: 6.1811534e-10
W: [-0.9999897] b: [0.99996996] loss: 6.044054e-10
W: [-0.99998987] b: [0.9999704] loss: 5.8753713e-10
W: [-0.99999005] b: [0.9999708] loss: 5.6751404e-10
W: [-0.99999017] b: [0.9999712] loss: 5.5190696e-10
W: [-0.9999903] b: [0.99997157] loss: 5.429257e-10
W: [-0.9999904] b: [0.9999719] loss: 5.248495e-10
W: [-0.9999905] b: [0.9999723] loss: 5.160956e-10
W: [-0.99999064] b: [0.99997264] loss: 4.9847415e-10
W: [-0.99999076] b: [0.999973] loss: 4.8994764e-10
W: [-0.9999909] b: [0.99997336] loss: 4.727809e-10
W: [-0.999991] b: [0.9999737] loss: 4.644818e-10
W: [-0.9999911] b: [0.9999741] loss: 4.4776982e-10
W: [-0.99999124] b: [0.9999744] loss: 4.3969806e-10
W: [-0.99999136] b: [0.9999748] loss: 4.2344084e-10
W: [-0.9999915] b: [0.99997514] loss: 4.1559645e-10
W: [-0.9999916] b: [0.99997544] loss: 4.035492e-10
W: [-0.9999917] b: [0.99997574] loss: 3.9142378e-10
W: [-0.99999183] b: [0.99997604] loss: 3.8172132e-10
W: [-0.99999195] b: [0.99997634] loss: 3.7597658e-10
W: [-0.9999921] b: [0.99997663] loss: 3.6458303e-10
W: [-0.9999922] b: [0.99997693] loss: 3.53225e-10
W: [-0.9999923] b: [0.99997723] loss: 3.4787107e-10
W: [-0.99999243] b: [0.9999775] loss: 3.3863046e-10
W: [-0.99999255] b: [0.9999778] loss: 3.278906e-10
W: [-0.99999267] b: [0.9999781] loss: 3.1729996e-10
W: [-0.9999927] b: [0.9999784] loss: 3.1243985e-10
W: [-0.9999928] b: [0.9999787] loss: 3.041123e-10
W: [-0.99999285] b: [0.999979] loss: 2.9422154e-10
W: [-0.99999297] b: [0.9999793] loss: 2.8555647e-10
W: [-0.999993] b: [0.9999796] loss: 2.7985791e-10
W: [-0.99999315] b: [0.9999799] loss: 2.713847e-10
W: [-0.99999326] b: [0.9999802] loss: 2.6169644e-10
W: [-0.9999934] b: [0.99998045] loss: 2.5507418e-10
W: [-0.99999344] b: [0.9999807] loss: 2.4898839e-10
W: [-0.9999935] b: [0.9999809] loss: 2.431655e-10
W: [-0.99999356] b: [0.99998116] loss: 2.3726443e-10
W: [-0.9999936] b: [0.9999814] loss: 2.3145574e-10
W: [-0.99999374] b: [0.99998164] loss: 2.2531665e-10
W: [-0.9999938] b: [0.9999819] loss: 2.1964297e-10
W: [-0.9999939] b: [0.9999821] loss: 2.1351809e-10
W: [-0.999994] b: [0.99998236] loss: 2.0814994e-10
W: [-0.99999404] b: [0.9999826] loss: 2.0270363e-10
W: [-0.9999941] b: [0.99998283] loss: 1.9734969e-10
W: [-0.9999942] b: [0.9999831] loss: 1.9166535e-10
W: [-0.9999943] b: [0.9999833] loss: 1.8644641e-10
W: [-0.9999944] b: [0.99998355] loss: 1.8077628e-10
W: [-0.99999446] b: [0.9999838] loss: 1.7586288e-10
W: [-0.9999945] b: [0.999984] loss: 1.7087132e-10
W: [-0.9999946] b: [0.99998426] loss: 1.6597212e-10
W: [-0.9999947] b: [0.99998444] loss: 1.6314061e-10
W: [-0.99999475] b: [0.9999846] loss: 1.5943158e-10
W: [-0.9999948] b: [0.9999848] loss: 1.5313617e-10
W: [-0.9999949] b: [0.999985] loss: 1.5076296e-10
W: [-0.99999493] b: [0.99998516] loss: 1.485887e-10
W: [-0.999995] b: [0.99998534] loss: 1.4249224e-10
W: [-0.99999505] b: [0.9999855] loss: 1.39039e-10
W: [-0.9999951] b: [0.9999857] loss: 1.3695e-10
W: [-0.9999952] b: [0.9999859] loss: 1.347189e-10
W: [-0.99999523] b: [0.99998605] loss: 1.3135093e-10
W: [-0.9999953] b: [0.99998623] loss: 1.2562396e-10
W: [-0.99999535] b: [0.9999864] loss: 1.2347812e-10
W: [-0.9999954] b: [0.9999866] loss: 1.2153123e-10
W: [-0.99999547] b: [0.99998677] loss: 1.1600321e-10
W: [-0.9999955] b: [0.99998695] loss: 1.1289103e-10
W: [-0.9999956] b: [0.9999871] loss: 1.1102941e-10
W: [-0.99999565] b: [0.9999873] loss: 1.0902568e-10
W: [-0.9999957] b: [0.9999875] loss: 1.05998765e-10
W: [-0.99999577] b: [0.99998766] loss: 1.00840225e-10
W: [-0.9999958] b: [0.99998784] loss: 9.892176e-11
W: [-0.9999959] b: [0.999988] loss: 9.7202246e-11
W: [-0.99999595] b: [0.9999882] loss: 9.224266e-11
W: [-0.999996] b: [0.9999884] loss: 8.947154e-11
W: [-0.99999607] b: [0.99998856] loss: 8.783729e-11
W: [-0.9999961] b: [0.9999887] loss: 8.6846086e-11
W: [-0.9999962] b: [0.9999888] loss: 8.3900886e-11
W: [-0.99999624] b: [0.9999889] loss: 8.11049e-11
W: [-0.9999963] b: [0.99998903] loss: 8.0220275e-11
W: [-0.99999636] b: [0.99998915] loss: 7.9371176e-11
W: [-0.9999964] b: [0.9999893] loss: 7.6738615e-11
W: [-0.9999965] b: [0.9999894] loss: 7.424106e-11
W: [-0.99999654] b: [0.9999895] loss: 7.3399065e-11
W: [-0.9999966] b: [0.9999896] loss: 7.256418e-11
W: [-0.9999966] b: [0.99998975] loss: 7.007728e-11
W: [-0.9999966] b: [0.99998987] loss: 6.766143e-11
W: [-0.9999966] b: [0.99999] loss: 6.697931e-11
W: [-0.9999966] b: [0.9999901] loss: 6.649614e-11
W: [-0.99999666] b: [0.9999902] loss: 6.3892e-11
W: [-0.9999967] b: [0.99999034] loss: 6.143708e-11
W: [-0.9999968] b: [0.99999046] loss: 6.066614e-11
W: [-0.9999968] b: [0.9999906] loss: 5.8463456e-11
W: [-0.99999684] b: [0.9999907] loss: 5.7770677e-11
W: [-0.9999969] b: [0.9999908] loss: 5.6999738e-11
W: [-0.99999696] b: [0.99999094] loss: 5.4729554e-11
W: [-0.99999696] b: [0.99999106] loss: 5.416112e-11
W: [-0.999997] b: [0.9999912] loss: 5.1969096e-11
W: [-0.9999971] b: [0.9999913] loss: 4.98126e-11
W: [-0.9999971] b: [0.9999914] loss: 4.9244164e-11
W: [-0.99999714] b: [0.99999154] loss: 4.7108983e-11
W: [-0.99999714] b: [0.99999166] loss: 4.6611603e-11
W: [-0.9999972] b: [0.9999918] loss: 4.449774e-11
W: [-0.9999972] b: [0.9999919] loss: 4.4071413e-11
W: [-0.99999726] b: [0.999992] loss: 4.1978865e-11
W: [-0.9999973] b: [0.99999213] loss: 4.1399772e-11
W: [-0.9999974] b: [0.99999225] loss: 4.074252e-11
W: [-0.99999744] b: [0.9999924] loss: 3.8813397e-11
W: [-0.99999744] b: [0.9999925] loss: 3.835865e-11
W: [-0.9999975] b: [0.9999926] loss: 3.6507686e-11
W: [-0.99999756] b: [0.9999927] loss: 3.469225e-11
W: [-0.99999756] b: [0.99999285] loss: 3.42375e-11
W: [-0.9999976] b: [0.99999297] loss: 3.244338e-11
W: [-0.9999976] b: [0.9999931] loss: 3.2059688e-11
W: [-0.9999977] b: [0.9999932] loss: 3.0286884e-11
W: [-0.9999977] b: [0.9999933] loss: 2.9974245e-11
W: [-0.99999774] b: [0.99999344] loss: 2.8222757e-11
W: [-0.9999978] b: [0.99999356] loss: 2.7757352e-11
W: [-0.99999785] b: [0.9999936] loss: 2.7117864e-11
W: [-0.99999785] b: [0.9999937] loss: 2.7213787e-11
W: [-0.9999979] b: [0.99999374] loss: 2.6616931e-11
W: [-0.9999979] b: [0.9999938] loss: 2.5625724e-11
W: [-0.9999979] b: [0.99999386] loss: 2.4670044e-11
W: [-0.9999979] b: [0.9999939] loss: 2.5284663e-11
W: [-0.9999979] b: [0.999994] loss: 2.4854785e-11
W: [-0.999998] b: [0.99999404] loss: 2.377476e-11
W: [-0.999998] b: [0.9999941] loss: 2.3309354e-11
W: [-0.999998] b: [0.99999416] loss: 2.3561597e-11
W: [-0.99999803] b: [0.9999942] loss: 2.2851054e-11
W: [-0.9999981] b: [0.9999943] loss: 2.1827873e-11
W: [-0.9999981] b: [0.99999434] loss: 2.1376678e-11
W: [-0.9999981] b: [0.9999944] loss: 2.0506263e-11
W: [-0.9999981] b: [0.99999446] loss: 2.0666135e-11
W: [-0.9999981] b: [0.9999945] loss: 2.0236257e-11
W: [-0.99999815] b: [0.9999946] loss: 1.9213076e-11
W: [-0.99999815] b: [0.99999464] loss: 1.8804514e-11
W: [-0.99999815] b: [0.9999947] loss: 1.9397817e-11
W: [-0.9999982] b: [0.99999475] loss: 1.8374635e-11
W: [-0.9999982] b: [0.9999948] loss: 1.7966073e-11
W: [-0.9999982] b: [0.9999949] loss: 1.7195134e-11
W: [-0.9999982] b: [0.99999493] loss: 1.7454482e-11
W: [-0.9999983] b: [0.999995] loss: 1.6843416e-11
W: [-0.99999833] b: [0.99999505] loss: 1.6317614e-11
W: [-0.99999833] b: [0.9999951] loss: 1.6413537e-11
W: [-0.9999984] b: [0.9999952] loss: 1.5930368e-11
W: [-0.9999984] b: [0.99999523] loss: 1.5166535e-11
W: [-0.9999984] b: [0.9999953] loss: 1.4438228e-11
W: [-0.9999984] b: [0.99999535] loss: 1.4939161e-11
W: [-0.9999984] b: [0.9999954] loss: 1.462297e-11
W: [-0.99999845] b: [0.99999547] loss: 1.3770318e-11
W: [-0.99999845] b: [0.9999955] loss: 1.34185996e-11
W: [-0.99999845] b: [0.9999956] loss: 1.3670842e-11
W: [-0.9999985] b: [0.99999565] loss: 1.3073986e-11
W: [-0.99999857] b: [0.9999957] loss: 1.22781785e-11
W: [-0.99999857] b: [0.99999577] loss: 1.1940671e-11
W: [-0.99999857] b: [0.9999958] loss: 1.12976295e-11
W: [-0.99999857] b: [0.9999959] loss: 1.1457502e-11
W: [-0.99999857] b: [0.99999595] loss: 1.114131e-11
W: [-0.9999986] b: [0.999996] loss: 1.0345502e-11
W: [-0.9999986] b: [0.99999607] loss: 1.0050627e-11
W: [-0.9999986] b: [0.9999961] loss: 1.0530243e-11
W: [-0.9999987] b: [0.9999962] loss: 9.7344355e-12
W: [-0.9999987] b: [0.99999624] loss: 9.43956e-12
W: [-0.9999987] b: [0.9999963] loss: 8.895995e-12
W: [-0.9999987] b: [0.99999636] loss: 9.155343e-12
W: [-0.99999875] b: [0.9999964] loss: 8.657963e-12
W: [-0.9999988] b: [0.9999965] loss: 8.2458484e-12
W: [-0.9999988] b: [0.99999654] loss: 8.341772e-12
W: [-0.9999988] b: [0.9999966] loss: 7.876366e-12
W: [-0.99999887] b: [0.99999666] loss: 7.43583e-12
W: [-0.99999887] b: [0.9999967] loss: 6.934897e-12
W: [-0.99999887] b: [0.9999968] loss: 7.322143e-12
W: [-0.9999989] b: [0.99999684] loss: 6.739498e-12
W: [-0.9999989] b: [0.9999969] loss: 6.4943606e-12
W: [-0.9999989] b: [0.99999696] loss: 6.256329e-12
W: [-0.9999989] b: [0.999997] loss: 6.5085715e-12
W: [-0.999999] b: [0.9999971] loss: 6.0254024e-12
W: [-0.99999905] b: [0.99999714] loss: 5.456968e-12
W: [-0.99999905] b: [0.9999972] loss: 5.2331472e-12
W: [-0.99999905] b: [0.99999726] loss: 4.8174797e-12
W: [-0.99999905] b: [0.9999973] loss: 4.977352e-12
W: [-0.99999905] b: [0.9999974] loss: 4.774847e-12
W: [-0.9999991] b: [0.99999744] loss: 4.206413e-12
W: [-0.9999991] b: [0.9999975] loss: 4.0252246e-12
W: [-0.9999991] b: [0.99999756] loss: 4.391154e-12
W: [-0.99999917] b: [0.99999756] loss: 4.0110137e-12
W: [-0.99999917] b: [0.99999756] loss: 4.0110137e-12
W: [-0.99999917] b: [0.99999756] loss: 4.0110137e-12
W: [-0.99999917] b: [0.99999756] loss: 4.0110137e-12
W: [-0.99999917] b: [0.99999756] loss: 4.0110137e-12
W: [-0.99999917] b: [0.99999756] loss: 4.0110137e-12
W: [-0.99999917] b: [0.99999756] loss: 4.0110137e-12
W: [-0.99999917] b: [0.99999756] loss: 4.0110137e-12
W: [-0.99999917] b: [0.99999756] loss: 4.0110137e-12
The size of the loss captured was:  1000
