[1673016421.974480] [p9r1n01:98502:0]         mxm.c:196  MXM  WARN  The 'ulimit -s' on the system is set to 'unlimited'. This may have negative performance implications. Please set the stack size to the default value (10240) 
[1673016422.004222] [p9r1n01:98502:0]         mxm.c:196  MXM  WARN  The 'ulimit -s' on the system is set to 'unlimited'. This may have negative performance implications. Please set the stack size to the default value (10240) 
W: [0.3] b: [-0.3] loss: 23.660002
W: [0.2948] b: [-0.30156] loss: 23.366245
W: [0.28495434] b: [-0.30451235] loss: 22.815462
W: [0.27099252] b: [-0.30869576] loss: 22.046549
W: [0.25341833] b: [-0.31395587] loss: 21.098919
W: [0.23270896] b: [-0.32014564] loss: 20.011171
W: [0.20931457] b: [-0.32712573] loss: 18.820053
W: [0.18365797] b: [-0.33476475] loss: 17.559675
W: [0.15613462] b: [-0.34293935] loss: 16.260988
W: [0.12711267] b: [-0.35153443] loss: 14.951438
W: [0.09693332] b: [-0.360443] loss: 13.654798
W: [0.06591119] b: [-0.3695662] loss: 12.391127
W: [0.03433494] b: [-0.37881327] loss: 11.176873
W: [0.00246793] b: [-0.38810125] loss: 10.025019
W: [-0.02945098] b: [-0.39735487] loss: 8.945337
W: [-0.06120658] b: [-0.40650636] loss: 7.944656
W: [-0.09260637] b: [-0.41549507] loss: 7.027177
W: [-0.12347955] b: [-0.4242673] loss: 6.194804
W: [-0.153676] b: [-0.43277594] loss: 5.4474635
W: [-0.1830652] b: [-0.44098014] loss: 4.783433
W: [-0.21153513] b: [-0.448845] loss: 4.199645
W: [-0.23899116] b: [-0.45634124] loss: 3.6919818
W: [-0.26535496] b: [-0.4634448] loss: 3.2555332
W: [-0.29056334] b: [-0.47013652] loss: 2.884842
W: [-0.31456724] b: [-0.47640184] loss: 2.574108
W: [-0.33733055] b: [-0.48223037] loss: 2.317376
W: [-0.35882908] b: [-0.48761562] loss: 2.1086879
W: [-0.37904954] b: [-0.49255458] loss: 1.9422116
W: [-0.39798856] b: [-0.49704748] loss: 1.8123437
W: [-0.41565165] b: [-0.5010975] loss: 1.7137876
W: [-0.4320523] b: [-0.5047103] loss: 1.6416147
W: [-0.44721118] b: [-0.507894] loss: 1.5913029
W: [-0.46115512] b: [-0.51065856] loss: 1.5587589
W: [-0.4739164] b: [-0.51301587] loss: 1.5403302
W: [-0.48553205] b: [-0.5149792] loss: 1.532801
W: [-0.49604297] b: [-0.5165631] loss: 1.5333825
W: [-0.5054934] b: [-0.51778334] loss: 1.5396909
W: [-0.51393026] b: [-0.5186563] loss: 1.5497243
W: [-0.52140254] b: [-0.5191992] loss: 1.5618333
W: [-0.5279608] b: [-0.5194296] loss: 1.574689
W: [-0.5336566] b: [-0.51936555] loss: 1.5872496
W: [-0.53854215] b: [-0.5190251] loss: 1.5987284
W: [-0.54266983] b: [-0.51842636] loss: 1.6085572
W: [-0.54609185] b: [-0.5175874] loss: 1.6163585
W: [-0.54885995] b: [-0.5165261] loss: 1.6219127
W: [-0.55102503] b: [-0.51526] loss: 1.6251308
W: [-0.5526369] b: [-0.5138062] loss: 1.6260288
W: [-0.5537442] b: [-0.5121815] loss: 1.6247035
W: [-0.55439395] b: [-0.5104021] loss: 1.6213143
W: [-0.55463153] b: [-0.50848347] loss: 1.6160624
W: [-0.5545006] b: [-0.50644064] loss: 1.6091771
W: [-0.5540429] b: [-0.50428796] loss: 1.600903
W: [-0.5532981] b: [-0.502039] loss: 1.591489
W: [-0.55230397] b: [-0.49970675] loss: 1.5811783
W: [-0.55109596] b: [-0.49730334] loss: 1.5702039
W: [-0.5497076] b: [-0.49484023] loss: 1.5587827
W: [-0.54817015] b: [-0.49232814] loss: 1.5471115
W: [-0.5465128] b: [-0.48977706] loss: 1.5353653
W: [-0.5447625] b: [-0.48719624] loss: 1.523696
W: [-0.54294425] b: [-0.48459423] loss: 1.5122325
W: [-0.541081] b: [-0.48197883] loss: 1.5010796
W: [-0.53919363] b: [-0.47935724] loss: 1.4903219
W: [-0.5373011] b: [-0.47673595] loss: 1.4800227
W: [-0.5354206] b: [-0.4741208] loss: 1.4702258
W: [-0.53356737] b: [-0.47151703] loss: 1.4609601
W: [-0.53175503] b: [-0.46892926] loss: 1.4522384
W: [-0.5299955] b: [-0.46636164] loss: 1.4440613
W: [-0.5282992] b: [-0.4638177] loss: 1.436419
W: [-0.52667516] b: [-0.4613005] loss: 1.4292921
W: [-0.52513087] b: [-0.45881262] loss: 1.4226559
W: [-0.5236726] b: [-0.45635623] loss: 1.4164801
W: [-0.52230537] b: [-0.45393303] loss: 1.4107298
W: [-0.52103317] b: [-0.4515444] loss: 1.405369
W: [-0.5198589] b: [-0.44919133] loss: 1.4003599
W: [-0.5187845] b: [-0.4468745] loss: 1.3956652
W: [-0.5178111] b: [-0.4445943] loss: 1.391248
W: [-0.51693904] b: [-0.4423508] loss: 1.3870728
W: [-0.5161678] b: [-0.4401439] loss: 1.383106
W: [-0.51549643] b: [-0.43797326] loss: 1.3793161
W: [-0.5149233] b: [-0.43583828] loss: 1.3756746
W: [-0.5144462] b: [-0.4337383] loss: 1.3721553
W: [-0.51406264] b: [-0.43167242] loss: 1.3687351
W: [-0.51376975] b: [-0.42963967] loss: 1.3653932
W: [-0.5135642] b: [-0.42763895] loss: 1.3621116
W: [-0.51344264] b: [-0.42566904] loss: 1.3588756
W: [-0.5134012] b: [-0.42372873] loss: 1.3556719
W: [-0.513436] b: [-0.42181665] loss: 1.3524903
W: [-0.5135431] b: [-0.41993144] loss: 1.3493216
W: [-0.51371837] b: [-0.41807175] loss: 1.3461598
W: [-0.5139577] b: [-0.41623613] loss: 1.3429992
W: [-0.51425683] b: [-0.41442317] loss: 1.3398366
W: [-0.51461166] b: [-0.41263145] loss: 1.3366687
W: [-0.5150181] b: [-0.41085958] loss: 1.3334951
W: [-0.51547205] b: [-0.40910617] loss: 1.3303142
W: [-0.5159696] b: [-0.40736985] loss: 1.3271266
W: [-0.5165068] b: [-0.40564933] loss: 1.3239324
W: [-0.51707995] b: [-0.40394333] loss: 1.3207331
W: [-0.5176854] b: [-0.40225062] loss: 1.3175297
W: [-0.5183197] b: [-0.40057] loss: 1.3143232
W: [-0.51897955] b: [-0.39890036] loss: 1.3111157
W: [-0.5196617] b: [-0.3972406] loss: 1.307908
W: [-0.5203632] b: [-0.3955897] loss: 1.3047026
W: [-0.5210812] b: [-0.3939467] loss: 1.3015006
W: [-0.52181304] b: [-0.39231068] loss: 1.298303
W: [-0.5225562] b: [-0.3906808] loss: 1.2951113
W: [-0.5233083] b: [-0.38905624] loss: 1.2919266
W: [-0.5240672] b: [-0.38743627] loss: 1.28875
W: [-0.524831] b: [-0.3858202] loss: 1.2855821
W: [-0.52559775] b: [-0.38420743] loss: 1.2824231
W: [-0.5263658] b: [-0.3825974] loss: 1.2792745
W: [-0.5271337] b: [-0.38098952] loss: 1.2761363
W: [-0.52790004] b: [-0.3793834] loss: 1.2730086
W: [-0.5286636] b: [-0.37777856] loss: 1.2698915
W: [-0.5294232] b: [-0.37617466] loss: 1.2667851
W: [-0.53017795] b: [-0.37457138] loss: 1.2636898
W: [-0.53092706] b: [-0.3729684] loss: 1.2606052
W: [-0.53166974] b: [-0.3713655] loss: 1.257531
W: [-0.5324054] b: [-0.36976245] loss: 1.2544674
W: [-0.5331335] b: [-0.3681591] loss: 1.2514141
W: [-0.5338537] b: [-0.36655527] loss: 1.2483709
W: [-0.5345657] b: [-0.3649509] loss: 1.2453371
W: [-0.53526914] b: [-0.36334586] loss: 1.242313
W: [-0.53596395] b: [-0.3617401] loss: 1.2392981
W: [-0.53665] b: [-0.36013362] loss: 1.2362921
W: [-0.5373273] b: [-0.35852635] loss: 1.2332952
W: [-0.5379958] b: [-0.35691833] loss: 1.2303064
W: [-0.5386557] b: [-0.3553096] loss: 1.2273262
W: [-0.53930706] b: [-0.3537002] loss: 1.224354
W: [-0.53995] b: [-0.35209015] loss: 1.2213897
W: [-0.5405848] b: [-0.35047954] loss: 1.2184331
W: [-0.54121166] b: [-0.34886843] loss: 1.2154844
W: [-0.54183084] b: [-0.34725693] loss: 1.2125428
W: [-0.54244256] b: [-0.3456451] loss: 1.2096086
W: [-0.5430472] b: [-0.34403306] loss: 1.206682
W: [-0.54364496] b: [-0.3424209] loss: 1.2037624
W: [-0.5442363] b: [-0.34080872] loss: 1.2008499
W: [-0.54482144] b: [-0.33919665] loss: 1.1979442
W: [-0.54540074] b: [-0.3375848] loss: 1.1950457
W: [-0.54597455] b: [-0.33597323] loss: 1.1921542
W: [-0.5465432] b: [-0.33436212] loss: 1.1892698
W: [-0.547107] b: [-0.33275154] loss: 1.1863918
W: [-0.54766625] b: [-0.3311416] loss: 1.1835209
W: [-0.5482213] b: [-0.32953238] loss: 1.180657
W: [-0.54877245] b: [-0.32792404] loss: 1.1777998
W: [-0.54932] b: [-0.32631665] loss: 1.1749496
W: [-0.54986423] b: [-0.3247103] loss: 1.172106
W: [-0.55040544] b: [-0.3231051] loss: 1.1692693
W: [-0.5509439] b: [-0.3215011] loss: 1.1664395
W: [-0.5514799] b: [-0.31989843] loss: 1.1636165
W: [-0.5520136] b: [-0.31829715] loss: 1.1608
W: [-0.5525452] b: [-0.31669733] loss: 1.1579907
W: [-0.553075] b: [-0.31509903] loss: 1.155188
W: [-0.5536032] b: [-0.31350234] loss: 1.1523918
W: [-0.5541299] b: [-0.31190732] loss: 1.1496028
W: [-0.5546554] b: [-0.310314] loss: 1.1468204
W: [-0.5551797] b: [-0.30872247] loss: 1.1440446
W: [-0.5557031] b: [-0.30713275] loss: 1.1412756
W: [-0.55622566] b: [-0.30554488] loss: 1.1385133
W: [-0.55674756] b: [-0.30395892] loss: 1.1357577
W: [-0.55726886] b: [-0.3023749] loss: 1.133009
W: [-0.5577896] b: [-0.30079284] loss: 1.1302667
W: [-0.55831003] b: [-0.29921278] loss: 1.1275313
W: [-0.5588301] b: [-0.29763472] loss: 1.1248022
W: [-0.5593499] b: [-0.2960587] loss: 1.1220801
W: [-0.5598695] b: [-0.29448476] loss: 1.1193643
W: [-0.560389] b: [-0.29291287] loss: 1.1166552
W: [-0.5609083] b: [-0.29134306] loss: 1.113953
W: [-0.5614276] b: [-0.28977534] loss: 1.111257
W: [-0.5619468] b: [-0.2882097] loss: 1.1085676
W: [-0.562466] b: [-0.2866462] loss: 1.1058846
W: [-0.56298524] b: [-0.28508475] loss: 1.1032083
W: [-0.56350446] b: [-0.28352544] loss: 1.1005383
W: [-0.5640237] b: [-0.28196824] loss: 1.0978748
W: [-0.5645429] b: [-0.28041312] loss: 1.095218
W: [-0.5650621] b: [-0.2788601] loss: 1.0925674
W: [-0.5655813] b: [-0.27730915] loss: 1.0899233
W: [-0.5661005] b: [-0.2757603] loss: 1.0872856
W: [-0.5666196] b: [-0.27421352] loss: 1.0846542
W: [-0.5671387] b: [-0.2726688] loss: 1.0820293
W: [-0.56765765] b: [-0.27112615] loss: 1.0794108
W: [-0.56817657] b: [-0.26958555] loss: 1.0767982
W: [-0.56869537] b: [-0.268047] loss: 1.0741924
W: [-0.569214] b: [-0.2665105] loss: 1.0715928
W: [-0.5697324] b: [-0.26497597] loss: 1.0689995
W: [-0.5702507] b: [-0.26344347] loss: 1.0664124
W: [-0.5707687] b: [-0.26191294] loss: 1.0638318
W: [-0.5712865] b: [-0.2603844] loss: 1.0612571
W: [-0.57180405] b: [-0.25885785] loss: 1.0586889
W: [-0.5723213] b: [-0.25733325] loss: 1.0561268
W: [-0.57283825] b: [-0.2558106] loss: 1.0535709
W: [-0.57335484] b: [-0.2542899] loss: 1.0510211
W: [-0.5738711] b: [-0.2527711] loss: 1.0484774
W: [-0.5743869] b: [-0.25125426] loss: 1.04594
W: [-0.5749023] b: [-0.2497393] loss: 1.0434088
W: [-0.5754173] b: [-0.24822626] loss: 1.0408839
W: [-0.5759318] b: [-0.2467151] loss: 1.0383646
W: [-0.5764458] b: [-0.24520582] loss: 1.0358518
W: [-0.5769594] b: [-0.2436984] loss: 1.033345
W: [-0.57747245] b: [-0.24219286] loss: 1.0308443
W: [-0.577985] b: [-0.24068917] loss: 1.0283493
W: [-0.578497] b: [-0.23918733] loss: 1.0258608
W: [-0.5790084] b: [-0.23768733] loss: 1.0233781
W: [-0.5795193] b: [-0.23618917] loss: 1.0209014
W: [-0.58002955] b: [-0.23469283] loss: 1.0184308
W: [-0.5805392] b: [-0.2331983] loss: 1.015966
W: [-0.5810483] b: [-0.23170559] loss: 1.0135074
W: [-0.5815568] b: [-0.2302147] loss: 1.0110548
W: [-0.5820646] b: [-0.22872561] loss: 1.0086079
W: [-0.58257186] b: [-0.22723833] loss: 1.0061668
W: [-0.58307844] b: [-0.22575283] loss: 1.003732
W: [-0.5835844] b: [-0.22426912] loss: 1.0013028
W: [-0.58408976] b: [-0.2227872] loss: 0.9988797
W: [-0.5845944] b: [-0.22130707] loss: 0.9964623
W: [-0.58509845] b: [-0.21982871] loss: 0.99405086
W: [-0.5856018] b: [-0.21835212] loss: 0.9916451
W: [-0.5861045] b: [-0.21687731] loss: 0.9892454
W: [-0.58660656] b: [-0.21540427] loss: 0.9868512
W: [-0.58710796] b: [-0.213933] loss: 0.9844629
W: [-0.5876087] b: [-0.2124635] loss: 0.9820806
W: [-0.5881088] b: [-0.21099575] loss: 0.9797039
W: [-0.5886082] b: [-0.20952976] loss: 0.977333
W: [-0.589107] b: [-0.20806552] loss: 0.9749676
W: [-0.5896051] b: [-0.20660305] loss: 0.9726082
W: [-0.5901026] b: [-0.20514233] loss: 0.9702544
W: [-0.5905995] b: [-0.20368338] loss: 0.96790624
W: [-0.5910957] b: [-0.20222616] loss: 0.96556383
W: [-0.59159124] b: [-0.2007707] loss: 0.9632272
W: [-0.59208614] b: [-0.199317] loss: 0.960896
W: [-0.5925804] b: [-0.19786502] loss: 0.9585706
W: [-0.593074] b: [-0.1964148] loss: 0.9562508
W: [-0.593567] b: [-0.19496632] loss: 0.9539366
W: [-0.59405935] b: [-0.19351958] loss: 0.95162797
W: [-0.5945511] b: [-0.19207458] loss: 0.949325
W: [-0.59504217] b: [-0.19063132] loss: 0.9470275
W: [-0.59553266] b: [-0.18918979] loss: 0.9447355
W: [-0.5960225] b: [-0.18775] loss: 0.9424492
W: [-0.5965117] b: [-0.18631195] loss: 0.9401686
W: [-0.59700036] b: [-0.18487562] loss: 0.93789315
W: [-0.59748834] b: [-0.18344103] loss: 0.93562365
W: [-0.59797573] b: [-0.18200816] loss: 0.93335915
W: [-0.5984625] b: [-0.18057702] loss: 0.9311005
W: [-0.5989487] b: [-0.17914762] loss: 0.92884696
W: [-0.59943426] b: [-0.17771994] loss: 0.9265994
W: [-0.5999192] b: [-0.17629398] loss: 0.92435664
W: [-0.60040355] b: [-0.17486975] loss: 0.9221198
W: [-0.6008873] b: [-0.17344724] loss: 0.91988826
W: [-0.60137045] b: [-0.17202644] loss: 0.917662
W: [-0.601853] b: [-0.17060736] loss: 0.91544116
W: [-0.602335] b: [-0.16918999] loss: 0.91322577
W: [-0.6028164] b: [-0.16777433] loss: 0.91101557
W: [-0.60329723] b: [-0.1663604] loss: 0.90881085
W: [-0.60377747] b: [-0.16494817] loss: 0.9066114
W: [-0.6042571] b: [-0.16353765] loss: 0.90441734
W: [-0.60473615] b: [-0.16212884] loss: 0.90222865
W: [-0.60521466] b: [-0.16072173] loss: 0.9000452
W: [-0.60569257] b: [-0.15931633] loss: 0.897867
W: [-0.6061699] b: [-0.15791263] loss: 0.895694
W: [-0.6066466] b: [-0.15651064] loss: 0.8935265
W: [-0.6071228] b: [-0.15511033] loss: 0.8913642
W: [-0.60759836] b: [-0.15371172] loss: 0.8892068
W: [-0.6080734] b: [-0.15231481] loss: 0.8870549
W: [-0.60854787] b: [-0.1509196] loss: 0.8849082
W: [-0.6090217] b: [-0.14952607] loss: 0.88276666
W: [-0.60949504] b: [-0.14813423] loss: 0.8806304
W: [-0.60996777] b: [-0.14674407] loss: 0.8784992
W: [-0.61043996] b: [-0.14535561] loss: 0.8763731
W: [-0.61091155] b: [-0.14396882] loss: 0.8742522
W: [-0.6113826] b: [-0.14258371] loss: 0.87213653
W: [-0.61185306] b: [-0.14120029] loss: 0.8700259
W: [-0.612323] b: [-0.13981853] loss: 0.86792034
W: [-0.6127923] b: [-0.13843846] loss: 0.8658198
W: [-0.6132611] b: [-0.13706006] loss: 0.8637244
W: [-0.6137293] b: [-0.13568333] loss: 0.86163425
W: [-0.61419696] b: [-0.13430826] loss: 0.85954887
W: [-0.614664] b: [-0.13293487] loss: 0.85746896
W: [-0.61513054] b: [-0.13156313] loss: 0.85539365
W: [-0.6155965] b: [-0.13019305] loss: 0.8533237
W: [-0.61606187] b: [-0.12882464] loss: 0.85125846
W: [-0.6165267] b: [-0.12745789] loss: 0.84919834
W: [-0.616991] b: [-0.12609279] loss: 0.8471433
W: [-0.6174547] b: [-0.12472934] loss: 0.8450931
W: [-0.6179179] b: [-0.12336755] loss: 0.8430479
W: [-0.6183805] b: [-0.12200741] loss: 0.8410077
W: [-0.61884254] b: [-0.12064891] loss: 0.83897245
W: [-0.619304] b: [-0.11929207] loss: 0.836942
W: [-0.6197649] b: [-0.11793686] loss: 0.83491653
W: [-0.6202253] b: [-0.11658329] loss: 0.83289593
W: [-0.6206851] b: [-0.11523136] loss: 0.8308803
W: [-0.62114435] b: [-0.11388107] loss: 0.82886946
W: [-0.6216031] b: [-0.11253241] loss: 0.82686365
W: [-0.62206125] b: [-0.11118539] loss: 0.8248625
W: [-0.62251884] b: [-0.10984001] loss: 0.8228663
W: [-0.6229759] b: [-0.10849625] loss: 0.820875
W: [-0.6234324] b: [-0.10715412] loss: 0.81888837
W: [-0.6238883] b: [-0.10581361] loss: 0.81690663
W: [-0.6243437] b: [-0.10447472] loss: 0.8149295
W: [-0.62479854] b: [-0.10313746] loss: 0.8129574
W: [-0.62525284] b: [-0.10180182] loss: 0.81099
W: [-0.62570655] b: [-0.10046779] loss: 0.80902743
W: [-0.6261597] b: [-0.09913538] loss: 0.8070694
W: [-0.62661237] b: [-0.09780458] loss: 0.80511636
W: [-0.62706447] b: [-0.0964754] loss: 0.8031678
W: [-0.62751603] b: [-0.09514783] loss: 0.8012241
W: [-0.62796706] b: [-0.09382185] loss: 0.79928505
W: [-0.6284175] b: [-0.09249749] loss: 0.79735065
W: [-0.6288674] b: [-0.09117473] loss: 0.795421
W: [-0.62931675] b: [-0.08985357] loss: 0.79349613
W: [-0.62976557] b: [-0.08853401] loss: 0.7915757
W: [-0.63021386] b: [-0.08721605] loss: 0.78966
W: [-0.6306616] b: [-0.08589968] loss: 0.7877492
W: [-0.6311088] b: [-0.08458491] loss: 0.7858426
W: [-0.6315555] b: [-0.08327173] loss: 0.78394085
W: [-0.6320016] b: [-0.08196013] loss: 0.7820436
W: [-0.6324471] b: [-0.08065013] loss: 0.78015107
W: [-0.63289213] b: [-0.07934171] loss: 0.7782631
W: [-0.6333366] b: [-0.07803488] loss: 0.7763796
W: [-0.63378054] b: [-0.07672963] loss: 0.7745007
W: [-0.63422394] b: [-0.07542595] loss: 0.77262646
W: [-0.6346668] b: [-0.07412386] loss: 0.7707565
W: [-0.6351091] b: [-0.07282335] loss: 0.76889133
W: [-0.6355509] b: [-0.0715244] loss: 0.7670305
W: [-0.63599217] b: [-0.07022703] loss: 0.76517415
W: [-0.6364329] b: [-0.06893124] loss: 0.76332235
W: [-0.63687307] b: [-0.06763701] loss: 0.7614752
W: [-0.6373127] b: [-0.06634435] loss: 0.7596324
W: [-0.6377519] b: [-0.06505325] loss: 0.757794
W: [-0.6381905] b: [-0.06376372] loss: 0.75596017
W: [-0.6386286] b: [-0.06247575] loss: 0.7541306
W: [-0.63906616] b: [-0.06118934] loss: 0.75230545
W: [-0.6395032] b: [-0.05990449] loss: 0.7504848
W: [-0.63993967] b: [-0.05862119] loss: 0.7486686
W: [-0.6403756] b: [-0.05733944] loss: 0.7468568
W: [-0.640811] b: [-0.05605925] loss: 0.74504924
W: [-0.6412459] b: [-0.05478061] loss: 0.7432462
W: [-0.6416803] b: [-0.05350351] loss: 0.74144757
W: [-0.64211416] b: [-0.05222796] loss: 0.7396532
W: [-0.6425475] b: [-0.05095395] loss: 0.7378633
W: [-0.6429803] b: [-0.04968149] loss: 0.7360776
W: [-0.64341253] b: [-0.04841057] loss: 0.73429614
W: [-0.6438443] b: [-0.04714119] loss: 0.73251915
W: [-0.64427555] b: [-0.04587334] loss: 0.73074627
W: [-0.64470625] b: [-0.04460703] loss: 0.72897804
W: [-0.6451364] b: [-0.04334225] loss: 0.7272136
W: [-0.6455661] b: [-0.04207901] loss: 0.72545385
W: [-0.64599526] b: [-0.04081729] loss: 0.7236981
W: [-0.6464239] b: [-0.0395571] loss: 0.72194684
W: [-0.64685196] b: [-0.03829843] loss: 0.72019964
W: [-0.64727956] b: [-0.03704129] loss: 0.7184567
W: [-0.6477066] b: [-0.03578567] loss: 0.7167179
W: [-0.64813316] b: [-0.03453157] loss: 0.7149834
W: [-0.6485592] b: [-0.03327899] loss: 0.71325314
W: [-0.64898473] b: [-0.03202793] loss: 0.7115269
W: [-0.6494097] b: [-0.03077838] loss: 0.7098049
W: [-0.6498342] b: [-0.02953034] loss: 0.7080872
W: [-0.6502582] b: [-0.02828381] loss: 0.7063736
W: [-0.6506816] b: [-0.0270388] loss: 0.7046641
W: [-0.65110457] b: [-0.02579529] loss: 0.7029588
W: [-0.651527] b: [-0.02455328] loss: 0.7012576
W: [-0.6519489] b: [-0.02331278] loss: 0.6995605
W: [-0.65237033] b: [-0.02207379] loss: 0.6978675
W: [-0.6527912] b: [-0.02083629] loss: 0.6961785
W: [-0.6532116] b: [-0.01960029] loss: 0.69449365
W: [-0.65363145] b: [-0.01836579] loss: 0.692813
W: [-0.6540508] b: [-0.01713278] loss: 0.69113636
W: [-0.65446967] b: [-0.01590126] loss: 0.68946373
W: [-0.65488803] b: [-0.01467124] loss: 0.68779516
W: [-0.65530586] b: [-0.01344271] loss: 0.68613076
W: [-0.6557232] b: [-0.01221566] loss: 0.68447024
W: [-0.65614] b: [-0.0109901] loss: 0.68281376
W: [-0.65655637] b: [-0.00976602] loss: 0.6811613
W: [-0.65697217] b: [-0.00854343] loss: 0.6795128
W: [-0.6573875] b: [-0.00732231] loss: 0.6778684
W: [-0.65780234] b: [-0.00610268] loss: 0.676228
W: [-0.65821666] b: [-0.00488452] loss: 0.6745914
W: [-0.6586305] b: [-0.00366783] loss: 0.67295885
W: [-0.6590438] b: [-0.00245262] loss: 0.6713302
W: [-0.6594566] b: [-0.00123888] loss: 0.6697056
W: [-0.65986896] b: [-2.6613001e-05] loss: 0.6680847
W: [-0.66028076] b: [0.00118419] loss: 0.666468
W: [-0.6606921] b: [0.00239352] loss: 0.664855
W: [-0.66110295] b: [0.0036014] loss: 0.66324604
W: [-0.66151327] b: [0.00480781] loss: 0.6616409
W: [-0.6619231] b: [0.00601275] loss: 0.6600397
W: [-0.6623325] b: [0.00721624] loss: 0.65844244
W: [-0.6627413] b: [0.00841828] loss: 0.6568489
W: [-0.66314965] b: [0.00961885] loss: 0.6552592
W: [-0.6635575] b: [0.01081798] loss: 0.65367347
W: [-0.66396487] b: [0.01201565] loss: 0.6520915
W: [-0.6643717] b: [0.01321187] loss: 0.6505136
W: [-0.6647781] b: [0.01440665] loss: 0.64893925
W: [-0.66518396] b: [0.01559997] loss: 0.6473687
W: [-0.66558933] b: [0.01679185] loss: 0.645802
W: [-0.6659942] b: [0.01798229] loss: 0.64423907
W: [-0.66639864] b: [0.01917129] loss: 0.64268
W: [-0.6668026] b: [0.02035885] loss: 0.64112467
W: [-0.667206] b: [0.02154497] loss: 0.6395731
W: [-0.6676089] b: [0.02272966] loss: 0.63802534
W: [-0.66801137] b: [0.02391291] loss: 0.6364813
W: [-0.66841334] b: [0.02509472] loss: 0.63494086
W: [-0.66881484] b: [0.02627511] loss: 0.6334043
W: [-0.6692158] b: [0.02745407] loss: 0.63187146
W: [-0.6696163] b: [0.0286316] loss: 0.63034225
W: [-0.6700163] b: [0.0298077] loss: 0.6288169
W: [-0.6704158] b: [0.03098238] loss: 0.6272951
W: [-0.6708149] b: [0.03215564] loss: 0.625777
W: [-0.67121345] b: [0.03332748] loss: 0.6242626
W: [-0.67161155] b: [0.0344979] loss: 0.6227517
W: [-0.67200917] b: [0.0356669] loss: 0.6212446
W: [-0.6724063] b: [0.03683448] loss: 0.6197411
W: [-0.672803] b: [0.03800065] loss: 0.6182412
W: [-0.6731991] b: [0.03916541] loss: 0.6167451
W: [-0.6735948] b: [0.04032877] loss: 0.61525255
W: [-0.67398995] b: [0.04149071] loss: 0.61376363
W: [-0.67438465] b: [0.04265124] loss: 0.61227816
W: [-0.6747789] b: [0.04381038] loss: 0.6107965
W: [-0.6751726] b: [0.0449681] loss: 0.60931826
W: [-0.6755659] b: [0.04612442] loss: 0.60784376
W: [-0.6759587] b: [0.04727935] loss: 0.6063727
W: [-0.676351] b: [0.04843288] loss: 0.60490525
W: [-0.67674285] b: [0.049585] loss: 0.6034415
W: [-0.6771342] b: [0.05073574] loss: 0.60198104
W: [-0.67752516] b: [0.05188508] loss: 0.6005241
W: [-0.67791563] b: [0.05303303] loss: 0.59907085
W: [-0.6783056] b: [0.05417959] loss: 0.5976211
W: [-0.67869514] b: [0.05532476] loss: 0.5961747
W: [-0.6790842] b: [0.05646854] loss: 0.5947319
W: [-0.67947274] b: [0.05761094] loss: 0.59329265
W: [-0.67986083] b: [0.05875195] loss: 0.5918569
W: [-0.68024844] b: [0.05989159] loss: 0.5904246
W: [-0.6806356] b: [0.06102984] loss: 0.5889957
W: [-0.6810222] b: [0.06216672] loss: 0.58757025
W: [-0.68140846] b: [0.06330222] loss: 0.5861483
W: [-0.6817942] b: [0.06443635] loss: 0.58472973
W: [-0.6821795] b: [0.0655691] loss: 0.58331466
W: [-0.6825643] b: [0.06670047] loss: 0.581903
W: [-0.68294865] b: [0.06783048] loss: 0.58049476
W: [-0.6833325] b: [0.06895912] loss: 0.57909
W: [-0.68371594] b: [0.0700864] loss: 0.5776885
W: [-0.6840989] b: [0.07121231] loss: 0.57629037
W: [-0.6844814] b: [0.07233685] loss: 0.57489574
W: [-0.6848634] b: [0.07346004] loss: 0.5735045
W: [-0.685245] b: [0.07458186] loss: 0.5721165
W: [-0.6856261] b: [0.07570233] loss: 0.570732
W: [-0.6860067] b: [0.07682145] loss: 0.56935084
W: [-0.6863869] b: [0.0779392] loss: 0.5679729
W: [-0.6867666] b: [0.07905561] loss: 0.5665983
W: [-0.6871459] b: [0.08017066] loss: 0.56522703
W: [-0.6875247] b: [0.08128437] loss: 0.56385916
W: [-0.687903] b: [0.08239672] loss: 0.5624946
W: [-0.6882809] b: [0.08350773] loss: 0.5611334
W: [-0.6886583] b: [0.08461739] loss: 0.55977535
W: [-0.68903524] b: [0.08572571] loss: 0.5584207
W: [-0.68941176] b: [0.08683269] loss: 0.5570693
W: [-0.6897878] b: [0.08793832] loss: 0.5557211
W: [-0.6901634] b: [0.08904262] loss: 0.55437624
W: [-0.6905385] b: [0.09014558] loss: 0.55303454
W: [-0.6909132] b: [0.09124721] loss: 0.5516963
W: [-0.69128746] b: [0.0923475] loss: 0.5503609
W: [-0.69166124] b: [0.09344646] loss: 0.5490291
W: [-0.69203454] b: [0.09454409] loss: 0.54770046
W: [-0.6924074] b: [0.09564039] loss: 0.546375
W: [-0.69277984] b: [0.09673537] loss: 0.54505277
W: [-0.69315183] b: [0.09782901] loss: 0.5437337
W: [-0.69352335] b: [0.09892134] loss: 0.5424177
W: [-0.69389445] b: [0.10001233] loss: 0.541105
W: [-0.69426507] b: [0.10110201] loss: 0.53979564
W: [-0.6946353] b: [0.10219037] loss: 0.5384891
W: [-0.695005] b: [0.10327741] loss: 0.537186
W: [-0.69537425] b: [0.10436314] loss: 0.53588605
W: [-0.6957431] b: [0.10544755] loss: 0.5345891
W: [-0.69611144] b: [0.10653064] loss: 0.53329533
W: [-0.6964794] b: [0.10761243] loss: 0.53200465
W: [-0.6968469] b: [0.10869291] loss: 0.53071725
W: [-0.69721395] b: [0.10977208] loss: 0.5294328
W: [-0.6975806] b: [0.11084994] loss: 0.5281515
W: [-0.6979467] b: [0.1119265] loss: 0.52687347
W: [-0.69831246] b: [0.11300175] loss: 0.5255984
W: [-0.6986777] b: [0.1140757] loss: 0.5243263
W: [-0.69904256] b: [0.11514835] loss: 0.5230574
W: [-0.6994069] b: [0.1162197] loss: 0.5217917
W: [-0.69977087] b: [0.11728975] loss: 0.52052885
W: [-0.7001344] b: [0.11835851] loss: 0.5192692
W: [-0.70049745] b: [0.11942597] loss: 0.51801246
W: [-0.7008601] b: [0.12049215] loss: 0.51675886
W: [-0.7012223] b: [0.12155703] loss: 0.5155083
W: [-0.70158404] b: [0.12262062] loss: 0.51426065
W: [-0.70194536] b: [0.12368292] loss: 0.5130161
W: [-0.7023062] b: [0.12474395] loss: 0.5117746
W: [-0.70266664] b: [0.12580368] loss: 0.510536
W: [-0.70302665] b: [0.12686212] loss: 0.5093005
W: [-0.70338625] b: [0.12791929] loss: 0.5080679
W: [-0.70374537] b: [0.12897518] loss: 0.50683844
W: [-0.70410407] b: [0.1300298] loss: 0.5056117
W: [-0.70446235] b: [0.13108313] loss: 0.5043883
W: [-0.70482016] b: [0.1321352] loss: 0.5031675
W: [-0.70517755] b: [0.13318598] loss: 0.5019498
W: [-0.7055345] b: [0.1342355] loss: 0.50073516
W: [-0.7058911] b: [0.13528374] loss: 0.49952322
W: [-0.70624715] b: [0.13633071] loss: 0.49831426
W: [-0.7066028] b: [0.13737641] loss: 0.49710834
W: [-0.70695806] b: [0.13842085] loss: 0.4959054
W: [-0.7073129] b: [0.13946402] loss: 0.49470532
W: [-0.70766723] b: [0.14050594] loss: 0.49350813
W: [-0.70802116] b: [0.14154659] loss: 0.49231362
W: [-0.7083747] b: [0.14258598] loss: 0.49112225
W: [-0.7087278] b: [0.14362411] loss: 0.4899337
W: [-0.70908046] b: [0.144661] loss: 0.48874798
W: [-0.7094327] b: [0.14569661] loss: 0.4875652
W: [-0.7097845] b: [0.14673097] loss: 0.48638523
W: [-0.7101359] b: [0.14776409] loss: 0.48520815
W: [-0.7104868] b: [0.14879595] loss: 0.48403388
W: [-0.71083736] b: [0.14982656] loss: 0.4828626
W: [-0.7111875] b: [0.15085593] loss: 0.4816941
W: [-0.7115372] b: [0.15188405] loss: 0.48052827
W: [-0.71188647] b: [0.15291092] loss: 0.47936535
W: [-0.71223533] b: [0.15393655] loss: 0.47820526
W: [-0.7125837] b: [0.15496095] loss: 0.4770479
W: [-0.7129317] b: [0.15598409] loss: 0.4758935
W: [-0.71327925] b: [0.157006] loss: 0.47474173
W: [-0.7136264] b: [0.15802667] loss: 0.47359282
W: [-0.7139731] b: [0.1590461] loss: 0.47244677
W: [-0.7143194] b: [0.1600643] loss: 0.47130334
W: [-0.7146653] b: [0.16108127] loss: 0.4701628
W: [-0.71501076] b: [0.162097] loss: 0.46902502
W: [-0.7153558] b: [0.16311152] loss: 0.46788985
W: [-0.71570045] b: [0.1641248] loss: 0.4667575
W: [-0.71604466] b: [0.16513686] loss: 0.46562797
W: [-0.71638846] b: [0.16614768] loss: 0.46450108
W: [-0.71673185] b: [0.16715728] loss: 0.46337694
W: [-0.7170748] b: [0.16816565] loss: 0.46225566
W: [-0.71741736] b: [0.16917281] loss: 0.46113688
W: [-0.7177595] b: [0.17017876] loss: 0.46002084
W: [-0.7181012] b: [0.17118348] loss: 0.45890772
W: [-0.7184425] b: [0.17218699] loss: 0.45779714
W: [-0.7187834] b: [0.17318928] loss: 0.4566891
W: [-0.7191239] b: [0.17419036] loss: 0.45558387
W: [-0.719464] b: [0.17519023] loss: 0.4544814
W: [-0.7198037] b: [0.17618889] loss: 0.45338148
W: [-0.72014296] b: [0.17718633] loss: 0.45228422
W: [-0.7204818] b: [0.17818256] loss: 0.45118976
W: [-0.72082025] b: [0.17917758] loss: 0.45009774
W: [-0.72115827] b: [0.18017142] loss: 0.44900858
W: [-0.72149587] b: [0.18116404] loss: 0.44792193
W: [-0.72183305] b: [0.18215546] loss: 0.44683787
W: [-0.7221699] b: [0.18314569] loss: 0.44575658
W: [-0.7225063] b: [0.1841347] loss: 0.44467774
W: [-0.7228423] b: [0.18512253] loss: 0.44360155
W: [-0.72317785] b: [0.18610917] loss: 0.44252795
W: [-0.723513] b: [0.1870946] loss: 0.44145715
W: [-0.72384775] b: [0.18807884] loss: 0.44038874
W: [-0.7241821] b: [0.18906188] loss: 0.43932295
W: [-0.7245161] b: [0.19004373] loss: 0.43825975
W: [-0.72484964] b: [0.19102441] loss: 0.43719906
W: [-0.7251828] b: [0.19200389] loss: 0.43614113
W: [-0.7255155] b: [0.19298218] loss: 0.43508562
W: [-0.72584784] b: [0.1939593] loss: 0.43403265
W: [-0.7261798] b: [0.19493523] loss: 0.4329823
W: [-0.7265113] b: [0.19590998] loss: 0.43193445
W: [-0.72684246] b: [0.19688354] loss: 0.430889
W: [-0.7271732] b: [0.19785593] loss: 0.42984632
W: [-0.72750354] b: [0.19882715] loss: 0.42880613
W: [-0.72783345] b: [0.19979718] loss: 0.4277683
W: [-0.728163] b: [0.20076604] loss: 0.4267331
W: [-0.72849214] b: [0.20173372] loss: 0.42570043
W: [-0.72882086] b: [0.20270024] loss: 0.42467004
W: [-0.7291492] b: [0.20366558] loss: 0.4236423
W: [-0.72947717] b: [0.20462976] loss: 0.42261708
W: [-0.7298047] b: [0.20559278] loss: 0.4215944
W: [-0.73013186] b: [0.20655462] loss: 0.42057407
W: [-0.7304586] b: [0.2075153] loss: 0.41955626
W: [-0.73078495] b: [0.20847481] loss: 0.41854095
W: [-0.73111093] b: [0.20943317] loss: 0.4175279
W: [-0.7314365] b: [0.21039036] loss: 0.41651762
W: [-0.73176163] b: [0.2113464] loss: 0.41550958
W: [-0.7320864] b: [0.21230128] loss: 0.414504
W: [-0.7324108] b: [0.213255] loss: 0.41350085
W: [-0.7327348] b: [0.21420757] loss: 0.41250023
W: [-0.7330584] b: [0.21515898] loss: 0.41150185
W: [-0.73338157] b: [0.21610925] loss: 0.41050604
W: [-0.7337044] b: [0.21705836] loss: 0.40951264
W: [-0.7340268] b: [0.21800633] loss: 0.40852153
W: [-0.73434883] b: [0.21895315] loss: 0.40753287
W: [-0.73467046] b: [0.21989882] loss: 0.40654665
W: [-0.7349917] b: [0.22084334] loss: 0.4055627
W: [-0.7353126] b: [0.22178672] loss: 0.40458122
W: [-0.7356331] b: [0.22272897] loss: 0.40360212
W: [-0.73595315] b: [0.22367007] loss: 0.40262526
W: [-0.7362729] b: [0.22461002] loss: 0.40165102
W: [-0.7365922] b: [0.22554883] loss: 0.40067887
W: [-0.7369111] b: [0.22648652] loss: 0.39970922
W: [-0.73722965] b: [0.22742307] loss: 0.3987419
W: [-0.7375478] b: [0.22835849] loss: 0.39777693
W: [-0.73786557] b: [0.22929278] loss: 0.3968144
W: [-0.73818296] b: [0.23022594] loss: 0.39585406
W: [-0.73849994] b: [0.23115796] loss: 0.39489603
W: [-0.73881656] b: [0.23208885] loss: 0.39394027
W: [-0.73913276] b: [0.2330186] loss: 0.39298692
W: [-0.7394486] b: [0.23394725] loss: 0.39203596
W: [-0.7397641] b: [0.23487476] loss: 0.39108717
W: [-0.74007916] b: [0.23580115] loss: 0.3901407
W: [-0.7403939] b: [0.23672642] loss: 0.38919657
W: [-0.7407082] b: [0.23765057] loss: 0.3882547
W: [-0.7410221] b: [0.2385736] loss: 0.38731503
W: [-0.7413357] b: [0.2394955] loss: 0.38637772
W: [-0.74164885] b: [0.2404163] loss: 0.38544264
W: [-0.74196166] b: [0.24133599] loss: 0.38450992
W: [-0.7422741] b: [0.24225456] loss: 0.38357922
W: [-0.74258614] b: [0.243172] loss: 0.38265097
W: [-0.7428978] b: [0.24408835] loss: 0.381725
W: [-0.7432091] b: [0.24500358] loss: 0.3808012
W: [-0.74352] b: [0.24591771] loss: 0.37987965
W: [-0.74383056] b: [0.24683073] loss: 0.37896025
W: [-0.74414074] b: [0.24774265] loss: 0.37804312
W: [-0.7444505] b: [0.24865346] loss: 0.37712824
W: [-0.7447599] b: [0.24956316] loss: 0.3762156
W: [-0.74506897] b: [0.25047177] loss: 0.37530518
W: [-0.74537766] b: [0.25137928] loss: 0.3743968
W: [-0.74568594] b: [0.2522857] loss: 0.37349075
W: [-0.74599385] b: [0.253191] loss: 0.3725869
W: [-0.7463014] b: [0.2540952] loss: 0.37168515
W: [-0.74660856] b: [0.25499833] loss: 0.37078577
W: [-0.74691534] b: [0.25590035] loss: 0.36988837
W: [-0.74722177] b: [0.25680128] loss: 0.36899328
W: [-0.74752784] b: [0.25770113] loss: 0.36810023
W: [-0.74783355] b: [0.25859988] loss: 0.36720946
W: [-0.74813884] b: [0.25949755] loss: 0.36632076
W: [-0.7484438] b: [0.26039413] loss: 0.36543417
W: [-0.74874836] b: [0.26128963] loss: 0.3645498
W: [-0.7490526] b: [0.26218402] loss: 0.36366752
W: [-0.74935645] b: [0.26307735] loss: 0.36278743
W: [-0.7496599] b: [0.2639696] loss: 0.3619095
W: [-0.749963] b: [0.26486075] loss: 0.3610337
W: [-0.7502657] b: [0.26575083] loss: 0.36015993
W: [-0.7505681] b: [0.26663983] loss: 0.3592884
W: [-0.7508701] b: [0.26752776] loss: 0.35841882
W: [-0.75117177] b: [0.26841462] loss: 0.3575515
W: [-0.75147307] b: [0.2693004] loss: 0.35668612
W: [-0.75177395] b: [0.2701851] loss: 0.35582283
W: [-0.7520745] b: [0.27106875] loss: 0.3549618
W: [-0.75237465] b: [0.27195132] loss: 0.3541027
W: [-0.75267446] b: [0.2728328] loss: 0.3532458
W: [-0.7529739] b: [0.27371323] loss: 0.3523909
W: [-0.753273] b: [0.2745926] loss: 0.35153812
W: [-0.75357175] b: [0.2754709] loss: 0.35068738
W: [-0.7538701] b: [0.27634814] loss: 0.34983867
W: [-0.75416815] b: [0.27722433] loss: 0.34899202
W: [-0.7544658] b: [0.27809945] loss: 0.3481475
W: [-0.7547631] b: [0.2789735] loss: 0.34730497
W: [-0.7550601] b: [0.2798465] loss: 0.34646437
W: [-0.75535667] b: [0.28071842] loss: 0.34562588
W: [-0.7556529] b: [0.2815893] loss: 0.34478948
W: [-0.7559487] b: [0.28245914] loss: 0.34395498
W: [-0.7562442] b: [0.2833279] loss: 0.3431226
W: [-0.7565393] b: [0.28419563] loss: 0.3422923
W: [-0.75683403] b: [0.2850623] loss: 0.34146392
W: [-0.7571284] b: [0.28592795] loss: 0.34063762
W: [-0.75742245] b: [0.28679252] loss: 0.3398132
W: [-0.7577162] b: [0.28765604] loss: 0.33899084
W: [-0.75800955] b: [0.28851852] loss: 0.3381704
W: [-0.75830257] b: [0.28937995] loss: 0.3373521
W: [-0.7585952] b: [0.29024035] loss: 0.33653563
W: [-0.7588875] b: [0.2910997] loss: 0.33572125
W: [-0.7591795] b: [0.291958] loss: 0.33490878
W: [-0.75947106] b: [0.29281527] loss: 0.33409822
W: [-0.7597623] b: [0.29367152] loss: 0.33328974
W: [-0.76005316] b: [0.29452673] loss: 0.33248314
W: [-0.7603437] b: [0.2953809] loss: 0.33167845
W: [-0.7606338] b: [0.296234] loss: 0.33087584
W: [-0.7609236] b: [0.29708612] loss: 0.3300751
W: [-0.76121306] b: [0.29793718] loss: 0.32927623
W: [-0.7615022] b: [0.29878724] loss: 0.3284794
W: [-0.761791] b: [0.29963624] loss: 0.32768446
W: [-0.7620794] b: [0.30048424] loss: 0.3268913
W: [-0.7623675] b: [0.3013312] loss: 0.32610035
W: [-0.7626552] b: [0.30217713] loss: 0.32531112
W: [-0.76294255] b: [0.30302203] loss: 0.32452372
W: [-0.76322955] b: [0.3038659] loss: 0.32373846
W: [-0.76351625] b: [0.30470878] loss: 0.3229549
W: [-0.7638026] b: [0.3055506] loss: 0.32217336
W: [-0.7640886] b: [0.30639142] loss: 0.32139373
W: [-0.7643742] b: [0.30723122] loss: 0.3206159
W: [-0.76465946] b: [0.30807] loss: 0.31983995
W: [-0.7649444] b: [0.30890778] loss: 0.31906596
W: [-0.765229] b: [0.30974454] loss: 0.31829378
W: [-0.76551324] b: [0.31058028] loss: 0.31752348
W: [-0.76579714] b: [0.31141502] loss: 0.31675506
W: [-0.7660807] b: [0.31224874] loss: 0.31598848
W: [-0.7663639] b: [0.31308144] loss: 0.3152238
W: [-0.7666468] b: [0.31391314] loss: 0.3144609
W: [-0.7669293] b: [0.31474382] loss: 0.31369984
W: [-0.7672115] b: [0.3155735] loss: 0.3129407
W: [-0.76749337] b: [0.3164022] loss: 0.31218338
W: [-0.7677749] b: [0.31722987] loss: 0.31142795
W: [-0.76805604] b: [0.31805655] loss: 0.31067422
W: [-0.7683369] b: [0.31888223] loss: 0.30992234
W: [-0.7686174] b: [0.31970692] loss: 0.3091723
W: [-0.76889753] b: [0.3205306] loss: 0.3084241
W: [-0.7691773] b: [0.3213533] loss: 0.30767763
W: [-0.7694568] b: [0.32217497] loss: 0.3069331
W: [-0.76973593] b: [0.32299566] loss: 0.30619025
W: [-0.7700147] b: [0.32381535] loss: 0.30544928
W: [-0.7702932] b: [0.32463405] loss: 0.3047101
W: [-0.7705713] b: [0.32545176] loss: 0.3039727
W: [-0.77084905] b: [0.3262685] loss: 0.30323696
W: [-0.7711265] b: [0.3270842] loss: 0.30250323
W: [-0.7714036] b: [0.32789895] loss: 0.3017711
W: [-0.7716804] b: [0.3287127] loss: 0.3010408
W: [-0.77195686] b: [0.32952547] loss: 0.30031225
W: [-0.77223295] b: [0.33033726] loss: 0.2995855
W: [-0.77250874] b: [0.33114806] loss: 0.2988605
W: [-0.7727842] b: [0.33195788] loss: 0.29813716
W: [-0.7730593] b: [0.3327667] loss: 0.29741576
W: [-0.7733341] b: [0.33357456] loss: 0.29669592
W: [-0.7736085] b: [0.33438146] loss: 0.29597786
W: [-0.7738826] b: [0.33518738] loss: 0.29526162
W: [-0.7741564] b: [0.3359923] loss: 0.29454708
W: [-0.77442986] b: [0.33679625] loss: 0.29383424
W: [-0.77470297] b: [0.33759925] loss: 0.29312316
W: [-0.7749758] b: [0.33840126] loss: 0.29241377
W: [-0.7752482] b: [0.3392023] loss: 0.29170614
W: [-0.7755203] b: [0.3400024] loss: 0.29100007
W: [-0.7757921] b: [0.3408015] loss: 0.2902959
W: [-0.77606356] b: [0.34159964] loss: 0.28959334
W: [-0.7763347] b: [0.34239683] loss: 0.28889245
W: [-0.7766055] b: [0.34319302] loss: 0.28819337
W: [-0.776876] b: [0.34398827] loss: 0.28749585
W: [-0.7771461] b: [0.34478256] loss: 0.28680015
W: [-0.77741593] b: [0.34557587] loss: 0.28610605
W: [-0.7776854] b: [0.34636822] loss: 0.28541374
W: [-0.7779546] b: [0.34715962] loss: 0.28472298
W: [-0.77822345] b: [0.34795007] loss: 0.28403386
W: [-0.778492] b: [0.34873956] loss: 0.28334653
W: [-0.7787602] b: [0.3495281] loss: 0.28266078
W: [-0.77902806] b: [0.3503157] loss: 0.28197664
W: [-0.7792956] b: [0.35110232] loss: 0.2812943
W: [-0.77956283] b: [0.351888] loss: 0.28061354
W: [-0.77982974] b: [0.35267273] loss: 0.27993447
W: [-0.7800963] b: [0.3534565] loss: 0.27925694
W: [-0.78036255] b: [0.3542393] loss: 0.27858108
W: [-0.7806285] b: [0.35502118] loss: 0.27790698
W: [-0.7808941] b: [0.3558021] loss: 0.27723438
W: [-0.7811594] b: [0.35658208] loss: 0.2765635
W: [-0.78142434] b: [0.3573611] loss: 0.27589414
W: [-0.781689] b: [0.3581392] loss: 0.27522653
W: [-0.78195333] b: [0.35891634] loss: 0.2745604
W: [-0.7822173] b: [0.35969254] loss: 0.27389595
W: [-0.782481] b: [0.36046782] loss: 0.27323312
W: [-0.7827444] b: [0.36124215] loss: 0.2725718
W: [-0.78300744] b: [0.36201555] loss: 0.27191213
W: [-0.7832702] b: [0.362788] loss: 0.27125415
W: [-0.7835326] b: [0.3635595] loss: 0.27059767
W: [-0.7837947] b: [0.36433008] loss: 0.26994282
W: [-0.7840565] b: [0.36509973] loss: 0.2692895
W: [-0.784318] b: [0.36586845] loss: 0.2686379
W: [-0.7845791] b: [0.36663625] loss: 0.2679877
W: [-0.7848399] b: [0.3674031] loss: 0.2673391
W: [-0.78510046] b: [0.368169] loss: 0.2666922
W: [-0.78536063] b: [0.368934] loss: 0.2660467
W: [-0.7856205] b: [0.36969808] loss: 0.2654029
W: [-0.7858801] b: [0.37046123] loss: 0.26476064
W: [-0.7861393] b: [0.37122345] loss: 0.26411992
W: [-0.78639823] b: [0.37198475] loss: 0.26348072
W: [-0.78665686] b: [0.37274513] loss: 0.26284304
W: [-0.7869152] b: [0.37350458] loss: 0.262207
W: [-0.78717315] b: [0.3742631] loss: 0.26157245
W: [-0.7874308] b: [0.37502074] loss: 0.26093942
W: [-0.7876882] b: [0.37577745] loss: 0.26030794
W: [-0.7879453] b: [0.37653324] loss: 0.25967795
W: [-0.78820205] b: [0.3772881] loss: 0.2590495
W: [-0.78845847] b: [0.37804207] loss: 0.25842255
W: [-0.7887146] b: [0.37879512] loss: 0.25779718
W: [-0.7889704] b: [0.37954727] loss: 0.25717336
W: [-0.78922594] b: [0.3802985] loss: 0.25655097
W: [-0.78948116] b: [0.3810488] loss: 0.25593
W: [-0.78973603] b: [0.3817982] loss: 0.25531065
W: [-0.7899906] b: [0.38254672] loss: 0.25469273
W: [-0.7902449] b: [0.3832943] loss: 0.25407642
W: [-0.79049885] b: [0.384041] loss: 0.25346154
W: [-0.79075253] b: [0.38478678] loss: 0.25284812
W: [-0.7910059] b: [0.38553166] loss: 0.25223622
W: [-0.79125893] b: [0.38627565] loss: 0.25162584
W: [-0.79151165] b: [0.38701874] loss: 0.25101683
W: [-0.7917641] b: [0.3877609] loss: 0.25040936
W: [-0.7920162] b: [0.38850218] loss: 0.2498033
W: [-0.79226804] b: [0.38924256] loss: 0.24919887
W: [-0.79251957] b: [0.38998204] loss: 0.24859574
W: [-0.7927708] b: [0.39072064] loss: 0.24799411
W: [-0.7930217] b: [0.39145833] loss: 0.24739397
W: [-0.79327226] b: [0.39219514] loss: 0.2467953
W: [-0.79352254] b: [0.39293104] loss: 0.24619794
W: [-0.7937725] b: [0.39366606] loss: 0.24560219
W: [-0.7940222] b: [0.39440018] loss: 0.2450078
W: [-0.7942716] b: [0.39513344] loss: 0.24441488
W: [-0.7945207] b: [0.3958658] loss: 0.24382332
W: [-0.79476947] b: [0.39659727] loss: 0.24323323
W: [-0.79501796] b: [0.39732784] loss: 0.24264465
W: [-0.79526615] b: [0.39805755] loss: 0.24205738
W: [-0.79551405] b: [0.39878637] loss: 0.24147159
W: [-0.79576164] b: [0.3995143] loss: 0.24088721
W: [-0.79600894] b: [0.40024135] loss: 0.24030428
W: [-0.79625595] b: [0.4009675] loss: 0.23972279
W: [-0.79650265] b: [0.4016928] loss: 0.23914263
W: [-0.79674906] b: [0.4024172] loss: 0.2385638
W: [-0.79699516] b: [0.40314075] loss: 0.23798648
W: [-0.797241] b: [0.4038634] loss: 0.23741055
W: [-0.7974865] b: [0.40458518] loss: 0.23683591
W: [-0.7977317] b: [0.4053061] loss: 0.23626281
W: [-0.7979766] b: [0.40602612] loss: 0.23569104
W: [-0.79822123] b: [0.40674528] loss: 0.23512061
W: [-0.79846555] b: [0.40746358] loss: 0.23455165
W: [-0.7987096] b: [0.408181] loss: 0.23398395
W: [-0.7989533] b: [0.40889758] loss: 0.23341775
W: [-0.7991967] b: [0.40961328] loss: 0.23285289
W: [-0.79943985] b: [0.41032812] loss: 0.23228931
W: [-0.7996827] b: [0.4110421] loss: 0.2317271
W: [-0.7999252] b: [0.4117552] loss: 0.23116629
W: [-0.80016744] b: [0.41246745] loss: 0.23060688
W: [-0.8004094] b: [0.41317883] loss: 0.23004884
W: [-0.800651] b: [0.41388935] loss: 0.2294921
W: [-0.80089235] b: [0.414599] loss: 0.22893666
W: [-0.8011334] b: [0.4153078] loss: 0.22838262
W: [-0.8013742] b: [0.4160157] loss: 0.22782986
W: [-0.8016147] b: [0.41672277] loss: 0.22727856
W: [-0.8018549] b: [0.417429] loss: 0.22672851
W: [-0.8020948] b: [0.41813436] loss: 0.22617987
W: [-0.8023344] b: [0.41883886] loss: 0.2256325
W: [-0.80257374] b: [0.41954252] loss: 0.2250864
W: [-0.80281276] b: [0.42024532] loss: 0.22454172
W: [-0.8030515] b: [0.42094728] loss: 0.22399828
W: [-0.80328995] b: [0.42164838] loss: 0.22345613
W: [-0.80352813] b: [0.42234865] loss: 0.22291543
W: [-0.803766] b: [0.42304805] loss: 0.22237593
W: [-0.8040036] b: [0.42374662] loss: 0.22183773
W: [-0.8042409] b: [0.42444432] loss: 0.22130094
W: [-0.8044779] b: [0.4251412] loss: 0.22076528
W: [-0.8047146] b: [0.42583722] loss: 0.2202311
W: [-0.8049511] b: [0.4265324] loss: 0.21969803
W: [-0.8051872] b: [0.42722672] loss: 0.2191664
W: [-0.8054231] b: [0.42792022] loss: 0.21863595
W: [-0.80565864] b: [0.4286129] loss: 0.21810693
W: [-0.80589396] b: [0.42930472] loss: 0.21757908
W: [-0.806129] b: [0.4299957] loss: 0.21705255
W: [-0.8063637] b: [0.43068582] loss: 0.21652722
W: [-0.8065981] b: [0.43137512] loss: 0.21600316
W: [-0.8068323] b: [0.43206358] loss: 0.21548048
W: [-0.8070662] b: [0.4327512] loss: 0.214959
W: [-0.8072998] b: [0.433438] loss: 0.21443884
W: [-0.8075331] b: [0.434124] loss: 0.21391983
W: [-0.80776614] b: [0.43480915] loss: 0.21340217
W: [-0.8079989] b: [0.43549347] loss: 0.21288568
W: [-0.80823135] b: [0.43617696] loss: 0.21237047
W: [-0.8084635] b: [0.4368596] loss: 0.21185653
W: [-0.80869544] b: [0.43754146] loss: 0.21134381
W: [-0.80892706] b: [0.43822247] loss: 0.21083234
W: [-0.8091584] b: [0.43890265] loss: 0.21032213
W: [-0.8093895] b: [0.43958202] loss: 0.20981316
W: [-0.80962026] b: [0.44026056] loss: 0.20930539
W: [-0.80985075] b: [0.44093826] loss: 0.20879883
W: [-0.810081] b: [0.44161516] loss: 0.2082935
W: [-0.81031096] b: [0.44229123] loss: 0.20778942
W: [-0.8105406] b: [0.4429665] loss: 0.20728655
W: [-0.81077003] b: [0.44364092] loss: 0.20678492
W: [-0.81099916] b: [0.44431454] loss: 0.20628448
W: [-0.811228] b: [0.44498736] loss: 0.2057852
W: [-0.81145656] b: [0.44565934] loss: 0.20528725
W: [-0.81168485] b: [0.44633052] loss: 0.20479043
W: [-0.81191283] b: [0.4470009] loss: 0.20429486
W: [-0.8121406] b: [0.44767046] loss: 0.20380038
W: [-0.81236804] b: [0.4483392] loss: 0.20330718
W: [-0.8125952] b: [0.44900712] loss: 0.20281513
W: [-0.8128221] b: [0.44967425] loss: 0.2023243
W: [-0.8130487] b: [0.45034057] loss: 0.2018347
W: [-0.8132751] b: [0.45100608] loss: 0.2013463
W: [-0.8135012] b: [0.4516708] loss: 0.20085901
W: [-0.81372696] b: [0.4523347] loss: 0.20037284
W: [-0.8139525] b: [0.4529978] loss: 0.199888
W: [-0.81417775] b: [0.4536601] loss: 0.19940417
W: [-0.81440276] b: [0.4543216] loss: 0.19892165
W: [-0.81462747] b: [0.45498228] loss: 0.19844024
W: [-0.81485194] b: [0.45564216] loss: 0.19796003
W: [-0.8150761] b: [0.45630124] loss: 0.19748092
W: [-0.8153] b: [0.45695955] loss: 0.197003
W: [-0.8155236] b: [0.45761704] loss: 0.19652624
W: [-0.81574696] b: [0.45827374] loss: 0.1960506
W: [-0.81597006] b: [0.45892966] loss: 0.19557613
W: [-0.81619287] b: [0.45958477] loss: 0.19510284
W: [-0.8164154] b: [0.46023908] loss: 0.19463074
W: [-0.8166377] b: [0.46089262] loss: 0.19415973
W: [-0.8168597] b: [0.46154535] loss: 0.19368984
W: [-0.81708145] b: [0.4621973] loss: 0.19322105
W: [-0.81730294] b: [0.46284845] loss: 0.19275343
W: [-0.81752414] b: [0.46349883] loss: 0.19228697
W: [-0.8177451] b: [0.4641484] loss: 0.19182166
W: [-0.81796575] b: [0.4647972] loss: 0.19135739
W: [-0.81818616] b: [0.46544522] loss: 0.19089428
W: [-0.8184063] b: [0.46609244] loss: 0.19043225
W: [-0.81862617] b: [0.46673888] loss: 0.18997145
W: [-0.81884575] b: [0.46738455] loss: 0.18951169
W: [-0.8190651] b: [0.4680294] loss: 0.18905312
W: [-0.81928414] b: [0.4686735] loss: 0.18859555
W: [-0.81950295] b: [0.4693168] loss: 0.18813908
W: [-0.8197215] b: [0.46995935] loss: 0.18768378
W: [-0.8199398] b: [0.4706011] loss: 0.18722962
W: [-0.8201578] b: [0.4712421] loss: 0.18677652
W: [-0.82037556] b: [0.4718823] loss: 0.18632448
W: [-0.82059306] b: [0.47252175] loss: 0.18587355
W: [-0.82081026] b: [0.47316042] loss: 0.18542376
W: [-0.8210272] b: [0.4737983] loss: 0.18497497
W: [-0.82124394] b: [0.47443542] loss: 0.18452726
W: [-0.82146037] b: [0.47507176] loss: 0.1840807
W: [-0.82167655] b: [0.47570732] loss: 0.18363523
W: [-0.82189244] b: [0.4763421] loss: 0.18319088
W: [-0.8221081] b: [0.47697613] loss: 0.18274753
W: [-0.8223235] b: [0.4776094] loss: 0.18230525
W: [-0.8225386] b: [0.4782419] loss: 0.18186407
W: [-0.8227535] b: [0.4788736] loss: 0.1814239
W: [-0.82296807] b: [0.4795046] loss: 0.18098488
W: [-0.8231824] b: [0.4801348] loss: 0.18054684
W: [-0.8233965] b: [0.4807642] loss: 0.1801099
W: [-0.8236103] b: [0.4813929] loss: 0.17967409
W: [-0.82382387] b: [0.4820208] loss: 0.1792393
W: [-0.8240372] b: [0.48264796] loss: 0.17880547
W: [-0.8242502] b: [0.48327434] loss: 0.17837282
W: [-0.824463] b: [0.48389998] loss: 0.17794111
W: [-0.82467556] b: [0.48452485] loss: 0.17751043
W: [-0.8248878] b: [0.48514897] loss: 0.17708082
W: [-0.8250998] b: [0.48577234] loss: 0.17665233
W: [-0.8253116] b: [0.48639494] loss: 0.17622478
W: [-0.82552314] b: [0.4870168] loss: 0.1757983
W: [-0.8257344] b: [0.4876379] loss: 0.17537293
W: [-0.8259454] b: [0.48825827] loss: 0.17494851
W: [-0.82615614] b: [0.48887786] loss: 0.17452504
W: [-0.8263666] b: [0.4894967] loss: 0.17410272
W: [-0.8265768] b: [0.4901148] loss: 0.17368135
W: [-0.8267868] b: [0.49073216] loss: 0.17326106
W: [-0.82699656] b: [0.49134877] loss: 0.17284174
W: [-0.827206] b: [0.49196464] loss: 0.17242345
W: [-0.8274152] b: [0.49257976] loss: 0.17200617
W: [-0.8276242] b: [0.49319413] loss: 0.17158991
W: [-0.82783294] b: [0.49380776] loss: 0.17117465
W: [-0.8280414] b: [0.49442065] loss: 0.17076044
W: [-0.8282496] b: [0.4950328] loss: 0.17034712
W: [-0.82845753] b: [0.49564418] loss: 0.16993484
W: [-0.82866526] b: [0.49625483] loss: 0.16952367
W: [-0.8288727] b: [0.49686477] loss: 0.16911337
W: [-0.82907987] b: [0.49747396] loss: 0.16870408
W: [-0.8292868] b: [0.4980824] loss: 0.16829582
W: [-0.8294935] b: [0.4986901] loss: 0.16788852
W: [-0.8297] b: [0.49929708] loss: 0.16748221
W: [-0.82990617] b: [0.49990332] loss: 0.16707695
W: [-0.8301121] b: [0.50050884] loss: 0.16667253
W: [-0.8303178] b: [0.5011136] loss: 0.16626924
W: [-0.83052325] b: [0.5017176] loss: 0.1658668
W: [-0.8307285] b: [0.50232095] loss: 0.16546544
W: [-0.8309334] b: [0.50292355] loss: 0.1650649
W: [-0.8311381] b: [0.5035254] loss: 0.16466552
W: [-0.8313425] b: [0.5041265] loss: 0.16426703
W: [-0.8315467] b: [0.5047269] loss: 0.16386944
W: [-0.8317507] b: [0.50532657] loss: 0.16347282
W: [-0.8319544] b: [0.5059255] loss: 0.16307722
W: [-0.8321579] b: [0.50652367] loss: 0.16268256
W: [-0.8323611] b: [0.50712115] loss: 0.1622889
W: [-0.83256406] b: [0.5077179] loss: 0.16189611
W: [-0.8327668] b: [0.50831395] loss: 0.16150436
W: [-0.83296925] b: [0.5089093] loss: 0.16111346
W: [-0.8331715] b: [0.5095039] loss: 0.16072357
W: [-0.8333735] b: [0.5100978] loss: 0.16033456
W: [-0.83357525] b: [0.510691] loss: 0.15994656
W: [-0.8337768] b: [0.51128346] loss: 0.15955941
W: [-0.83397806] b: [0.51187515] loss: 0.15917332
W: [-0.83417904] b: [0.51246613] loss: 0.15878813
W: [-0.8343798] b: [0.5130564] loss: 0.15840383
W: [-0.8345803] b: [0.51364595] loss: 0.15802054
W: [-0.8347806] b: [0.5142348] loss: 0.15763815
W: [-0.8349806] b: [0.51482296] loss: 0.15725662
W: [-0.8351804] b: [0.5154104] loss: 0.15687604
W: [-0.83537996] b: [0.5159972] loss: 0.15649638
W: [-0.8355793] b: [0.5165832] loss: 0.15611763
W: [-0.83577836] b: [0.5171685] loss: 0.15573981
W: [-0.8359772] b: [0.5177531] loss: 0.15536292
W: [-0.8361758] b: [0.518337] loss: 0.15498693
W: [-0.83637416] b: [0.5189202] loss: 0.15461184
W: [-0.8365723] b: [0.51950264] loss: 0.15423769
W: [-0.8367702] b: [0.52008444] loss: 0.1538644
W: [-0.8369678] b: [0.5206655] loss: 0.15349206
W: [-0.83716524] b: [0.5212459] loss: 0.15312055
W: [-0.8373624] b: [0.52182555] loss: 0.15274999
W: [-0.83755934] b: [0.5224045] loss: 0.15238032
W: [-0.83775604] b: [0.5229828] loss: 0.15201154
W: [-0.8379525] b: [0.52356035] loss: 0.15164365
W: [-0.8381487] b: [0.5241372] loss: 0.15127666
W: [-0.8383447] b: [0.52471334] loss: 0.15091057
W: [-0.83854043] b: [0.5252888] loss: 0.15054534
W: [-0.83873594] b: [0.5258636] loss: 0.15018101
W: [-0.8389312] b: [0.52643764] loss: 0.1498176
W: [-0.8391262] b: [0.52701104] loss: 0.14945494
W: [-0.839321] b: [0.5275837] loss: 0.14909326
W: [-0.83951557] b: [0.5281557] loss: 0.14873251
W: [-0.8397099] b: [0.528727] loss: 0.14837253
W: [-0.83990395] b: [0.5292976] loss: 0.14801346
W: [-0.8400978] b: [0.52986753] loss: 0.14765528
The size of the loss captured was:  1000
