[1673019241.949412] [p9r1n01:117889:0]         mxm.c:196  MXM  WARN  The 'ulimit -s' on the system is set to 'unlimited'. This may have negative performance implications. Please set the stack size to the default value (10240) 
[1673019241.979171] [p9r1n01:117889:0]         mxm.c:196  MXM  WARN  The 'ulimit -s' on the system is set to 'unlimited'. This may have negative performance implications. Please set the stack size to the default value (10240) 
W: [0.3] b: [-0.3] loss: 23.660002
W: [0.2900002] b: [-0.30999795] loss: 22.98944
W: [0.28298423] b: [-0.31700397] loss: 22.525547
W: [0.27728322] b: [-0.32269225] loss: 22.15258
W: [0.2723643] b: [-0.32759702] loss: 21.833641
W: [0.26797837] b: [-0.33196792] loss: 21.551498
W: [0.26398554] b: [-0.33594507] loss: 21.296474
W: [0.26029804] b: [-0.3396164] loss: 21.062504
W: [0.25685656] b: [-0.3430413] loss: 20.845488
W: [0.2536188] b: [-0.34626216] loss: 20.6425
W: [0.25055334] b: [-0.34931043] loss: 20.451372
W: [0.2476361] b: [-0.35221025] loss: 20.27044
W: [0.2448481] b: [-0.3549806] loss: 20.098394
W: [0.24217415] b: [-0.3576367] loss: 19.934185
W: [0.23960178] b: [-0.36019105] loss: 19.77695
W: [0.23712064] b: [-0.36265397] loss: 19.62598
W: [0.23472205] b: [-0.3650342] loss: 19.480673
W: [0.23239861] b: [-0.3673391] loss: 19.340519
W: [0.23014398] b: [-0.36957508] loss: 19.205078
W: [0.22795264] b: [-0.3717476] loss: 19.073975
W: [0.2258198] b: [-0.37386152] loss: 18.946873
W: [0.22374122] b: [-0.37592104] loss: 18.823486
W: [0.22171316] b: [-0.37792993] loss: 18.703552
W: [0.21973228] b: [-0.3798915] loss: 18.586845
W: [0.21779564] b: [-0.38180876] loss: 18.473154
W: [0.21590054] b: [-0.38368437] loss: 18.362303
W: [0.21404456] b: [-0.38552073] loss: 18.25412
W: [0.21222551] b: [-0.38732007] loss: 18.148453
W: [0.21044141] b: [-0.38908437] loss: 18.04517
W: [0.20869042] b: [-0.39081544] loss: 17.94414
W: [0.20697089] b: [-0.39251497] loss: 17.845253
W: [0.20528127] b: [-0.39418447] loss: 17.748402
W: [0.20362017] b: [-0.3958254] loss: 17.653488
W: [0.20198627] b: [-0.397439] loss: 17.560423
W: [0.20037837] b: [-0.3990265] loss: 17.469126
W: [0.19879536] b: [-0.40058905] loss: 17.379515
W: [0.1972362] b: [-0.40212768] loss: 17.291523
W: [0.1956999] b: [-0.40364334] loss: 17.205084
W: [0.19418557] b: [-0.40513697] loss: 17.120129
W: [0.19269235] b: [-0.4066094] loss: 17.036606
W: [0.19121946] b: [-0.40806141] loss: 16.954458
W: [0.18976615] b: [-0.40949377] loss: 16.873636
W: [0.18833172] b: [-0.41090718] loss: 16.79409
W: [0.1869155] b: [-0.4123023] loss: 16.715775
W: [0.18551688] b: [-0.41367972] loss: 16.638647
W: [0.18413526] b: [-0.41504008] loss: 16.562666
W: [0.18277009] b: [-0.41638392] loss: 16.487795
W: [0.18142085] b: [-0.41771176] loss: 16.413998
W: [0.18008703] b: [-0.4190241] loss: 16.34124
W: [0.17876817] b: [-0.4203214] loss: 16.26949
W: [0.17746381] b: [-0.42160413] loss: 16.198715
W: [0.17617354] b: [-0.4228727] loss: 16.12889
W: [0.17489694] b: [-0.42412752] loss: 16.05998
W: [0.17363362] b: [-0.425369] loss: 15.991964
W: [0.17238322] b: [-0.42659748] loss: 15.924816
W: [0.17114538] b: [-0.42781332] loss: 15.858509
W: [0.16991977] b: [-0.4290169] loss: 15.793024
W: [0.16870607] b: [-0.43020847] loss: 15.728335
W: [0.16750398] b: [-0.4313884] loss: 15.664425
W: [0.16631319] b: [-0.43255696] loss: 15.60127
W: [0.16513342] b: [-0.43371442] loss: 15.538854
W: [0.1639644] b: [-0.43486106] loss: 15.477154
W: [0.16280589] b: [-0.43599716] loss: 15.41616
W: [0.1616576] b: [-0.43712294] loss: 15.355845
W: [0.16051932] b: [-0.43823865] loss: 15.296199
W: [0.1593908] b: [-0.43934453] loss: 15.237206
W: [0.15827185] b: [-0.44044077] loss: 15.178847
W: [0.15716223] b: [-0.44152763] loss: 15.121114
W: [0.15606175] b: [-0.4426053] loss: 15.063988
W: [0.15497021] b: [-0.44367394] loss: 15.007456
W: [0.15388742] b: [-0.4447338] loss: 14.951506
W: [0.15281318] b: [-0.44578502] loss: 14.896125
W: [0.15174733] b: [-0.4468278] loss: 14.841299
W: [0.15068969] b: [-0.44786233] loss: 14.78702
W: [0.1496401] b: [-0.44888875] loss: 14.733273
W: [0.14859839] b: [-0.4499072] loss: 14.68005
W: [0.1475644] b: [-0.45091787] loss: 14.627337
W: [0.14653799] b: [-0.4519209] loss: 14.575129
W: [0.14551902] b: [-0.45291644] loss: 14.523412
W: [0.14450735] b: [-0.45390463] loss: 14.472177
W: [0.14350283] b: [-0.4548856] loss: 14.421414
W: [0.14250535] b: [-0.45585948] loss: 14.371117
W: [0.14151476] b: [-0.4568264] loss: 14.321275
W: [0.14053094] b: [-0.45778647] loss: 14.271878
W: [0.13955379] b: [-0.45873985] loss: 14.222923
W: [0.13858317] b: [-0.45968664] loss: 14.174396
W: [0.13761897] b: [-0.46062693] loss: 14.126294
W: [0.13666108] b: [-0.46156085] loss: 14.078608
W: [0.1357094] b: [-0.4624885] loss: 14.031328
W: [0.13476384] b: [-0.46341] loss: 13.984449
W: [0.13382426] b: [-0.46432543] loss: 13.937965
W: [0.1328906] b: [-0.4652349] loss: 13.8918705
W: [0.13196273] b: [-0.4661385] loss: 13.846155
W: [0.13104059] b: [-0.46703637] loss: 13.800815
W: [0.13012406] b: [-0.46792853] loss: 13.755841
W: [0.12921308] b: [-0.4688151] loss: 13.711233
W: [0.12830755] b: [-0.46969616] loss: 13.66698
W: [0.12740739] b: [-0.47057182] loss: 13.623078
W: [0.12651251] b: [-0.4714421] loss: 13.579521
W: [0.12562284] b: [-0.47230715] loss: 13.536305
W: [0.1247383] b: [-0.473167] loss: 13.493424
W: [0.12385881] b: [-0.47402176] loss: 13.450872
W: [0.1229843] b: [-0.4748715] loss: 13.408646
W: [0.1221147] b: [-0.47571623] loss: 13.366737
W: [0.12124993] b: [-0.4765561] loss: 13.325145
W: [0.12038993] b: [-0.47739112] loss: 13.283863
W: [0.11953463] b: [-0.47822142] loss: 13.242887
W: [0.11868397] b: [-0.479047] loss: 13.202211
W: [0.11783788] b: [-0.47986796] loss: 13.161834
W: [0.11699631] b: [-0.48068437] loss: 13.121748
W: [0.11615919] b: [-0.48149627] loss: 13.081951
W: [0.11532645] b: [-0.48230374] loss: 13.0424385
W: [0.11449804] b: [-0.48310682] loss: 13.003207
W: [0.11367391] b: [-0.48390555] loss: 12.964252
W: [0.112854] b: [-0.48470002] loss: 12.9255705
W: [0.11203825] b: [-0.4854903] loss: 12.8871565
W: [0.11122661] b: [-0.4862764] loss: 12.84901
W: [0.11041903] b: [-0.48705837] loss: 12.811125
W: [0.10961547] b: [-0.4878363] loss: 12.7734995
W: [0.10881586] b: [-0.4886102] loss: 12.736128
W: [0.10802016] b: [-0.48938015] loss: 12.699008
W: [0.10722832] b: [-0.4901462] loss: 12.662138
W: [0.10644029] b: [-0.49090835] loss: 12.625513
W: [0.10565604] b: [-0.4916667] loss: 12.589129
W: [0.1048755] b: [-0.49242127] loss: 12.552987
W: [0.10409864] b: [-0.4931721] loss: 12.51708
W: [0.10332542] b: [-0.49391928] loss: 12.481406
W: [0.10255579] b: [-0.4946628] loss: 12.445962
W: [0.10178971] b: [-0.4954027] loss: 12.410747
W: [0.10102715] b: [-0.49613905] loss: 12.375757
W: [0.10026805] b: [-0.4968719] loss: 12.340989
W: [0.09951238] b: [-0.49760124] loss: 12.30644
W: [0.09876011] b: [-0.49832714] loss: 12.272108
W: [0.0980112] b: [-0.49904963] loss: 12.237991
W: [0.09726559] b: [-0.49976876] loss: 12.204085
W: [0.09652328] b: [-0.5004846] loss: 12.17039
W: [0.09578421] b: [-0.5011971] loss: 12.1369
W: [0.09504835] b: [-0.50190634] loss: 12.103616
W: [0.09431567] b: [-0.50261235] loss: 12.070534
W: [0.09358613] b: [-0.50331515] loss: 12.037651
W: [0.0928597] b: [-0.5040148] loss: 12.004969
W: [0.09213635] b: [-0.50471133] loss: 11.972481
W: [0.09141603] b: [-0.5054048] loss: 11.940186
W: [0.09069873] b: [-0.5060952] loss: 11.90808
W: [0.08998442] b: [-0.50678253] loss: 11.876166
W: [0.08927305] b: [-0.5074669] loss: 11.844438
W: [0.0885646] b: [-0.5081483] loss: 11.812895
W: [0.08785906] b: [-0.50882673] loss: 11.781535
W: [0.08715637] b: [-0.50950223] loss: 11.750359
W: [0.08645651] b: [-0.5101749] loss: 11.719358
W: [0.08575947] b: [-0.51084465] loss: 11.688537
W: [0.0850652] b: [-0.5115116] loss: 11.65789
W: [0.08437369] b: [-0.5121758] loss: 11.6274185
W: [0.0836849] b: [-0.5128372] loss: 11.597118
W: [0.08299881] b: [-0.5134958] loss: 11.566988
W: [0.0823154] b: [-0.5141517] loss: 11.537027
W: [0.08163463] b: [-0.5148049] loss: 11.507232
W: [0.08095649] b: [-0.5154554] loss: 11.477602
W: [0.08028094] b: [-0.5161033] loss: 11.448133
W: [0.07960798] b: [-0.5167486] loss: 11.41883
W: [0.07893756] b: [-0.51739126] loss: 11.389683
W: [0.07826967] b: [-0.51803136] loss: 11.360698
W: [0.07760429] b: [-0.5186689] loss: 11.331869
W: [0.07694139] b: [-0.5193039] loss: 11.303195
W: [0.07628094] b: [-0.51993644] loss: 11.274674
W: [0.07562294] b: [-0.52056646] loss: 11.246307
W: [0.07496735] b: [-0.52119404] loss: 11.21809
W: [0.07431415] b: [-0.5218192] loss: 11.190022
W: [0.07366333] b: [-0.52244186] loss: 11.162106
W: [0.07301486] b: [-0.52306217] loss: 11.134334
W: [0.07236873] b: [-0.5236801] loss: 11.106708
W: [0.07172491] b: [-0.5242956] loss: 11.079225
W: [0.07108337] b: [-0.52490884] loss: 11.051886
W: [0.07044411] b: [-0.5255197] loss: 11.024688
W: [0.06980711] b: [-0.52612835] loss: 10.997629
W: [0.06917235] b: [-0.52673465] loss: 10.970711
W: [0.06853979] b: [-0.5273387] loss: 10.943929
W: [0.06790943] b: [-0.5279405] loss: 10.917283
W: [0.06728126] b: [-0.5285401] loss: 10.890774
W: [0.06665525] b: [-0.52913743] loss: 10.864398
W: [0.06603138] b: [-0.5297326] loss: 10.838156
W: [0.06540964] b: [-0.5303256] loss: 10.812044
W: [0.06479] b: [-0.53091645] loss: 10.786063
W: [0.06417246] b: [-0.53150517] loss: 10.76021
W: [0.06355699] b: [-0.53209174] loss: 10.734487
W: [0.06294359] b: [-0.5326762] loss: 10.70889
W: [0.06233222] b: [-0.5332586] loss: 10.683419
W: [0.06172288] b: [-0.5338389] loss: 10.658073
W: [0.06111555] b: [-0.5344172] loss: 10.632851
W: [0.06051022] b: [-0.5349934] loss: 10.607753
W: [0.05990686] b: [-0.53556764] loss: 10.582775
W: [0.05930547] b: [-0.53613985] loss: 10.557918
W: [0.05870603] b: [-0.53671] loss: 10.533181
W: [0.05810853] b: [-0.53727823] loss: 10.508562
W: [0.05751294] b: [-0.5378445] loss: 10.484063
W: [0.05691926] b: [-0.53840876] loss: 10.459679
W: [0.05632747] b: [-0.5389711] loss: 10.43541
W: [0.05573755] b: [-0.5395316] loss: 10.411258
W: [0.0551495] b: [-0.54009014] loss: 10.3872175
W: [0.0545633] b: [-0.5406468] loss: 10.363291
W: [0.05397893] b: [-0.54120153] loss: 10.339477
W: [0.05339638] b: [-0.5417544] loss: 10.315775
W: [0.05281565] b: [-0.54230547] loss: 10.292182
W: [0.05223671] b: [-0.54285467] loss: 10.268699
W: [0.05165955] b: [-0.543402] loss: 10.245324
W: [0.05108416] b: [-0.5439476] loss: 10.222056
W: [0.05051053] b: [-0.54449135] loss: 10.198897
W: [0.04993864] b: [-0.54503334] loss: 10.175843
W: [0.04936848] b: [-0.54557353] loss: 10.152892
W: [0.04880005] b: [-0.54611194] loss: 10.13005
W: [0.04823332] b: [-0.5466486] loss: 10.107307
W: [0.04766829] b: [-0.5471835] loss: 10.08467
W: [0.04710495] b: [-0.5477167] loss: 10.062136
W: [0.04654327] b: [-0.5482482] loss: 10.0397
W: [0.04598326] b: [-0.54877794] loss: 10.017367
W: [0.0454249] b: [-0.54930604] loss: 9.9951315
W: [0.04486818] b: [-0.5498324] loss: 9.972997
W: [0.04431308] b: [-0.5503571] loss: 9.950959
W: [0.04375961] b: [-0.55088013] loss: 9.92902
W: [0.04320773] b: [-0.55140156] loss: 9.907178
W: [0.04265746] b: [-0.5519213] loss: 9.88543
W: [0.04210877] b: [-0.55243945] loss: 9.863778
W: [0.04156165] b: [-0.552956] loss: 9.842221
W: [0.04101609] b: [-0.5534709] loss: 9.820759
W: [0.04047209] b: [-0.5539842] loss: 9.799389
W: [0.03992964] b: [-0.55449593] loss: 9.778112
W: [0.03938871] b: [-0.5550061] loss: 9.7569275
W: [0.03884931] b: [-0.55551463] loss: 9.735834
W: [0.03831143] b: [-0.55602163] loss: 9.71483
W: [0.03777504] b: [-0.5565271] loss: 9.693917
W: [0.03724016] b: [-0.55703104] loss: 9.673095
W: [0.03670675] b: [-0.55753344] loss: 9.652359
W: [0.03617483] b: [-0.5580343] loss: 9.631713
W: [0.03564436] b: [-0.55853367] loss: 9.611154
W: [0.03511536] b: [-0.55903155] loss: 9.590681
W: [0.0345878] b: [-0.55952793] loss: 9.570295
W: [0.03406168] b: [-0.56002283] loss: 9.549995
W: [0.03353699] b: [-0.56051624] loss: 9.529779
W: [0.03301373] b: [-0.5610082] loss: 9.50965
W: [0.03249187] b: [-0.5614987] loss: 9.489602
W: [0.03197142] b: [-0.56198776] loss: 9.469639
W: [0.03145237] b: [-0.5624754] loss: 9.449759
W: [0.0309347] b: [-0.5629616] loss: 9.429959
W: [0.03041841] b: [-0.56344634] loss: 9.410243
W: [0.02990349] b: [-0.5639297] loss: 9.390608
W: [0.02938994] b: [-0.56441164] loss: 9.371052
W: [0.02887774] b: [-0.5648922] loss: 9.351577
W: [0.02836688] b: [-0.56537133] loss: 9.332183
W: [0.02785736] b: [-0.5658491] loss: 9.312866
W: [0.02734917] b: [-0.56632555] loss: 9.293628
W: [0.02684231] b: [-0.5668006] loss: 9.274467
W: [0.02633675] b: [-0.5672743] loss: 9.255385
W: [0.02583251] b: [-0.5677466] loss: 9.23638
W: [0.02532957] b: [-0.5682176] loss: 9.21745
W: [0.02482791] b: [-0.5686872] loss: 9.198597
W: [0.02432754] b: [-0.5691555] loss: 9.179819
W: [0.02382845] b: [-0.5696225] loss: 9.161117
W: [0.02333063] b: [-0.5700882] loss: 9.1424885
W: [0.02283407] b: [-0.5705526] loss: 9.123934
W: [0.02233877] b: [-0.57101566] loss: 9.1054535
W: [0.02184472] b: [-0.5714774] loss: 9.087047
W: [0.0213519] b: [-0.5719379] loss: 9.06871
W: [0.02086033] b: [-0.5723971] loss: 9.050448
W: [0.02036997] b: [-0.57285506] loss: 9.032257
W: [0.01988085] b: [-0.57331175] loss: 9.014137
W: [0.01939293] b: [-0.5737672] loss: 8.996088
W: [0.01890622] b: [-0.5742214] loss: 8.978109
W: [0.01842071] b: [-0.5746743] loss: 8.960201
W: [0.0179364] b: [-0.575126] loss: 8.942362
W: [0.01745328] b: [-0.5755765] loss: 8.924591
W: [0.01697133] b: [-0.5760257] loss: 8.90689
W: [0.01649057] b: [-0.5764738] loss: 8.8892565
W: [0.01601097] b: [-0.57692057] loss: 8.87169
W: [0.01553253] b: [-0.5773662] loss: 8.854192
W: [0.01505525] b: [-0.5778106] loss: 8.836761
W: [0.01457912] b: [-0.5782538] loss: 8.819397
W: [0.01410413] b: [-0.57869583] loss: 8.802099
W: [0.01363028] b: [-0.57913667] loss: 8.784866
W: [0.01315756] b: [-0.5795763] loss: 8.767699
W: [0.01268597] b: [-0.5800148] loss: 8.750597
W: [0.0122155] b: [-0.58045214] loss: 8.733561
W: [0.01174615] b: [-0.58088833] loss: 8.716587
W: [0.0112779] b: [-0.5813234] loss: 8.6996765
W: [0.01081075] b: [-0.58175725] loss: 8.682832
W: [0.01034471] b: [-0.58219] loss: 8.666049
W: [0.00987975] b: [-0.5826216] loss: 8.649328
W: [0.00941588] b: [-0.58305204] loss: 8.632671
W: [0.00895309] b: [-0.58348143] loss: 8.616075
W: [0.00849138] b: [-0.5839097] loss: 8.599541
W: [0.00803073] b: [-0.5843368] loss: 8.583067
W: [0.00757115] b: [-0.5847629] loss: 8.566655
W: [0.00711263] b: [-0.5851878] loss: 8.5503025
W: [0.00665516] b: [-0.58561164] loss: 8.534013
W: [0.00619874] b: [-0.58603436] loss: 8.517781
W: [0.00574336] b: [-0.586456] loss: 8.501611
W: [0.00528903] b: [-0.5868766] loss: 8.485497
W: [0.00483572] b: [-0.58729607] loss: 8.469444
W: [0.00438344] b: [-0.5877145] loss: 8.453449
W: [0.00393219] b: [-0.58813184] loss: 8.437513
W: [0.00348195] b: [-0.5885481] loss: 8.421634
W: [0.00303272] b: [-0.5889634] loss: 8.405812
W: [0.00258451] b: [-0.5893776] loss: 8.390048
W: [0.00213729] b: [-0.58979076] loss: 8.374341
W: [0.00169108] b: [-0.59020287] loss: 8.35869
W: [0.00124585] b: [-0.59061396] loss: 8.343097
W: [0.00080162] b: [-0.591024] loss: 8.327559
W: [0.00035837] b: [-0.591433] loss: 8.312077
W: [-8.390159e-05] b: [-0.591841] loss: 8.296648
W: [-0.0005252] b: [-0.59224796] loss: 8.281277
W: [-0.00096552] b: [-0.59265393] loss: 8.265959
W: [-0.00140488] b: [-0.5930589] loss: 8.250696
W: [-0.00184328] b: [-0.5934628] loss: 8.235487
W: [-0.00228073] b: [-0.5938658] loss: 8.220332
W: [-0.00271722] b: [-0.5942678] loss: 8.205232
W: [-0.00315276] b: [-0.59466875] loss: 8.190184
W: [-0.00358736] b: [-0.59506875] loss: 8.175188
W: [-0.00402102] b: [-0.59546775] loss: 8.160247
W: [-0.00445375] b: [-0.5958658] loss: 8.145356
W: [-0.00488555] b: [-0.5962629] loss: 8.130518
W: [-0.00531642] b: [-0.59665895] loss: 8.115733
W: [-0.00574637] b: [-0.59705406] loss: 8.101
W: [-0.0061754] b: [-0.5974482] loss: 8.086316
W: [-0.00660352] b: [-0.59784144] loss: 8.071685
W: [-0.00703073] b: [-0.5982337] loss: 8.057104
W: [-0.00745703] b: [-0.598625] loss: 8.042574
W: [-0.00788243] b: [-0.5990154] loss: 8.028093
W: [-0.00830694] b: [-0.5994049] loss: 8.013662
W: [-0.00873055] b: [-0.5997934] loss: 7.9992833
W: [-0.00915328] b: [-0.6001809] loss: 7.984952
W: [-0.00957511] b: [-0.6005676] loss: 7.9706707
W: [-0.00999607] b: [-0.6009533] loss: 7.956438
W: [-0.01041615] b: [-0.6013381] loss: 7.942254
W: [-0.01083536] b: [-0.601722] loss: 7.9281187
W: [-0.01125369] b: [-0.60210496] loss: 7.9140315
W: [-0.01167116] b: [-0.602487] loss: 7.899993
W: [-0.01208777] b: [-0.6028682] loss: 7.8860006
W: [-0.01250352] b: [-0.6032485] loss: 7.872057
W: [-0.01291841] b: [-0.60362786] loss: 7.85816
W: [-0.01333246] b: [-0.60400635] loss: 7.8443103
W: [-0.01374565] b: [-0.60438395] loss: 7.8305078
W: [-0.01415801] b: [-0.60476065] loss: 7.8167515
W: [-0.01456952] b: [-0.60513645] loss: 7.8030415
W: [-0.01498019] b: [-0.6055114] loss: 7.7893767
W: [-0.01539004] b: [-0.6058855] loss: 7.775759
W: [-0.01579905] b: [-0.6062587] loss: 7.762187
W: [-0.01620724] b: [-0.60663104] loss: 7.74866
W: [-0.0166146] b: [-0.6070025] loss: 7.7351775
W: [-0.01702115] b: [-0.6073731] loss: 7.7217402
W: [-0.01742687] b: [-0.6077429] loss: 7.708348
W: [-0.01783179] b: [-0.6081118] loss: 7.6949997
W: [-0.0182359] b: [-0.60847986] loss: 7.681697
W: [-0.0186392] b: [-0.6088471] loss: 7.668437
W: [-0.0190417] b: [-0.6092135] loss: 7.6552215
W: [-0.0194434] b: [-0.609579] loss: 7.642049
W: [-0.01984431] b: [-0.6099437] loss: 7.62892
W: [-0.02024442] b: [-0.6103075] loss: 7.615836
W: [-0.02064375] b: [-0.61067057] loss: 7.6027937
W: [-0.02104229] b: [-0.6110328] loss: 7.589793
W: [-0.02144004] b: [-0.61139417] loss: 7.576836
W: [-0.02183702] b: [-0.6117547] loss: 7.563921
W: [-0.02223322] b: [-0.6121144] loss: 7.5510488
W: [-0.02262864] b: [-0.61247337] loss: 7.538219
W: [-0.0230233] b: [-0.6128315] loss: 7.5254307
W: [-0.02341719] b: [-0.6131888] loss: 7.512682
W: [-0.02381031] b: [-0.6135453] loss: 7.499978
W: [-0.02420268] b: [-0.613901] loss: 7.487313
W: [-0.02459428] b: [-0.6142559] loss: 7.4746885
W: [-0.02498514] b: [-0.61461] loss: 7.4621067
W: [-0.02537524] b: [-0.61496335] loss: 7.449564
W: [-0.02576459] b: [-0.61531585] loss: 7.4370623
W: [-0.02615319] b: [-0.6156676] loss: 7.424601
W: [-0.02654105] b: [-0.61601853] loss: 7.412179
W: [-0.02692817] b: [-0.6163687] loss: 7.399797
W: [-0.02731455] b: [-0.6167181] loss: 7.387455
W: [-0.0277002] b: [-0.61706674] loss: 7.3751526
W: [-0.02808512] b: [-0.6174146] loss: 7.3628893
W: [-0.02846931] b: [-0.6177617] loss: 7.350666
W: [-0.02885277] b: [-0.618108] loss: 7.33848
W: [-0.02923551] b: [-0.6184535] loss: 7.326334
W: [-0.02961753] b: [-0.6187983] loss: 7.3142257
W: [-0.02999883] b: [-0.61914235] loss: 7.302156
W: [-0.03037942] b: [-0.6194856] loss: 7.290125
W: [-0.03075929] b: [-0.61982816] loss: 7.2781315
W: [-0.03113846] b: [-0.62016994] loss: 7.266176
W: [-0.03151691] b: [-0.62051094] loss: 7.2542586
W: [-0.03189467] b: [-0.6208512] loss: 7.242379
W: [-0.03227172] b: [-0.6211907] loss: 7.2305365
W: [-0.03264807] b: [-0.6215295] loss: 7.21873
W: [-0.03302373] b: [-0.6218676] loss: 7.2069616
W: [-0.03339869] b: [-0.6222049] loss: 7.1952295
W: [-0.03377296] b: [-0.6225415] loss: 7.1835356
W: [-0.03414654] b: [-0.62287736] loss: 7.171877
W: [-0.03451944] b: [-0.6232125] loss: 7.160254
W: [-0.03489165] b: [-0.62354696] loss: 7.148669
W: [-0.03526319] b: [-0.6238806] loss: 7.137119
W: [-0.03563404] b: [-0.6242136] loss: 7.1256037
W: [-0.03600422] b: [-0.6245458] loss: 7.1141257
W: [-0.03637373] b: [-0.62487733] loss: 7.1026826
W: [-0.03674256] b: [-0.6252082] loss: 7.0912757
W: [-0.03711073] b: [-0.62553835] loss: 7.0799036
W: [-0.03747823] b: [-0.6258678] loss: 7.0685663
W: [-0.03784506] b: [-0.6261965] loss: 7.057265
W: [-0.03821124] b: [-0.6265245] loss: 7.045997
W: [-0.03857675] b: [-0.6268518] loss: 7.034764
W: [-0.03894161] b: [-0.62717843] loss: 7.0235653
W: [-0.03930582] b: [-0.62750435] loss: 7.012402
W: [-0.03966937] b: [-0.6278296] loss: 7.0012717
W: [-0.04003228] b: [-0.62815416] loss: 6.990176
W: [-0.04039453] b: [-0.628478] loss: 6.979114
W: [-0.04075614] b: [-0.62880117] loss: 6.968086
W: [-0.04111711] b: [-0.6291236] loss: 6.957092
W: [-0.04147744] b: [-0.62944543] loss: 6.9461303
W: [-0.04183713] b: [-0.6297666] loss: 6.9352026
W: [-0.04219619] b: [-0.630087] loss: 6.924308
W: [-0.04255461] b: [-0.6304068] loss: 6.913446
W: [-0.0429124] b: [-0.6307259] loss: 6.902617
W: [-0.04326956] b: [-0.6310444] loss: 6.891821
W: [-0.0436261] b: [-0.63136214] loss: 6.8810577
W: [-0.04398201] b: [-0.63167924] loss: 6.870327
W: [-0.04433729] b: [-0.6319957] loss: 6.859628
W: [-0.04469196] b: [-0.63231146] loss: 6.8489614
W: [-0.04504601] b: [-0.6326266] loss: 6.8383265
W: [-0.04539943] b: [-0.63294107] loss: 6.8277235
W: [-0.04575225] b: [-0.6332549] loss: 6.817153
W: [-0.04610446] b: [-0.63356805] loss: 6.8066134
W: [-0.04645605] b: [-0.63388056] loss: 6.796106
W: [-0.04680704] b: [-0.6341924] loss: 6.7856293
W: [-0.04715742] b: [-0.63450366] loss: 6.775184
W: [-0.0475072] b: [-0.63481426] loss: 6.764771
W: [-0.04785638] b: [-0.6351242] loss: 6.7543874
W: [-0.04820495] b: [-0.6354335] loss: 6.7440357
W: [-0.04855293] b: [-0.6357422] loss: 6.733714
W: [-0.04890031] b: [-0.6360502] loss: 6.723423
W: [-0.0492471] b: [-0.6363576] loss: 6.7131624
W: [-0.0495933] b: [-0.6366644] loss: 6.702932
W: [-0.04993891] b: [-0.6369705] loss: 6.6927323
W: [-0.05028393] b: [-0.63727605] loss: 6.682562
W: [-0.05062837] b: [-0.63758093] loss: 6.672422
W: [-0.05097222] b: [-0.6378852] loss: 6.6623125
W: [-0.05131549] b: [-0.63818884] loss: 6.652232
W: [-0.05165818] b: [-0.63849187] loss: 6.642181
W: [-0.0520003] b: [-0.63879424] loss: 6.6321597
W: [-0.05234183] b: [-0.639096] loss: 6.622169
W: [-0.05268279] b: [-0.6393972] loss: 6.6122055
W: [-0.05302318] b: [-0.6396978] loss: 6.6022725
W: [-0.053363] b: [-0.6399977] loss: 6.592367
W: [-0.05370225] b: [-0.64029706] loss: 6.5824924
W: [-0.05404093] b: [-0.6405958] loss: 6.572645
W: [-0.05437905] b: [-0.64089394] loss: 6.562827
W: [-0.0547166] b: [-0.6411915] loss: 6.5530376
W: [-0.0550536] b: [-0.64148843] loss: 6.543276
W: [-0.05539003] b: [-0.6417848] loss: 6.5335436
W: [-0.05572591] b: [-0.64208055] loss: 6.5238395
W: [-0.05606123] b: [-0.6423757] loss: 6.514162
W: [-0.05639599] b: [-0.6426703] loss: 6.5045137
W: [-0.05673021] b: [-0.64296424] loss: 6.4948926
W: [-0.05706387] b: [-0.6432576] loss: 6.4852996
W: [-0.05739699] b: [-0.6435504] loss: 6.4757333
W: [-0.05772955] b: [-0.6438426] loss: 6.466195
W: [-0.05806157] b: [-0.64413416] loss: 6.456686
W: [-0.05839305] b: [-0.6444252] loss: 6.447202
W: [-0.05872399] b: [-0.64471567] loss: 6.437747
W: [-0.05905438] b: [-0.6450055] loss: 6.4283166
W: [-0.05938424] b: [-0.6452948] loss: 6.4189157
W: [-0.05971356] b: [-0.6455835] loss: 6.4095407
W: [-0.06004234] b: [-0.64587164] loss: 6.4001923
W: [-0.06037059] b: [-0.64615923] loss: 6.3908706
W: [-0.06069832] b: [-0.6464462] loss: 6.381576
W: [-0.0610255] b: [-0.6467326] loss: 6.372308
W: [-0.06135216] b: [-0.6470185] loss: 6.3630657
W: [-0.0616783] b: [-0.64730376] loss: 6.3538494
W: [-0.06200391] b: [-0.6475885] loss: 6.3446603
W: [-0.06232899] b: [-0.6478726] loss: 6.335496
W: [-0.06265356] b: [-0.6481562] loss: 6.326359
W: [-0.0629776] b: [-0.6484393] loss: 6.3172474
W: [-0.06330112] b: [-0.64872175] loss: 6.308161
W: [-0.06362413] b: [-0.6490037] loss: 6.299101
W: [-0.06394662] b: [-0.6492851] loss: 6.290066
W: [-0.0642686] b: [-0.6495659] loss: 6.281056
W: [-0.06459006] b: [-0.64984614] loss: 6.2720723
W: [-0.06491102] b: [-0.65012586] loss: 6.263113
W: [-0.06523146] b: [-0.65040505] loss: 6.2541795
W: [-0.06555139] b: [-0.6506837] loss: 6.245271
W: [-0.06587082] b: [-0.65096176] loss: 6.2363877
W: [-0.06618974] b: [-0.6512393] loss: 6.2275295
W: [-0.06650817] b: [-0.65151626] loss: 6.2186956
W: [-0.06682608] b: [-0.6517927] loss: 6.209886
W: [-0.0671435] b: [-0.6520686] loss: 6.2011013
W: [-0.06746042] b: [-0.652344] loss: 6.192341
W: [-0.06777684] b: [-0.6526188] loss: 6.183606
W: [-0.06809276] b: [-0.6528931] loss: 6.174895
W: [-0.06840819] b: [-0.6531669] loss: 6.1662064
W: [-0.06872313] b: [-0.6534401] loss: 6.157544
W: [-0.06903757] b: [-0.6537128] loss: 6.1489058
W: [-0.06935153] b: [-0.65398496] loss: 6.1402903
W: [-0.069665] b: [-0.65425664] loss: 6.1316996
W: [-0.06997798] b: [-0.6545278] loss: 6.123132
W: [-0.07029048] b: [-0.6547984] loss: 6.1145887
W: [-0.07060248] b: [-0.65506846] loss: 6.106068
W: [-0.07091401] b: [-0.655338] loss: 6.0975723
W: [-0.07122505] b: [-0.65560704] loss: 6.089098
W: [-0.07153562] b: [-0.65587556] loss: 6.080649
W: [-0.0718457] b: [-0.65614355] loss: 6.072223
W: [-0.07215531] b: [-0.65641105] loss: 6.063819
W: [-0.07246444] b: [-0.656678] loss: 6.0554395
W: [-0.0727731] b: [-0.65694445] loss: 6.047082
W: [-0.07308128] b: [-0.6572104] loss: 6.038748
W: [-0.073389] b: [-0.6574758] loss: 6.0304365
W: [-0.07369624] b: [-0.6577408] loss: 6.022148
W: [-0.07400301] b: [-0.6580052] loss: 6.0138817
W: [-0.07430932] b: [-0.6582691] loss: 6.005638
W: [-0.07461516] b: [-0.6585325] loss: 5.997417
W: [-0.07492053] b: [-0.6587954] loss: 5.9892187
W: [-0.07522544] b: [-0.6590578] loss: 5.981042
W: [-0.07552988] b: [-0.6593197] loss: 5.972888
W: [-0.07583386] b: [-0.6595811] loss: 5.964756
W: [-0.07613739] b: [-0.659842] loss: 5.9566455
W: [-0.07644045] b: [-0.6601024] loss: 5.948559
W: [-0.07674306] b: [-0.66036236] loss: 5.940492
W: [-0.07704521] b: [-0.66062176] loss: 5.9324493
W: [-0.07734691] b: [-0.6608807] loss: 5.924427
W: [-0.07764815] b: [-0.66113913] loss: 5.916426
W: [-0.07794894] b: [-0.66139704] loss: 5.9084477
W: [-0.07824928] b: [-0.6616545] loss: 5.9004903
W: [-0.07854918] b: [-0.6619114] loss: 5.8925543
W: [-0.07884862] b: [-0.6621679] loss: 5.8846393
W: [-0.07914761] b: [-0.6624239] loss: 5.876746
W: [-0.07944615] b: [-0.66267943] loss: 5.8688745
W: [-0.07974426] b: [-0.6629345] loss: 5.861022
W: [-0.08004192] b: [-0.663189] loss: 5.8531938
W: [-0.08033913] b: [-0.663443] loss: 5.845385
W: [-0.08063591] b: [-0.6636966] loss: 5.8375964
W: [-0.08093224] b: [-0.66394967] loss: 5.8298306
W: [-0.08122814] b: [-0.6642023] loss: 5.8220844
W: [-0.0815236] b: [-0.6644544] loss: 5.8143587
W: [-0.08181863] b: [-0.66470605] loss: 5.8066545
W: [-0.08211321] b: [-0.6649572] loss: 5.79897
W: [-0.08240737] b: [-0.665208] loss: 5.791306
W: [-0.08270109] b: [-0.66545826] loss: 5.783663
W: [-0.08299438] b: [-0.66570807] loss: 5.77604
W: [-0.08328724] b: [-0.6659574] loss: 5.7684364
W: [-0.08357967] b: [-0.66620624] loss: 5.7608542
W: [-0.08387167] b: [-0.6664546] loss: 5.7532916
W: [-0.08416324] b: [-0.6667025] loss: 5.7457495
W: [-0.08445439] b: [-0.66695] loss: 5.738227
W: [-0.08474511] b: [-0.667197] loss: 5.7307243
W: [-0.08503541] b: [-0.6674435] loss: 5.723242
W: [-0.08532528] b: [-0.66768956] loss: 5.71578
W: [-0.08561473] b: [-0.6679352] loss: 5.7083364
W: [-0.08590376] b: [-0.66818035] loss: 5.7009134
W: [-0.08619238] b: [-0.668425] loss: 5.693509
W: [-0.08648057] b: [-0.6686693] loss: 5.686125
W: [-0.08676835] b: [-0.66891307] loss: 5.6787605
W: [-0.08705571] b: [-0.6691564] loss: 5.6714144
W: [-0.08734266] b: [-0.66939926] loss: 5.6640882
W: [-0.0876292] b: [-0.6696417] loss: 5.656781
W: [-0.08791532] b: [-0.66988367] loss: 5.6494937
W: [-0.08820103] b: [-0.6701252] loss: 5.6422253
W: [-0.08848633] b: [-0.6703663] loss: 5.634975
W: [-0.08877122] b: [-0.6706069] loss: 5.627745
W: [-0.0890557] b: [-0.6708471] loss: 5.620533
W: [-0.08933978] b: [-0.67108685] loss: 5.6133394
W: [-0.08962344] b: [-0.67132616] loss: 5.6061654
W: [-0.08990671] b: [-0.671565] loss: 5.59901
W: [-0.09018957] b: [-0.6718034] loss: 5.5918736
W: [-0.09047203] b: [-0.67204136] loss: 5.584756
W: [-0.09075408] b: [-0.6722789] loss: 5.577656
W: [-0.09103574] b: [-0.672516] loss: 5.5705743
W: [-0.09131699] b: [-0.6727526] loss: 5.563512
W: [-0.09159785] b: [-0.67298883] loss: 5.5564675
W: [-0.0918783] b: [-0.6732246] loss: 5.5494413
W: [-0.09215836] b: [-0.67345995] loss: 5.542434
W: [-0.09243803] b: [-0.67369485] loss: 5.535444
W: [-0.0927173] b: [-0.67392933] loss: 5.5284724
W: [-0.09299617] b: [-0.6741634] loss: 5.5215187
W: [-0.09327465] b: [-0.674397] loss: 5.5145826
W: [-0.09355274] b: [-0.67463017] loss: 5.507665
W: [-0.09383044] b: [-0.6748629] loss: 5.500765
W: [-0.09410775] b: [-0.67509526] loss: 5.493883
W: [-0.09438466] b: [-0.6753272] loss: 5.487019
W: [-0.09466119] b: [-0.6755587] loss: 5.480172
W: [-0.09493733] b: [-0.6757897] loss: 5.473344
W: [-0.09521309] b: [-0.6760203] loss: 5.4665318
W: [-0.09548847] b: [-0.6762505] loss: 5.4597383
W: [-0.09576345] b: [-0.6764803] loss: 5.452962
W: [-0.09603806] b: [-0.67670965] loss: 5.4462023
W: [-0.09631228] b: [-0.6769386] loss: 5.439461
W: [-0.09658612] b: [-0.6771671] loss: 5.432736
W: [-0.09685958] b: [-0.6773952] loss: 5.426029
W: [-0.09713266] b: [-0.6776229] loss: 5.4193387
W: [-0.09740537] b: [-0.6778502] loss: 5.412666
W: [-0.09767769] b: [-0.67807704] loss: 5.4060097
W: [-0.09794964] b: [-0.6783035] loss: 5.3993707
W: [-0.09822121] b: [-0.6785295] loss: 5.392749
W: [-0.09849241] b: [-0.6787551] loss: 5.3861437
W: [-0.09876323] b: [-0.6789803] loss: 5.3795547
W: [-0.09903368] b: [-0.6792051] loss: 5.3729835
W: [-0.09930376] b: [-0.67942953] loss: 5.366429
W: [-0.09957347] b: [-0.6796535] loss: 5.35989
W: [-0.09984281] b: [-0.6798771] loss: 5.353368
W: [-0.10011178] b: [-0.68010026] loss: 5.3468633
W: [-0.10038038] b: [-0.680323] loss: 5.3403745
W: [-0.10064861] b: [-0.6805454] loss: 5.333902
W: [-0.10091648] b: [-0.68076736] loss: 5.327446
W: [-0.10118397] b: [-0.6809889] loss: 5.321007
W: [-0.10145111] b: [-0.68121004] loss: 5.314584
W: [-0.10171788] b: [-0.6814308] loss: 5.308176
W: [-0.10198429] b: [-0.6816512] loss: 5.3017855
W: [-0.10225034] b: [-0.6818711] loss: 5.295411
W: [-0.10251603] b: [-0.68209064] loss: 5.2890525
W: [-0.10278135] b: [-0.6823098] loss: 5.2827096
W: [-0.10304631] b: [-0.68252856] loss: 5.2763824
W: [-0.10331092] b: [-0.68274695] loss: 5.2700725
W: [-0.10357517] b: [-0.6829649] loss: 5.2637773
W: [-0.10383906] b: [-0.6831825] loss: 5.257498
W: [-0.1041026] b: [-0.6833997] loss: 5.2512345
W: [-0.10436577] b: [-0.68361646] loss: 5.244987
W: [-0.1046286] b: [-0.6838329] loss: 5.238755
W: [-0.10489107] b: [-0.6840489] loss: 5.2325387
W: [-0.10515319] b: [-0.6842645] loss: 5.226338
W: [-0.10541496] b: [-0.6844797] loss: 5.220153
W: [-0.10567638] b: [-0.6846945] loss: 5.2139826
W: [-0.10593744] b: [-0.684909] loss: 5.207828
W: [-0.10619816] b: [-0.685123] loss: 5.201689
W: [-0.10645853] b: [-0.6853367] loss: 5.195565
W: [-0.10671855] b: [-0.68555003] loss: 5.1894565
W: [-0.10697822] b: [-0.68576294] loss: 5.1833634
W: [-0.10723755] b: [-0.6859755] loss: 5.177285
W: [-0.10749653] b: [-0.6861876] loss: 5.171222
W: [-0.10775516] b: [-0.6863994] loss: 5.165174
W: [-0.10801345] b: [-0.68661076] loss: 5.1591415
W: [-0.1082714] b: [-0.68682176] loss: 5.1531234
W: [-0.108529] b: [-0.6870324] loss: 5.1471205
W: [-0.10878626] b: [-0.6872426] loss: 5.1411324
W: [-0.10904319] b: [-0.6874525] loss: 5.1351585
W: [-0.10929977] b: [-0.687662] loss: 5.1292005
W: [-0.10955602] b: [-0.6878711] loss: 5.1232567
W: [-0.10981192] b: [-0.68807983] loss: 5.117327
W: [-0.11006749] b: [-0.6882882] loss: 5.1114135
W: [-0.11032273] b: [-0.68849623] loss: 5.1055126
W: [-0.11057763] b: [-0.68870384] loss: 5.0996275
W: [-0.11083219] b: [-0.6889111] loss: 5.093757
W: [-0.11108642] b: [-0.68911797] loss: 5.0879006
W: [-0.11134031] b: [-0.6893245] loss: 5.0820584
W: [-0.11159387] b: [-0.6895306] loss: 5.076231
W: [-0.1118471] b: [-0.68973637] loss: 5.070418
W: [-0.1121] b: [-0.68994176] loss: 5.064619
W: [-0.11235256] b: [-0.6901468] loss: 5.0588346
W: [-0.1126048] b: [-0.6903515] loss: 5.0530643
W: [-0.1128567] b: [-0.6905558] loss: 5.0473075
W: [-0.11310828] b: [-0.6907597] loss: 5.041566
W: [-0.11335953] b: [-0.69096327] loss: 5.0358377
W: [-0.11361045] b: [-0.69116646] loss: 5.0301237
W: [-0.11386104] b: [-0.6913693] loss: 5.0244236
W: [-0.11411131] b: [-0.6915718] loss: 5.018737
W: [-0.11436126] b: [-0.6917739] loss: 5.0130653
W: [-0.11461088] b: [-0.69197565] loss: 5.007406
W: [-0.11486018] b: [-0.69217706] loss: 5.001762
W: [-0.11510915] b: [-0.6923781] loss: 4.9961314
W: [-0.11535781] b: [-0.6925788] loss: 4.990514
W: [-0.11560614] b: [-0.6927791] loss: 4.9849105
W: [-0.11585416] b: [-0.6929791] loss: 4.97932
W: [-0.11610185] b: [-0.6931787] loss: 4.9737444
W: [-0.11634923] b: [-0.693378] loss: 4.9681816
W: [-0.11659628] b: [-0.6935769] loss: 4.962632
W: [-0.11684301] b: [-0.6937754] loss: 4.9570966
W: [-0.11708944] b: [-0.6939736] loss: 4.951575
W: [-0.11733554] b: [-0.6941714] loss: 4.946066
W: [-0.11758132] b: [-0.6943689] loss: 4.94057
W: [-0.1178268] b: [-0.694566] loss: 4.935088
W: [-0.11807196] b: [-0.6947628] loss: 4.9296193
W: [-0.11831681] b: [-0.6949593] loss: 4.9241633
W: [-0.11856134] b: [-0.6951554] loss: 4.9187207
W: [-0.11880556] b: [-0.6953511] loss: 4.913291
W: [-0.11904947] b: [-0.6955465] loss: 4.9078755
W: [-0.11929307] b: [-0.69574153] loss: 4.902472
W: [-0.11953636] b: [-0.69593626] loss: 4.897082
W: [-0.11977934] b: [-0.69613063] loss: 4.891704
W: [-0.12002201] b: [-0.69632465] loss: 4.8863397
W: [-0.12026437] b: [-0.6965183] loss: 4.8809886
W: [-0.12050643] b: [-0.6967116] loss: 4.8756504
W: [-0.12074818] b: [-0.6969046] loss: 4.8703246
W: [-0.12098962] b: [-0.69709724] loss: 4.8650117
W: [-0.12123076] b: [-0.6972895] loss: 4.8597116
W: [-0.12147159] b: [-0.69748145] loss: 4.8544245
W: [-0.12171212] b: [-0.6976731] loss: 4.8491497
W: [-0.12195234] b: [-0.69786435] loss: 4.843888
W: [-0.12219226] b: [-0.69805527] loss: 4.838639
W: [-0.12243188] b: [-0.6982459] loss: 4.8334017
W: [-0.1226712] b: [-0.69843614] loss: 4.828177
W: [-0.12291022] b: [-0.69862604] loss: 4.8229656
W: [-0.12314893] b: [-0.69881564] loss: 4.817766
W: [-0.12338735] b: [-0.6990049] loss: 4.812579
W: [-0.12362547] b: [-0.6991938] loss: 4.8074045
W: [-0.12386329] b: [-0.69938236] loss: 4.8022428
W: [-0.12410082] b: [-0.6995706] loss: 4.797092
W: [-0.12433805] b: [-0.6997585] loss: 4.7919545
W: [-0.12457497] b: [-0.6999461] loss: 4.7868285
W: [-0.1248116] b: [-0.7001334] loss: 4.7817154
W: [-0.12504794] b: [-0.7003203] loss: 4.776614
W: [-0.12528399] b: [-0.70050687] loss: 4.7715263
W: [-0.12551974] b: [-0.70069313] loss: 4.7664485
W: [-0.12575519] b: [-0.70087904] loss: 4.761384
W: [-0.12599035] b: [-0.70106465] loss: 4.756331
W: [-0.12622522] b: [-0.7012499] loss: 4.751291
W: [-0.12645979] b: [-0.70143485] loss: 4.746262
W: [-0.12669408] b: [-0.70161945] loss: 4.741245
W: [-0.12692808] b: [-0.70180374] loss: 4.7362404
W: [-0.12716179] b: [-0.7019877] loss: 4.731247
W: [-0.1273952] b: [-0.7021713] loss: 4.7262654
W: [-0.12762833] b: [-0.70235467] loss: 4.721296
W: [-0.12786117] b: [-0.70253766] loss: 4.7163377
W: [-0.12809372] b: [-0.70272034] loss: 4.711392
W: [-0.12832598] b: [-0.7029027] loss: 4.7064576
W: [-0.12855797] b: [-0.7030847] loss: 4.7015343
W: [-0.12878966] b: [-0.70326644] loss: 4.696624
W: [-0.12902108] b: [-0.7034478] loss: 4.6917233
W: [-0.12925221] b: [-0.7036289] loss: 4.686835
W: [-0.12948306] b: [-0.7038096] loss: 4.681958
W: [-0.12971362] b: [-0.70399004] loss: 4.677093
W: [-0.1299439] b: [-0.70417017] loss: 4.672239
W: [-0.1301739] b: [-0.70434994] loss: 4.667397
W: [-0.13040362] b: [-0.7045294] loss: 4.662566
W: [-0.13063306] b: [-0.7047086] loss: 4.6577463
W: [-0.1308622] b: [-0.7048874] loss: 4.652938
W: [-0.13109107] b: [-0.7050659] loss: 4.648141
W: [-0.13131967] b: [-0.7052441] loss: 4.643355
W: [-0.13154799] b: [-0.70542204] loss: 4.6385803
W: [-0.13177602] b: [-0.7055996] loss: 4.633817
W: [-0.13200378] b: [-0.7057769] loss: 4.629064
W: [-0.13223127] b: [-0.70595384] loss: 4.624323
W: [-0.13245848] b: [-0.7061305] loss: 4.6195927
W: [-0.13268541] b: [-0.7063068] loss: 4.6148744
W: [-0.13291207] b: [-0.7064828] loss: 4.610166
W: [-0.13313845] b: [-0.70665854] loss: 4.6054688
W: [-0.13336456] b: [-0.70683396] loss: 4.6007824
W: [-0.13359039] b: [-0.7070091] loss: 4.5961065
W: [-0.13381594] b: [-0.70718384] loss: 4.591443
W: [-0.13404123] b: [-0.7073583] loss: 4.586789
W: [-0.13426626] b: [-0.70753247] loss: 4.582146
W: [-0.134491] b: [-0.70770633] loss: 4.5775146
W: [-0.13471547] b: [-0.7078799] loss: 4.5728936
W: [-0.13493967] b: [-0.7080532] loss: 4.568283
W: [-0.1351636] b: [-0.70822614] loss: 4.563683
W: [-0.13538727] b: [-0.7083988] loss: 4.5590944
W: [-0.13561067] b: [-0.70857114] loss: 4.5545154
W: [-0.1358338] b: [-0.70874316] loss: 4.549948
W: [-0.13605666] b: [-0.7089149] loss: 4.5453906
W: [-0.13627926] b: [-0.7090863] loss: 4.5408435
W: [-0.13650158] b: [-0.7092574] loss: 4.5363073
W: [-0.13672364] b: [-0.70942825] loss: 4.531782
W: [-0.13694543] b: [-0.7095988] loss: 4.527267
W: [-0.13716696] b: [-0.709769] loss: 4.522762
W: [-0.13738823] b: [-0.70993894] loss: 4.518267
W: [-0.13760923] b: [-0.7101086] loss: 4.5137835
W: [-0.13782997] b: [-0.7102779] loss: 4.5093093
W: [-0.13805045] b: [-0.71044695] loss: 4.5048466
W: [-0.13827066] b: [-0.7106157] loss: 4.500393
W: [-0.13849062] b: [-0.71078414] loss: 4.49595
W: [-0.1387103] b: [-0.7109523] loss: 4.4915175
W: [-0.13892974] b: [-0.7111201] loss: 4.487095
W: [-0.1391489] b: [-0.7112877] loss: 4.4826827
W: [-0.13936782] b: [-0.7114549] loss: 4.478281
W: [-0.13958646] b: [-0.7116219] loss: 4.4738884
W: [-0.13980485] b: [-0.71178854] loss: 4.4695063
W: [-0.140023] b: [-0.7119549] loss: 4.465135
W: [-0.14024086] b: [-0.71212095] loss: 4.4607735
W: [-0.14045848] b: [-0.7122867] loss: 4.456422
W: [-0.14067584] b: [-0.71245223] loss: 4.4520793
W: [-0.14089295] b: [-0.71261746] loss: 4.447747
W: [-0.1411098] b: [-0.7127824] loss: 4.443425
W: [-0.14132638] b: [-0.712947] loss: 4.4391127
W: [-0.14154272] b: [-0.71311134] loss: 4.434811
W: [-0.1417588] b: [-0.7132754] loss: 4.430518
W: [-0.14197463] b: [-0.7134391] loss: 4.4262357
W: [-0.1421902] b: [-0.7136026] loss: 4.4219627
W: [-0.14240552] b: [-0.7137658] loss: 4.4177
W: [-0.1426206] b: [-0.7139287] loss: 4.4134464
W: [-0.14283541] b: [-0.7140913] loss: 4.4092026
W: [-0.14304997] b: [-0.7142536] loss: 4.4049687
W: [-0.1432643] b: [-0.7144156] loss: 4.4007444
W: [-0.14347836] b: [-0.7145774] loss: 4.396529
W: [-0.14369218] b: [-0.71473885] loss: 4.392324
W: [-0.14390574] b: [-0.7149] loss: 4.3881283
W: [-0.14411907] b: [-0.7150609] loss: 4.3839426
W: [-0.14433214] b: [-0.7152215] loss: 4.3797655
W: [-0.14454496] b: [-0.71538186] loss: 4.3755984
W: [-0.14475754] b: [-0.7155419] loss: 4.3714404
W: [-0.14496987] b: [-0.71570164] loss: 4.3672924
W: [-0.14518194] b: [-0.71586114] loss: 4.3631535
W: [-0.14539377] b: [-0.71602035] loss: 4.3590236
W: [-0.14560536] b: [-0.71617925] loss: 4.3549037
W: [-0.1458167] b: [-0.7163379] loss: 4.350793
W: [-0.1460278] b: [-0.7164963] loss: 4.3466916
W: [-0.14623865] b: [-0.71665436] loss: 4.3425984
W: [-0.14644927] b: [-0.7168122] loss: 4.338516
W: [-0.14665963] b: [-0.7169697] loss: 4.3344426
W: [-0.14686975] b: [-0.71712697] loss: 4.3303776
W: [-0.14707963] b: [-0.71728396] loss: 4.326322
W: [-0.14728928] b: [-0.71744066] loss: 4.322276
W: [-0.14749867] b: [-0.71759707] loss: 4.3182387
W: [-0.14770782] b: [-0.71775323] loss: 4.3142104
W: [-0.14791673] b: [-0.7179091] loss: 4.3101916
W: [-0.14812541] b: [-0.71806467] loss: 4.306182
W: [-0.14833385] b: [-0.71822] loss: 4.3021803
W: [-0.14854205] b: [-0.718375] loss: 4.2981887
W: [-0.14875] b: [-0.7185298] loss: 4.2942057
W: [-0.14895773] b: [-0.7186843] loss: 4.2902317
W: [-0.14916521] b: [-0.7188386] loss: 4.2862663
W: [-0.14937246] b: [-0.71899253] loss: 4.28231
W: [-0.14957947] b: [-0.7191462] loss: 4.2783623
W: [-0.14978623] b: [-0.7192996] loss: 4.274424
W: [-0.14999276] b: [-0.71945274] loss: 4.2704945
W: [-0.15019906] b: [-0.7196056] loss: 4.2665734
W: [-0.15040512] b: [-0.7197582] loss: 4.262662
W: [-0.15061095] b: [-0.71991056] loss: 4.2587585
W: [-0.15081654] b: [-0.7200626] loss: 4.2548637
W: [-0.1510219] b: [-0.7202144] loss: 4.2509775
W: [-0.15122703] b: [-0.72036594] loss: 4.247101
W: [-0.15143192] b: [-0.7205172] loss: 4.243232
W: [-0.15163657] b: [-0.7206682] loss: 4.239372
W: [-0.151841] b: [-0.72081894] loss: 4.2355204
W: [-0.15204519] b: [-0.7209694] loss: 4.2316775
W: [-0.15224916] b: [-0.7211196] loss: 4.2278438
W: [-0.15245289] b: [-0.7212695] loss: 4.224018
W: [-0.15265639] b: [-0.72141916] loss: 4.220201
W: [-0.15285966] b: [-0.7215686] loss: 4.2163925
W: [-0.1530627] b: [-0.7217177] loss: 4.212592
W: [-0.1532655] b: [-0.7218666] loss: 4.2088003
W: [-0.15346809] b: [-0.7220152] loss: 4.205017
W: [-0.15367045] b: [-0.72216356] loss: 4.2012424
W: [-0.15387256] b: [-0.7223116] loss: 4.197476
W: [-0.15407446] b: [-0.72245944] loss: 4.193718
W: [-0.15427613] b: [-0.722607] loss: 4.189968
W: [-0.15447757] b: [-0.7227543] loss: 4.186227
W: [-0.15467878] b: [-0.72290134] loss: 4.182494
W: [-0.15487976] b: [-0.72304815] loss: 4.178769
W: [-0.15508053] b: [-0.72319466] loss: 4.175052
W: [-0.15528107] b: [-0.7233409] loss: 4.171344
W: [-0.15548138] b: [-0.7234869] loss: 4.167644
W: [-0.15568148] b: [-0.72363263] loss: 4.1639514
W: [-0.15588135] b: [-0.7237781] loss: 4.160268
W: [-0.15608099] b: [-0.7239233] loss: 4.156592
W: [-0.15628041] b: [-0.7240683] loss: 4.1529245
W: [-0.15647961] b: [-0.724213] loss: 4.1492643
W: [-0.15667859] b: [-0.7243575] loss: 4.145613
W: [-0.15687734] b: [-0.72450167] loss: 4.14197
W: [-0.15707587] b: [-0.7246456] loss: 4.1383343
W: [-0.15727417] b: [-0.7247893] loss: 4.1347075
W: [-0.15747225] b: [-0.72493273] loss: 4.1310883
W: [-0.15767011] b: [-0.7250759] loss: 4.127477
W: [-0.15786776] b: [-0.72521883] loss: 4.123873
W: [-0.15806518] b: [-0.7253615] loss: 4.120278
W: [-0.15826239] b: [-0.7255039] loss: 4.1166906
W: [-0.15845937] b: [-0.7256461] loss: 4.113111
W: [-0.15865614] b: [-0.725788] loss: 4.1095386
W: [-0.15885268] b: [-0.7259297] loss: 4.105975
W: [-0.159049] b: [-0.72607106] loss: 4.1024194
W: [-0.15924512] b: [-0.7262122] loss: 4.0988708
W: [-0.15944101] b: [-0.7263531] loss: 4.09533
W: [-0.15963669] b: [-0.7264938] loss: 4.0917974
W: [-0.15983215] b: [-0.7266342] loss: 4.0882726
W: [-0.1600274] b: [-0.72677433] loss: 4.084755
W: [-0.16022243] b: [-0.7269142] loss: 4.0812454
W: [-0.16041724] b: [-0.7270539] loss: 4.077743
W: [-0.16061184] b: [-0.7271933] loss: 4.0742493
W: [-0.16080622] b: [-0.7273325] loss: 4.0707626
W: [-0.1610004] b: [-0.7274714] loss: 4.067283
W: [-0.16119435] b: [-0.72761005] loss: 4.0638123
W: [-0.1613881] b: [-0.72774845] loss: 4.0603485
W: [-0.16158164] b: [-0.7278866] loss: 4.056892
W: [-0.16177495] b: [-0.72802454] loss: 4.053443
W: [-0.16196805] b: [-0.7281622] loss: 4.050002
W: [-0.16216095] b: [-0.7282997] loss: 4.046568
W: [-0.16235363] b: [-0.7284369] loss: 4.0431414
W: [-0.16254611] b: [-0.72857386] loss: 4.0397224
W: [-0.16273837] b: [-0.72871053] loss: 4.036312
W: [-0.16293041] b: [-0.72884697] loss: 4.0329075
W: [-0.16312225] b: [-0.72898316] loss: 4.0295115
W: [-0.16331388] b: [-0.7291191] loss: 4.026122
W: [-0.1635053] b: [-0.72925484] loss: 4.022741
W: [-0.16369651] b: [-0.7293903] loss: 4.0193663
W: [-0.16388752] b: [-0.72952557] loss: 4.0159993
W: [-0.16407831] b: [-0.7296606] loss: 4.0126395
W: [-0.1642689] b: [-0.72979534] loss: 4.009287
W: [-0.16445927] b: [-0.72992986] loss: 4.0059414
W: [-0.16464944] b: [-0.73006415] loss: 4.0026035
W: [-0.1648394] b: [-0.7301982] loss: 3.9992726
W: [-0.16502917] b: [-0.730332] loss: 3.9959488
W: [-0.16521873] b: [-0.7304656] loss: 3.9926324
W: [-0.16540807] b: [-0.7305989] loss: 3.9893234
W: [-0.16559722] b: [-0.730732] loss: 3.9860213
W: [-0.16578615] b: [-0.7308649] loss: 3.982726
W: [-0.16597489] b: [-0.7309975] loss: 3.9794388
W: [-0.16616341] b: [-0.7311299] loss: 3.9761577
W: [-0.16635174] b: [-0.731262] loss: 3.9728842
W: [-0.16653986] b: [-0.73139393] loss: 3.969617
W: [-0.16672778] b: [-0.7315256] loss: 3.9663575
W: [-0.16691549] b: [-0.731657] loss: 3.9631052
W: [-0.167103] b: [-0.7317882] loss: 3.9598598
W: [-0.16729032] b: [-0.73191917] loss: 3.9566214
W: [-0.16747743] b: [-0.7320499] loss: 3.9533894
W: [-0.16766433] b: [-0.73218036] loss: 3.9501648
W: [-0.16785103] b: [-0.7323106] loss: 3.9469478
W: [-0.16803753] b: [-0.7324406] loss: 3.9437373
W: [-0.16822384] b: [-0.73257035] loss: 3.9405332
W: [-0.16840994] b: [-0.7326999] loss: 3.9373364
W: [-0.16859585] b: [-0.7328292] loss: 3.9341462
W: [-0.16878155] b: [-0.7329583] loss: 3.930963
W: [-0.16896705] b: [-0.7330872] loss: 3.9277866
W: [-0.16915236] b: [-0.7332158] loss: 3.9246168
W: [-0.16933747] b: [-0.7333442] loss: 3.921454
W: [-0.16952237] b: [-0.73347235] loss: 3.918298
W: [-0.16970709] b: [-0.73360026] loss: 3.9151487
W: [-0.1698916] b: [-0.73372793] loss: 3.9120064
W: [-0.17007591] b: [-0.73385537] loss: 3.9088702
W: [-0.17026003] b: [-0.7339826] loss: 3.9057417
W: [-0.17044395] b: [-0.73410964] loss: 3.9026194
W: [-0.17062768] b: [-0.7342364] loss: 3.8995037
W: [-0.1708112] b: [-0.73436296] loss: 3.8963945
W: [-0.17099454] b: [-0.73448926] loss: 3.8932922
W: [-0.17117767] b: [-0.7346153] loss: 3.8901966
W: [-0.17136061] b: [-0.7347412] loss: 3.8871071
W: [-0.17154336] b: [-0.73486686] loss: 3.8840249
W: [-0.17172591] b: [-0.73499227] loss: 3.8809485
W: [-0.17190827] b: [-0.73511744] loss: 3.8778791
W: [-0.17209044] b: [-0.73524237] loss: 3.8748164
W: [-0.17227241] b: [-0.7353671] loss: 3.87176
W: [-0.1724542] b: [-0.73549163] loss: 3.86871
W: [-0.17263578] b: [-0.7356159] loss: 3.8656669
W: [-0.17281717] b: [-0.73573995] loss: 3.8626301
W: [-0.17299837] b: [-0.73586375] loss: 3.8596
W: [-0.17317937] b: [-0.73598737] loss: 3.8565757
W: [-0.1733602] b: [-0.73611075] loss: 3.853558
W: [-0.17354083] b: [-0.7362339] loss: 3.8505464
W: [-0.17372127] b: [-0.7363568] loss: 3.847542
W: [-0.17390151] b: [-0.7364795] loss: 3.844544
W: [-0.17408156] b: [-0.736602] loss: 3.8415515
W: [-0.17426144] b: [-0.73672426] loss: 3.838566
W: [-0.17444111] b: [-0.73684627] loss: 3.8355865
W: [-0.1746206] b: [-0.7369681] loss: 3.8326132
W: [-0.17479989] b: [-0.7370897] loss: 3.8296468
W: [-0.174979] b: [-0.73721105] loss: 3.8266864
W: [-0.17515792] b: [-0.7373322] loss: 3.8237324
W: [-0.17533666] b: [-0.73745316] loss: 3.820784
W: [-0.1755152] b: [-0.73757386] loss: 3.8178422
W: [-0.17569356] b: [-0.7376944] loss: 3.8149073
W: [-0.17587173] b: [-0.73781466] loss: 3.8119774
W: [-0.17604971] b: [-0.7379347] loss: 3.8090544
W: [-0.17622751] b: [-0.7380545] loss: 3.8061376
W: [-0.17640512] b: [-0.73817414] loss: 3.8032265
W: [-0.17658255] b: [-0.7382935] loss: 3.800322
W: [-0.17675978] b: [-0.73841274] loss: 3.7974236
W: [-0.17693684] b: [-0.7385317] loss: 3.7945313
W: [-0.1771137] b: [-0.73865044] loss: 3.7916448
W: [-0.17729038] b: [-0.738769] loss: 3.7887642
W: [-0.17746688] b: [-0.7388873] loss: 3.7858906
W: [-0.1776432] b: [-0.7390054] loss: 3.783022
W: [-0.17781933] b: [-0.7391233] loss: 3.7801597
W: [-0.17799528] b: [-0.73924094] loss: 3.7773037
W: [-0.17817104] b: [-0.73935837] loss: 3.7744539
W: [-0.17834662] b: [-0.7394756] loss: 3.77161
W: [-0.17852202] b: [-0.7395926] loss: 3.7687714
W: [-0.17869724] b: [-0.73970944] loss: 3.765939
W: [-0.17887227] b: [-0.739826] loss: 3.763113
W: [-0.17904712] b: [-0.7399424] loss: 3.7602928
W: [-0.1792218] b: [-0.74005854] loss: 3.7574785
W: [-0.17939629] b: [-0.7401745] loss: 3.7546697
W: [-0.1795706] b: [-0.7402902] loss: 3.7518668
W: [-0.17974474] b: [-0.74040574] loss: 3.7490702
W: [-0.17991868] b: [-0.7405211] loss: 3.7462792
W: [-0.18009244] b: [-0.74063617] loss: 3.7434943
W: [-0.18026602] b: [-0.740751] loss: 3.740715
W: [-0.18043943] b: [-0.7408657] loss: 3.7379417
W: [-0.18061265] b: [-0.74098015] loss: 3.7351744
W: [-0.1807857] b: [-0.7410944] loss: 3.732412
W: [-0.18095857] b: [-0.74120843] loss: 3.7296562
W: [-0.18113126] b: [-0.7413223] loss: 3.7269058
W: [-0.18130377] b: [-0.7414359] loss: 3.7241614
W: [-0.1814761] b: [-0.7415493] loss: 3.7214227
W: [-0.18164825] b: [-0.7416625] loss: 3.7186897
W: [-0.18182024] b: [-0.7417755] loss: 3.7159622
W: [-0.18199205] b: [-0.7418883] loss: 3.7132401
W: [-0.18216369] b: [-0.7420009] loss: 3.7105236
W: [-0.18233514] b: [-0.74211323] loss: 3.7078133
W: [-0.18250641] b: [-0.7422254] loss: 3.7051086
W: [-0.1826775] b: [-0.74233735] loss: 3.7024093
W: [-0.18284844] b: [-0.7424491] loss: 3.6997156
W: [-0.18301919] b: [-0.7425606] loss: 3.6970277
W: [-0.18318976] b: [-0.74267197] loss: 3.694345
W: [-0.18336016] b: [-0.74278307] loss: 3.6916685
W: [-0.18353039] b: [-0.742894] loss: 3.6889973
W: [-0.18370044] b: [-0.7430047] loss: 3.6863313
W: [-0.18387032] b: [-0.7431152] loss: 3.683671
W: [-0.18404002] b: [-0.7432255] loss: 3.6810162
W: [-0.18420956] b: [-0.7433356] loss: 3.6783671
W: [-0.1843789] b: [-0.7434455] loss: 3.6757236
W: [-0.1845481] b: [-0.7435552] loss: 3.6730847
W: [-0.1847171] b: [-0.7436647] loss: 3.670452
W: [-0.18488595] b: [-0.74377394] loss: 3.667825
W: [-0.18505462] b: [-0.743883] loss: 3.6652026
The size of the loss captured was:  1000
