[1673019813.119991] [p9r1n03:146888:0]         mxm.c:196  MXM  WARN  The 'ulimit -s' on the system is set to 'unlimited'. This may have negative performance implications. Please set the stack size to the default value (10240) 
[1673019813.150584] [p9r1n03:146888:0]         mxm.c:196  MXM  WARN  The 'ulimit -s' on the system is set to 'unlimited'. This may have negative performance implications. Please set the stack size to the default value (10240) 
W: [0.3] b: [-0.3] loss: 23.660002
W: [0.29000002] b: [-0.31] loss: 22.9894
W: [0.28000438] b: [-0.31999484] loss: 22.329899
W: [0.2700161] b: [-0.32998097] loss: 21.681679
W: [0.26003814] b: [-0.33995485] loss: 21.044914
W: [0.2500736] b: [-0.34991276] loss: 20.419773
W: [0.24012564] b: [-0.3598509] loss: 19.806408
W: [0.23019736] b: [-0.36976552] loss: 19.204958
W: [0.22029196] b: [-0.37965268] loss: 18.615559
W: [0.21041267] b: [-0.3895085] loss: 18.038326
W: [0.20056269] b: [-0.39932898] loss: 17.473366
W: [0.19074523] b: [-0.40911016] loss: 16.920769
W: [0.18096356] b: [-0.41884804] loss: 16.38061
W: [0.17122085] b: [-0.42853862] loss: 15.852955
W: [0.16152033] b: [-0.43817785] loss: 15.33785
W: [0.15186515] b: [-0.44776174] loss: 14.835332
W: [0.14225848] b: [-0.45728627] loss: 14.345415
W: [0.13270342] b: [-0.46674743] loss: 13.868106
W: [0.12320308] b: [-0.47614127] loss: 13.403398
W: [0.11376046] b: [-0.48546386] loss: 12.951265
W: [0.10437856] b: [-0.49471128] loss: 12.511665
W: [0.09506031] b: [-0.5038797] loss: 12.084551
W: [0.08580858] b: [-0.5129653] loss: 11.66985
W: [0.07662617] b: [-0.5219644] loss: 11.267486
W: [0.06751581] b: [-0.5308732] loss: 10.877364
W: [0.05848018] b: [-0.5396881] loss: 10.499379
W: [0.04952184] b: [-0.54840565] loss: 10.133413
W: [0.04064332] b: [-0.5570223] loss: 9.779332
W: [0.03184704] b: [-0.56553465] loss: 9.436998
W: [0.02313535] b: [-0.5739394] loss: 9.106258
W: [0.01451051] b: [-0.5822333] loss: 8.786949
W: [0.00597467] b: [-0.59041333] loss: 8.4789
W: [-0.00247007] b: [-0.59847635] loss: 8.181927
W: [-0.01082172] b: [-0.60641944] loss: 7.895839
W: [-0.0190784] b: [-0.61423975] loss: 7.6204433
W: [-0.02723829] b: [-0.6219346] loss: 7.35553
W: [-0.0352997] b: [-0.6295013] loss: 7.1008906
W: [-0.043261] b: [-0.6369373] loss: 6.856305
W: [-0.05112068] b: [-0.64424026] loss: 6.621552
W: [-0.05887732] b: [-0.65140784] loss: 6.396401
W: [-0.06652959] b: [-0.65843785] loss: 6.1806207
W: [-0.07407627] b: [-0.66532826] loss: 5.973977
W: [-0.08151622] b: [-0.67207706] loss: 5.776227
W: [-0.08884842] b: [-0.67868245] loss: 5.587132
W: [-0.09607191] b: [-0.68514264] loss: 5.406447
W: [-0.10318586] b: [-0.6914561] loss: 5.233928
W: [-0.11018951] b: [-0.6976213] loss: 5.069329
W: [-0.11708222] b: [-0.7036369] loss: 4.9124036
W: [-0.12386341] b: [-0.7095016] loss: 4.7629046
W: [-0.13053262] b: [-0.71521443] loss: 4.620588
W: [-0.13708948] b: [-0.7207743] loss: 4.4852095
W: [-0.1435337] b: [-0.7261804] loss: 4.3565245
W: [-0.1498651] b: [-0.7314319] loss: 4.2342925
W: [-0.15608357] b: [-0.7365283] loss: 4.1182756
W: [-0.16218908] b: [-0.74146897] loss: 4.0082364
W: [-0.16818172] b: [-0.7462536] loss: 3.903943
W: [-0.17406163] b: [-0.75088197] loss: 3.8051643
W: [-0.17982906] b: [-0.7553539] loss: 3.7116752
W: [-0.18548433] b: [-0.7596695] loss: 3.6232524
W: [-0.19102785] b: [-0.7638287] loss: 3.5396793
W: [-0.1964601] b: [-0.76783186] loss: 3.4607403
W: [-0.20178163] b: [-0.7716793] loss: 3.386228
W: [-0.2069931] b: [-0.77537143] loss: 3.3159373
W: [-0.2120952] b: [-0.7789089] loss: 3.249669
W: [-0.21708873] b: [-0.78229237] loss: 3.1872303
W: [-0.22197452] b: [-0.78552264] loss: 3.1284318
W: [-0.2267535] b: [-0.7886006] loss: 3.07309
W: [-0.23142667] b: [-0.7915273] loss: 3.0210273
W: [-0.23599505] b: [-0.7943038] loss: 2.9720716
W: [-0.24045978] b: [-0.79693127] loss: 2.9260569
W: [-0.24482201] b: [-0.7994111] loss: 2.8828218
W: [-0.24908297] b: [-0.8017447] loss: 2.8422117
W: [-0.25324392] b: [-0.8039335] loss: 2.8040774
W: [-0.25730622] b: [-0.8059791] loss: 2.768275
W: [-0.26127124] b: [-0.8078831] loss: 2.7346659
W: [-0.2651404] b: [-0.80964726] loss: 2.7031183
W: [-0.26891518] b: [-0.8112734] loss: 2.6735058
W: [-0.27259707] b: [-0.8127634] loss: 2.6457071
W: [-0.27618763] b: [-0.8141192] loss: 2.619606
W: [-0.27968845] b: [-0.81534284] loss: 2.595092
W: [-0.2831011] b: [-0.81643635] loss: 2.5720603
W: [-0.2864273] b: [-0.8174019] loss: 2.5504107
W: [-0.28966868] b: [-0.81824154] loss: 2.5300484
W: [-0.29282695] b: [-0.8189576] loss: 2.5108829
W: [-0.2959038] b: [-0.81955236] loss: 2.4928288
W: [-0.29890102] b: [-0.820028] loss: 2.4758053
W: [-0.30182034] b: [-0.82038695] loss: 2.459737
W: [-0.30466354] b: [-0.82063156] loss: 2.444551
W: [-0.30743238] b: [-0.8207642] loss: 2.4301796
W: [-0.3101287] b: [-0.82078725] loss: 2.41656
W: [-0.31275424] b: [-0.8207032] loss: 2.4036317
W: [-0.31531087] b: [-0.8205145] loss: 2.3913386
W: [-0.31780034] b: [-0.82022357] loss: 2.3796284
W: [-0.3202245] b: [-0.81983286] loss: 2.3684525
W: [-0.3225851] b: [-0.8193449] loss: 2.3577647
W: [-0.324884] b: [-0.81876206] loss: 2.3475227
W: [-0.32712296] b: [-0.81808686] loss: 2.337686
W: [-0.32930377] b: [-0.8173218] loss: 2.3282194
W: [-0.3314282] b: [-0.81646925] loss: 2.3190873
W: [-0.33349803] b: [-0.8155317] loss: 2.3102589
W: [-0.335515] b: [-0.8145115] loss: 2.301704
W: [-0.3374808] b: [-0.8134111] loss: 2.2933965
W: [-0.33939722] b: [-0.8122329] loss: 2.2853117
W: [-0.34126592] b: [-0.81097925] loss: 2.2774258
W: [-0.34308857] b: [-0.80965245] loss: 2.269719
W: [-0.3448668] b: [-0.8082548] loss: 2.262172
W: [-0.3466023] b: [-0.80678856] loss: 2.2547665
W: [-0.34829658] b: [-0.805256] loss: 2.2474868
W: [-0.3499513] b: [-0.8036594] loss: 2.2403195
W: [-0.35156795] b: [-0.8020008] loss: 2.2332497
W: [-0.3531481] b: [-0.8002824] loss: 2.2262664
W: [-0.35469323] b: [-0.7985063] loss: 2.219359
W: [-0.3562048] b: [-0.7966746] loss: 2.2125168
W: [-0.35768425] b: [-0.79478925] loss: 2.2057314
W: [-0.35913298] b: [-0.7928522] loss: 2.198995
W: [-0.36055234] b: [-0.7908655] loss: 2.1923013
W: [-0.3619437] b: [-0.78883094] loss: 2.1856427
W: [-0.36330834] b: [-0.7867504] loss: 2.1790144
W: [-0.36464757] b: [-0.78462565] loss: 2.172411
W: [-0.3659626] b: [-0.7824585] loss: 2.165829
W: [-0.36725464] b: [-0.7802506] loss: 2.1592634
W: [-0.36852488] b: [-0.7780037] loss: 2.1527114
W: [-0.36977443] b: [-0.77571934] loss: 2.1461701
W: [-0.37100443] b: [-0.7733992] loss: 2.1396368
W: [-0.37221593] b: [-0.7710447] loss: 2.133109
W: [-0.37340996] b: [-0.7686573] loss: 2.126586
W: [-0.37458754] b: [-0.7662386] loss: 2.1200647
W: [-0.37574962] b: [-0.76378983] loss: 2.1135452
W: [-0.37689716] b: [-0.7613124] loss: 2.1070247
W: [-0.37803108] b: [-0.75880766] loss: 2.1005034
W: [-0.3791522] b: [-0.7562768] loss: 2.093981
W: [-0.38026142] b: [-0.753721] loss: 2.0874553
W: [-0.38135952] b: [-0.7511415] loss: 2.080927
W: [-0.38244724] b: [-0.7485394] loss: 2.074396
W: [-0.38352537] b: [-0.7459158] loss: 2.0678608
W: [-0.38459462] b: [-0.7432717] loss: 2.0613227
W: [-0.38565567] b: [-0.74060816] loss: 2.054781
W: [-0.38670915] b: [-0.7379261] loss: 2.048235
W: [-0.38775572] b: [-0.7352265] loss: 2.0416858
W: [-0.38879594] b: [-0.7325102] loss: 2.0351331
W: [-0.3898304] b: [-0.7297781] loss: 2.0285773
W: [-0.39085966] b: [-0.727031] loss: 2.0220177
W: [-0.3918842] b: [-0.7242696] loss: 2.0154557
W: [-0.39290455] b: [-0.72149473] loss: 2.0088906
W: [-0.39392114] b: [-0.718707] loss: 2.0023232
W: [-0.39493442] b: [-0.7159072] loss: 1.9957533
W: [-0.3959448] b: [-0.7130959] loss: 1.9891813
W: [-0.39695272] b: [-0.71027374] loss: 1.9826071
W: [-0.3979585] b: [-0.7074413] loss: 1.9760318
W: [-0.3989625] b: [-0.7045991] loss: 1.9694552
W: [-0.39996505] b: [-0.7017477] loss: 1.9628773
W: [-0.40096647] b: [-0.69888765] loss: 1.956299
W: [-0.40196702] b: [-0.6960193] loss: 1.9497197
W: [-0.402967] b: [-0.6931432] loss: 1.9431403
W: [-0.40396664] b: [-0.6902597] loss: 1.9365612
W: [-0.40496618] b: [-0.6873692] loss: 1.9299822
W: [-0.40596583] b: [-0.6844722] loss: 1.9234034
W: [-0.40696582] b: [-0.6815689] loss: 1.9168253
W: [-0.40796632] b: [-0.67865974] loss: 1.9102485
W: [-0.40896747] b: [-0.67574495] loss: 1.9036726
W: [-0.40996945] b: [-0.67282486] loss: 1.8970981
W: [-0.41097242] b: [-0.66989976] loss: 1.8905253
W: [-0.4119765] b: [-0.6669699] loss: 1.8839542
W: [-0.41298178] b: [-0.6640355] loss: 1.8773853
W: [-0.41398838] b: [-0.6610968] loss: 1.870818
W: [-0.41499642] b: [-0.6581541] loss: 1.864254
W: [-0.41600597] b: [-0.6552074] loss: 1.8576922
W: [-0.4170171] b: [-0.652257] loss: 1.8511331
W: [-0.41802987] b: [-0.64930314] loss: 1.8445771
W: [-0.41904435] b: [-0.6463459] loss: 1.8380241
W: [-0.42006058] b: [-0.64338547] loss: 1.831475
W: [-0.42107856] b: [-0.6404219] loss: 1.824929
W: [-0.4220984] b: [-0.6374554] loss: 1.8183868
W: [-0.42312005] b: [-0.6344861] loss: 1.8118483
W: [-0.42414358] b: [-0.631514] loss: 1.8053141
W: [-0.425169] b: [-0.6285393] loss: 1.798784
W: [-0.42619628] b: [-0.6255621] loss: 1.7922583
W: [-0.42722547] b: [-0.6225824] loss: 1.7857369
W: [-0.42825654] b: [-0.61960036] loss: 1.7792205
W: [-0.4292895] b: [-0.616616] loss: 1.7727085
W: [-0.4303243] b: [-0.61362946] loss: 1.7662024
W: [-0.43136093] b: [-0.61064076] loss: 1.7597015
W: [-0.43239942] b: [-0.6076499] loss: 1.7532051
W: [-0.4334397] b: [-0.60465705] loss: 1.7467146
W: [-0.43448177] b: [-0.60166216] loss: 1.7402298
W: [-0.4355256] b: [-0.5986653] loss: 1.7337508
W: [-0.43657115] b: [-0.5956665] loss: 1.7272775
W: [-0.4376184] b: [-0.59266585] loss: 1.7208107
W: [-0.43866733] b: [-0.5896633] loss: 1.7143497
W: [-0.43971786] b: [-0.586659] loss: 1.7078953
W: [-0.44077] b: [-0.5836529] loss: 1.7014477
W: [-0.4418237] b: [-0.5806451] loss: 1.6950065
W: [-0.4428789] b: [-0.5776355] loss: 1.6885723
W: [-0.44393557] b: [-0.57462424] loss: 1.6821448
W: [-0.44499367] b: [-0.5716113] loss: 1.6757247
W: [-0.44605318] b: [-0.5685967] loss: 1.6693118
W: [-0.44711405] b: [-0.5655805] loss: 1.662906
W: [-0.44817623] b: [-0.56256264] loss: 1.6565081
W: [-0.44923967] b: [-0.55954325] loss: 1.6501175
W: [-0.45030436] b: [-0.55652225] loss: 1.643735
W: [-0.4513702] b: [-0.55349976] loss: 1.6373603
W: [-0.45243722] b: [-0.5504757] loss: 1.6309938
W: [-0.45350534] b: [-0.5474502] loss: 1.6246355
W: [-0.45457453] b: [-0.54442316] loss: 1.6182854
W: [-0.45564476] b: [-0.5413947] loss: 1.6119437
W: [-0.45671597] b: [-0.53836477] loss: 1.6056105
W: [-0.45778814] b: [-0.53533345] loss: 1.5992861
W: [-0.4588612] b: [-0.5323007] loss: 1.5929707
W: [-0.45993516] b: [-0.5292666] loss: 1.5866641
W: [-0.46100995] b: [-0.5262311] loss: 1.580366
W: [-0.46208555] b: [-0.5231943] loss: 1.5740776
W: [-0.4631619] b: [-0.5201562] loss: 1.5677987
W: [-0.46423897] b: [-0.51711684] loss: 1.5615288
W: [-0.46531674] b: [-0.51407623] loss: 1.5552686
W: [-0.4663952] b: [-0.51103437] loss: 1.5490183
W: [-0.46747428] b: [-0.5079913] loss: 1.5427773
W: [-0.46855396] b: [-0.50494707] loss: 1.5365465
W: [-0.4696342] b: [-0.5019017] loss: 1.5303253
W: [-0.470715] b: [-0.49885517] loss: 1.5241146
W: [-0.47179627] b: [-0.4958076] loss: 1.5179138
W: [-0.47287807] b: [-0.49275893] loss: 1.5117235
W: [-0.4739603] b: [-0.48970923] loss: 1.5055432
W: [-0.47504297] b: [-0.48665854] loss: 1.4993739
W: [-0.47612604] b: [-0.48360687] loss: 1.493215
W: [-0.4772095] b: [-0.48055425] loss: 1.4870667
W: [-0.47829333] b: [-0.47750074] loss: 1.4809294
W: [-0.47937748] b: [-0.47444636] loss: 1.4748027
W: [-0.48046193] b: [-0.4713911] loss: 1.4686875
W: [-0.48154667] b: [-0.46833506] loss: 1.4625832
W: [-0.48263168] b: [-0.46527824] loss: 1.45649
W: [-0.48371693] b: [-0.46222067] loss: 1.4504077
W: [-0.4848024] b: [-0.4591624] loss: 1.4443374
W: [-0.48588806] b: [-0.45610347] loss: 1.4382782
W: [-0.4869739] b: [-0.4530439] loss: 1.4322308
W: [-0.48805994] b: [-0.44998375] loss: 1.4261949
W: [-0.48914608] b: [-0.44692302] loss: 1.420171
W: [-0.49023238] b: [-0.44386178] loss: 1.4141586
W: [-0.49131876] b: [-0.44080004] loss: 1.4081582
W: [-0.49240527] b: [-0.43773785] loss: 1.4021698
W: [-0.49349183] b: [-0.43467528] loss: 1.3961935
W: [-0.49457845] b: [-0.4316123] loss: 1.3902291
W: [-0.49566513] b: [-0.42854902] loss: 1.3842772
W: [-0.49675184] b: [-0.42548543] loss: 1.378338
W: [-0.49783856] b: [-0.42242157] loss: 1.3724105
W: [-0.49892527] b: [-0.41935748] loss: 1.3664956
W: [-0.500012] b: [-0.4162932] loss: 1.3605937
W: [-0.5010987] b: [-0.41322878] loss: 1.3547041
W: [-0.50218534] b: [-0.41016427] loss: 1.348827
W: [-0.50327194] b: [-0.40709966] loss: 1.3429631
W: [-0.5043585] b: [-0.40403503] loss: 1.3371117
W: [-0.50544494] b: [-0.4009704] loss: 1.3312733
W: [-0.5065313] b: [-0.39790583] loss: 1.3254482
W: [-0.50761753] b: [-0.39484134] loss: 1.3196359
W: [-0.50870365] b: [-0.39177698] loss: 1.3138366
W: [-0.50978965] b: [-0.38871276] loss: 1.3080509
W: [-0.5108755] b: [-0.38564876] loss: 1.302278
W: [-0.5119612] b: [-0.38258496] loss: 1.2965184
W: [-0.51304674] b: [-0.37952146] loss: 1.2907729
W: [-0.5141321] b: [-0.37645826] loss: 1.2850403
W: [-0.51521724] b: [-0.3733954] loss: 1.2793211
W: [-0.5163022] b: [-0.37033293] loss: 1.2736157
W: [-0.517387] b: [-0.36727086] loss: 1.2679238
W: [-0.51847154] b: [-0.36420926] loss: 1.2622458
W: [-0.51955587] b: [-0.36114815] loss: 1.2565813
W: [-0.52063996] b: [-0.35808757] loss: 1.2509307
W: [-0.52172375] b: [-0.35502756] loss: 1.2452937
W: [-0.5228073] b: [-0.35196814] loss: 1.2396711
W: [-0.52389055] b: [-0.34890935] loss: 1.2340622
W: [-0.5249735] b: [-0.34585124] loss: 1.2284675
W: [-0.5260562] b: [-0.34279385] loss: 1.2228866
W: [-0.52713853] b: [-0.33973718] loss: 1.2173201
W: [-0.5282206] b: [-0.33668128] loss: 1.2117676
W: [-0.5293023] b: [-0.3336262] loss: 1.2062292
W: [-0.53038365] b: [-0.33057198] loss: 1.2007056
W: [-0.5314647] b: [-0.3275186] loss: 1.1951957
W: [-0.5325453] b: [-0.32446617] loss: 1.1897006
W: [-0.5336256] b: [-0.32141468] loss: 1.1842198
W: [-0.5347055] b: [-0.31836417] loss: 1.1787535
W: [-0.535785] b: [-0.31531465] loss: 1.1733018
W: [-0.5368641] b: [-0.3122662] loss: 1.1678646
W: [-0.53794277] b: [-0.30921882] loss: 1.1624417
W: [-0.539021] b: [-0.30617255] loss: 1.1570337
W: [-0.54009885] b: [-0.3031274] loss: 1.1516403
W: [-0.5411762] b: [-0.30008346] loss: 1.1462618
W: [-0.54225314] b: [-0.2970407] loss: 1.1408978
W: [-0.5433296] b: [-0.29399917] loss: 1.1355487
W: [-0.5444056] b: [-0.2909589] loss: 1.1302143
W: [-0.5454811] b: [-0.28791994] loss: 1.1248949
W: [-0.54655606] b: [-0.2848823] loss: 1.1195904
W: [-0.54763055] b: [-0.28184605] loss: 1.1143008
W: [-0.5487045] b: [-0.27881116] loss: 1.1090263
W: [-0.5497779] b: [-0.2757777] loss: 1.1037669
W: [-0.5508508] b: [-0.2727457] loss: 1.0985224
W: [-0.55192316] b: [-0.26971516] loss: 1.0932931
W: [-0.55299497] b: [-0.26668614] loss: 1.0880785
W: [-0.5540662] b: [-0.26365864] loss: 1.0828794
W: [-0.55513686] b: [-0.26063272] loss: 1.0776951
W: [-0.55620694] b: [-0.25760838] loss: 1.0725265
W: [-0.5572764] b: [-0.25458568] loss: 1.0673726
W: [-0.5583453] b: [-0.25156462] loss: 1.0622344
W: [-0.55941355] b: [-0.24854524] loss: 1.0571113
W: [-0.5604812] b: [-0.24552758] loss: 1.0520034
W: [-0.5615482] b: [-0.24251166] loss: 1.0469109
W: [-0.5626145] b: [-0.2394975] loss: 1.0418339
W: [-0.5636802] b: [-0.23648512] loss: 1.0367723
W: [-0.5647452] b: [-0.23347457] loss: 1.0317259
W: [-0.56580955] b: [-0.23046586] loss: 1.0266948
W: [-0.5668732] b: [-0.22745903] loss: 1.0216795
W: [-0.5679362] b: [-0.22445409] loss: 1.0166793
W: [-0.56899846] b: [-0.22145107] loss: 1.0116948
W: [-0.57006] b: [-0.21845001] loss: 1.0067258
W: [-0.57112086] b: [-0.21545093] loss: 1.0017723
W: [-0.572181] b: [-0.21245384] loss: 0.9968344
W: [-0.57324034] b: [-0.2094588] loss: 0.991912
W: [-0.574299] b: [-0.20646581] loss: 0.9870054
W: [-0.57535684] b: [-0.2034749] loss: 0.9821139
W: [-0.5764139] b: [-0.2004861] loss: 0.9772384
W: [-0.57747024] b: [-0.19749942] loss: 0.9723785
W: [-0.5785258] b: [-0.1945149] loss: 0.96753407
W: [-0.57958055] b: [-0.19153257] loss: 0.9627055
W: [-0.5806345] b: [-0.18855244] loss: 0.95789254
W: [-0.5816876] b: [-0.18557455] loss: 0.95309526
W: [-0.58273995] b: [-0.1825989] loss: 0.9483137
W: [-0.58379143] b: [-0.17962554] loss: 0.9435477
W: [-0.5848421] b: [-0.17665449] loss: 0.93879735
W: [-0.5858919] b: [-0.17368576] loss: 0.93406296
W: [-0.5869409] b: [-0.17071939] loss: 0.92934424
W: [-0.587989] b: [-0.16775538] loss: 0.9246412
W: [-0.5890362] b: [-0.16479377] loss: 0.919954
W: [-0.5900826] b: [-0.1618346] loss: 0.9152826
W: [-0.59112805] b: [-0.15887786] loss: 0.91062677
W: [-0.5921726] b: [-0.1559236] loss: 0.9059868
W: [-0.5932163] b: [-0.15297183] loss: 0.9013628
W: [-0.5942591] b: [-0.15002258] loss: 0.8967542
W: [-0.5953009] b: [-0.14707586] loss: 0.8921616
W: [-0.59634185] b: [-0.1441317] loss: 0.8875848
W: [-0.59738183] b: [-0.14119013] loss: 0.88302386
W: [-0.5984209] b: [-0.13825116] loss: 0.8784785
W: [-0.59945905] b: [-0.1353148] loss: 0.8739491
W: [-0.60049623] b: [-0.13238111] loss: 0.8694353
W: [-0.6015324] b: [-0.12945008] loss: 0.86493754
W: [-0.6025676] b: [-0.12652174] loss: 0.86045545
W: [-0.6036019] b: [-0.12359611] loss: 0.8559892
W: [-0.6046351] b: [-0.12067322] loss: 0.8515389
W: [-0.6056674] b: [-0.11775308] loss: 0.84710425
W: [-0.6066987] b: [-0.11483572] loss: 0.8426854
W: [-0.60772896] b: [-0.11192116] loss: 0.83828247
W: [-0.6087582] b: [-0.10900941] loss: 0.83389497
W: [-0.60978645] b: [-0.10610051] loss: 0.8295236
W: [-0.6108136] b: [-0.10319446] loss: 0.8251681
W: [-0.6118398] b: [-0.1002913] loss: 0.8208282
W: [-0.6128649] b: [-0.09739103] loss: 0.816504
W: [-0.613889] b: [-0.09449369] loss: 0.81219584
W: [-0.614912] b: [-0.09159929] loss: 0.80790347
W: [-0.6159339] b: [-0.08870784] loss: 0.80362654
W: [-0.61695474] b: [-0.08581938] loss: 0.7993656
W: [-0.6179745] b: [-0.08293391] loss: 0.7951205
W: [-0.6189932] b: [-0.08005147] loss: 0.79089105
W: [-0.62001085] b: [-0.07717206] loss: 0.7866773
W: [-0.62102735] b: [-0.07429571] loss: 0.7824793
W: [-0.6220428] b: [-0.07142244] loss: 0.7782972
W: [-0.62305707] b: [-0.06855226] loss: 0.7741305
W: [-0.6240703] b: [-0.06568519] loss: 0.76997954
W: [-0.6250824] b: [-0.06282126] loss: 0.7658445
W: [-0.6260933] b: [-0.05996048] loss: 0.76172507
W: [-0.62710315] b: [-0.05710287] loss: 0.7576211
W: [-0.62811184] b: [-0.05424845] loss: 0.75353307
W: [-0.62911934] b: [-0.05139723] loss: 0.74946034
W: [-0.6301257] b: [-0.04854924] loss: 0.74540377
W: [-0.6311309] b: [-0.04570449] loss: 0.74136233
W: [-0.6321349] b: [-0.042863] loss: 0.73733693
W: [-0.63313776] b: [-0.04002478] loss: 0.7333268
W: [-0.6341394] b: [-0.03718986] loss: 0.7293323
W: [-0.6351399] b: [-0.03435825] loss: 0.72535366
W: [-0.63613915] b: [-0.03152997] loss: 0.7213905
W: [-0.63713723] b: [-0.02870503] loss: 0.7174427
W: [-0.6381341] b: [-0.02588346] loss: 0.7135105
W: [-0.6391298] b: [-0.02306527] loss: 0.7095938
W: [-0.6401243] b: [-0.02025047] loss: 0.7056925
W: [-0.6411176] b: [-0.01743909] loss: 0.70180684
W: [-0.6421096] b: [-0.01463114] loss: 0.6979368
W: [-0.6431004] b: [-0.01182663] loss: 0.694082
W: [-0.64408994] b: [-0.00902559] loss: 0.6902425
W: [-0.64507824] b: [-0.00622802] loss: 0.6864186
W: [-0.6460653] b: [-0.00343395] loss: 0.68261003
W: [-0.6470511] b: [-0.00064338] loss: 0.6788168
W: [-0.64803565] b: [0.00214365] loss: 0.675039
W: [-0.64901894] b: [0.00492715] loss: 0.67127657
W: [-0.650001] b: [0.00770709] loss: 0.6675294
W: [-0.6509817] b: [0.01048346] loss: 0.6637975
W: [-0.6519612] b: [0.01325624] loss: 0.6600809
W: [-0.6529394] b: [0.01602542] loss: 0.65637946
W: [-0.65391624] b: [0.01879098] loss: 0.6526935
W: [-0.65489185] b: [0.02155291] loss: 0.64902246
W: [-0.65586615] b: [0.02431119] loss: 0.64536697
W: [-0.65683913] b: [0.02706582] loss: 0.64172626
W: [-0.6578108] b: [0.02981676] loss: 0.6381011
W: [-0.6587812] b: [0.03256402] loss: 0.6344906
W: [-0.6597502] b: [0.03530757] loss: 0.6308956
W: [-0.6607179] b: [0.03804741] loss: 0.62731546
W: [-0.6616843] b: [0.04078351] loss: 0.62375045
W: [-0.66264933] b: [0.04351586] loss: 0.62020063
W: [-0.663613] b: [0.04624446] loss: 0.61666554
W: [-0.6645754] b: [0.04896928] loss: 0.61314565
W: [-0.6655364] b: [0.05169032] loss: 0.6096406
W: [-0.66649604] b: [0.05440755] loss: 0.6061505
W: [-0.6674543] b: [0.05712097] loss: 0.60267544
W: [-0.66841125] b: [0.05983057] loss: 0.5992152
W: [-0.66936684] b: [0.06253631] loss: 0.5957696
W: [-0.67032105] b: [0.06523822] loss: 0.592339
W: [-0.6712738] b: [0.06793625] loss: 0.58892316
W: [-0.67222524] b: [0.0706304] loss: 0.5855221
W: [-0.6731753] b: [0.07332066] loss: 0.582136
W: [-0.67412394] b: [0.07600702] loss: 0.57876456
W: [-0.6750712] b: [0.07868946] loss: 0.57540774
W: [-0.67601705] b: [0.08136798] loss: 0.5720655
W: [-0.6769615] b: [0.08404255] loss: 0.568738
W: [-0.67790455] b: [0.08671317] loss: 0.56542504
W: [-0.6788462] b: [0.08937982] loss: 0.5621267
W: [-0.6797864] b: [0.09204249] loss: 0.558843
W: [-0.68072516] b: [0.09470118] loss: 0.5555739
W: [-0.68166256] b: [0.09735586] loss: 0.55231905
W: [-0.68259853] b: [0.10000653] loss: 0.5490788
W: [-0.6835331] b: [0.10265318] loss: 0.545853
W: [-0.6844661] b: [0.10529578] loss: 0.54264164
W: [-0.68539774] b: [0.10793435] loss: 0.53944445
W: [-0.68632793] b: [0.11056886] loss: 0.5362618
W: [-0.6872567] b: [0.11319929] loss: 0.5330935
W: [-0.68818396] b: [0.11582565] loss: 0.52993953
W: [-0.6891098] b: [0.11844792] loss: 0.5267998
W: [-0.6900342] b: [0.12106609] loss: 0.52367413
W: [-0.6909571] b: [0.12368014] loss: 0.52056277
W: [-0.69187856] b: [0.12629007] loss: 0.5174656
W: [-0.69279855] b: [0.12889586] loss: 0.5143824
W: [-0.69371706] b: [0.13149752] loss: 0.5113136
W: [-0.6946341] b: [0.13409501] loss: 0.50825864
W: [-0.69554967] b: [0.13668835] loss: 0.5052179
W: [-0.69646376] b: [0.13927752] loss: 0.5021908
W: [-0.6973764] b: [0.1418625] loss: 0.49917793
W: [-0.6982875] b: [0.14444329] loss: 0.49617907
W: [-0.6991971] b: [0.14701986] loss: 0.49319398
W: [-0.70010525] b: [0.14959224] loss: 0.49022275
W: [-0.70101184] b: [0.15216038] loss: 0.4872656
W: [-0.70191693] b: [0.15472429] loss: 0.48432213
W: [-0.70282054] b: [0.15728396] loss: 0.48139232
W: [-0.70372266] b: [0.15983939] loss: 0.47847626
W: [-0.7046232] b: [0.16239056] loss: 0.4755739
W: [-0.7055223] b: [0.16493745] loss: 0.4726854
W: [-0.7064198] b: [0.16748007] loss: 0.46981037
W: [-0.70731586] b: [0.1700184] loss: 0.46694905
W: [-0.70821035] b: [0.17255244] loss: 0.4641011
W: [-0.7091033] b: [0.17508218] loss: 0.46126696
W: [-0.70999473] b: [0.1776076] loss: 0.45844606
W: [-0.71088463] b: [0.1801287] loss: 0.45563892
W: [-0.711773] b: [0.18264547] loss: 0.45284498
W: [-0.7126598] b: [0.18515791] loss: 0.4500646
W: [-0.7135451] b: [0.187666] loss: 0.4472973
W: [-0.71442884] b: [0.19016974] loss: 0.44454354
W: [-0.71531105] b: [0.19266911] loss: 0.44180298
W: [-0.7161917] b: [0.19516411] loss: 0.43907568
W: [-0.7170708] b: [0.19765474] loss: 0.43636158
W: [-0.7179483] b: [0.20014098] loss: 0.43366075
W: [-0.71882427] b: [0.20262283] loss: 0.43097302
W: [-0.71969867] b: [0.20510028] loss: 0.42829835
W: [-0.7205715] b: [0.20757332] loss: 0.4256369
W: [-0.7214428] b: [0.21004196] loss: 0.42298824
W: [-0.7223125] b: [0.21250616] loss: 0.42035264
W: [-0.72318065] b: [0.21496594] loss: 0.41773003
W: [-0.72404724] b: [0.21742128] loss: 0.4151204
W: [-0.7249122] b: [0.21987218] loss: 0.41252372
W: [-0.72577566] b: [0.22231862] loss: 0.40993974
W: [-0.7266375] b: [0.2247606] loss: 0.40736854
W: [-0.72749776] b: [0.22719814] loss: 0.40481025
W: [-0.7283564] b: [0.2296312] loss: 0.40226462
W: [-0.7292135] b: [0.23205978] loss: 0.3997317
W: [-0.730069] b: [0.23448387] loss: 0.3972115
W: [-0.7309229] b: [0.23690347] loss: 0.39470378
W: [-0.73177516] b: [0.2393186] loss: 0.39220878
W: [-0.7326259] b: [0.2417292] loss: 0.38972634
W: [-0.733475] b: [0.2441353] loss: 0.38725626
W: [-0.73432255] b: [0.2465369] loss: 0.38479877
W: [-0.73516846] b: [0.24893397] loss: 0.3823536
W: [-0.73601276] b: [0.2513265] loss: 0.37992096
W: [-0.73685545] b: [0.2537145] loss: 0.37750065
W: [-0.7376965] b: [0.25609797] loss: 0.37509257
W: [-0.738536] b: [0.2584769] loss: 0.3726968
W: [-0.73937386] b: [0.2608513] loss: 0.37031338
W: [-0.7402101] b: [0.2632211] loss: 0.36794195
W: [-0.74104476] b: [0.26558638] loss: 0.36558285
W: [-0.7418778] b: [0.26794708] loss: 0.3632359
W: [-0.7427092] b: [0.27030322] loss: 0.36090088
W: [-0.743539] b: [0.27265477] loss: 0.35857797
W: [-0.7443671] b: [0.27500176] loss: 0.3562671
W: [-0.74519366] b: [0.27734417] loss: 0.35396823
W: [-0.7460186] b: [0.27968198] loss: 0.3516811
W: [-0.74684185] b: [0.2820152] loss: 0.349406
W: [-0.7476635] b: [0.2843438] loss: 0.3471428
W: [-0.74848354] b: [0.28666782] loss: 0.34489137
W: [-0.7493019] b: [0.28898722] loss: 0.34265172
W: [-0.7501187] b: [0.29130203] loss: 0.34042373
W: [-0.7509338] b: [0.2936122] loss: 0.33820754
W: [-0.7517473] b: [0.29591778] loss: 0.33600292
W: [-0.7525592] b: [0.29821873] loss: 0.3338099
W: [-0.7533694] b: [0.30051503] loss: 0.33162847
W: [-0.754178] b: [0.3028067] loss: 0.3294586
W: [-0.7549849] b: [0.30509374] loss: 0.32730028
W: [-0.75579023] b: [0.30737612] loss: 0.32515335
W: [-0.7565939] b: [0.30965388] loss: 0.3230179
W: [-0.75739586] b: [0.311927] loss: 0.32089376
W: [-0.75819623] b: [0.31419545] loss: 0.3187809
W: [-0.75899494] b: [0.31645924] loss: 0.31667942
W: [-0.759792] b: [0.31871837] loss: 0.3145892
W: [-0.7605874] b: [0.32097286] loss: 0.31251025
W: [-0.76138115] b: [0.32322267] loss: 0.31044233
W: [-0.76217324] b: [0.3254678] loss: 0.30838567
W: [-0.76296365] b: [0.32770827] loss: 0.30634007
W: [-0.76375246] b: [0.32994407] loss: 0.30430552
W: [-0.7645396] b: [0.3321752] loss: 0.30228198
W: [-0.76532507] b: [0.33440164] loss: 0.30026942
W: [-0.7661089] b: [0.3366234] loss: 0.29826784
W: [-0.76689106] b: [0.33884045] loss: 0.29627708
W: [-0.7676716] b: [0.34105283] loss: 0.29429722
W: [-0.76845044] b: [0.3432605] loss: 0.2923282
W: [-0.7692276] b: [0.34546348] loss: 0.29036993
W: [-0.77000314] b: [0.34766176] loss: 0.28842244
W: [-0.770777] b: [0.34985536] loss: 0.28648564
W: [-0.77154917] b: [0.35204425] loss: 0.28455955
W: [-0.7723197] b: [0.35422844] loss: 0.28264397
W: [-0.7730885] b: [0.3564079] loss: 0.280739
W: [-0.7738557] b: [0.35858268] loss: 0.27884465
W: [-0.77462125] b: [0.36075273] loss: 0.27696076
W: [-0.77538514] b: [0.36291808] loss: 0.27508724
W: [-0.77614737] b: [0.36507872] loss: 0.27322417
W: [-0.7769079] b: [0.36723462] loss: 0.27137154
W: [-0.7776668] b: [0.3693858] loss: 0.2695291
W: [-0.778424] b: [0.3715323] loss: 0.26769707
W: [-0.7791796] b: [0.37367404] loss: 0.26587528
W: [-0.77993345] b: [0.37581107] loss: 0.26406378
W: [-0.7806856] b: [0.37794337] loss: 0.2622624
W: [-0.7814361] b: [0.38007095] loss: 0.26047122
W: [-0.7821849] b: [0.3821938] loss: 0.25869015
W: [-0.78293204] b: [0.3843119] loss: 0.25691912
W: [-0.7836775] b: [0.38642532] loss: 0.25515804
W: [-0.7844213] b: [0.38853398] loss: 0.2534071
W: [-0.78516346] b: [0.3906379] loss: 0.25166592
W: [-0.78590393] b: [0.3927371] loss: 0.24993473
W: [-0.78664273] b: [0.39483154] loss: 0.24821332
W: [-0.78737986] b: [0.39692125] loss: 0.2465018
W: [-0.7881153] b: [0.39900622] loss: 0.24480008
W: [-0.7888491] b: [0.40108645] loss: 0.24310806
W: [-0.78958124] b: [0.40316197] loss: 0.24142581
W: [-0.79031163] b: [0.40523276] loss: 0.23975314
W: [-0.79104036] b: [0.4072988] loss: 0.2380902
W: [-0.7917674] b: [0.40936008] loss: 0.23643684
W: [-0.7924928] b: [0.41141662] loss: 0.23479289
W: [-0.7932165] b: [0.41346842] loss: 0.23315853
W: [-0.7939386] b: [0.41551548] loss: 0.23153362
W: [-0.79465896] b: [0.4175578] loss: 0.22991815
W: [-0.7953777] b: [0.4195954] loss: 0.22831216
W: [-0.79609466] b: [0.42162824] loss: 0.22671539
W: [-0.79681] b: [0.42365634] loss: 0.22512794
W: [-0.7975236] b: [0.4256797] loss: 0.22354983
W: [-0.7982356] b: [0.42769834] loss: 0.22198094
W: [-0.7989459] b: [0.4297122] loss: 0.22042127
W: [-0.79965454] b: [0.43172133] loss: 0.2188707
W: [-0.8003615] b: [0.4337257] loss: 0.21732926
W: [-0.8010668] b: [0.43572536] loss: 0.21579686
W: [-0.80177045] b: [0.43772027] loss: 0.21427347
W: [-0.80247235] b: [0.43971044] loss: 0.21275912
W: [-0.8031726] b: [0.44169587] loss: 0.21125378
W: [-0.80387115] b: [0.44367656] loss: 0.20975727
W: [-0.80456805] b: [0.4456525] loss: 0.20826975
W: [-0.8052633] b: [0.44762373] loss: 0.20679101
W: [-0.80595684] b: [0.4495902] loss: 0.20532109
W: [-0.80664873] b: [0.45155194] loss: 0.20385993
W: [-0.80733895] b: [0.45350894] loss: 0.20240745
W: [-0.8080275] b: [0.4554612] loss: 0.20096375
W: [-0.8087144] b: [0.45740873] loss: 0.19952863
W: [-0.8093996] b: [0.45935154] loss: 0.19810215
W: [-0.81008315] b: [0.4612896] loss: 0.19668423
W: [-0.81076497] b: [0.46322295] loss: 0.19527489
W: [-0.8114451] b: [0.46515155] loss: 0.19387403
W: [-0.8121236] b: [0.46707544] loss: 0.1924816
W: [-0.8128004] b: [0.4689946] loss: 0.19109768
W: [-0.81347555] b: [0.470909] loss: 0.18972205
W: [-0.814149] b: [0.4728187] loss: 0.18835482
W: [-0.8148208] b: [0.47472367] loss: 0.1869959
W: [-0.81549096] b: [0.47662392] loss: 0.18564534
W: [-0.8161594] b: [0.47851947] loss: 0.18430287
W: [-0.8168263] b: [0.48041028] loss: 0.18296868
W: [-0.8174915] b: [0.48229638] loss: 0.18164258
W: [-0.818155] b: [0.48417777] loss: 0.1803246
W: [-0.81881684] b: [0.48605442] loss: 0.17901468
W: [-0.819477] b: [0.48792636] loss: 0.1777128
W: [-0.82013553] b: [0.4897936] loss: 0.17641899
W: [-0.8207924] b: [0.49165612] loss: 0.17513315
W: [-0.82144755] b: [0.49351394] loss: 0.17385526
W: [-0.82210106] b: [0.49536708] loss: 0.1725853
W: [-0.8227529] b: [0.4972155] loss: 0.17132315
W: [-0.82340306] b: [0.49905923] loss: 0.17006886
W: [-0.8240516] b: [0.50089824] loss: 0.16882236
W: [-0.8246985] b: [0.5027326] loss: 0.16758348
W: [-0.8253437] b: [0.5045622] loss: 0.16635245
W: [-0.8259873] b: [0.5063872] loss: 0.16512913
W: [-0.82662916] b: [0.50820744] loss: 0.16391331
W: [-0.82726943] b: [0.510023] loss: 0.16270527
W: [-0.82790804] b: [0.5118339] loss: 0.16150463
W: [-0.828545] b: [0.5136401] loss: 0.16031161
W: [-0.82918024] b: [0.51544166] loss: 0.15912607
W: [-0.8298139] b: [0.5172385] loss: 0.15794794
W: [-0.8304459] b: [0.5190307] loss: 0.15677728
W: [-0.8310762] b: [0.5208182] loss: 0.15561414
W: [-0.8317049] b: [0.522601] loss: 0.15445814
W: [-0.83233196] b: [0.5243792] loss: 0.15330963
W: [-0.8329573] b: [0.52615273] loss: 0.15216833
W: [-0.8335811] b: [0.52792156] loss: 0.15103428
W: [-0.8342032] b: [0.52968574] loss: 0.14990741
W: [-0.83482367] b: [0.53144526] loss: 0.14878774
W: [-0.8354425] b: [0.53320014] loss: 0.14767516
W: [-0.8360597] b: [0.5349504] loss: 0.14656973
W: [-0.8366752] b: [0.53669596] loss: 0.14547142
W: [-0.83728915] b: [0.5384369] loss: 0.14438011
W: [-0.8379014] b: [0.54017323] loss: 0.14329582
W: [-0.83851206] b: [0.5419049] loss: 0.14221843
W: [-0.83912104] b: [0.543632] loss: 0.14114808
W: [-0.8397284] b: [0.5453544] loss: 0.14008445
W: [-0.8403341] b: [0.54707223] loss: 0.1390278
W: [-0.8409382] b: [0.5487854] loss: 0.13797802
W: [-0.8415407] b: [0.55049396] loss: 0.13693498
W: [-0.8421415] b: [0.55219793] loss: 0.1358987
W: [-0.8427407] b: [0.55389726] loss: 0.1348691
W: [-0.8433383] b: [0.555592] loss: 0.1338463
W: [-0.8439343] b: [0.55728215] loss: 0.13283005
W: [-0.8445286] b: [0.5589677] loss: 0.1318205
W: [-0.8451213] b: [0.5606486] loss: 0.13081752
W: [-0.8457124] b: [0.56232494] loss: 0.12982105
W: [-0.8463019] b: [0.5639967] loss: 0.12883116
W: [-0.8468898] b: [0.5656639] loss: 0.12784763
W: [-0.847476] b: [0.5673265] loss: 0.12687069
W: [-0.8480606] b: [0.5689845] loss: 0.12590015
W: [-0.8486436] b: [0.57063794] loss: 0.124935985
W: [-0.849225] b: [0.57228684] loss: 0.12397818
W: [-0.84980476] b: [0.57393116] loss: 0.123026714
W: [-0.8503829] b: [0.5755709] loss: 0.122081496
W: [-0.8509595] b: [0.5772061] loss: 0.121142626
W: [-0.8515344] b: [0.57883674] loss: 0.12020982
W: [-0.85210776] b: [0.5804628] loss: 0.1192834
W: [-0.8526795] b: [0.58208436] loss: 0.11836302
W: [-0.85324967] b: [0.5837014] loss: 0.11744875
W: [-0.85381824] b: [0.58531386] loss: 0.11654055
W: [-0.8543852] b: [0.5869218] loss: 0.11563854
W: [-0.85495055] b: [0.58852524] loss: 0.11474246
W: [-0.8555143] b: [0.59012413] loss: 0.1138524
W: [-0.8560765] b: [0.5917185] loss: 0.1129683
W: [-0.85663706] b: [0.5933084] loss: 0.11209018
W: [-0.85719603] b: [0.59489375] loss: 0.11121786
W: [-0.85775346] b: [0.5964746] loss: 0.11035155
W: [-0.85830927] b: [0.59805095] loss: 0.10949099
W: [-0.8588635] b: [0.59962285] loss: 0.10863618
W: [-0.8594161] b: [0.6011902] loss: 0.10778721
W: [-0.8599672] b: [0.6027531] loss: 0.106944084
W: [-0.86051667] b: [0.6043115] loss: 0.10610653
W: [-0.86106455] b: [0.6058655] loss: 0.105274715
W: [-0.8616109] b: [0.60741496] loss: 0.10444854
W: [-0.8621556] b: [0.60896] loss: 0.10362798
W: [-0.8626988] b: [0.6105005] loss: 0.102813065
W: [-0.86324036] b: [0.6120366] loss: 0.10200371
W: [-0.8637804] b: [0.61356825] loss: 0.10119983
W: [-0.86431885] b: [0.61509544] loss: 0.100401446
W: [-0.86485577] b: [0.6166182] loss: 0.09960853
W: [-0.8653911] b: [0.6181365] loss: 0.09882113
W: [-0.86592484] b: [0.6196504] loss: 0.098039046
W: [-0.86645705] b: [0.6211599] loss: 0.09726234
W: [-0.8669877] b: [0.622665] loss: 0.09649104
W: [-0.8675168] b: [0.62416565] loss: 0.09572507
W: [-0.8680443] b: [0.6256619] loss: 0.094964296
W: [-0.86857027] b: [0.62715375] loss: 0.09420885
W: [-0.86909467] b: [0.6286412] loss: 0.09345864
W: [-0.8696175] b: [0.6301242] loss: 0.09271371
W: [-0.8701388] b: [0.6316029] loss: 0.09197387
W: [-0.8706586] b: [0.63307714] loss: 0.091239154
W: [-0.87117684] b: [0.63454705] loss: 0.090509534
W: [-0.87169355] b: [0.6360126] loss: 0.08978501
W: [-0.8722087] b: [0.63747376] loss: 0.0890656
W: [-0.8727223] b: [0.63893056] loss: 0.08835118
W: [-0.8732344] b: [0.640383] loss: 0.08764177
W: [-0.87374496] b: [0.6418311] loss: 0.08693732
W: [-0.874254] b: [0.64327484] loss: 0.08623782
W: [-0.87476146] b: [0.6447143] loss: 0.08554324
W: [-0.87526745] b: [0.6461494] loss: 0.08485351
W: [-0.8757719] b: [0.64758015] loss: 0.08416867
W: [-0.87627476] b: [0.6490066] loss: 0.08348866
W: [-0.87677616] b: [0.6504288] loss: 0.08281344
W: [-0.877276] b: [0.6518466] loss: 0.08214304
W: [-0.87777436] b: [0.6532601] loss: 0.081477344
W: [-0.87827116] b: [0.65466934] loss: 0.08081633
W: [-0.8787665] b: [0.6560743] loss: 0.08016008
W: [-0.8792603] b: [0.65747494] loss: 0.07950847
W: [-0.8797526] b: [0.6588713] loss: 0.078861535
W: [-0.88024336] b: [0.6602634] loss: 0.0782191
W: [-0.88073266] b: [0.66165125] loss: 0.07758131
W: [-0.88122046] b: [0.66303486] loss: 0.076948114
W: [-0.8817068] b: [0.66441417] loss: 0.076319404
W: [-0.88219154] b: [0.66578925] loss: 0.0756952
W: [-0.8826748] b: [0.6671601] loss: 0.07507551
W: [-0.8831566] b: [0.6685267] loss: 0.074460216
W: [-0.8836369] b: [0.6698891] loss: 0.07384944
W: [-0.8841157] b: [0.67124724] loss: 0.07324297
W: [-0.884593] b: [0.67260116] loss: 0.07264091
W: [-0.88506883] b: [0.6739509] loss: 0.07204318
W: [-0.88554317] b: [0.6752964] loss: 0.071449816
W: [-0.8860161] b: [0.67663777] loss: 0.0708607
W: [-0.8864875] b: [0.6779749] loss: 0.07027583
W: [-0.8869574] b: [0.6793078] loss: 0.06969525
W: [-0.88742584] b: [0.6806366] loss: 0.06911887
W: [-0.88789284] b: [0.6819612] loss: 0.06854661
W: [-0.88835835] b: [0.6832816] loss: 0.06797863
W: [-0.8888224] b: [0.68459785] loss: 0.06741472
W: [-0.88928497] b: [0.68591] loss: 0.06685498
W: [-0.88974607] b: [0.68721795] loss: 0.06629932
W: [-0.89020574] b: [0.6885218] loss: 0.0657477
W: [-0.8906639] b: [0.6898215] loss: 0.065200135
W: [-0.8911207] b: [0.69111705] loss: 0.064656585
W: [-0.891576] b: [0.6924085] loss: 0.06411705
W: [-0.8920298] b: [0.69369584] loss: 0.06358141
W: [-0.8924822] b: [0.6949791] loss: 0.06304976
W: [-0.8929332] b: [0.6962582] loss: 0.0625221
W: [-0.89338267] b: [0.69753325] loss: 0.06199821
W: [-0.8938307] b: [0.6988042] loss: 0.06147827
W: [-0.89427733] b: [0.7000711] loss: 0.060962185
W: [-0.8947225] b: [0.7013339] loss: 0.060449876
W: [-0.8951663] b: [0.7025926] loss: 0.05994143
W: [-0.8956086] b: [0.7038473] loss: 0.059436694
W: [-0.8960495] b: [0.7050979] loss: 0.05893577
W: [-0.89648896] b: [0.7063445] loss: 0.05843852
W: [-0.896927] b: [0.707587] loss: 0.057945043
W: [-0.8973636] b: [0.7088255] loss: 0.057455245
W: [-0.8977988] b: [0.71006] loss: 0.05696909
W: [-0.8982326] b: [0.7112905] loss: 0.05648649
W: [-0.89866495] b: [0.71251696] loss: 0.05600761
W: [-0.8990959] b: [0.7137394] loss: 0.055532288
W: [-0.8995254] b: [0.71495783] loss: 0.05506052
W: [-0.89995354] b: [0.7161723] loss: 0.054592326
W: [-0.90038025] b: [0.7173828] loss: 0.054127693
W: [-0.9008056] b: [0.7185893] loss: 0.053666484
W: [-0.9012295] b: [0.7197918] loss: 0.053208806
W: [-0.90165204] b: [0.7209904] loss: 0.052754566
W: [-0.90207314] b: [0.722185] loss: 0.052303806
W: [-0.9024929] b: [0.7233757] loss: 0.051856425
W: [-0.90291125] b: [0.7245624] loss: 0.051412396
W: [-0.9033282] b: [0.7257452] loss: 0.05097179
W: [-0.90374374] b: [0.72692406] loss: 0.0505345
W: [-0.90415794] b: [0.728099] loss: 0.050100617
W: [-0.90457076] b: [0.72927004] loss: 0.049669933
W: [-0.9049822] b: [0.73043716] loss: 0.049242623
W: [-0.9053923] b: [0.7316004] loss: 0.048818484
W: [-0.905801] b: [0.7327598] loss: 0.048397638
W: [-0.90620834] b: [0.7339152] loss: 0.047980018
W: [-0.9066143] b: [0.7350668] loss: 0.047565654
W: [-0.9070189] b: [0.7362145] loss: 0.04715441
W: [-0.9074221] b: [0.7373584] loss: 0.04674628
W: [-0.907824] b: [0.7384984] loss: 0.0463414
W: [-0.9082245] b: [0.7396346] loss: 0.04593952
W: [-0.9086237] b: [0.7407669] loss: 0.045540847
W: [-0.9090215] b: [0.7418954] loss: 0.045145184
W: [-0.909418] b: [0.74302006] loss: 0.04475259
W: [-0.9098131] b: [0.7441409] loss: 0.044363014
W: [-0.91020685] b: [0.745258] loss: 0.043976534
W: [-0.9105993] b: [0.7463712] loss: 0.043593004
W: [-0.91099036] b: [0.74748063] loss: 0.043212444
W: [-0.9113801] b: [0.7485863] loss: 0.042834874
W: [-0.91176856] b: [0.74968815] loss: 0.042460196
W: [-0.9121556] b: [0.75078624] loss: 0.04208848
W: [-0.9125414] b: [0.7518806] loss: 0.041719653
W: [-0.91292584] b: [0.7529712] loss: 0.041353688
W: [-0.913309] b: [0.754058] loss: 0.04099058
W: [-0.9136908] b: [0.7551411] loss: 0.040630348
W: [-0.91407126] b: [0.7562204] loss: 0.040272925
W: [-0.9144504] b: [0.757296] loss: 0.039918344
W: [-0.91482824] b: [0.7583679] loss: 0.039566502
W: [-0.91520476] b: [0.7594361] loss: 0.03921748
W: [-0.91558003] b: [0.76050055] loss: 0.038871136
W: [-0.915954] b: [0.76156133] loss: 0.038527578
W: [-0.91632664] b: [0.7626184] loss: 0.038186725
W: [-0.916698] b: [0.7636718] loss: 0.03784854
W: [-0.917068] b: [0.7647216] loss: 0.037513047
W: [-0.9174368] b: [0.76576763] loss: 0.037180178
W: [-0.91780424] b: [0.76681006] loss: 0.03684997
W: [-0.9181704] b: [0.7678488] loss: 0.03652241
W: [-0.9185353] b: [0.7688839] loss: 0.036197476
W: [-0.9188989] b: [0.76991534] loss: 0.035875082
W: [-0.9192612] b: [0.77094316] loss: 0.035555266
W: [-0.91962224] b: [0.7719674] loss: 0.035237998
W: [-0.919982] b: [0.772988] loss: 0.03492329
W: [-0.92034054] b: [0.774005] loss: 0.03461105
W: [-0.92069775] b: [0.7750184] loss: 0.034301367
W: [-0.9210537] b: [0.7760282] loss: 0.033994094
W: [-0.9214084] b: [0.77703446] loss: 0.033689346
W: [-0.9217619] b: [0.77803713] loss: 0.033387013
W: [-0.9221141] b: [0.7790362] loss: 0.03308714
W: [-0.922465] b: [0.78003174] loss: 0.032789625
W: [-0.9228147] b: [0.78102374] loss: 0.032494556
W: [-0.9231632] b: [0.78201216] loss: 0.032201856
W: [-0.9235104] b: [0.7829971] loss: 0.031911533
W: [-0.9238563] b: [0.78397846] loss: 0.03162352
W: [-0.924201] b: [0.78495634] loss: 0.031337887
W: [-0.92454445] b: [0.7859307] loss: 0.031054521
W: [-0.9248867] b: [0.78690153] loss: 0.030773474
W: [-0.9252277] b: [0.78786886] loss: 0.030494701
W: [-0.92556745] b: [0.7888327] loss: 0.030218212
W: [-0.925906] b: [0.7897931] loss: 0.029943971
W: [-0.9262433] b: [0.79074997] loss: 0.029671993
W: [-0.9265794] b: [0.7917034] loss: 0.029402219
W: [-0.9269143] b: [0.7926534] loss: 0.029134598
W: [-0.92724794] b: [0.7935999] loss: 0.028869204
W: [-0.92758036] b: [0.79454297] loss: 0.028606016
W: [-0.9279116] b: [0.79548264] loss: 0.028344944
W: [-0.9282416] b: [0.79641885] loss: 0.02808603
W: [-0.9285704] b: [0.79735166] loss: 0.02782923
W: [-0.928898] b: [0.7982811] loss: 0.027574573
W: [-0.9292244] b: [0.7992071] loss: 0.027321994
W: [-0.9295496] b: [0.8001297] loss: 0.027071465
W: [-0.9298736] b: [0.80104893] loss: 0.026823029
W: [-0.9301964] b: [0.80196476] loss: 0.026576646
W: [-0.93051803] b: [0.80287725] loss: 0.026332298
W: [-0.93083847] b: [0.80378634] loss: 0.02608998
W: [-0.9311577] b: [0.8046921] loss: 0.025849663
W: [-0.9314758] b: [0.8055945] loss: 0.025611326
W: [-0.93179274] b: [0.8064936] loss: 0.02537499
W: [-0.93210846] b: [0.8073893] loss: 0.025140598
W: [-0.93242306] b: [0.8082817] loss: 0.02490817
W: [-0.93273646] b: [0.8091708] loss: 0.024677683
W: [-0.93304867] b: [0.81005657] loss: 0.024449123
W: [-0.93335974] b: [0.8109391] loss: 0.024222475
W: [-0.9336696] b: [0.81181824] loss: 0.023997743
W: [-0.9339784] b: [0.81269413] loss: 0.023774827
W: [-0.934286] b: [0.81356674] loss: 0.023553828
W: [-0.9345924] b: [0.8144361] loss: 0.0233347
W: [-0.9348977] b: [0.8153022] loss: 0.02311734
W: [-0.9352019] b: [0.81616503] loss: 0.022901863
W: [-0.9355049] b: [0.81702465] loss: 0.022688184
W: [-0.9358068] b: [0.817881] loss: 0.02247628
W: [-0.9361075] b: [0.8187341] loss: 0.022266224
W: [-0.9364071] b: [0.819584] loss: 0.02205789
W: [-0.9367055] b: [0.8204307] loss: 0.021851378
W: [-0.93700284] b: [0.8212742] loss: 0.021646569
W: [-0.9372991] b: [0.8221145] loss: 0.021443456
W: [-0.9375942] b: [0.8229517] loss: 0.021242129
W: [-0.93788815] b: [0.8237856] loss: 0.021042464
W: [-0.938181] b: [0.8246164] loss: 0.020844538
W: [-0.9384727] b: [0.825444] loss: 0.020648267
W: [-0.9387633] b: [0.82626843] loss: 0.020453671
W: [-0.9390528] b: [0.8270897] loss: 0.020260746
W: [-0.93934125] b: [0.8279079] loss: 0.02006943
W: [-0.93962854] b: [0.82872295] loss: 0.019879796
W: [-0.93991476] b: [0.8295349] loss: 0.019691737
W: [-0.94019985] b: [0.83034366] loss: 0.019505344
W: [-0.94048387] b: [0.83114934] loss: 0.019320516
W: [-0.94076675] b: [0.8319519] loss: 0.019137273
W: [-0.94104856] b: [0.8327514] loss: 0.018955648
W: [-0.9413293] b: [0.83354783] loss: 0.018775523
W: [-0.94160897] b: [0.83434117] loss: 0.018596984
W: [-0.94188756] b: [0.83513147] loss: 0.018419934
W: [-0.942165] b: [0.83591866] loss: 0.018244468
W: [-0.9424414] b: [0.8367028] loss: 0.018070508
W: [-0.9427167] b: [0.83748394] loss: 0.017898038
W: [-0.94299096] b: [0.838262] loss: 0.017727092
W: [-0.9432642] b: [0.83903706] loss: 0.017557599
W: [-0.94353634] b: [0.8398091] loss: 0.017389566
W: [-0.9438074] b: [0.84057814] loss: 0.01722297
W: [-0.94407743] b: [0.8413442] loss: 0.017057855
W: [-0.94434637] b: [0.8421072] loss: 0.016894182
W: [-0.9446143] b: [0.8428672] loss: 0.01673194
W: [-0.94488114] b: [0.84362423] loss: 0.01657112
W: [-0.9451469] b: [0.8443783] loss: 0.016411675
W: [-0.9454117] b: [0.84512943] loss: 0.016253632
W: [-0.9456754] b: [0.8458776] loss: 0.016096976
W: [-0.94593805] b: [0.8466228] loss: 0.015941668
W: [-0.9461997] b: [0.8473651] loss: 0.015787764
W: [-0.9464603] b: [0.8481044] loss: 0.01563519
W: [-0.9467199] b: [0.84884083] loss: 0.015483923
W: [-0.94697845] b: [0.8495743] loss: 0.015334031
W: [-0.947236] b: [0.8503049] loss: 0.015185425
W: [-0.9474925] b: [0.8510326] loss: 0.015038175
W: [-0.94774795] b: [0.8517574] loss: 0.014892194
W: [-0.9480024] b: [0.85247934] loss: 0.014747473
W: [-0.94825584] b: [0.8531984] loss: 0.014604055
W: [-0.94850826] b: [0.85391456] loss: 0.014461928
W: [-0.9487597] b: [0.85462785] loss: 0.01432105
W: [-0.9490101] b: [0.85533834] loss: 0.014181415
W: [-0.9492595] b: [0.85604596] loss: 0.014043011
W: [-0.94950795] b: [0.8567507] loss: 0.013905841
W: [-0.9497554] b: [0.8574527] loss: 0.013769879
W: [-0.95000184] b: [0.8581518] loss: 0.01363516
W: [-0.9502473] b: [0.8588481] loss: 0.013501611
W: [-0.9504917] b: [0.8595416] loss: 0.013369277
W: [-0.9507352] b: [0.8602323] loss: 0.013238099
W: [-0.9509777] b: [0.8609202] loss: 0.013108112
W: [-0.9512192] b: [0.86160535] loss: 0.0129792765
W: [-0.9514597] b: [0.8622877] loss: 0.012851616
W: [-0.95169926] b: [0.8629673] loss: 0.012725068
W: [-0.95193785] b: [0.8636442] loss: 0.012599656
W: [-0.95217544] b: [0.86431825] loss: 0.012475391
W: [-0.95241207] b: [0.8649896] loss: 0.012352248
W: [-0.95264775] b: [0.8656582] loss: 0.012230223
W: [-0.95288247] b: [0.8663241] loss: 0.01210928
W: [-0.95311624] b: [0.8669873] loss: 0.011989401
W: [-0.95334905] b: [0.86764777] loss: 0.011870653
W: [-0.9535809] b: [0.8683055] loss: 0.011752931
W: [-0.9538118] b: [0.86896056] loss: 0.011636326
W: [-0.9540418] b: [0.86961293] loss: 0.011520738
W: [-0.9542708] b: [0.8702626] loss: 0.011406215
W: [-0.9544988] b: [0.87090963] loss: 0.011292742
W: [-0.954726] b: [0.871554] loss: 0.011180256
W: [-0.9549522] b: [0.8721957] loss: 0.011068835
W: [-0.9551774] b: [0.8728348] loss: 0.010958401
W: [-0.9554018] b: [0.8734712] loss: 0.010849006
W: [-0.9556252] b: [0.874105] loss: 0.010740586
W: [-0.9558477] b: [0.87473613] loss: 0.010633149
W: [-0.95606923] b: [0.87536466] loss: 0.010526732
W: [-0.9562899] b: [0.8759906] loss: 0.010421242
W: [-0.9565096] b: [0.876614] loss: 0.010316754
W: [-0.9567284] b: [0.8772347] loss: 0.010213198
W: [-0.9569463] b: [0.87785286] loss: 0.010110611
W: [-0.9571633] b: [0.87846845] loss: 0.010008961
W: [-0.95737934] b: [0.8790815] loss: 0.00990823
W: [-0.9575945] b: [0.87969196] loss: 0.009808447
W: [-0.9578088] b: [0.88029987] loss: 0.009709552
W: [-0.9580222] b: [0.8809052] loss: 0.009611593
W: [-0.95823467] b: [0.88150805] loss: 0.009514549
W: [-0.95844626] b: [0.88210833] loss: 0.009418374
W: [-0.95865697] b: [0.8827061] loss: 0.009323127
W: [-0.9588668] b: [0.8833014] loss: 0.009228738
W: [-0.9590757] b: [0.8838941] loss: 0.009135208
W: [-0.9592837] b: [0.88448435] loss: 0.009042575
W: [-0.9594909] b: [0.8850721] loss: 0.008950798
W: [-0.9596972] b: [0.88565737] loss: 0.008859848
W: [-0.9599026] b: [0.8862401] loss: 0.00876979
W: [-0.96010715] b: [0.88682044] loss: 0.008680543
W: [-0.9603108] b: [0.8873983] loss: 0.0085921185
W: [-0.96051365] b: [0.88797367] loss: 0.008504521
W: [-0.9607156] b: [0.8885466] loss: 0.008417778
W: [-0.9609167] b: [0.88911706] loss: 0.008331802
W: [-0.9611169] b: [0.88968515] loss: 0.008246658
W: [-0.9613163] b: [0.8902508] loss: 0.008162318
W: [-0.96151483] b: [0.890814] loss: 0.008078747
W: [-0.9617125] b: [0.8913748] loss: 0.007995967
W: [-0.9619093] b: [0.89193326] loss: 0.007913967
W: [-0.9621053] b: [0.8924893] loss: 0.007832749
W: [-0.9623004] b: [0.8930429] loss: 0.0077522867
W: [-0.96249473] b: [0.8935942] loss: 0.007672573
W: [-0.9626882] b: [0.8941431] loss: 0.007593615
W: [-0.96288085] b: [0.8946896] loss: 0.0075154053
W: [-0.96307266] b: [0.8952338] loss: 0.0074379407
W: [-0.96326363] b: [0.8957756] loss: 0.0073612006
W: [-0.96345377] b: [0.8963151] loss: 0.0072851977
W: [-0.9636431] b: [0.89685225] loss: 0.007209913
W: [-0.9638316] b: [0.8973871] loss: 0.0071353274
W: [-0.9640193] b: [0.8979196] loss: 0.007061473
W: [-0.96420616] b: [0.8984498] loss: 0.006988303
W: [-0.96439224] b: [0.89897764] loss: 0.0069158366
W: [-0.9645775] b: [0.89950323] loss: 0.006844071
W: [-0.9647619] b: [0.9000265] loss: 0.006772998
W: [-0.96494555] b: [0.9005475] loss: 0.0067025786
W: [-0.9651284] b: [0.90106624] loss: 0.0066328393
W: [-0.96531045] b: [0.9015827] loss: 0.0065637687
W: [-0.9654917] b: [0.9020969] loss: 0.0064953654
W: [-0.96567214] b: [0.9026089] loss: 0.0064276056
W: [-0.9658518] b: [0.90311855] loss: 0.0063605094
W: [-0.96603066] b: [0.903626] loss: 0.0062940386
W: [-0.96620876] b: [0.90413123] loss: 0.0062282197
W: [-0.9663861] b: [0.90463424] loss: 0.0061630406
W: [-0.9665626] b: [0.90513504] loss: 0.0060984897
W: [-0.96673834] b: [0.9056336] loss: 0.006034546
W: [-0.9669133] b: [0.90613] loss: 0.0059712366
W: [-0.96708745] b: [0.9066242] loss: 0.0059085167
W: [-0.9672609] b: [0.9071162] loss: 0.005846423
W: [-0.9674336] b: [0.907606] loss: 0.0057849283
W: [-0.9676055] b: [0.90809363] loss: 0.0057240203
W: [-0.9677766] b: [0.9085791] loss: 0.0056637037
W: [-0.96794695] b: [0.90906245] loss: 0.0056039686
W: [-0.9681165] b: [0.90954363] loss: 0.0055448217
W: [-0.9682854] b: [0.9100227] loss: 0.005486264
W: [-0.96845347] b: [0.9104996] loss: 0.0054282537
W: [-0.96862084] b: [0.9109743] loss: 0.0053708074
W: [-0.96878743] b: [0.911447] loss: 0.0053139394
W: [-0.9689533] b: [0.9119175] loss: 0.0052576065
W: [-0.9691184] b: [0.91238594] loss: 0.0052018412
W: [-0.9692828] b: [0.9128523] loss: 0.0051466124
W: [-0.9694464] b: [0.91331655] loss: 0.0050919233
W: [-0.9696093] b: [0.9137787] loss: 0.00503778
W: [-0.9697715] b: [0.9142388] loss: 0.004984157
W: [-0.9699329] b: [0.9146968] loss: 0.004931052
W: [-0.9700936] b: [0.9151527] loss: 0.004878494
W: [-0.9702536] b: [0.9156066] loss: 0.004826427
W: [-0.97041285] b: [0.9160584] loss: 0.004774903
W: [-0.9705714] b: [0.9165082] loss: 0.0047238637
W: [-0.97072923] b: [0.91695595] loss: 0.004673332
W: [-0.97088635] b: [0.9174017] loss: 0.0046233046
W: [-0.97104275] b: [0.91784537] loss: 0.0045737503
W: [-0.97119844] b: [0.91828704] loss: 0.004524714
The size of the loss captured was:  1000
