[1673016872.954383] [p9r1n01:101060:0]         mxm.c:196  MXM  WARN  The 'ulimit -s' on the system is set to 'unlimited'. This may have negative performance implications. Please set the stack size to the default value (10240) 
[1673016872.984921] [p9r1n01:101060:0]         mxm.c:196  MXM  WARN  The 'ulimit -s' on the system is set to 'unlimited'. This may have negative performance implications. Please set the stack size to the default value (10240) 
W: [0.3] b: [-0.3] loss: 23.660002
W: [-0.21999997] b: [-0.456] loss: 4.0181446
W: [-0.8648] b: [-0.63592] loss: 6.8297806
W: [-1.199056] b: [-0.6940144] loss: 19.411514
W: [-1.0416499] b: [-0.57096696] loss: 11.232405
W: [-0.5608011] b: [-0.32621694] loss: 1.1728153
W: [-0.12631308] b: [-0.08768436] loss: 8.626183
W: [-0.04194916] b: [0.03927231] loss: 12.819314
W: [-0.3487066] b: [0.03878135] loss: 3.900551
W: [-0.8233206] b: [-0.0150217] loss: 1.4708765
W: [-1.1534765] b: [-0.01757858] loss: 7.9720035
W: [-1.1550152] b: [0.0922218] loss: 6.8315263
W: [-0.8818353] b: [0.29466745] loss: 0.7419546
W: [-0.5658057] b: [0.5096622] loss: 2.359428
W: [-0.44382805] b: [0.65554565] loss: 5.922896
W: [-0.5988605] b: [0.70316267] loss: 2.798373
W: [-0.9197059] b: [0.6895371] loss: 0.08039637
W: [-1.1945506] b: [0.6860523] loss: 2.7513256
W: [-1.262391] b: [0.7469419] loss: 3.6496265
W: [-1.1154011] b: [0.8744654] loss: 0.75229496
W: [-0.8887627] b: [1.0223595] loss: 0.42295587
W: [-0.75600237] b: [1.131428] loss: 2.4965012
W: [-0.80920225] b: [1.1702759] loss: 1.8578541
W: [-1.005616] b: [1.1534574] loss: 0.07790668
W: [-1.2097102] b: [1.1271673] loss: 0.8506722
W: [-1.2930024] b: [1.1352749] loss: 1.8559915
W: [-1.2192189] b: [1.1903502] loss: 0.7520733
W: [-1.0593524] b: [1.2685337] loss: 0.07536023
W: [-0.9335679] b: [1.3292867] loss: 1.0036199
W: [-0.92607844] b: [1.344335] loss: 1.1472738
W: [-1.0325578] b: [1.3155473] loss: 0.22461018
W: [-1.171964] b: [1.2709062] loss: 0.24898708
W: [-1.2484325] b: [1.2434496] loss: 0.879016
W: [-1.2168845] b: [1.248949] loss: 0.57920516
W: [-1.1081505] b: [1.2773596] loss: 0.05867775
W: [-1.0008714] b: [1.3023704] loss: 0.3604645
W: [-0.96427155] b: [1.3008648] loss: 0.6153628
W: [-1.0129417] b: [1.2682949] loss: 0.22350937
W: [-1.1026388] b: [1.2201067] loss: 0.057999935
W: [-1.1658043] b: [1.1796566] loss: 0.3580811
W: [-1.1591018] b: [1.1620399] loss: 0.34881285
W: [-1.0900165] b: [1.1650419] loss: 0.05491452
W: [-1.0068382] b: [1.1725438] loss: 0.09689048
W: [-0.96238357] b: [1.1668595] loss: 0.27935135
W: [-0.9783162] b: [1.1408716] loss: 0.15457758
W: [-1.0338402] b: [1.1018761] loss: 0.0069195786
W: [-1.0838828] b: [1.0653981] loss: 0.118481785
W: [-1.0916712] b: [1.0441126] loss: 0.17901501
W: [-1.0525005] b: [1.0397608] loss: 0.04726347
W: [-0.9936987] b: [1.0431635] loss: 0.014083249
W: [-0.9531906] b: [1.0415126] loss: 0.11149033
W: [-0.9531215] b: [1.0273439] loss: 0.094555445
W: [-0.9866552] b: [1.0030288] loss: 0.006187578
W: [-1.0254481] b: [0.97823393] loss: 0.032401294
W: [-1.0407397] b: [0.9627495] loss: 0.08569349
W: [-1.0226082] b: [0.95994145] loss: 0.039865635
W: [-0.9847132] b: [0.9651405] loss: 0.0012135251
W: [-0.95280796] b: [0.9695511] loss: 0.04178226
W: [-0.9463187] b: [0.9665181] loss: 0.05498763
W: [-0.9659907] b: [0.95573074] loss: 0.012426675
W: [-0.9952473] b: [0.9427618] loss: 0.008341797
W: [-1.0129821] b: [0.93471825] loss: 0.03905282
W: [-1.0080979] b: [0.935298] loss: 0.029191673
W: [-0.9859029] b: [0.94261557] loss: 0.0029546681
W: [-0.9629088] b: [0.9509727] loss: 0.0145177925
W: [-0.95466334] b: [0.954998] loss: 0.028958298
W: [-0.965444] b: [0.95315367] loss: 0.012225349
W: [-0.986511] b: [0.9483303] loss: 0.0021981774
W: [-1.0032307] b: [0.945425] loss: 0.015753148
W: [-1.005425] b: [0.94782233] loss: 0.0174342
W: [-0.9937093] b: [0.9552392] loss: 0.0035697892
W: [-0.9779875] b: [0.9642371] loss: 0.0039078225
W: [-0.9698928] b: [0.9707937] loss: 0.01301894
W: [-0.9748306] b: [0.97300977] loss: 0.0083322795
W: [-0.9889782] b: [0.9721295] loss: 0.0006078016
W: [-1.00275] b: [0.9713626] loss: 0.005082375
W: [-1.0077672] b: [0.97351336] loss: 0.008730589
W: [-1.0023249] b: [0.97912145] loss: 0.0028766368
W: [-0.9918563] b: [0.986304] loss: 0.0005092038
W: [-0.98458153] b: [0.9922352] loss: 0.0049786097
W: [-0.9857324] b: [0.99511075] loss: 0.0048074075
W: [-0.99435085] b: [0.9952364] loss: 0.00050994963
W: [-1.0045443] b: [0.9946007] loss: 0.0012268259
W: [-1.0099119] b: [0.99536943] loss: 0.003951084
W: [-1.0078695] b: [0.9984141] loss: 0.0021175363
W: [-1.0009925] b: [1.0028551] loss: 5.484314e-06
W: [-0.99477875] b: [1.006822] loss: 0.0017163882
W: [-0.99368346] b: [1.0088023] loss: 0.0026188856
W: [-0.9982481] b: [1.008617] loss: 0.0006910085
W: [-1.0051308] b: [1.0074105] loss: 0.00024897314
W: [-1.0097289] b: [1.006758] loss: 0.0017072764
W: [-1.0093814] b: [1.0075759] loss: 0.0014484483
W: [-1.004955] b: [1.0095822] loss: 0.00015424663
W: [-0.9999147] b: [1.0116123] loss: 0.00055940496
W: [-0.997752] b: [1.0124934] loss: 0.001337638
W: [-0.99965304] b: [1.0118372] loss: 0.000646235
W: [-1.0039396] b: [1.0102304] loss: 7.818339e-05
W: [-1.0074799] b: [1.0087538] loss: 0.0006754357
W: [-1.007929] b: [1.0082204] loss: 0.0008527705
W: [-1.0052198] b: [1.0086685] loss: 0.00021300805
W: [-1.0013833] b: [1.0094223] loss: 0.00015184679
W: [-0.998985] b: [1.0096236] loss: 0.0005967318
W: [-0.99936026] b: [1.008832] loss: 0.00043729728
W: [-1.0018482] b: [1.0072849] loss: 4.5474168e-05
W: [-1.0044354] b: [1.0056794] loss: 0.0002153999
W: [-1.0052385] b: [1.0046672] loss: 0.00042140821
W: [-1.0037516] b: [1.0044305] loss: 0.00016832506
W: [-1.0010486] b: [1.0046134] loss: 2.1369495e-05
W: [-0.99890935] b: [1.0046186] loss: 0.00022176075
W: [-0.9985622] b: [1.0040357] loss: 0.00024321603
W: [-0.9999196] b: [1.0029007] loss: 3.851654e-05
W: [-1.0017697] b: [1.001631] loss: 4.6865767e-05
W: [-1.0026991] b: [1.0007118] loss: 0.00018216131
W: [-1.0020585] b: [1.0003674] loss: 0.000112537324
W: [-1.0003203] b: [1.0004398] loss: 1.0345675e-06
W: [-0.9986517] b: [1.0005337] loss: 7.007197e-05
W: [-0.99806565] b: [1.0003059] loss: 0.00012446025
W: [-0.99876004] b: [0.9996895] loss: 3.8811188e-05
W: [-1.0000669] b: [0.9989116] loss: 6.328512e-06
W: [-1.0009853] b: [0.998312] loss: 7.3783536e-05
W: [-1.000883] b: [0.9981044] loss: 7.1239396e-05
W: [-0.99988204] b: [0.99824584] loss: 8.587649e-06
W: [-0.9987011] b: [0.99848986] loss: 2.0506075e-05
W: [-0.9981156] b: [0.9985705] loss: 6.082617e-05
W: [-0.99843335] b: [0.9983806] loss: 3.3381784e-05
W: [-0.99933547] b: [0.9980259] loss: 2.599331e-06
W: [-1.0001513] b: [0.9977317] loss: 2.8131046e-05
W: [-1.000341] b: [0.9976786] loss: 4.088239e-05
W: [-0.99984294] b: [0.99788475] loss: 1.1992991e-05
W: [-0.9990658] b: [0.9982081] loss: 5.545113e-06
W: [-0.99856853] b: [0.99845564] loss: 2.6798076e-05
W: [-0.998671] b: [0.99851567] loss: 2.2346398e-05
W: [-0.9992637] b: [0.9984226] loss: 2.988176e-06
W: [-0.99992347] b: [0.99831784] loss: 8.919581e-06
W: [-1.0002267] b: [0.9983428] loss: 2.0043088e-05
W: [-1.0000322] b: [0.9985432] loss: 9.45734e-06
W: [-0.9995464] b: [0.99884653] loss: 1.0302945e-06
W: [-0.9991507] b: [0.99912107] loss: 9.799699e-06
W: [-0.99912834] b: [0.9992686] loss: 1.218216e-05
W: [-0.99948496] b: [0.9992856] loss: 2.6403068e-06
W: [-0.99997205] b: [0.999255] loss: 1.8270055e-06
W: [-1.0002782] b: [0.99928147] loss: 8.386572e-06
W: [-1.0002431] b: [0.99941844] loss: 5.951718e-06
W: [-0.9999493] b: [0.9996368] loss: 2.3634489e-07
W: [-0.99964267] b: [0.9998523] loss: 2.8624409e-06
W: [-0.9995516] b: [0.9999866] loss: 5.9126914e-06
W: [-0.999736] b: [1.0000188] loss: 2.191666e-06
W: [-1.0000641] b: [0.99999356] loss: 1.3182023e-07
W: [-1.0003197] b: [0.99998415] loss: 3.1689244e-06
W: [-1.0003548] b: [1.0000409] loss: 3.4917807e-06
W: [-1.0001816] b: [1.0001596] loss: 5.1086874e-07
W: [-0.99994874] b: [1.00029] loss: 7.125386e-07
W: [-0.9998279] b: [1.000374] loss: 2.7348703e-06
W: [-0.99989724] b: [1.0003852] loss: 1.7019568e-06
W: [-1.0000983] b: [1.0003439] loss: 8.6816414e-08
W: [-1.0002891] b: [1.0002989] loss: 1.1362298e-06
W: [-1.0003471] b: [1.0002923] loss: 1.9275185e-06
W: [-1.0002495] b: [1.0003324] loss: 6.5103546e-07
W: [-1.0000784] b: [1.0003917] loss: 1.838365e-07
W: [-0.9999557] b: [1.0004295] loss: 1.1769743e-06
W: [-0.99995774] b: [1.0004203] loss: 1.1156194e-06
W: [-1.000069] b: [1.00037] loss: 1.7983707e-07
W: [-1.0002017] b: [1.0003089] loss: 3.5592907e-07
W: [-1.0002619] b: [1.0002695] loss: 9.3698975e-07
W: [-1.0002128] b: [1.0002649] loss: 5.1182883e-07
W: [-1.0000939] b: [1.000282] loss: 5.3034682e-08
W: [-0.999987] b: [1.0002937] loss: 4.265916e-07
W: [-0.9999573] b: [1.0002782] loss: 6.0178115e-07
W: [-1.0000118] b: [1.0002334] loss: 1.6705668e-07
W: [-1.0001005] b: [1.0001768] loss: 7.255052e-08
W: [-1.0001554] b: [1.0001317] loss: 3.8500073e-07
W: [-1.0001379] b: [1.0001118] loss: 3.1233458e-07
W: [-1.0000618] b: [1.0001125] loss: 2.6068733e-08
W: [-0.99997866] b: [1.0001165] loss: 1.1753221e-07
W: [-0.99994] b: [1.0001065] loss: 2.8124822e-07
W: [-0.99996245] b: [1.0000769] loss: 1.2359695e-07
W: [-1.0000206] b: [1.0000366] loss: 3.0109533e-09
W: [-1.0000678] b: [1.0000015] loss: 1.3609555e-07
W: [-1.00007] b: [0.9999835] loss: 1.7096076e-07
W: [-1.0000266] b: [0.99998254] loss: 3.164806e-08
W: [-0.9999681] b: [0.9999884] loss: 2.3600055e-08
W: [-0.9999323] b: [0.9999882] loss: 1.2205616e-07
W: [-0.9999383] b: [0.99997544] loss: 8.626678e-08
W: [-0.99997586] b: [0.99995357] loss: 3.682505e-09
W: [-1.0000148] b: [0.99993277] loss: 4.4513854e-08
W: [-1.0000275] b: [0.9999224] loss: 8.962509e-08
W: [-1.0000069] b: [0.9999248] loss: 3.4470446e-08
W: [-0.9999692] b: [0.9999343] loss: 5.2806577e-09
W: [-0.99994063] b: [0.999942] loss: 5.0360747e-08
W: [-0.99993896] b: [0.9999417] loss: 5.4236622e-08
W: [-0.9999624] b: [0.9999339] loss: 1.020199e-08
W: [-0.99999285] b: [0.9999246] loss: 1.3470018e-08
W: [-1.0000095] b: [0.99992085] loss: 4.2888132e-08
W: [-1.000003] b: [0.9999257] loss: 2.6844365e-08
W: [-0.9999804] b: [0.9999366] loss: 2.7510119e-09
W: [-0.9999591] b: [0.99994755] loss: 1.8250901e-08
W: [-0.99995404] b: [0.99995345] loss: 2.9255393e-08
W: [-0.99996775] b: [0.99995327] loss: 9.797862e-09
W: [-0.9999901] b: [0.9999504] loss: 2.9653648e-09
W: [-1.0000062] b: [0.9999498] loss: 1.7415601e-08
W: [-1.0000069] b: [0.9999545] loss: 1.6019843e-08
W: [-0.99999434] b: [0.9999638] loss: 2.103775e-09
W: [-0.9999792] b: [0.99997395] loss: 4.874355e-09
W: [-0.9999728] b: [0.999981] loss: 1.3254244e-08
W: [-0.9999796] b: [0.9999834] loss: 6.768893e-09
W: [-0.9999946] b: [0.9999828] loss: 2.0214941e-10
W: [-1.0000079] b: [0.99998254] loss: 5.810481e-09
W: [-1.0000117] b: [0.9999853] loss: 8.419111e-09
W: [-1.0000051] b: [0.9999913] loss: 1.9649775e-09
W: [-0.9999944] b: [0.9999984] loss: 7.638974e-10
W: [-0.9999878] b: [1.0000038] loss: 5.4743516e-09
W: [-0.9999899] b: [1.000006] loss: 4.391314e-09
W: [-0.9999991] b: [1.0000054] loss: 2.3620217e-10
W: [-1.000009] b: [1.0000043] loss: 1.6990072e-09
W: [-1.0000134] b: [1.0000048] loss: 4.1654857e-09
W: [-1.0000103] b: [1.0000074] loss: 1.856165e-09
W: [-1.0000027] b: [1.0000112] loss: 1.1404211e-10
W: [-0.9999966] b: [1.0000143] loss: 2.1397746e-09
W: [-0.999996] b: [1.0000153] loss: 2.6252458e-09
W: [-1.000001] b: [1.0000142] loss: 5.641567e-10
W: [-1.0000076] b: [1.0000123] loss: 4.6887294e-10
W: [-1.0000116] b: [1.0000111] loss: 1.9587247e-09
W: [-1.0000104] b: [1.0000114] loss: 1.3722712e-09
W: [-1.0000054] b: [1.0000129] loss: 1.4581758e-10
W: [-1.0000002] b: [1.0000142] loss: 7.421903e-10
W: [-0.9999983] b: [1.0000143] loss: 1.405045e-09
W: [-1.0000004] b: [1.0000129] loss: 5.776002e-10
W: [-1.0000046] b: [1.0000107] loss: 1.1051782e-10
W: [-1.0000079] b: [1.0000088] loss: 7.8023277e-10
W: [-1.0000079] b: [1.000008] loss: 8.535892e-10
W: [-1.0000046] b: [1.0000081] loss: 1.5616308e-10
W: [-1.0000006] b: [1.0000086] loss: 2.0141044e-10
W: [-0.99999833] b: [1.0000085] loss: 6.5624306e-10
W: [-0.999999] b: [1.0000073] loss: 3.9363002e-10
W: [-1.0000017] b: [1.0000055] loss: 2.0804691e-11
W: [-1.0000042] b: [1.0000037] loss: 2.6126656e-10
W: [-1.0000046] b: [1.0000026] loss: 4.294094e-10
W: [-1.0000029] b: [1.0000024] loss: 1.3187673e-10
W: [-1.] b: [1.0000025] loss: 2.4485303e-11
W: [-0.9999979] b: [1.0000025] loss: 2.616396e-10
W: [-0.9999978] b: [1.0000018] loss: 2.3606006e-10
W: [-0.99999934] b: [1.0000006] loss: 2.2613023e-11
W: [-1.0000013] b: [0.99999934] loss: 7.1057826e-11
W: [-1.0000021] b: [0.99999857] loss: 2.0770585e-10
W: [-1.0000013] b: [0.9999984] loss: 1.0482282e-10
W: [-0.99999946] b: [0.9999986] loss: 1.3216095e-12
W: [-0.99999785] b: [0.99999887] loss: 9.314505e-11
W: [-0.99999744] b: [0.99999875] loss: 1.4025048e-10
W: [-0.99999833] b: [0.9999982] loss: 3.5512926e-11
W: [-0.99999976] b: [0.99999756] loss: 1.33333344e-11
W: [-1.0000007] b: [0.9999971] loss: 8.944667e-11
W: [-1.0000006] b: [0.999997] loss: 8.044765e-11
W: [-0.9999995] b: [0.9999973] loss: 9.581669e-12
W: [-0.99999833] b: [0.99999774] loss: 2.744116e-11
W: [-0.9999978] b: [0.999998] loss: 7.189627e-11
W: [-0.9999982] b: [0.99999785] loss: 3.6848746e-11
W: [-0.9999992] b: [0.9999976] loss: 3.797851e-12
W: [-1.0000001] b: [0.99999744] loss: 3.4592773e-11
W: [-1.0000004] b: [0.9999975] loss: 4.423839e-11
W: [-0.9999999] b: [0.9999978] loss: 1.3560708e-11
W: [-0.9999991] b: [0.9999982] loss: 5.1336713e-12
W: [-0.99999857] b: [0.99999857] loss: 2.8649083e-11
W: [-0.9999987] b: [0.9999987] loss: 2.2538416e-11
W: [-0.9999993] b: [0.9999987] loss: 3.1121772e-12
W: [-1.] b: [0.9999986] loss: 8.018475e-12
W: [-1.0000004] b: [0.9999987] loss: 2.0762059e-11
W: [-1.0000001] b: [0.9999989] loss: 7.233325e-12
W: [-0.9999997] b: [0.9999992] loss: 5.684342e-13
W: [-0.99999934] b: [0.9999995] loss: 7.378986e-12
W: [-0.9999993] b: [0.9999997] loss: 1.1972645e-11
W: [-0.99999964] b: [0.9999997] loss: 2.110312e-12
W: [-1.0000001] b: [0.9999997] loss: 1.4246382e-12
W: [-1.0000004] b: [0.9999997] loss: 5.545786e-12
W: [-1.0000004] b: [0.9999998] loss: 5.4036775e-12
W: [-1.0000001] b: [1.] loss: 5.258016e-13
W: [-0.9999998] b: [1.0000002] loss: 1.9504398e-12
W: [-0.9999997] b: [1.0000004] loss: 5.1052496e-12
W: [-0.9999998] b: [1.0000004] loss: 2.4051872e-12
W: [-1.0000001] b: [1.0000004] loss: 7.1054274e-14
W: [-1.0000004] b: [1.0000004] loss: 1.2647661e-12
W: [-1.0000005] b: [1.0000004] loss: 3.32534e-12
W: [-1.0000004] b: [1.0000004] loss: 1.2647661e-12
W: [-1.0000001] b: [1.0000005] loss: 1.8474111e-13
W: [-0.99999994] b: [1.0000006] loss: 2.5472957e-12
W: [-0.99999994] b: [1.0000006] loss: 2.5472957e-12
W: [-1.0000001] b: [1.0000005] loss: 1.8474111e-13
W: [-1.0000004] b: [1.0000004] loss: 1.2647661e-12
W: [-1.0000004] b: [1.0000004] loss: 1.2647661e-12
W: [-1.0000002] b: [1.0000004] loss: 4.8316906e-13
W: [-1.0000001] b: [1.0000004] loss: 7.1054274e-14
W: [-1.] b: [1.0000004] loss: 6.1106675e-13
W: [-1.] b: [1.0000004] loss: 6.1106675e-13
W: [-1.0000001] b: [1.0000004] loss: 7.1054274e-14
W: [-1.0000002] b: [1.0000004] loss: 4.8316906e-13
W: [-1.0000002] b: [1.0000004] loss: 4.8316906e-13
W: [-1.0000001] b: [1.0000004] loss: 7.1054274e-14
W: [-1.] b: [1.0000004] loss: 6.1106675e-13
W: [-1.] b: [1.0000004] loss: 6.1106675e-13
W: [-1.0000001] b: [1.0000002] loss: 1.2789769e-13
W: [-1.0000002] b: [1.0000002] loss: 7.9580786e-13
W: [-1.0000002] b: [1.0000002] loss: 7.9580786e-13
W: [-1.0000001] b: [1.0000002] loss: 1.2789769e-13
W: [-1.] b: [1.0000002] loss: 2.2737368e-13
W: [-0.99999994] b: [1.0000002] loss: 6.714629e-13
W: [-0.99999994] b: [1.0000002] loss: 6.714629e-13
W: [-1.] b: [1.0000001] loss: 4.2632564e-14
W: [-1.0000001] b: [1.] loss: 5.258016e-13
W: [-1.0000001] b: [0.99999994] loss: 5.435652e-13
W: [-1.] b: [0.99999994] loss: 3.5527137e-15
W: [-0.99999994] b: [0.99999994] loss: 1.1723955e-13
W: [-0.99999994] b: [0.99999994] loss: 1.1723955e-13
W: [-0.99999994] b: [0.99999994] loss: 1.1723955e-13
W: [-1.] b: [0.99999994] loss: 3.5527137e-15
W: [-1.] b: [0.99999994] loss: 3.5527137e-15
W: [-1.] b: [0.99999994] loss: 3.5527137e-15
W: [-1.] b: [0.99999994] loss: 3.5527137e-15
W: [-1.] b: [0.99999994] loss: 3.5527137e-15
W: [-1.] b: [0.99999994] loss: 3.5527137e-15
W: [-1.] b: [0.99999994] loss: 3.5527137e-15
W: [-1.] b: [0.99999994] loss: 3.5527137e-15
W: [-1.] b: [0.99999994] loss: 3.5527137e-15
W: [-1.] b: [0.99999994] loss: 3.5527137e-15
W: [-1.] b: [0.99999994] loss: 3.5527137e-15
W: [-1.] b: [0.99999994] loss: 3.5527137e-15
W: [-1.] b: [0.99999994] loss: 3.5527137e-15
W: [-1.] b: [0.99999994] loss: 3.5527137e-15
W: [-1.] b: [0.99999994] loss: 3.5527137e-15
W: [-1.] b: [0.99999994] loss: 3.5527137e-15
W: [-1.] b: [0.99999994] loss: 3.5527137e-15
W: [-1.] b: [0.99999994] loss: 3.5527137e-15
W: [-1.] b: [0.99999994] loss: 3.5527137e-15
W: [-1.] b: [0.99999994] loss: 3.5527137e-15
W: [-1.] b: [0.99999994] loss: 3.5527137e-15
W: [-1.] b: [0.99999994] loss: 3.5527137e-15
W: [-1.] b: [0.99999994] loss: 3.5527137e-15
W: [-1.] b: [0.99999994] loss: 3.5527137e-15
W: [-1.] b: [0.99999994] loss: 3.5527137e-15
W: [-1.] b: [0.99999994] loss: 3.5527137e-15
W: [-1.] b: [0.99999994] loss: 3.5527137e-15
W: [-1.] b: [0.99999994] loss: 3.5527137e-15
W: [-1.] b: [0.99999994] loss: 3.5527137e-15
W: [-1.] b: [0.99999994] loss: 3.5527137e-15
W: [-1.] b: [0.99999994] loss: 3.5527137e-15
W: [-1.] b: [0.99999994] loss: 3.5527137e-15
W: [-1.] b: [0.99999994] loss: 3.5527137e-15
W: [-1.] b: [0.99999994] loss: 3.5527137e-15
W: [-1.] b: [0.99999994] loss: 3.5527137e-15
W: [-1.] b: [0.99999994] loss: 3.5527137e-15
W: [-1.] b: [0.99999994] loss: 3.5527137e-15
W: [-1.] b: [0.99999994] loss: 3.5527137e-15
W: [-1.] b: [0.99999994] loss: 3.5527137e-15
W: [-1.] b: [0.99999994] loss: 3.5527137e-15
W: [-1.] b: [0.99999994] loss: 3.5527137e-15
W: [-1.] b: [0.99999994] loss: 3.5527137e-15
W: [-1.] b: [0.99999994] loss: 3.5527137e-15
W: [-1.] b: [0.99999994] loss: 3.5527137e-15
W: [-1.] b: [0.99999994] loss: 3.5527137e-15
W: [-1.] b: [0.99999994] loss: 3.5527137e-15
W: [-1.] b: [0.99999994] loss: 3.5527137e-15
W: [-1.] b: [0.99999994] loss: 3.5527137e-15
W: [-1.] b: [0.99999994] loss: 3.5527137e-15
W: [-1.] b: [0.99999994] loss: 3.5527137e-15
W: [-1.] b: [0.99999994] loss: 3.5527137e-15
W: [-1.] b: [0.99999994] loss: 3.5527137e-15
W: [-1.] b: [0.99999994] loss: 3.5527137e-15
W: [-1.] b: [0.99999994] loss: 3.5527137e-15
W: [-1.] b: [0.99999994] loss: 3.5527137e-15
W: [-1.] b: [0.99999994] loss: 3.5527137e-15
W: [-1.] b: [0.99999994] loss: 3.5527137e-15
W: [-1.] b: [0.99999994] loss: 3.5527137e-15
W: [-1.] b: [0.99999994] loss: 3.5527137e-15
W: [-1.] b: [0.99999994] loss: 3.5527137e-15
W: [-1.] b: [0.99999994] loss: 3.5527137e-15
W: [-1.] b: [0.99999994] loss: 3.5527137e-15
W: [-1.] b: [0.99999994] loss: 3.5527137e-15
W: [-1.] b: [0.99999994] loss: 3.5527137e-15
W: [-1.] b: [0.99999994] loss: 3.5527137e-15
W: [-1.] b: [0.99999994] loss: 3.5527137e-15
W: [-1.] b: [0.99999994] loss: 3.5527137e-15
W: [-1.] b: [0.99999994] loss: 3.5527137e-15
W: [-1.] b: [0.99999994] loss: 3.5527137e-15
W: [-1.] b: [0.99999994] loss: 3.5527137e-15
W: [-1.] b: [0.99999994] loss: 3.5527137e-15
W: [-1.] b: [0.99999994] loss: 3.5527137e-15
W: [-1.] b: [0.99999994] loss: 3.5527137e-15
W: [-1.] b: [0.99999994] loss: 3.5527137e-15
W: [-1.] b: [0.99999994] loss: 3.5527137e-15
W: [-1.] b: [0.99999994] loss: 3.5527137e-15
W: [-1.] b: [0.99999994] loss: 3.5527137e-15
W: [-1.] b: [0.99999994] loss: 3.5527137e-15
W: [-1.] b: [0.99999994] loss: 3.5527137e-15
W: [-1.] b: [0.99999994] loss: 3.5527137e-15
W: [-1.] b: [0.99999994] loss: 3.5527137e-15
W: [-1.] b: [0.99999994] loss: 3.5527137e-15
W: [-1.] b: [0.99999994] loss: 3.5527137e-15
W: [-1.] b: [0.99999994] loss: 3.5527137e-15
W: [-1.] b: [0.99999994] loss: 3.5527137e-15
W: [-1.] b: [0.99999994] loss: 3.5527137e-15
W: [-1.] b: [0.99999994] loss: 3.5527137e-15
W: [-1.] b: [0.99999994] loss: 3.5527137e-15
W: [-1.] b: [0.99999994] loss: 3.5527137e-15
W: [-1.] b: [0.99999994] loss: 3.5527137e-15
W: [-1.] b: [0.99999994] loss: 3.5527137e-15
W: [-1.] b: [0.99999994] loss: 3.5527137e-15
W: [-1.] b: [0.99999994] loss: 3.5527137e-15
W: [-1.] b: [0.99999994] loss: 3.5527137e-15
W: [-1.] b: [0.99999994] loss: 3.5527137e-15
W: [-1.] b: [0.99999994] loss: 3.5527137e-15
W: [-1.] b: [0.99999994] loss: 3.5527137e-15
W: [-1.] b: [0.99999994] loss: 3.5527137e-15
W: [-1.] b: [0.99999994] loss: 3.5527137e-15
W: [-1.] b: [0.99999994] loss: 3.5527137e-15
W: [-1.] b: [0.99999994] loss: 3.5527137e-15
W: [-1.] b: [0.99999994] loss: 3.5527137e-15
W: [-1.] b: [0.99999994] loss: 3.5527137e-15
W: [-1.] b: [0.99999994] loss: 3.5527137e-15
W: [-1.] b: [0.99999994] loss: 3.5527137e-15
W: [-1.] b: [0.99999994] loss: 3.5527137e-15
W: [-1.] b: [0.99999994] loss: 3.5527137e-15
W: [-1.] b: [0.99999994] loss: 3.5527137e-15
W: [-1.] b: [0.99999994] loss: 3.5527137e-15
W: [-1.] b: [0.99999994] loss: 3.5527137e-15
W: [-1.] b: [0.99999994] loss: 3.5527137e-15
W: [-1.] b: [0.99999994] loss: 3.5527137e-15
W: [-1.] b: [0.99999994] loss: 3.5527137e-15
W: [-1.] b: [0.99999994] loss: 3.5527137e-15
W: [-1.] b: [0.99999994] loss: 3.5527137e-15
W: [-1.] b: [0.99999994] loss: 3.5527137e-15
W: [-1.] b: [0.99999994] loss: 3.5527137e-15
W: [-1.] b: [0.99999994] loss: 3.5527137e-15
W: [-1.] b: [0.99999994] loss: 3.5527137e-15
W: [-1.] b: [0.99999994] loss: 3.5527137e-15
W: [-1.] b: [0.99999994] loss: 3.5527137e-15
W: [-1.] b: [0.99999994] loss: 3.5527137e-15
W: [-1.] b: [0.99999994] loss: 3.5527137e-15
W: [-1.] b: [0.99999994] loss: 3.5527137e-15
W: [-1.] b: [0.99999994] loss: 3.5527137e-15
W: [-1.] b: [0.99999994] loss: 3.5527137e-15
W: [-1.] b: [0.99999994] loss: 3.5527137e-15
W: [-1.] b: [0.99999994] loss: 3.5527137e-15
W: [-1.] b: [0.99999994] loss: 3.5527137e-15
W: [-1.] b: [0.99999994] loss: 3.5527137e-15
W: [-1.] b: [0.99999994] loss: 3.5527137e-15
W: [-1.] b: [0.99999994] loss: 3.5527137e-15
W: [-1.] b: [0.99999994] loss: 3.5527137e-15
W: [-1.] b: [0.99999994] loss: 3.5527137e-15
W: [-1.] b: [0.99999994] loss: 3.5527137e-15
W: [-1.] b: [0.99999994] loss: 3.5527137e-15
W: [-1.] b: [0.99999994] loss: 3.5527137e-15
W: [-1.] b: [0.99999994] loss: 3.5527137e-15
W: [-1.] b: [0.99999994] loss: 3.5527137e-15
W: [-1.] b: [0.99999994] loss: 3.5527137e-15
W: [-1.] b: [0.99999994] loss: 3.5527137e-15
W: [-1.] b: [0.99999994] loss: 3.5527137e-15
W: [-1.] b: [0.99999994] loss: 3.5527137e-15
W: [-1.] b: [0.99999994] loss: 3.5527137e-15
W: [-1.] b: [0.99999994] loss: 3.5527137e-15
W: [-1.] b: [0.99999994] loss: 3.5527137e-15
W: [-1.] b: [0.99999994] loss: 3.5527137e-15
W: [-1.] b: [0.99999994] loss: 3.5527137e-15
W: [-1.] b: [0.99999994] loss: 3.5527137e-15
W: [-1.] b: [0.99999994] loss: 3.5527137e-15
W: [-1.] b: [0.99999994] loss: 3.5527137e-15
W: [-1.] b: [0.99999994] loss: 3.5527137e-15
W: [-1.] b: [0.99999994] loss: 3.5527137e-15
W: [-1.] b: [0.99999994] loss: 3.5527137e-15
W: [-1.] b: [0.99999994] loss: 3.5527137e-15
W: [-1.] b: [0.99999994] loss: 3.5527137e-15
W: [-1.] b: [0.99999994] loss: 3.5527137e-15
W: [-1.] b: [0.99999994] loss: 3.5527137e-15
W: [-1.] b: [0.99999994] loss: 3.5527137e-15
W: [-1.] b: [0.99999994] loss: 3.5527137e-15
W: [-1.] b: [0.99999994] loss: 3.5527137e-15
W: [-1.] b: [0.99999994] loss: 3.5527137e-15
W: [-1.] b: [0.99999994] loss: 3.5527137e-15
W: [-1.] b: [0.99999994] loss: 3.5527137e-15
W: [-1.] b: [0.99999994] loss: 3.5527137e-15
W: [-1.] b: [0.99999994] loss: 3.5527137e-15
W: [-1.] b: [0.99999994] loss: 3.5527137e-15
W: [-1.] b: [0.99999994] loss: 3.5527137e-15
W: [-1.] b: [0.99999994] loss: 3.5527137e-15
W: [-1.] b: [0.99999994] loss: 3.5527137e-15
W: [-1.] b: [0.99999994] loss: 3.5527137e-15
W: [-1.] b: [0.99999994] loss: 3.5527137e-15
W: [-1.] b: [0.99999994] loss: 3.5527137e-15
W: [-1.] b: [0.99999994] loss: 3.5527137e-15
W: [-1.] b: [0.99999994] loss: 3.5527137e-15
W: [-1.] b: [0.99999994] loss: 3.5527137e-15
W: [-1.] b: [0.99999994] loss: 3.5527137e-15
W: [-1.] b: [0.99999994] loss: 3.5527137e-15
W: [-1.] b: [0.99999994] loss: 3.5527137e-15
W: [-1.] b: [0.99999994] loss: 3.5527137e-15
W: [-1.] b: [0.99999994] loss: 3.5527137e-15
W: [-1.] b: [0.99999994] loss: 3.5527137e-15
W: [-1.] b: [0.99999994] loss: 3.5527137e-15
W: [-1.] b: [0.99999994] loss: 3.5527137e-15
W: [-1.] b: [0.99999994] loss: 3.5527137e-15
W: [-1.] b: [0.99999994] loss: 3.5527137e-15
W: [-1.] b: [0.99999994] loss: 3.5527137e-15
W: [-1.] b: [0.99999994] loss: 3.5527137e-15
W: [-1.] b: [0.99999994] loss: 3.5527137e-15
W: [-1.] b: [0.99999994] loss: 3.5527137e-15
W: [-1.] b: [0.99999994] loss: 3.5527137e-15
W: [-1.] b: [0.99999994] loss: 3.5527137e-15
W: [-1.] b: [0.99999994] loss: 3.5527137e-15
W: [-1.] b: [0.99999994] loss: 3.5527137e-15
W: [-1.] b: [0.99999994] loss: 3.5527137e-15
W: [-1.] b: [0.99999994] loss: 3.5527137e-15
W: [-1.] b: [0.99999994] loss: 3.5527137e-15
W: [-1.] b: [0.99999994] loss: 3.5527137e-15
W: [-1.] b: [0.99999994] loss: 3.5527137e-15
W: [-1.] b: [0.99999994] loss: 3.5527137e-15
W: [-1.] b: [0.99999994] loss: 3.5527137e-15
W: [-1.] b: [0.99999994] loss: 3.5527137e-15
W: [-1.] b: [0.99999994] loss: 3.5527137e-15
W: [-1.] b: [0.99999994] loss: 3.5527137e-15
W: [-1.] b: [0.99999994] loss: 3.5527137e-15
W: [-1.] b: [0.99999994] loss: 3.5527137e-15
W: [-1.] b: [0.99999994] loss: 3.5527137e-15
W: [-1.] b: [0.99999994] loss: 3.5527137e-15
W: [-1.] b: [0.99999994] loss: 3.5527137e-15
W: [-1.] b: [0.99999994] loss: 3.5527137e-15
W: [-1.] b: [0.99999994] loss: 3.5527137e-15
W: [-1.] b: [0.99999994] loss: 3.5527137e-15
W: [-1.] b: [0.99999994] loss: 3.5527137e-15
W: [-1.] b: [0.99999994] loss: 3.5527137e-15
W: [-1.] b: [0.99999994] loss: 3.5527137e-15
W: [-1.] b: [0.99999994] loss: 3.5527137e-15
W: [-1.] b: [0.99999994] loss: 3.5527137e-15
W: [-1.] b: [0.99999994] loss: 3.5527137e-15
W: [-1.] b: [0.99999994] loss: 3.5527137e-15
W: [-1.] b: [0.99999994] loss: 3.5527137e-15
W: [-1.] b: [0.99999994] loss: 3.5527137e-15
W: [-1.] b: [0.99999994] loss: 3.5527137e-15
W: [-1.] b: [0.99999994] loss: 3.5527137e-15
W: [-1.] b: [0.99999994] loss: 3.5527137e-15
W: [-1.] b: [0.99999994] loss: 3.5527137e-15
W: [-1.] b: [0.99999994] loss: 3.5527137e-15
W: [-1.] b: [0.99999994] loss: 3.5527137e-15
W: [-1.] b: [0.99999994] loss: 3.5527137e-15
W: [-1.] b: [0.99999994] loss: 3.5527137e-15
W: [-1.] b: [0.99999994] loss: 3.5527137e-15
W: [-1.] b: [0.99999994] loss: 3.5527137e-15
W: [-1.] b: [0.99999994] loss: 3.5527137e-15
W: [-1.] b: [0.99999994] loss: 3.5527137e-15
W: [-1.] b: [0.99999994] loss: 3.5527137e-15
W: [-1.] b: [0.99999994] loss: 3.5527137e-15
W: [-1.] b: [0.99999994] loss: 3.5527137e-15
W: [-1.] b: [0.99999994] loss: 3.5527137e-15
W: [-1.] b: [0.99999994] loss: 3.5527137e-15
W: [-1.] b: [0.99999994] loss: 3.5527137e-15
W: [-1.] b: [0.99999994] loss: 3.5527137e-15
W: [-1.] b: [0.99999994] loss: 3.5527137e-15
W: [-1.] b: [0.99999994] loss: 3.5527137e-15
W: [-1.] b: [0.99999994] loss: 3.5527137e-15
W: [-1.] b: [0.99999994] loss: 3.5527137e-15
W: [-1.] b: [0.99999994] loss: 3.5527137e-15
W: [-1.] b: [0.99999994] loss: 3.5527137e-15
W: [-1.] b: [0.99999994] loss: 3.5527137e-15
W: [-1.] b: [0.99999994] loss: 3.5527137e-15
W: [-1.] b: [0.99999994] loss: 3.5527137e-15
W: [-1.] b: [0.99999994] loss: 3.5527137e-15
W: [-1.] b: [0.99999994] loss: 3.5527137e-15
W: [-1.] b: [0.99999994] loss: 3.5527137e-15
W: [-1.] b: [0.99999994] loss: 3.5527137e-15
W: [-1.] b: [0.99999994] loss: 3.5527137e-15
W: [-1.] b: [0.99999994] loss: 3.5527137e-15
W: [-1.] b: [0.99999994] loss: 3.5527137e-15
W: [-1.] b: [0.99999994] loss: 3.5527137e-15
W: [-1.] b: [0.99999994] loss: 3.5527137e-15
W: [-1.] b: [0.99999994] loss: 3.5527137e-15
W: [-1.] b: [0.99999994] loss: 3.5527137e-15
W: [-1.] b: [0.99999994] loss: 3.5527137e-15
W: [-1.] b: [0.99999994] loss: 3.5527137e-15
W: [-1.] b: [0.99999994] loss: 3.5527137e-15
W: [-1.] b: [0.99999994] loss: 3.5527137e-15
W: [-1.] b: [0.99999994] loss: 3.5527137e-15
W: [-1.] b: [0.99999994] loss: 3.5527137e-15
W: [-1.] b: [0.99999994] loss: 3.5527137e-15
W: [-1.] b: [0.99999994] loss: 3.5527137e-15
W: [-1.] b: [0.99999994] loss: 3.5527137e-15
W: [-1.] b: [0.99999994] loss: 3.5527137e-15
W: [-1.] b: [0.99999994] loss: 3.5527137e-15
W: [-1.] b: [0.99999994] loss: 3.5527137e-15
W: [-1.] b: [0.99999994] loss: 3.5527137e-15
W: [-1.] b: [0.99999994] loss: 3.5527137e-15
W: [-1.] b: [0.99999994] loss: 3.5527137e-15
W: [-1.] b: [0.99999994] loss: 3.5527137e-15
W: [-1.] b: [0.99999994] loss: 3.5527137e-15
W: [-1.] b: [0.99999994] loss: 3.5527137e-15
W: [-1.] b: [0.99999994] loss: 3.5527137e-15
W: [-1.] b: [0.99999994] loss: 3.5527137e-15
W: [-1.] b: [0.99999994] loss: 3.5527137e-15
W: [-1.] b: [0.99999994] loss: 3.5527137e-15
W: [-1.] b: [0.99999994] loss: 3.5527137e-15
W: [-1.] b: [0.99999994] loss: 3.5527137e-15
W: [-1.] b: [0.99999994] loss: 3.5527137e-15
W: [-1.] b: [0.99999994] loss: 3.5527137e-15
W: [-1.] b: [0.99999994] loss: 3.5527137e-15
W: [-1.] b: [0.99999994] loss: 3.5527137e-15
W: [-1.] b: [0.99999994] loss: 3.5527137e-15
W: [-1.] b: [0.99999994] loss: 3.5527137e-15
W: [-1.] b: [0.99999994] loss: 3.5527137e-15
W: [-1.] b: [0.99999994] loss: 3.5527137e-15
W: [-1.] b: [0.99999994] loss: 3.5527137e-15
W: [-1.] b: [0.99999994] loss: 3.5527137e-15
W: [-1.] b: [0.99999994] loss: 3.5527137e-15
W: [-1.] b: [0.99999994] loss: 3.5527137e-15
W: [-1.] b: [0.99999994] loss: 3.5527137e-15
W: [-1.] b: [0.99999994] loss: 3.5527137e-15
W: [-1.] b: [0.99999994] loss: 3.5527137e-15
W: [-1.] b: [0.99999994] loss: 3.5527137e-15
W: [-1.] b: [0.99999994] loss: 3.5527137e-15
W: [-1.] b: [0.99999994] loss: 3.5527137e-15
W: [-1.] b: [0.99999994] loss: 3.5527137e-15
W: [-1.] b: [0.99999994] loss: 3.5527137e-15
W: [-1.] b: [0.99999994] loss: 3.5527137e-15
W: [-1.] b: [0.99999994] loss: 3.5527137e-15
W: [-1.] b: [0.99999994] loss: 3.5527137e-15
W: [-1.] b: [0.99999994] loss: 3.5527137e-15
W: [-1.] b: [0.99999994] loss: 3.5527137e-15
W: [-1.] b: [0.99999994] loss: 3.5527137e-15
W: [-1.] b: [0.99999994] loss: 3.5527137e-15
W: [-1.] b: [0.99999994] loss: 3.5527137e-15
W: [-1.] b: [0.99999994] loss: 3.5527137e-15
W: [-1.] b: [0.99999994] loss: 3.5527137e-15
W: [-1.] b: [0.99999994] loss: 3.5527137e-15
W: [-1.] b: [0.99999994] loss: 3.5527137e-15
W: [-1.] b: [0.99999994] loss: 3.5527137e-15
W: [-1.] b: [0.99999994] loss: 3.5527137e-15
W: [-1.] b: [0.99999994] loss: 3.5527137e-15
W: [-1.] b: [0.99999994] loss: 3.5527137e-15
W: [-1.] b: [0.99999994] loss: 3.5527137e-15
W: [-1.] b: [0.99999994] loss: 3.5527137e-15
W: [-1.] b: [0.99999994] loss: 3.5527137e-15
W: [-1.] b: [0.99999994] loss: 3.5527137e-15
W: [-1.] b: [0.99999994] loss: 3.5527137e-15
W: [-1.] b: [0.99999994] loss: 3.5527137e-15
W: [-1.] b: [0.99999994] loss: 3.5527137e-15
W: [-1.] b: [0.99999994] loss: 3.5527137e-15
W: [-1.] b: [0.99999994] loss: 3.5527137e-15
W: [-1.] b: [0.99999994] loss: 3.5527137e-15
W: [-1.] b: [0.99999994] loss: 3.5527137e-15
W: [-1.] b: [0.99999994] loss: 3.5527137e-15
W: [-1.] b: [0.99999994] loss: 3.5527137e-15
W: [-1.] b: [0.99999994] loss: 3.5527137e-15
W: [-1.] b: [0.99999994] loss: 3.5527137e-15
W: [-1.] b: [0.99999994] loss: 3.5527137e-15
W: [-1.] b: [0.99999994] loss: 3.5527137e-15
W: [-1.] b: [0.99999994] loss: 3.5527137e-15
W: [-1.] b: [0.99999994] loss: 3.5527137e-15
W: [-1.] b: [0.99999994] loss: 3.5527137e-15
W: [-1.] b: [0.99999994] loss: 3.5527137e-15
W: [-1.] b: [0.99999994] loss: 3.5527137e-15
W: [-1.] b: [0.99999994] loss: 3.5527137e-15
W: [-1.] b: [0.99999994] loss: 3.5527137e-15
W: [-1.] b: [0.99999994] loss: 3.5527137e-15
W: [-1.] b: [0.99999994] loss: 3.5527137e-15
W: [-1.] b: [0.99999994] loss: 3.5527137e-15
W: [-1.] b: [0.99999994] loss: 3.5527137e-15
W: [-1.] b: [0.99999994] loss: 3.5527137e-15
W: [-1.] b: [0.99999994] loss: 3.5527137e-15
W: [-1.] b: [0.99999994] loss: 3.5527137e-15
W: [-1.] b: [0.99999994] loss: 3.5527137e-15
W: [-1.] b: [0.99999994] loss: 3.5527137e-15
W: [-1.] b: [0.99999994] loss: 3.5527137e-15
W: [-1.] b: [0.99999994] loss: 3.5527137e-15
W: [-1.] b: [0.99999994] loss: 3.5527137e-15
W: [-1.] b: [0.99999994] loss: 3.5527137e-15
W: [-1.] b: [0.99999994] loss: 3.5527137e-15
W: [-1.] b: [0.99999994] loss: 3.5527137e-15
W: [-1.] b: [0.99999994] loss: 3.5527137e-15
W: [-1.] b: [0.99999994] loss: 3.5527137e-15
W: [-1.] b: [0.99999994] loss: 3.5527137e-15
W: [-1.] b: [0.99999994] loss: 3.5527137e-15
W: [-1.] b: [0.99999994] loss: 3.5527137e-15
W: [-1.] b: [0.99999994] loss: 3.5527137e-15
W: [-1.] b: [0.99999994] loss: 3.5527137e-15
W: [-1.] b: [0.99999994] loss: 3.5527137e-15
W: [-1.] b: [0.99999994] loss: 3.5527137e-15
W: [-1.] b: [0.99999994] loss: 3.5527137e-15
W: [-1.] b: [0.99999994] loss: 3.5527137e-15
W: [-1.] b: [0.99999994] loss: 3.5527137e-15
W: [-1.] b: [0.99999994] loss: 3.5527137e-15
W: [-1.] b: [0.99999994] loss: 3.5527137e-15
W: [-1.] b: [0.99999994] loss: 3.5527137e-15
W: [-1.] b: [0.99999994] loss: 3.5527137e-15
W: [-1.] b: [0.99999994] loss: 3.5527137e-15
W: [-1.] b: [0.99999994] loss: 3.5527137e-15
W: [-1.] b: [0.99999994] loss: 3.5527137e-15
W: [-1.] b: [0.99999994] loss: 3.5527137e-15
W: [-1.] b: [0.99999994] loss: 3.5527137e-15
W: [-1.] b: [0.99999994] loss: 3.5527137e-15
W: [-1.] b: [0.99999994] loss: 3.5527137e-15
W: [-1.] b: [0.99999994] loss: 3.5527137e-15
W: [-1.] b: [0.99999994] loss: 3.5527137e-15
W: [-1.] b: [0.99999994] loss: 3.5527137e-15
W: [-1.] b: [0.99999994] loss: 3.5527137e-15
W: [-1.] b: [0.99999994] loss: 3.5527137e-15
W: [-1.] b: [0.99999994] loss: 3.5527137e-15
W: [-1.] b: [0.99999994] loss: 3.5527137e-15
W: [-1.] b: [0.99999994] loss: 3.5527137e-15
W: [-1.] b: [0.99999994] loss: 3.5527137e-15
W: [-1.] b: [0.99999994] loss: 3.5527137e-15
W: [-1.] b: [0.99999994] loss: 3.5527137e-15
W: [-1.] b: [0.99999994] loss: 3.5527137e-15
W: [-1.] b: [0.99999994] loss: 3.5527137e-15
W: [-1.] b: [0.99999994] loss: 3.5527137e-15
W: [-1.] b: [0.99999994] loss: 3.5527137e-15
W: [-1.] b: [0.99999994] loss: 3.5527137e-15
W: [-1.] b: [0.99999994] loss: 3.5527137e-15
W: [-1.] b: [0.99999994] loss: 3.5527137e-15
W: [-1.] b: [0.99999994] loss: 3.5527137e-15
W: [-1.] b: [0.99999994] loss: 3.5527137e-15
W: [-1.] b: [0.99999994] loss: 3.5527137e-15
W: [-1.] b: [0.99999994] loss: 3.5527137e-15
W: [-1.] b: [0.99999994] loss: 3.5527137e-15
W: [-1.] b: [0.99999994] loss: 3.5527137e-15
W: [-1.] b: [0.99999994] loss: 3.5527137e-15
W: [-1.] b: [0.99999994] loss: 3.5527137e-15
W: [-1.] b: [0.99999994] loss: 3.5527137e-15
W: [-1.] b: [0.99999994] loss: 3.5527137e-15
W: [-1.] b: [0.99999994] loss: 3.5527137e-15
W: [-1.] b: [0.99999994] loss: 3.5527137e-15
W: [-1.] b: [0.99999994] loss: 3.5527137e-15
W: [-1.] b: [0.99999994] loss: 3.5527137e-15
W: [-1.] b: [0.99999994] loss: 3.5527137e-15
W: [-1.] b: [0.99999994] loss: 3.5527137e-15
W: [-1.] b: [0.99999994] loss: 3.5527137e-15
W: [-1.] b: [0.99999994] loss: 3.5527137e-15
W: [-1.] b: [0.99999994] loss: 3.5527137e-15
W: [-1.] b: [0.99999994] loss: 3.5527137e-15
W: [-1.] b: [0.99999994] loss: 3.5527137e-15
W: [-1.] b: [0.99999994] loss: 3.5527137e-15
W: [-1.] b: [0.99999994] loss: 3.5527137e-15
W: [-1.] b: [0.99999994] loss: 3.5527137e-15
W: [-1.] b: [0.99999994] loss: 3.5527137e-15
W: [-1.] b: [0.99999994] loss: 3.5527137e-15
W: [-1.] b: [0.99999994] loss: 3.5527137e-15
W: [-1.] b: [0.99999994] loss: 3.5527137e-15
W: [-1.] b: [0.99999994] loss: 3.5527137e-15
W: [-1.] b: [0.99999994] loss: 3.5527137e-15
W: [-1.] b: [0.99999994] loss: 3.5527137e-15
W: [-1.] b: [0.99999994] loss: 3.5527137e-15
W: [-1.] b: [0.99999994] loss: 3.5527137e-15
W: [-1.] b: [0.99999994] loss: 3.5527137e-15
W: [-1.] b: [0.99999994] loss: 3.5527137e-15
W: [-1.] b: [0.99999994] loss: 3.5527137e-15
W: [-1.] b: [0.99999994] loss: 3.5527137e-15
W: [-1.] b: [0.99999994] loss: 3.5527137e-15
W: [-1.] b: [0.99999994] loss: 3.5527137e-15
W: [-1.] b: [0.99999994] loss: 3.5527137e-15
W: [-1.] b: [0.99999994] loss: 3.5527137e-15
W: [-1.] b: [0.99999994] loss: 3.5527137e-15
W: [-1.] b: [0.99999994] loss: 3.5527137e-15
W: [-1.] b: [0.99999994] loss: 3.5527137e-15
W: [-1.] b: [0.99999994] loss: 3.5527137e-15
W: [-1.] b: [0.99999994] loss: 3.5527137e-15
W: [-1.] b: [0.99999994] loss: 3.5527137e-15
W: [-1.] b: [0.99999994] loss: 3.5527137e-15
W: [-1.] b: [0.99999994] loss: 3.5527137e-15
W: [-1.] b: [0.99999994] loss: 3.5527137e-15
W: [-1.] b: [0.99999994] loss: 3.5527137e-15
W: [-1.] b: [0.99999994] loss: 3.5527137e-15
W: [-1.] b: [0.99999994] loss: 3.5527137e-15
W: [-1.] b: [0.99999994] loss: 3.5527137e-15
W: [-1.] b: [0.99999994] loss: 3.5527137e-15
W: [-1.] b: [0.99999994] loss: 3.5527137e-15
W: [-1.] b: [0.99999994] loss: 3.5527137e-15
W: [-1.] b: [0.99999994] loss: 3.5527137e-15
W: [-1.] b: [0.99999994] loss: 3.5527137e-15
W: [-1.] b: [0.99999994] loss: 3.5527137e-15
W: [-1.] b: [0.99999994] loss: 3.5527137e-15
W: [-1.] b: [0.99999994] loss: 3.5527137e-15
W: [-1.] b: [0.99999994] loss: 3.5527137e-15
W: [-1.] b: [0.99999994] loss: 3.5527137e-15
W: [-1.] b: [0.99999994] loss: 3.5527137e-15
W: [-1.] b: [0.99999994] loss: 3.5527137e-15
W: [-1.] b: [0.99999994] loss: 3.5527137e-15
W: [-1.] b: [0.99999994] loss: 3.5527137e-15
W: [-1.] b: [0.99999994] loss: 3.5527137e-15
W: [-1.] b: [0.99999994] loss: 3.5527137e-15
W: [-1.] b: [0.99999994] loss: 3.5527137e-15
W: [-1.] b: [0.99999994] loss: 3.5527137e-15
W: [-1.] b: [0.99999994] loss: 3.5527137e-15
W: [-1.] b: [0.99999994] loss: 3.5527137e-15
W: [-1.] b: [0.99999994] loss: 3.5527137e-15
W: [-1.] b: [0.99999994] loss: 3.5527137e-15
W: [-1.] b: [0.99999994] loss: 3.5527137e-15
W: [-1.] b: [0.99999994] loss: 3.5527137e-15
W: [-1.] b: [0.99999994] loss: 3.5527137e-15
W: [-1.] b: [0.99999994] loss: 3.5527137e-15
W: [-1.] b: [0.99999994] loss: 3.5527137e-15
W: [-1.] b: [0.99999994] loss: 3.5527137e-15
W: [-1.] b: [0.99999994] loss: 3.5527137e-15
W: [-1.] b: [0.99999994] loss: 3.5527137e-15
W: [-1.] b: [0.99999994] loss: 3.5527137e-15
W: [-1.] b: [0.99999994] loss: 3.5527137e-15
W: [-1.] b: [0.99999994] loss: 3.5527137e-15
W: [-1.] b: [0.99999994] loss: 3.5527137e-15
W: [-1.] b: [0.99999994] loss: 3.5527137e-15
W: [-1.] b: [0.99999994] loss: 3.5527137e-15
W: [-1.] b: [0.99999994] loss: 3.5527137e-15
W: [-1.] b: [0.99999994] loss: 3.5527137e-15
W: [-1.] b: [0.99999994] loss: 3.5527137e-15
W: [-1.] b: [0.99999994] loss: 3.5527137e-15
W: [-1.] b: [0.99999994] loss: 3.5527137e-15
W: [-1.] b: [0.99999994] loss: 3.5527137e-15
W: [-1.] b: [0.99999994] loss: 3.5527137e-15
W: [-1.] b: [0.99999994] loss: 3.5527137e-15
W: [-1.] b: [0.99999994] loss: 3.5527137e-15
W: [-1.] b: [0.99999994] loss: 3.5527137e-15
W: [-1.] b: [0.99999994] loss: 3.5527137e-15
W: [-1.] b: [0.99999994] loss: 3.5527137e-15
W: [-1.] b: [0.99999994] loss: 3.5527137e-15
W: [-1.] b: [0.99999994] loss: 3.5527137e-15
W: [-1.] b: [0.99999994] loss: 3.5527137e-15
W: [-1.] b: [0.99999994] loss: 3.5527137e-15
W: [-1.] b: [0.99999994] loss: 3.5527137e-15
W: [-1.] b: [0.99999994] loss: 3.5527137e-15
W: [-1.] b: [0.99999994] loss: 3.5527137e-15
W: [-1.] b: [0.99999994] loss: 3.5527137e-15
W: [-1.] b: [0.99999994] loss: 3.5527137e-15
W: [-1.] b: [0.99999994] loss: 3.5527137e-15
W: [-1.] b: [0.99999994] loss: 3.5527137e-15
W: [-1.] b: [0.99999994] loss: 3.5527137e-15
W: [-1.] b: [0.99999994] loss: 3.5527137e-15
W: [-1.] b: [0.99999994] loss: 3.5527137e-15
W: [-1.] b: [0.99999994] loss: 3.5527137e-15
W: [-1.] b: [0.99999994] loss: 3.5527137e-15
W: [-1.] b: [0.99999994] loss: 3.5527137e-15
W: [-1.] b: [0.99999994] loss: 3.5527137e-15
W: [-1.] b: [0.99999994] loss: 3.5527137e-15
W: [-1.] b: [0.99999994] loss: 3.5527137e-15
W: [-1.] b: [0.99999994] loss: 3.5527137e-15
W: [-1.] b: [0.99999994] loss: 3.5527137e-15
W: [-1.] b: [0.99999994] loss: 3.5527137e-15
W: [-1.] b: [0.99999994] loss: 3.5527137e-15
W: [-1.] b: [0.99999994] loss: 3.5527137e-15
W: [-1.] b: [0.99999994] loss: 3.5527137e-15
W: [-1.] b: [0.99999994] loss: 3.5527137e-15
W: [-1.] b: [0.99999994] loss: 3.5527137e-15
W: [-1.] b: [0.99999994] loss: 3.5527137e-15
W: [-1.] b: [0.99999994] loss: 3.5527137e-15
W: [-1.] b: [0.99999994] loss: 3.5527137e-15
W: [-1.] b: [0.99999994] loss: 3.5527137e-15
W: [-1.] b: [0.99999994] loss: 3.5527137e-15
W: [-1.] b: [0.99999994] loss: 3.5527137e-15
W: [-1.] b: [0.99999994] loss: 3.5527137e-15
W: [-1.] b: [0.99999994] loss: 3.5527137e-15
W: [-1.] b: [0.99999994] loss: 3.5527137e-15
W: [-1.] b: [0.99999994] loss: 3.5527137e-15
W: [-1.] b: [0.99999994] loss: 3.5527137e-15
W: [-1.] b: [0.99999994] loss: 3.5527137e-15
W: [-1.] b: [0.99999994] loss: 3.5527137e-15
W: [-1.] b: [0.99999994] loss: 3.5527137e-15
W: [-1.] b: [0.99999994] loss: 3.5527137e-15
W: [-1.] b: [0.99999994] loss: 3.5527137e-15
W: [-1.] b: [0.99999994] loss: 3.5527137e-15
W: [-1.] b: [0.99999994] loss: 3.5527137e-15
W: [-1.] b: [0.99999994] loss: 3.5527137e-15
W: [-1.] b: [0.99999994] loss: 3.5527137e-15
W: [-1.] b: [0.99999994] loss: 3.5527137e-15
W: [-1.] b: [0.99999994] loss: 3.5527137e-15
W: [-1.] b: [0.99999994] loss: 3.5527137e-15
W: [-1.] b: [0.99999994] loss: 3.5527137e-15
W: [-1.] b: [0.99999994] loss: 3.5527137e-15
W: [-1.] b: [0.99999994] loss: 3.5527137e-15
W: [-1.] b: [0.99999994] loss: 3.5527137e-15
W: [-1.] b: [0.99999994] loss: 3.5527137e-15
W: [-1.] b: [0.99999994] loss: 3.5527137e-15
W: [-1.] b: [0.99999994] loss: 3.5527137e-15
W: [-1.] b: [0.99999994] loss: 3.5527137e-15
W: [-1.] b: [0.99999994] loss: 3.5527137e-15
W: [-1.] b: [0.99999994] loss: 3.5527137e-15
W: [-1.] b: [0.99999994] loss: 3.5527137e-15
W: [-1.] b: [0.99999994] loss: 3.5527137e-15
W: [-1.] b: [0.99999994] loss: 3.5527137e-15
W: [-1.] b: [0.99999994] loss: 3.5527137e-15
W: [-1.] b: [0.99999994] loss: 3.5527137e-15
W: [-1.] b: [0.99999994] loss: 3.5527137e-15
W: [-1.] b: [0.99999994] loss: 3.5527137e-15
W: [-1.] b: [0.99999994] loss: 3.5527137e-15
W: [-1.] b: [0.99999994] loss: 3.5527137e-15
W: [-1.] b: [0.99999994] loss: 3.5527137e-15
W: [-1.] b: [0.99999994] loss: 3.5527137e-15
W: [-1.] b: [0.99999994] loss: 3.5527137e-15
W: [-1.] b: [0.99999994] loss: 3.5527137e-15
W: [-1.] b: [0.99999994] loss: 3.5527137e-15
W: [-1.] b: [0.99999994] loss: 3.5527137e-15
W: [-1.] b: [0.99999994] loss: 3.5527137e-15
W: [-1.] b: [0.99999994] loss: 3.5527137e-15
W: [-1.] b: [0.99999994] loss: 3.5527137e-15
W: [-1.] b: [0.99999994] loss: 3.5527137e-15
W: [-1.] b: [0.99999994] loss: 3.5527137e-15
W: [-1.] b: [0.99999994] loss: 3.5527137e-15
W: [-1.] b: [0.99999994] loss: 3.5527137e-15
W: [-1.] b: [0.99999994] loss: 3.5527137e-15
W: [-1.] b: [0.99999994] loss: 3.5527137e-15
W: [-1.] b: [0.99999994] loss: 3.5527137e-15
W: [-1.] b: [0.99999994] loss: 3.5527137e-15
W: [-1.] b: [0.99999994] loss: 3.5527137e-15
W: [-1.] b: [0.99999994] loss: 3.5527137e-15
W: [-1.] b: [0.99999994] loss: 3.5527137e-15
W: [-1.] b: [0.99999994] loss: 3.5527137e-15
W: [-1.] b: [0.99999994] loss: 3.5527137e-15
W: [-1.] b: [0.99999994] loss: 3.5527137e-15
W: [-1.] b: [0.99999994] loss: 3.5527137e-15
W: [-1.] b: [0.99999994] loss: 3.5527137e-15
W: [-1.] b: [0.99999994] loss: 3.5527137e-15
W: [-1.] b: [0.99999994] loss: 3.5527137e-15
W: [-1.] b: [0.99999994] loss: 3.5527137e-15
W: [-1.] b: [0.99999994] loss: 3.5527137e-15
W: [-1.] b: [0.99999994] loss: 3.5527137e-15
W: [-1.] b: [0.99999994] loss: 3.5527137e-15
W: [-1.] b: [0.99999994] loss: 3.5527137e-15
W: [-1.] b: [0.99999994] loss: 3.5527137e-15
W: [-1.] b: [0.99999994] loss: 3.5527137e-15
W: [-1.] b: [0.99999994] loss: 3.5527137e-15
W: [-1.] b: [0.99999994] loss: 3.5527137e-15
W: [-1.] b: [0.99999994] loss: 3.5527137e-15
W: [-1.] b: [0.99999994] loss: 3.5527137e-15
W: [-1.] b: [0.99999994] loss: 3.5527137e-15
W: [-1.] b: [0.99999994] loss: 3.5527137e-15
W: [-1.] b: [0.99999994] loss: 3.5527137e-15
W: [-1.] b: [0.99999994] loss: 3.5527137e-15
W: [-1.] b: [0.99999994] loss: 3.5527137e-15
W: [-1.] b: [0.99999994] loss: 3.5527137e-15
W: [-1.] b: [0.99999994] loss: 3.5527137e-15
W: [-1.] b: [0.99999994] loss: 3.5527137e-15
W: [-1.] b: [0.99999994] loss: 3.5527137e-15
W: [-1.] b: [0.99999994] loss: 3.5527137e-15
W: [-1.] b: [0.99999994] loss: 3.5527137e-15
W: [-1.] b: [0.99999994] loss: 3.5527137e-15
W: [-1.] b: [0.99999994] loss: 3.5527137e-15
W: [-1.] b: [0.99999994] loss: 3.5527137e-15
W: [-1.] b: [0.99999994] loss: 3.5527137e-15
W: [-1.] b: [0.99999994] loss: 3.5527137e-15
W: [-1.] b: [0.99999994] loss: 3.5527137e-15
W: [-1.] b: [0.99999994] loss: 3.5527137e-15
W: [-1.] b: [0.99999994] loss: 3.5527137e-15
W: [-1.] b: [0.99999994] loss: 3.5527137e-15
W: [-1.] b: [0.99999994] loss: 3.5527137e-15
W: [-1.] b: [0.99999994] loss: 3.5527137e-15
W: [-1.] b: [0.99999994] loss: 3.5527137e-15
W: [-1.] b: [0.99999994] loss: 3.5527137e-15
W: [-1.] b: [0.99999994] loss: 3.5527137e-15
W: [-1.] b: [0.99999994] loss: 3.5527137e-15
W: [-1.] b: [0.99999994] loss: 3.5527137e-15
W: [-1.] b: [0.99999994] loss: 3.5527137e-15
W: [-1.] b: [0.99999994] loss: 3.5527137e-15
W: [-1.] b: [0.99999994] loss: 3.5527137e-15
W: [-1.] b: [0.99999994] loss: 3.5527137e-15
W: [-1.] b: [0.99999994] loss: 3.5527137e-15
W: [-1.] b: [0.99999994] loss: 3.5527137e-15
W: [-1.] b: [0.99999994] loss: 3.5527137e-15
W: [-1.] b: [0.99999994] loss: 3.5527137e-15
W: [-1.] b: [0.99999994] loss: 3.5527137e-15
W: [-1.] b: [0.99999994] loss: 3.5527137e-15
W: [-1.] b: [0.99999994] loss: 3.5527137e-15
W: [-1.] b: [0.99999994] loss: 3.5527137e-15
W: [-1.] b: [0.99999994] loss: 3.5527137e-15
W: [-1.] b: [0.99999994] loss: 3.5527137e-15
W: [-1.] b: [0.99999994] loss: 3.5527137e-15
W: [-1.] b: [0.99999994] loss: 3.5527137e-15
W: [-1.] b: [0.99999994] loss: 3.5527137e-15
W: [-1.] b: [0.99999994] loss: 3.5527137e-15
W: [-1.] b: [0.99999994] loss: 3.5527137e-15
W: [-1.] b: [0.99999994] loss: 3.5527137e-15
W: [-1.] b: [0.99999994] loss: 3.5527137e-15
W: [-1.] b: [0.99999994] loss: 3.5527137e-15
W: [-1.] b: [0.99999994] loss: 3.5527137e-15
W: [-1.] b: [0.99999994] loss: 3.5527137e-15
W: [-1.] b: [0.99999994] loss: 3.5527137e-15
W: [-1.] b: [0.99999994] loss: 3.5527137e-15
W: [-1.] b: [0.99999994] loss: 3.5527137e-15
W: [-1.] b: [0.99999994] loss: 3.5527137e-15
W: [-1.] b: [0.99999994] loss: 3.5527137e-15
W: [-1.] b: [0.99999994] loss: 3.5527137e-15
W: [-1.] b: [0.99999994] loss: 3.5527137e-15
W: [-1.] b: [0.99999994] loss: 3.5527137e-15
W: [-1.] b: [0.99999994] loss: 3.5527137e-15
W: [-1.] b: [0.99999994] loss: 3.5527137e-15
W: [-1.] b: [0.99999994] loss: 3.5527137e-15
W: [-1.] b: [0.99999994] loss: 3.5527137e-15
W: [-1.] b: [0.99999994] loss: 3.5527137e-15
W: [-1.] b: [0.99999994] loss: 3.5527137e-15
W: [-1.] b: [0.99999994] loss: 3.5527137e-15
W: [-1.] b: [0.99999994] loss: 3.5527137e-15
W: [-1.] b: [0.99999994] loss: 3.5527137e-15
W: [-1.] b: [0.99999994] loss: 3.5527137e-15
W: [-1.] b: [0.99999994] loss: 3.5527137e-15
W: [-1.] b: [0.99999994] loss: 3.5527137e-15
W: [-1.] b: [0.99999994] loss: 3.5527137e-15
W: [-1.] b: [0.99999994] loss: 3.5527137e-15
W: [-1.] b: [0.99999994] loss: 3.5527137e-15
W: [-1.] b: [0.99999994] loss: 3.5527137e-15
W: [-1.] b: [0.99999994] loss: 3.5527137e-15
W: [-1.] b: [0.99999994] loss: 3.5527137e-15
W: [-1.] b: [0.99999994] loss: 3.5527137e-15
W: [-1.] b: [0.99999994] loss: 3.5527137e-15
The size of the loss captured was:  1000
