[1673016362.571482] [p9r1n01:97470:0]         mxm.c:196  MXM  WARN  The 'ulimit -s' on the system is set to 'unlimited'. This may have negative performance implications. Please set the stack size to the default value (10240) 
[1673016362.601718] [p9r1n01:97470:0]         mxm.c:196  MXM  WARN  The 'ulimit -s' on the system is set to 'unlimited'. This may have negative performance implications. Please set the stack size to the default value (10240) 
W: [0.3] b: [-0.3] loss: 23.660002
W: [0.24800001] b: [-0.3156] loss: 20.810959
W: [0.15263201] b: [-0.3440752] loss: 16.098488
W: [0.0245244] b: [-0.38200292] loss: 10.811322
W: [-0.12460385] b: [-0.42557234] loss: 6.1597676
W: [-0.2828316] b: [-0.47088817] loss: 2.986473
W: [-0.4388489] b: [-0.51424867] loss: 1.6240668
W: [-0.5826486] b: [-0.5523822] loss: 1.9072497
W: [-0.7060617] b: [-0.5826303] loss: 3.3069527
W: [-0.8031172] b: [-0.6030713] loss: 5.1298923
W: [-0.87021875] b: [-0.61258125] loss: 6.721312
W: [-0.9061454] b: [-0.61083525] loss: 7.6197357
W: [-0.9118939] b: [-0.59825426] loss: 7.634229
W: [-0.89038885] b: [-0.5759074] loss: 6.839634
W: [-0.8460928] b: [-0.54538023] loss: 5.5065203
W: [-0.78455323] b: [-0.50862086] loss: 3.9957166
W: [-0.711922] b: [-0.4677774] loss: 2.6504626
W: [-0.634483] b: [-0.42503762] loss: 1.7134994
W: [-0.5582182] b: [-0.38248187] loss: 1.2850528
W: [-0.48843712] b: [-0.34195748] loss: 1.3243842
W: [-0.42948878] b: [-0.3049811] loss: 1.6862669
W: [-0.38456634] b: [-0.27267277] loss: 2.1766284
W: [-0.3556087] b: [-0.24572256] loss: 2.6098475
W: [-0.34329584] b: [-0.22438942] loss: 2.8530958
W: [-0.34712875] b: [-0.20852855] loss: 2.8491204
W: [-0.36558005] b: [-0.19764297] loss: 2.6158834
W: [-0.3962986] b: [-0.1909532] loss: 2.2275372
W: [-0.4363483] b: [-0.18747881] loss: 1.785032
W: [-0.48246253] b: [-0.18612507] loss: 1.3856384
W: [-0.5312951] b: [-0.18576846] loss: 1.0992061
W: [-0.57965136] b: [-0.18533544] loss: 0.95578706
W: [-0.6246862] b: [-0.18387002] loss: 0.9455511
W: [-0.6640589] b: [-0.18058646] loss: 1.0286801
W: [-0.69603914] b: [-0.17490537] loss: 1.1508716
W: [-0.71956086] b: [-0.16647238] loss: 1.2595245
W: [-0.7342273] b: [-0.15515968] loss: 1.3164314
W: [-0.74027026] b: [-0.14105244] loss: 1.3044839
W: [-0.7384717] b: [-0.1244221] loss: 1.2278475
W: [-0.7300562] b: [-0.10568997] loss: 1.106808
W: [-0.71656513] b: [-0.08538442] loss: 0.96958125
W: [-0.6997216] b: [-0.06409505] loss: 0.8437113
W: [-0.6812972] b: [-0.04242742] loss: 0.7492731
W: [-0.66298884] b: [-0.02096119] loss: 0.69523627
W: [-0.6463128] b: [-0.00021412] loss: 0.6792936
W: [-0.6325213] b: [0.01938621] loss: 0.690538
W: [-0.62254536] b: [0.03752184] loss: 0.71378005
W: [-0.61696476] b: [0.05399465] loss: 0.7341167
W: [-0.6160042] b: [0.06872751] loss: 0.74056244
W: [-0.61955404] b: [0.08175734] loss: 0.72801787
W: [-0.6272108] b: [0.09322122] loss: 0.69739795
W: [-0.6383336] b: [0.10333716] loss: 0.65423787
W: [-0.6521109] b: [0.11238148] loss: 0.6064152
W: [-0.6676314] b: [0.12066453] loss: 0.56172013
W: [-0.68395525] b: [0.12850659] loss: 0.52591324
W: [-0.7001796] b: [0.1362155] loss: 0.50165856
W: [-0.715495] b: [0.14406738] loss: 0.48843312
W: [-0.7292305] b: [0.15229143] loss: 0.48325053
W: [-0.7408845] b: [0.16105936] loss: 0.4818603
W: [-0.75014114] b: [0.17047971] loss: 0.48003924
W: [-0.7568733] b: [0.180597] loss: 0.47462797
W: [-0.76113176] b: [0.19139527] loss: 0.46410772
W: [-0.7631244] b: [0.20280518] loss: 0.44865984
W: [-0.7631864] b: [0.21471414] loss: 0.42978853
W: [-0.7617453] b: [0.22697823] loss: 0.40968832
W: [-0.7592831] b: [0.23943497] loss: 0.39055836
W: [-0.7562989] b: [0.25191623] loss: 0.37404737
W: [-0.7532735] b: [0.26426002] loss: 0.36094123
W: [-0.75063944] b: [0.27632082] loss: 0.35112604
W: [-0.7487568] b: [0.28797776] loss: 0.34378204
W: [-0.7478966] b: [0.2991403] loss: 0.33771867
W: [-0.7482314] b: [0.30975142] loss: 0.33173692
W: [-0.7498339] b: [0.31978804] loss: 0.32492605
W: [-0.75268185] b: [0.32925937] loss: 0.31683335
W: [-0.7566693] b: [0.33820313] loss: 0.3074854
W: [-0.7616219] b: [0.34668028] loss: 0.297288
W: [-0.7673155] b: [0.3547687] loss: 0.2868496
W: [-0.7734962] b: [0.36255643] loss: 0.27678853
W: [-0.7799002] b: [0.37013486] loss: 0.2675742
W: [-0.78627247] b: [0.37759238] loss: 0.25943577
W: [-0.792383] b: [0.38500887] loss: 0.2523486
W: [-0.79803973] b: [0.3924513] loss: 0.24608624
W: [-0.8030974] b: [0.39997065] loss: 0.24031317
W: [-0.8074629] b: [0.40760025] loss: 0.23468725
W: [-0.811096] b: [0.41535535] loss: 0.22894488
W: [-0.8140072] b: [0.42323402] loss: 0.22294927
W: [-0.8162515] b: [0.4312191] loss: 0.21669944
W: [-0.8179207] b: [0.43928096] loss: 0.2103029
W: [-0.81913334] b: [0.44738078] loss: 0.20392662
W: [-0.8200243] b: [0.45547426] loss: 0.19774264
W: [-0.8207342] b: [0.46351507] loss: 0.19188313
W: [-0.8213994] b: [0.47145838] loss: 0.18641324
W: [-0.82214326] b: [0.47926366] loss: 0.18132654
W: [-0.8230694] b: [0.48689717] loss: 0.17655939
W: [-0.8242567] b: [0.49433354] loss: 0.17201565
W: [-0.82575655] b: [0.50155675] loss: 0.1675967
W: [-0.82759213] b: [0.5085603] loss: 0.16322464
W: [-0.82975984] b: [0.5153469] loss: 0.1588575
W: [-0.8322321] b: [0.52192724] loss: 0.15449108
W: [-0.83496183] b: [0.52831876] loss: 0.15015247
W: [-0.8378872] b: [0.5345438] loss: 0.14588648
W: [-0.84093773] b: [0.5406278] loss: 0.14173974
W: [-0.84403944] b: [0.54659706] loss: 0.13774824
W: [-0.8471206] b: [0.5524774] loss: 0.13392946
W: [-0.8501159] b: [0.5582923] loss: 0.13028084
W: [-0.8529706] b: [0.56406176] loss: 0.12678313
W: [-0.8556428] b: [0.56980115] loss: 0.123408206
W: [-0.85810524] b: [0.57552105] loss: 0.1201264
W: [-0.86034554] b: [0.5812269] loss: 0.116914034
W: [-0.8623656] b: [0.58691925] loss: 0.11375724
W: [-0.86418015] b: [0.5925943] loss: 0.11065296
W: [-0.8658143] b: [0.5982447] loss: 0.10760701
W: [-0.8673011] b: [0.60386044] loss: 0.10463047
W: [-0.86867833] b: [0.6094297] loss: 0.10173521
W: [-0.86998576] b: [0.61494017] loss: 0.09893015
W: [-0.8712621] b: [0.6203798] loss: 0.09621927
W: [-0.8725426] b: [0.62573767] loss: 0.09360076
W: [-0.8738573] b: [0.6310047] loss: 0.09106825
W: [-0.8752292] b: [0.63617414] loss: 0.088612765
W: [-0.87667364] b: [0.64124185] loss: 0.08622461
W: [-0.878198] b: [0.6462063] loss: 0.08389613
W: [-0.8798022] b: [0.6510686] loss: 0.08162208
W: [-0.88147926] b: [0.65583223] loss: 0.07940042
W: [-0.8832165] b: [0.6605024] loss: 0.07723171
W: [-0.88499707] b: [0.6650858] loss: 0.07511802
W: [-0.8868015] b: [0.6695902] loss: 0.0730617
W: [-0.8886092] b: [0.6740234] loss: 0.071064405
W: [-0.8904] b: [0.6783933] loss: 0.06912641
W: [-0.8921556] b: [0.6827071] loss: 0.06724634
W: [-0.89386046] b: [0.6869709] loss: 0.06542164
W: [-0.8955026] b: [0.69118977] loss: 0.06364891
W: [-0.8970742] b: [0.69536734] loss: 0.061924636
W: [-0.89857155] b: [0.6995057] loss: 0.060245767
W: [-0.89999497] b: [0.7036056] loss: 0.05861013
W: [-0.9013485] b: [0.7076665] loss: 0.05701626
W: [-0.90263903] b: [0.711687] loss: 0.055463623
W: [-0.90387595] b: [0.71566474] loss: 0.05395204
W: [-0.9050699] b: [0.7195969] loss: 0.052481394
W: [-0.9062322] b: [0.72348046] loss: 0.051051654
W: [-0.9073739] b: [0.72731245] loss: 0.049662173
W: [-0.90850526] b: [0.73109025] loss: 0.048311908
W: [-0.909635] b: [0.73481166] loss: 0.046999507
W: [-0.9107699] b: [0.73847514] loss: 0.045723524
W: [-0.9119146] b: [0.74207985] loss: 0.044482335
W: [-0.9130716] b: [0.74562573] loss: 0.043274514
W: [-0.9142411] b: [0.74911344] loss: 0.042098846
W: [-0.9154214] b: [0.7525443] loss: 0.04095433
W: [-0.91660935] b: [0.7559201] loss: 0.039840393
W: [-0.9178003] b: [0.7592432] loss: 0.03875634
W: [-0.918989] b: [0.762516] loss: 0.03770173
W: [-0.92016983] b: [0.7657412] loss: 0.036676038
W: [-0.9213372] b: [0.7689214] loss: 0.035678577
W: [-0.922486] b: [0.7720589] loss: 0.034708675
W: [-0.923612] b: [0.7751559] loss: 0.033765472
W: [-0.92471176] b: [0.7782142] loss: 0.032848082
W: [-0.92578316] b: [0.7812352] loss: 0.03195568
W: [-0.9268251] b: [0.7842199] loss: 0.031087453
W: [-0.9278377] b: [0.78716886] loss: 0.03024263
W: [-0.9288222] b: [0.79008234] loss: 0.02942051
W: [-0.9297806] b: [0.7929602] loss: 0.02862062
W: [-0.9307155] b: [0.7958023] loss: 0.027842367
W: [-0.93163] b: [0.798608] loss: 0.027085237
W: [-0.9325274] b: [0.8013769] loss: 0.026348758
W: [-0.933411] b: [0.80410844] loss: 0.0256324
W: [-0.93428373] b: [0.80680215] loss: 0.024935655
W: [-0.9351482] b: [0.8094578] loss: 0.024257913
W: [-0.9360065] b: [0.81207514] loss: 0.023598664
W: [-0.9368601] b: [0.8146543] loss: 0.022957347
W: [-0.9377098] b: [0.8171955] loss: 0.022333438
W: [-0.93855584] b: [0.81969917] loss: 0.021726457
W: [-0.93939793] b: [0.822166] loss: 0.021135874
W: [-0.94023526] b: [0.8245968] loss: 0.020561319
W: [-0.9410667] b: [0.8269925] loss: 0.020002337
W: [-0.9418908] b: [0.829354] loss: 0.01945857
W: [-0.9427061] b: [0.8316823] loss: 0.018929552
W: [-0.9435112] b: [0.8339785] loss: 0.018414976
W: [-0.94430465] b: [0.8362434] loss: 0.017914435
W: [-0.94508535] b: [0.83847797] loss: 0.0174275
W: [-0.9458524] b: [0.840683] loss: 0.016953843
W: [-0.94660527] b: [0.8428591] loss: 0.016493035
W: [-0.9473437] b: [0.8450068] loss: 0.016044786
W: [-0.94806784] b: [0.8471266] loss: 0.015608678
W: [-0.94877803] b: [0.8492187] loss: 0.015184413
W: [-0.9494749] b: [0.85128343] loss: 0.014771641
W: [-0.9501592] b: [0.8533209] loss: 0.014370119
W: [-0.95083195] b: [0.85533124] loss: 0.013979485
W: [-0.95149416] b: [0.8573145] loss: 0.013599509
W: [-0.95214677] b: [0.8592709] loss: 0.013229831
W: [-0.95279074] b: [0.86120033] loss: 0.012870226
W: [-0.9534269] b: [0.8631031] loss: 0.012520406
W: [-0.95405585] b: [0.86497927] loss: 0.012180084
W: [-0.9546782] b: [0.8668291] loss: 0.011849025
W: [-0.95529413] b: [0.8686529] loss: 0.011526963
W: [-0.9559039] b: [0.870451] loss: 0.011213647
W: [-0.9565075] b: [0.87222373] loss: 0.010908826
W: [-0.95710474] b: [0.8739716] loss: 0.010612323
W: [-0.9576954] b: [0.87569493] loss: 0.010323862
W: [-0.9582792] b: [0.8773943] loss: 0.0100432355
W: [-0.95885575] b: [0.87907016] loss: 0.0097702425
W: [-0.9594247] b: [0.880723] loss: 0.009504661
W: [-0.95998573] b: [0.88235325] loss: 0.00924631
W: [-0.96053857] b: [0.8839614] loss: 0.008994992
W: [-0.96108305] b: [0.88554776] loss: 0.008750479
W: [-0.9616191] b: [0.8871128] loss: 0.008512649
W: [-0.9621466] b: [0.8886568] loss: 0.008281266
W: [-0.9626657] b: [0.89018005] loss: 0.008056166
W: [-0.96317655] b: [0.89168286] loss: 0.007837188
W: [-0.9636794] b: [0.89316547] loss: 0.007624154
W: [-0.96417445] b: [0.8946281] loss: 0.007416915
W: [-0.96466213] b: [0.8960709] loss: 0.0072153313
W: [-0.9651427] b: [0.89749414] loss: 0.0070191943
W: [-0.9656166] b: [0.89889795] loss: 0.0068284003
W: [-0.966084] b: [0.9002825] loss: 0.006642787
W: [-0.9665453] b: [0.90164804] loss: 0.0064622345
W: [-0.9670007] b: [0.90299475] loss: 0.0062865713
W: [-0.96745044] b: [0.90432286] loss: 0.0061156997
W: [-0.9678946] b: [0.90563256] loss: 0.00594946
W: [-0.96833336] b: [0.9069241] loss: 0.005787759
W: [-0.9687667] b: [0.9081978] loss: 0.0056304326
W: [-0.96919465] b: [0.90945387] loss: 0.00547739
W: [-0.96961725] b: [0.9106926] loss: 0.0053285146
W: [-0.97003436] b: [0.9119142] loss: 0.005183677
W: [-0.970446] b: [0.9131191] loss: 0.0050427713
W: [-0.9708521] b: [0.9143074] loss: 0.0049056946
W: [-0.97125256] b: [0.9154795] loss: 0.0047723595
W: [-0.97164744] b: [0.9166356] loss: 0.004642635
W: [-0.9720367] b: [0.9177759] loss: 0.004516448
W: [-0.9724204] b: [0.9189008] loss: 0.004393676
W: [-0.97279847] b: [0.9200103] loss: 0.004274258
W: [-0.97317106] b: [0.9211048] loss: 0.0041580736
W: [-0.9735382] b: [0.9221844] loss: 0.0040450646
W: [-0.9739] b: [0.92324936] loss: 0.0039351145
W: [-0.97425663] b: [0.92429984] loss: 0.0038281386
W: [-0.9746082] b: [0.925336] loss: 0.0037240833
W: [-0.97495484] b: [0.926358] loss: 0.0036228658
W: [-0.9752967] b: [0.927366] loss: 0.0035243921
W: [-0.97563386] b: [0.9283603] loss: 0.0034285914
W: [-0.9759665] b: [0.9293409] loss: 0.0033353914
W: [-0.9762947] b: [0.93030804] loss: 0.0032447441
W: [-0.9766185] b: [0.9312619] loss: 0.0031565493
W: [-0.9769381] b: [0.93220264] loss: 0.0030707456
W: [-0.97725356] b: [0.93313044] loss: 0.0029872796
W: [-0.9775648] b: [0.9340455] loss: 0.002906083
W: [-0.97787195] b: [0.93494797] loss: 0.0028270928
W: [-0.97817504] b: [0.93583804] loss: 0.00275025
W: [-0.9784741] b: [0.9367159] loss: 0.0026754914
W: [-0.97876906] b: [0.9375818] loss: 0.0026027716
W: [-0.97906005] b: [0.9384358] loss: 0.0025320235
W: [-0.97934705] b: [0.9392781] loss: 0.0024631978
W: [-0.9796301] b: [0.9401089] loss: 0.0023962406
W: [-0.97990924] b: [0.94092834] loss: 0.0023311072
W: [-0.98018444] b: [0.9417366] loss: 0.0022677565
W: [-0.9804558] b: [0.9425338] loss: 0.0022061067
W: [-0.9807234] b: [0.94332016] loss: 0.00214615
W: [-0.9809872] b: [0.9440958] loss: 0.0020878087
W: [-0.9812473] b: [0.9448608] loss: 0.0020310646
W: [-0.9815038] b: [0.9456154] loss: 0.0019758567
W: [-0.9817567] b: [0.9463597] loss: 0.0019221456
W: [-0.9820061] b: [0.9470938] loss: 0.0018699009
W: [-0.98225206] b: [0.94781786] loss: 0.00181907
W: [-0.98249465] b: [0.94853204] loss: 0.0017696328
W: [-0.98273396] b: [0.94923645] loss: 0.0017215258
W: [-0.98297006] b: [0.9499312] loss: 0.001674727
W: [-0.98320293] b: [0.9506164] loss: 0.0016292093
W: [-0.98343265] b: [0.9512922] loss: 0.0015849279
W: [-0.9836593] b: [0.9519588] loss: 0.0015418502
W: [-0.98388296] b: [0.9526162] loss: 0.0014999342
W: [-0.98410356] b: [0.9532646] loss: 0.0014591694
W: [-0.9843212] b: [0.9539041] loss: 0.0014195077
W: [-0.9845358] b: [0.9545348] loss: 0.0013809209
W: [-0.9847475] b: [0.9551569] loss: 0.0013433837
W: [-0.9849564] b: [0.95577055] loss: 0.0013068706
W: [-0.9851624] b: [0.9563758] loss: 0.0012713476
W: [-0.98536557] b: [0.9569727] loss: 0.001236793
W: [-0.98556596] b: [0.9575615] loss: 0.0012031706
W: [-0.98576355] b: [0.9581422] loss: 0.0011704667
W: [-0.98595846] b: [0.958715] loss: 0.0011386496
W: [-0.9861506] b: [0.95927995] loss: 0.001107701
W: [-0.98634017] b: [0.9598372] loss: 0.0010775903
W: [-0.9865271] b: [0.9603868] loss: 0.001048299
W: [-0.98671144] b: [0.9609289] loss: 0.0010198044
W: [-0.98689324] b: [0.9614636] loss: 0.0009920889
W: [-0.9870725] b: [0.96199095] loss: 0.00096512196
W: [-0.9872494] b: [0.9625111] loss: 0.0009388842
W: [-0.9874238] b: [0.96302414] loss: 0.00091336545
W: [-0.9875958] b: [0.9635302] loss: 0.00088853436
W: [-0.9877655] b: [0.96402925] loss: 0.0008643894
W: [-0.98793286] b: [0.9645215] loss: 0.0008408933
W: [-0.98809797] b: [0.96500707] loss: 0.00081803225
W: [-0.9882608] b: [0.96548593] loss: 0.00079579407
W: [-0.98842144] b: [0.96595824] loss: 0.0007741632
W: [-0.98857987] b: [0.9664241] loss: 0.0007531191
W: [-0.98873615] b: [0.9668836] loss: 0.0007326503
W: [-0.9888903] b: [0.9673368] loss: 0.00071273267
W: [-0.98904234] b: [0.96778375] loss: 0.0006933594
W: [-0.9891923] b: [0.9682246] loss: 0.0006745135
W: [-0.98934025] b: [0.9686594] loss: 0.00065618183
W: [-0.98948616] b: [0.96908826] loss: 0.0006383487
W: [-0.9896301] b: [0.9695113] loss: 0.00062099384
W: [-0.9897721] b: [0.9699285] loss: 0.00060411287
W: [-0.9899121] b: [0.97034] loss: 0.00058769144
W: [-0.9900502] b: [0.97074586] loss: 0.0005717175
W: [-0.9901864] b: [0.97114617] loss: 0.0005561753
W: [-0.9903207] b: [0.971541] loss: 0.00054106064
W: [-0.9904531] b: [0.97193044] loss: 0.00052635407
W: [-0.9905837] b: [0.97231454] loss: 0.0005120502
W: [-0.9907125] b: [0.9726934] loss: 0.0004981309
W: [-0.9908396] b: [0.97306705] loss: 0.00048459112
W: [-0.99096495] b: [0.97343564] loss: 0.00047141826
W: [-0.99108857] b: [0.97379917] loss: 0.00045860655
W: [-0.99121046] b: [0.97415775] loss: 0.0004461383
W: [-0.9913307] b: [0.9745114] loss: 0.00043401195
W: [-0.9914493] b: [0.9748602] loss: 0.00042221486
W: [-0.9915663] b: [0.9752042] loss: 0.00041073788
W: [-0.9916817] b: [0.97554356] loss: 0.00039957298
W: [-0.99179554] b: [0.97587824] loss: 0.00038871187
W: [-0.99190784] b: [0.9762083] loss: 0.00037814386
W: [-0.9920186] b: [0.9765339] loss: 0.00036786776
W: [-0.99212784] b: [0.976855] loss: 0.00035787091
W: [-0.9922356] b: [0.9771717] loss: 0.0003481389
W: [-0.9923419] b: [0.9774841] loss: 0.00033867967
W: [-0.99244666] b: [0.9777922] loss: 0.00032947265
W: [-0.99255] b: [0.9780961] loss: 0.0003205144
W: [-0.992652] b: [0.9783959] loss: 0.00031180543
W: [-0.99275255] b: [0.9786915] loss: 0.00030332853
W: [-0.99285173] b: [0.9789831] loss: 0.00029508377
W: [-0.99294955] b: [0.9792707] loss: 0.00028706307
W: [-0.99304605] b: [0.97955436] loss: 0.00027926054
W: [-0.99314123] b: [0.97983414] loss: 0.00027166776
W: [-0.9932351] b: [0.9801101] loss: 0.00026428478
W: [-0.9933277] b: [0.98038226] loss: 0.00025709998
W: [-0.993419] b: [0.9806507] loss: 0.00025011148
W: [-0.99350905] b: [0.9809155] loss: 0.00024331521
W: [-0.99359787] b: [0.9811767] loss: 0.00023670086
W: [-0.9936854] b: [0.9814343] loss: 0.00023026842
W: [-0.9937718] b: [0.9816884] loss: 0.00022400895
W: [-0.993857] b: [0.98193896] loss: 0.00021791697
W: [-0.99394107] b: [0.98218614] loss: 0.00021199472
W: [-0.994024] b: [0.9824299] loss: 0.00020623377
W: [-0.99410576] b: [0.98267037] loss: 0.00020062499
W: [-0.9941864] b: [0.98290753] loss: 0.0001951727
W: [-0.994266] b: [0.9831414] loss: 0.00018986779
W: [-0.9943444] b: [0.9833721] loss: 0.00018470622
W: [-0.99442184] b: [0.9835996] loss: 0.00017968759
W: [-0.9944982] b: [0.983824] loss: 0.00017480347
W: [-0.9945735] b: [0.9840454] loss: 0.00017005324
W: [-0.99464774] b: [0.9842637] loss: 0.00016542932
W: [-0.994721] b: [0.98447907] loss: 0.00016093385
W: [-0.99479324] b: [0.98469144] loss: 0.00015655726
W: [-0.99486446] b: [0.98490095] loss: 0.00015230283
W: [-0.99493474] b: [0.98510754] loss: 0.0001481649
W: [-0.99500406] b: [0.9853113] loss: 0.00014413631
W: [-0.9950724] b: [0.9855123] loss: 0.00014021757
W: [-0.99513984] b: [0.98571056] loss: 0.00013640785
W: [-0.99520636] b: [0.9859061] loss: 0.00013269956
W: [-0.995272] b: [0.986099] loss: 0.00012909215
W: [-0.9953367] b: [0.9862892] loss: 0.00012558475
W: [-0.99540055] b: [0.98647684] loss: 0.00012216973
W: [-0.9954635] b: [0.9866619] loss: 0.00011884862
W: [-0.99552554] b: [0.9868444] loss: 0.00011561748
W: [-0.99558675] b: [0.9870244] loss: 0.00011247524
W: [-0.99564713] b: [0.987202] loss: 0.00010941805
W: [-0.9957067] b: [0.9873771] loss: 0.000106445266
W: [-0.99576545] b: [0.98754984] loss: 0.00010355175
W: [-0.9958234] b: [0.9877202] loss: 0.00010073763
W: [-0.99588054] b: [0.9878882] loss: 9.799852e-05
W: [-0.99593693] b: [0.988054] loss: 9.533641e-05
W: [-0.99599254] b: [0.9882175] loss: 9.274276e-05
W: [-0.9960474] b: [0.9883787] loss: 9.0223046e-05
W: [-0.99610144] b: [0.9885377] loss: 8.777164e-05
W: [-0.9961548] b: [0.9886946] loss: 8.538473e-05
W: [-0.9962074] b: [0.98884934] loss: 8.306431e-05
W: [-0.99625933] b: [0.9890019] loss: 8.080555e-05
W: [-0.99631053] b: [0.98915243] loss: 7.8609024e-05
W: [-0.996361] b: [0.98930085] loss: 7.647178e-05
W: [-0.9964108] b: [0.98944724] loss: 7.4395386e-05
W: [-0.9964599] b: [0.98959166] loss: 7.2371295e-05
W: [-0.99650836] b: [0.9897341] loss: 7.0404676e-05
W: [-0.99655616] b: [0.9898746] loss: 6.8490786e-05
W: [-0.9966033] b: [0.9900132] loss: 6.6627865e-05
W: [-0.9966498] b: [0.99014986] loss: 6.4816624e-05
W: [-0.99669564] b: [0.9902847] loss: 6.3055275e-05
W: [-0.9967408] b: [0.99041766] loss: 6.1341256e-05
W: [-0.9967854] b: [0.9905488] loss: 5.967395e-05
W: [-0.9968294] b: [0.99067813] loss: 5.8051748e-05
W: [-0.9968728] b: [0.9908057] loss: 5.647391e-05
W: [-0.9969156] b: [0.9909315] loss: 5.4938802e-05
W: [-0.9969578] b: [0.9910556] loss: 5.344474e-05
W: [-0.9969994] b: [0.99117804] loss: 5.1992523e-05
W: [-0.99704045] b: [0.99129874] loss: 5.057885e-05
W: [-0.997081] b: [0.9914178] loss: 4.9205162e-05
W: [-0.9971209] b: [0.99153525] loss: 4.786649e-05
W: [-0.9971603] b: [0.99165106] loss: 4.6566383e-05
W: [-0.9971992] b: [0.9917653] loss: 4.5300374e-05
W: [-0.9972375] b: [0.99187803] loss: 4.4068875e-05
W: [-0.9972753] b: [0.9919892] loss: 4.287025e-05
W: [-0.9973126] b: [0.9920988] loss: 4.1705596e-05
W: [-0.9973494] b: [0.99220693] loss: 4.0572624e-05
W: [-0.9973857] b: [0.99231356] loss: 3.9469858e-05
W: [-0.99742144] b: [0.99241877] loss: 3.839626e-05
W: [-0.9974567] b: [0.9925225] loss: 3.7352882e-05
W: [-0.99749154] b: [0.9926248] loss: 3.6336798e-05
W: [-0.9975259] b: [0.99272573] loss: 3.5349192e-05
W: [-0.9975597] b: [0.99282527] loss: 3.4388995e-05
W: [-0.9975931] b: [0.99292344] loss: 3.3454995e-05
W: [-0.99762607] b: [0.9930203] loss: 3.2544816e-05
W: [-0.99765855] b: [0.9931158] loss: 3.1659813e-05
W: [-0.9976906] b: [0.99320996] loss: 3.080062e-05
W: [-0.9977222] b: [0.9933029] loss: 2.9962239e-05
W: [-0.9977534] b: [0.99339455] loss: 2.9148216e-05
W: [-0.99778414] b: [0.993485] loss: 2.8355618e-05
W: [-0.9978145] b: [0.99357414] loss: 2.7584701e-05
W: [-0.9978444] b: [0.99366206] loss: 2.683556e-05
W: [-0.9978739] b: [0.9937488] loss: 2.610506e-05
W: [-0.997903] b: [0.9938343] loss: 2.5396066e-05
W: [-0.99793166] b: [0.9939187] loss: 2.4705212e-05
W: [-0.99796] b: [0.9940019] loss: 2.4034209e-05
W: [-0.99798787] b: [0.994084] loss: 2.3380484e-05
W: [-0.9980154] b: [0.99416494] loss: 2.2745578e-05
W: [-0.9980425] b: [0.9942448] loss: 2.2127278e-05
W: [-0.9980693] b: [0.99432355] loss: 2.1525952e-05
W: [-0.9980957] b: [0.9944012] loss: 2.0941026e-05
W: [-0.99812174] b: [0.9944778] loss: 2.037195e-05
W: [-0.9981474] b: [0.9945534] loss: 1.9817766e-05
W: [-0.99817276] b: [0.9946279] loss: 1.927978e-05
W: [-0.99819773] b: [0.9947014] loss: 1.8755902e-05
W: [-0.9982224] b: [0.99477386] loss: 1.8246215e-05
W: [-0.9982467] b: [0.9948454] loss: 1.7750213e-05
W: [-0.99827075] b: [0.9949159] loss: 1.7267881e-05
W: [-0.9982944] b: [0.99498546] loss: 1.679812e-05
W: [-0.9983178] b: [0.99505407] loss: 1.6341572e-05
W: [-0.9983408] b: [0.9951217] loss: 1.5898015e-05
W: [-0.9983635] b: [0.9951885] loss: 1.546586e-05
W: [-0.9983859] b: [0.99525434] loss: 1.5045289e-05
W: [-0.998408] b: [0.99531925] loss: 1.4636109e-05
W: [-0.99842983] b: [0.9953833] loss: 1.4238085e-05
W: [-0.9984513] b: [0.9954465] loss: 1.3851097e-05
W: [-0.99847245] b: [0.9955088] loss: 1.3474792e-05
W: [-0.9984934] b: [0.99557024] loss: 1.3108548e-05
W: [-0.998514] b: [0.99563086] loss: 1.2752946e-05
W: [-0.9985343] b: [0.99569064] loss: 1.2405941e-05
W: [-0.99855435] b: [0.9957496] loss: 1.2068555e-05
W: [-0.99857414] b: [0.99580777] loss: 1.1740491e-05
W: [-0.9985936] b: [0.99586517] loss: 1.1421223e-05
W: [-0.9986129] b: [0.99592173] loss: 1.11108475e-05
W: [-0.99863183] b: [0.9959775] loss: 1.0808988e-05
W: [-0.99865055] b: [0.9960326] loss: 1.0515712e-05
W: [-0.998669] b: [0.9960869] loss: 1.022948e-05
W: [-0.99868727] b: [0.9961404] loss: 9.951534e-06
W: [-0.9987052] b: [0.99619323] loss: 9.680745e-06
W: [-0.9987229] b: [0.9962453] loss: 9.417992e-06
W: [-0.9987404] b: [0.9962967] loss: 9.161675e-06
W: [-0.9987576] b: [0.99634737] loss: 8.913042e-06
W: [-0.9987746] b: [0.9963974] loss: 8.670343e-06
W: [-0.9987914] b: [0.99644667] loss: 8.434663e-06
W: [-0.99880797] b: [0.9964953] loss: 8.205279e-06
W: [-0.9988243] b: [0.9965433] loss: 7.982133e-06
W: [-0.9988404] b: [0.9965906] loss: 7.7653385e-06
W: [-0.99885625] b: [0.9966373] loss: 7.55452e-06
W: [-0.9988719] b: [0.9966833] loss: 7.3488777e-06
W: [-0.99888736] b: [0.99672866] loss: 7.149217e-06
W: [-0.9989026] b: [0.9967734] loss: 6.955129e-06
W: [-0.99891764] b: [0.9968176] loss: 6.7657606e-06
W: [-0.9989325] b: [0.99686116] loss: 6.5817526e-06
W: [-0.9989471] b: [0.99690413] loss: 6.4027763e-06
W: [-0.9989615] b: [0.9969465] loss: 6.228909e-06
W: [-0.9989757] b: [0.9969883] loss: 6.059403e-06
W: [-0.9989897] b: [0.99702954] loss: 5.894572e-06
W: [-0.9990035] b: [0.9970702] loss: 5.7345915e-06
W: [-0.9990172] b: [0.9971103] loss: 5.578644e-06
W: [-0.9990306] b: [0.9971499] loss: 5.4267166e-06
W: [-0.9990438] b: [0.99718887] loss: 5.279291e-06
W: [-0.9990569] b: [0.9972273] loss: 5.1361444e-06
W: [-0.9990698] b: [0.9972653] loss: 4.996202e-06
W: [-0.99908257] b: [0.9973027] loss: 4.860354e-06
W: [-0.99909514] b: [0.9973396] loss: 4.7280264e-06
W: [-0.99910754] b: [0.997376] loss: 4.599459e-06
W: [-0.99911976] b: [0.9974119] loss: 4.4747367e-06
W: [-0.9991318] b: [0.9974473] loss: 4.3530977e-06
W: [-0.99914366] b: [0.99748224] loss: 4.235039e-06
W: [-0.9991554] b: [0.9975167] loss: 4.119703e-06
W: [-0.99916697] b: [0.99755067] loss: 4.007765e-06
W: [-0.99917835] b: [0.99758416] loss: 3.898687e-06
W: [-0.9991896] b: [0.99761724] loss: 3.7928232e-06
W: [-0.9992007] b: [0.99764985] loss: 3.6897682e-06
W: [-0.9992116] b: [0.99768203] loss: 3.5895907e-06
W: [-0.9992224] b: [0.99771374] loss: 3.4918712e-06
W: [-0.999233] b: [0.99774504] loss: 3.396963e-06
W: [-0.9992435] b: [0.9977759] loss: 3.3047781e-06
W: [-0.99925387] b: [0.9978064] loss: 3.21466e-06
W: [-0.99926406] b: [0.9978364] loss: 3.1270788e-06
W: [-0.99927413] b: [0.99786603] loss: 3.0424117e-06
W: [-0.9992841] b: [0.99789524] loss: 2.9594917e-06
W: [-0.9992939] b: [0.99792403] loss: 2.8790596e-06
W: [-0.9993036] b: [0.99795246] loss: 2.800746e-06
W: [-0.9993131] b: [0.9979805] loss: 2.724798e-06
W: [-0.99932253] b: [0.99800813] loss: 2.6506627e-06
W: [-0.99933183] b: [0.9980354] loss: 2.5785014e-06
W: [-0.99934095] b: [0.99806225] loss: 2.5085878e-06
W: [-0.99934995] b: [0.9980888] loss: 2.440255e-06
W: [-0.99935883] b: [0.99811494] loss: 2.373728e-06
W: [-0.9993676] b: [0.99814075] loss: 2.3093626e-06
W: [-0.99937624] b: [0.9981662] loss: 2.2467207e-06
W: [-0.99938476] b: [0.9981913] loss: 2.1855267e-06
W: [-0.9993932] b: [0.99821603] loss: 2.1262522e-06
W: [-0.99940157] b: [0.9982404] loss: 2.0683635e-06
W: [-0.9994098] b: [0.9982645] loss: 2.0121056e-06
W: [-0.9994179] b: [0.9982882] loss: 1.9574234e-06
W: [-0.9994259] b: [0.99831164] loss: 1.9040782e-06
W: [-0.99943376] b: [0.99833477] loss: 1.8525541e-06
W: [-0.9994415] b: [0.99835753] loss: 1.8021046e-06
W: [-0.99944913] b: [0.99838] loss: 1.7531279e-06
W: [-0.99945664] b: [0.9984022] loss: 1.7054774e-06
W: [-0.99946404] b: [0.99842405] loss: 1.6591412e-06
W: [-0.99947137] b: [0.99844563] loss: 1.6141619e-06
W: [-0.9994786] b: [0.9984669] loss: 1.5701626e-06
W: [-0.9994857] b: [0.9984879] loss: 1.5276257e-06
W: [-0.9994927] b: [0.9985086] loss: 1.4861207e-06
W: [-0.9994996] b: [0.998529] loss: 1.4454329e-06
W: [-0.9995065] b: [0.99854916] loss: 1.4062441e-06
W: [-0.9995132] b: [0.998569] loss: 1.3680265e-06
W: [-0.9995199] b: [0.9985886] loss: 1.3306684e-06
W: [-0.99952644] b: [0.99860793] loss: 1.294515e-06
W: [-0.99953294] b: [0.998627] loss: 1.2593791e-06
W: [-0.9995393] b: [0.9986458] loss: 1.2251894e-06
W: [-0.99954563] b: [0.9986643] loss: 1.1919757e-06
W: [-0.9995519] b: [0.9986826] loss: 1.1592964e-06
W: [-0.99955803] b: [0.9987006] loss: 1.1279363e-06
W: [-0.9995641] b: [0.9987184] loss: 1.0974064e-06
W: [-0.9995701] b: [0.9987359] loss: 1.0674942e-06
W: [-0.999576] b: [0.9987532] loss: 1.0383847e-06
W: [-0.99958175] b: [0.99877024] loss: 1.0102934e-06
W: [-0.9995875] b: [0.99878705] loss: 9.829663e-07
W: [-0.99959314] b: [0.9988036] loss: 9.561816e-07
W: [-0.9995987] b: [0.99882] loss: 9.302711e-07
W: [-0.99960417] b: [0.99883616] loss: 9.049855e-07
W: [-0.9996096] b: [0.9988521] loss: 8.802858e-07
W: [-0.99961495] b: [0.9988678] loss: 8.5631694e-07
W: [-0.9996202] b: [0.9988833] loss: 8.330465e-07
W: [-0.9996254] b: [0.99889857] loss: 8.103565e-07
W: [-0.9996305] b: [0.99891365] loss: 7.8831107e-07
W: [-0.9996356] b: [0.9989285] loss: 7.67017e-07
W: [-0.9996406] b: [0.99894315] loss: 7.461348e-07
W: [-0.9996455] b: [0.99895763] loss: 7.2585215e-07
W: [-0.9996503] b: [0.9989719] loss: 7.0623855e-07
W: [-0.99965507] b: [0.99898595] loss: 6.8705316e-07
W: [-0.9996598] b: [0.99899983] loss: 6.682893e-07
W: [-0.9996644] b: [0.99901354] loss: 6.5001075e-07
W: [-0.999669] b: [0.999027] loss: 6.324662e-07
W: [-0.99967355] b: [0.9990403] loss: 6.1538105e-07
W: [-0.999678] b: [0.9990534] loss: 5.986066e-07
W: [-0.9996824] b: [0.99906635] loss: 5.82344e-07
W: [-0.9996868] b: [0.9990791] loss: 5.664548e-07
W: [-0.99969107] b: [0.9990917] loss: 5.510843e-07
W: [-0.9996953] b: [0.9991041] loss: 5.3620715e-07
W: [-0.9996995] b: [0.99911636] loss: 5.2162875e-07
W: [-0.9997036] b: [0.99912846] loss: 5.0750856e-07
W: [-0.99970764] b: [0.9991404] loss: 4.937216e-07
W: [-0.99971163] b: [0.9991521] loss: 4.802537e-07
W: [-0.99971557] b: [0.99916375] loss: 4.6710966e-07
W: [-0.99971944] b: [0.9991752] loss: 4.5455738e-07
W: [-0.99972326] b: [0.99918646] loss: 4.422301e-07
W: [-0.9997271] b: [0.9991976] loss: 4.301907e-07
W: [-0.9997308] b: [0.99920857] loss: 4.1837006e-07
W: [-0.9997345] b: [0.9992194] loss: 4.070401e-07
W: [-0.99973816] b: [0.9992301] loss: 3.9605663e-07
W: [-0.99974173] b: [0.99924064] loss: 3.8521785e-07
W: [-0.99974525] b: [0.999251] loss: 3.74708e-07
W: [-0.99974877] b: [0.99926126] loss: 3.6450535e-07
W: [-0.9997522] b: [0.9992714] loss: 3.5463654e-07
W: [-0.9997556] b: [0.99928135] loss: 3.4501275e-07
W: [-0.99975896] b: [0.9992912] loss: 3.3563117e-07
W: [-0.99976224] b: [0.9993009] loss: 3.2656078e-07
W: [-0.99976546] b: [0.9993105] loss: 3.1760965e-07
W: [-0.9997687] b: [0.9993199] loss: 3.0893347e-07
W: [-0.99977183] b: [0.9993292] loss: 3.0054224e-07
W: [-0.99977493] b: [0.9993384] loss: 2.9243552e-07
W: [-0.99977803] b: [0.99934745] loss: 2.8447664e-07
W: [-0.9997811] b: [0.9993564] loss: 2.7679204e-07
W: [-0.99978405] b: [0.9993652] loss: 2.691503e-07
W: [-0.99978703] b: [0.9993739] loss: 2.618724e-07
W: [-0.99978995] b: [0.9993825] loss: 2.547398e-07
W: [-0.9997928] b: [0.99939096] loss: 2.4786135e-07
W: [-0.9997957] b: [0.9993993] loss: 2.4100774e-07
W: [-0.9997985] b: [0.99940753] loss: 2.3450339e-07
W: [-0.9998012] b: [0.99941564] loss: 2.2813116e-07
W: [-0.99980396] b: [0.9994236] loss: 2.2198411e-07
W: [-0.99980664] b: [0.9994315] loss: 2.1596297e-07
W: [-0.9998093] b: [0.99943924] loss: 2.1005657e-07
W: [-0.99981195] b: [0.9994469] loss: 2.0428763e-07
W: [-0.9998145] b: [0.9994545] loss: 1.9878235e-07
W: [-0.9998171] b: [0.99946195] loss: 1.9333943e-07
W: [-0.9998196] b: [0.99946934] loss: 1.8806315e-07
W: [-0.999822] b: [0.9994766] loss: 1.8300094e-07
W: [-0.99982446] b: [0.99948376] loss: 1.7806917e-07
W: [-0.99982685] b: [0.99949086] loss: 1.7321706e-07
W: [-0.99982923] b: [0.99949783] loss: 1.6850129e-07
W: [-0.99983156] b: [0.9995047] loss: 1.6385181e-07
W: [-0.9998338] b: [0.9995115] loss: 1.5943522e-07
W: [-0.9998361] b: [0.99951816] loss: 1.5510638e-07
W: [-0.99983835] b: [0.9995248] loss: 1.5087912e-07
W: [-0.99984056] b: [0.99953127] loss: 1.4677828e-07
W: [-0.99984276] b: [0.9995377] loss: 1.4277033e-07
W: [-0.9998449] b: [0.999544] loss: 1.3893876e-07
W: [-0.99984705] b: [0.9995503] loss: 1.3510859e-07
W: [-0.99984914] b: [0.9995564] loss: 1.31405e-07
W: [-0.9998512] b: [0.9995625] loss: 1.2786245e-07
W: [-0.99985325] b: [0.99956846] loss: 1.2440019e-07
W: [-0.9998553] b: [0.99957436] loss: 1.2102299e-07
W: [-0.99985725] b: [0.9995802] loss: 1.1768827e-07
W: [-0.9998592] b: [0.9995859] loss: 1.14532384e-07
W: [-0.9998611] b: [0.9995916] loss: 1.1142721e-07
W: [-0.999863] b: [0.9995972] loss: 1.0835603e-07
W: [-0.9998649] b: [0.99960274] loss: 1.05464224e-07
W: [-0.9998667] b: [0.99960816] loss: 1.0253852e-07
W: [-0.9998685] b: [0.9996135] loss: 9.978682e-08
W: [-0.9998703] b: [0.9996188] loss: 9.70679e-08
W: [-0.9998721] b: [0.9996241] loss: 9.441612e-08
W: [-0.9998738] b: [0.9996292] loss: 9.1894094e-08
W: [-0.99987555] b: [0.99963427] loss: 8.9368314e-08
W: [-0.9998773] b: [0.9996393] loss: 8.693361e-08
W: [-0.99987894] b: [0.9996442] loss: 8.459729e-08
W: [-0.9998806] b: [0.9996491] loss: 8.22298e-08
W: [-0.9998823] b: [0.99965394] loss: 8.003708e-08
W: [-0.9998839] b: [0.99965864] loss: 7.7842145e-08
W: [-0.9998855] b: [0.9996633] loss: 7.576375e-08
W: [-0.99988705] b: [0.9996679] loss: 7.3684916e-08
W: [-0.9998886] b: [0.9996724] loss: 7.1688916e-08
W: [-0.99989015] b: [0.9996769] loss: 6.9767296e-08
W: [-0.99989164] b: [0.9996813] loss: 6.785052e-08
W: [-0.9998931] b: [0.99968565] loss: 6.5983684e-08
W: [-0.99989456] b: [0.99968994] loss: 6.419755e-08
W: [-0.999896] b: [0.99969417] loss: 6.245854e-08
W: [-0.9998974] b: [0.99969834] loss: 6.0814614e-08
W: [-0.9998988] b: [0.99970245] loss: 5.914724e-08
W: [-0.99990016] b: [0.9997065] loss: 5.7545623e-08
W: [-0.99990153] b: [0.9997105] loss: 5.5991595e-08
W: [-0.9999029] b: [0.99971443] loss: 5.4451235e-08
W: [-0.9999042] b: [0.99971837] loss: 5.3009686e-08
W: [-0.9999055] b: [0.99972224] loss: 5.154043e-08
W: [-0.99990684] b: [0.99972606] loss: 5.0131593e-08
W: [-0.9999081] b: [0.9997298] loss: 4.8770747e-08
W: [-0.99990934] b: [0.9997335] loss: 4.742408e-08
W: [-0.9999106] b: [0.99973714] loss: 4.6180887e-08
W: [-0.99991184] b: [0.9997407] loss: 4.4928772e-08
W: [-0.99991304] b: [0.9997443] loss: 4.365673e-08
W: [-0.9999142] b: [0.9997478] loss: 4.2464876e-08
W: [-0.9999154] b: [0.99975127] loss: 4.13482e-08
W: [-0.99991655] b: [0.99975467] loss: 4.0208988e-08
W: [-0.9999177] b: [0.999758] loss: 3.9123183e-08
W: [-0.9999188] b: [0.99976134] loss: 3.805225e-08
W: [-0.99991995] b: [0.9997646] loss: 3.703032e-08
W: [-0.999921] b: [0.99976784] loss: 3.5989174e-08
W: [-0.9999221] b: [0.999771] loss: 3.5014654e-08
W: [-0.99992317] b: [0.99977416] loss: 3.409457e-08
W: [-0.99992424] b: [0.99977726] loss: 3.3162635e-08
W: [-0.99992526] b: [0.9997803] loss: 3.2227973e-08
W: [-0.99992627] b: [0.9997833] loss: 3.1379574e-08
W: [-0.9999273] b: [0.99978626] loss: 3.054042e-08
W: [-0.9999283] b: [0.9997892] loss: 2.9709e-08
W: [-0.9999293] b: [0.99979204] loss: 2.8890614e-08
W: [-0.99993026] b: [0.9997949] loss: 2.8102765e-08
W: [-0.9999312] b: [0.9997977] loss: 2.7356151e-08
W: [-0.99993217] b: [0.99980044] loss: 2.6601029e-08
W: [-0.9999331] b: [0.9998032] loss: 2.5856565e-08
W: [-0.999934] b: [0.99980587] loss: 2.5189152e-08
W: [-0.9999349] b: [0.99980855] loss: 2.4483938e-08
W: [-0.9999358] b: [0.9998112] loss: 2.3818007e-08
W: [-0.9999367] b: [0.99981374] loss: 2.3174156e-08
W: [-0.99993753] b: [0.9998163] loss: 2.2558808e-08
W: [-0.99993837] b: [0.9998188] loss: 2.1934923e-08
W: [-0.9999392] b: [0.9998213] loss: 2.131803e-08
W: [-0.99994004] b: [0.99982375] loss: 2.0754104e-08
W: [-0.9999409] b: [0.99982613] loss: 2.019559e-08
W: [-0.9999417] b: [0.9998285] loss: 1.964472e-08
W: [-0.9999425] b: [0.99983084] loss: 1.9129704e-08
W: [-0.99994326] b: [0.99983317] loss: 1.859286e-08
W: [-0.99994403] b: [0.99983543] loss: 1.8105666e-08
W: [-0.9999448] b: [0.9998377] loss: 1.7595514e-08
W: [-0.9999456] b: [0.9998399] loss: 1.7134983e-08
W: [-0.9999463] b: [0.9998421] loss: 1.6668196e-08
W: [-0.999947] b: [0.99984425] loss: 1.621936e-08
W: [-0.9999477] b: [0.9998464] loss: 1.5776664e-08
W: [-0.99994844] b: [0.9998485] loss: 1.5351237e-08
W: [-0.99994916] b: [0.9998506] loss: 1.4905893e-08
W: [-0.9999499] b: [0.9998526] loss: 1.4527245e-08
W: [-0.9999506] b: [0.9998546] loss: 1.4104913e-08
W: [-0.99995124] b: [0.9998566] loss: 1.3726407e-08
W: [-0.9999519] b: [0.99985856] loss: 1.3375953e-08
W: [-0.99995255] b: [0.99986047] loss: 1.3007085e-08
W: [-0.9999532] b: [0.9998624] loss: 1.2664373e-08
W: [-0.99995387] b: [0.9998643] loss: 1.2304216e-08
W: [-0.9999545] b: [0.9998661] loss: 1.1980877e-08
W: [-0.9999551] b: [0.999868] loss: 1.1632508e-08
W: [-0.9999557] b: [0.99986976] loss: 1.1341129e-08
W: [-0.9999563] b: [0.99987155] loss: 1.1011778e-08
W: [-0.9999569] b: [0.99987334] loss: 1.0728357e-08
W: [-0.9999575] b: [0.99987507] loss: 1.0427431e-08
W: [-0.9999581] b: [0.9998768] loss: 1.0129611e-08
W: [-0.9999587] b: [0.99987847] loss: 9.856095e-09
W: [-0.99995923] b: [0.99988014] loss: 9.597446e-09
W: [-0.99995977] b: [0.9998818] loss: 9.324253e-09
W: [-0.9999603] b: [0.9998834] loss: 9.083138e-09
W: [-0.99996084] b: [0.999885] loss: 8.84404e-09
W: [-0.9999614] b: [0.9998866] loss: 8.596263e-09
W: [-0.9999619] b: [0.9998881] loss: 8.372481e-09
W: [-0.99996245] b: [0.9998897] loss: 8.13154e-09
W: [-0.999963] b: [0.99989116] loss: 7.904294e-09
W: [-0.9999635] b: [0.99989265] loss: 7.697654e-09
W: [-0.999964] b: [0.99989414] loss: 7.485937e-09
W: [-0.9999645] b: [0.9998956] loss: 7.2853936e-09
W: [-0.99996495] b: [0.999897] loss: 7.0875785e-09
W: [-0.9999654] b: [0.99989843] loss: 6.892492e-09
W: [-0.9999659] b: [0.9998998] loss: 6.70801e-09
W: [-0.9999664] b: [0.9999012] loss: 6.5330568e-09
W: [-0.99996686] b: [0.99990255] loss: 6.3436723e-09
W: [-0.99996734] b: [0.99990386] loss: 6.174279e-09
W: [-0.9999678] b: [0.99990517] loss: 6.0046297e-09
W: [-0.99996823] b: [0.9999065] loss: 5.8493015e-09
W: [-0.99996865] b: [0.99990773] loss: 5.685834e-09
W: [-0.99996907] b: [0.999909] loss: 5.5255214e-09
W: [-0.9999695] b: [0.99991024] loss: 5.390163e-09
W: [-0.9999699] b: [0.9999115] loss: 5.2413043e-09
W: [-0.9999703] b: [0.9999127] loss: 5.0943108e-09
W: [-0.99997073] b: [0.9999139] loss: 4.9617057e-09
W: [-0.99997115] b: [0.99991506] loss: 4.8187054e-09
W: [-0.99997157] b: [0.99991626] loss: 4.6906052e-09
W: [-0.9999719] b: [0.9999174] loss: 4.5512145e-09
W: [-0.9999723] b: [0.9999185] loss: 4.428628e-09
W: [-0.99997264] b: [0.99991965] loss: 4.3135238e-09
W: [-0.999973] b: [0.9999207] loss: 4.1929304e-09
W: [-0.99997336] b: [0.9999218] loss: 4.0867185e-09
W: [-0.9999737] b: [0.9999229] loss: 3.9827235e-09
W: [-0.9999741] b: [0.99992394] loss: 3.8660524e-09
W: [-0.9999744] b: [0.99992496] loss: 3.757421e-09
W: [-0.9999748] b: [0.999926] loss: 3.6555896e-09
W: [-0.99997514] b: [0.999927] loss: 3.5685161e-09
W: [-0.9999755] b: [0.999928] loss: 3.4634589e-09
W: [-0.99997586] b: [0.99992895] loss: 3.3717136e-09
W: [-0.9999762] b: [0.9999299] loss: 3.280622e-09
W: [-0.9999766] b: [0.99993086] loss: 3.1914347e-09
W: [-0.9999769] b: [0.9999318] loss: 3.1044465e-09
W: [-0.9999772] b: [0.99993277] loss: 3.0186875e-09
W: [-0.99997747] b: [0.99993366] loss: 2.940002e-09
W: [-0.99997777] b: [0.99993455] loss: 2.8552343e-09
W: [-0.99997807] b: [0.99993545] loss: 2.7827447e-09
W: [-0.99997836] b: [0.99993634] loss: 2.7066172e-09
W: [-0.99997866] b: [0.99993724] loss: 2.6315696e-09
W: [-0.99997896] b: [0.9999381] loss: 2.556547e-09
W: [-0.99997926] b: [0.9999389] loss: 2.4930706e-09
W: [-0.99997956] b: [0.99993974] loss: 2.419597e-09
W: [-0.9999798] b: [0.9999406] loss: 2.3638478e-09
W: [-0.99998003] b: [0.9999414] loss: 2.2893119e-09
W: [-0.9999803] b: [0.99994224] loss: 2.2354385e-09
W: [-0.9999805] b: [0.999943] loss: 2.1718627e-09
W: [-0.9999808] b: [0.9999438] loss: 2.1122766e-09
W: [-0.9999811] b: [0.99994457] loss: 2.049081e-09
W: [-0.99998134] b: [0.99994534] loss: 2.002139e-09
W: [-0.9999816] b: [0.99994606] loss: 1.9502977e-09
W: [-0.9999818] b: [0.9999468] loss: 1.8991386e-09
W: [-0.99998206] b: [0.9999475] loss: 1.8486617e-09
W: [-0.9999823] b: [0.9999482] loss: 1.7988668e-09
W: [-0.9999826] b: [0.9999489] loss: 1.7442154e-09
W: [-0.99998283] b: [0.99994963] loss: 1.6958417e-09
W: [-0.9999831] b: [0.9999503] loss: 1.6555504e-09
W: [-0.9999833] b: [0.99995095] loss: 1.6073081e-09
W: [-0.99998355] b: [0.9999516] loss: 1.564672e-09
W: [-0.9999838] b: [0.99995226] loss: 1.5226114e-09
W: [-0.999984] b: [0.9999529] loss: 1.4764936e-09
W: [-0.99998426] b: [0.99995357] loss: 1.4390231e-09
W: [-0.9999845] b: [0.9999542] loss: 1.3986892e-09
W: [-0.99998474] b: [0.9999548] loss: 1.3582593e-09
W: [-0.9999849] b: [0.9999554] loss: 1.3266863e-09
W: [-0.9999851] b: [0.999956] loss: 1.2956036e-09
W: [-0.9999853] b: [0.9999566] loss: 1.2571668e-09
W: [-0.99998546] b: [0.9999572] loss: 1.219675e-09
W: [-0.99998564] b: [0.9999578] loss: 1.1900063e-09
W: [-0.9999858] b: [0.9999584] loss: 1.1603731e-09
W: [-0.999986] b: [0.999959] loss: 1.124409e-09
W: [-0.9999862] b: [0.9999595] loss: 1.0950352e-09
W: [-0.99998635] b: [0.99996006] loss: 1.0702657e-09
W: [-0.9999865] b: [0.9999606] loss: 1.0389023e-09
W: [-0.9999867] b: [0.99996114] loss: 1.0101537e-09
W: [-0.9999869] b: [0.9999617] loss: 9.823147e-10
W: [-0.99998707] b: [0.9999622] loss: 9.522587e-10
W: [-0.99998724] b: [0.99996275] loss: 9.2873975e-10
W: [-0.9999874] b: [0.9999632] loss: 9.076899e-10
W: [-0.9999876] b: [0.9999637] loss: 8.814176e-10
W: [-0.9999878] b: [0.9999642] loss: 8.609504e-10
W: [-0.99998796] b: [0.99996465] loss: 8.3537444e-10
W: [-0.99998814] b: [0.99996513] loss: 8.15092e-10
W: [-0.9999883] b: [0.9999656] loss: 7.9021234e-10
W: [-0.9999885] b: [0.9999661] loss: 7.7091045e-10
W: [-0.9999887] b: [0.99996656] loss: 7.464429e-10
W: [-0.99998885] b: [0.99996704] loss: 7.2772366e-10
W: [-0.99998903] b: [0.9999675] loss: 7.0423667e-10
W: [-0.9999892] b: [0.99996793] loss: 6.8324724e-10
W: [-0.99998933] b: [0.99996835] loss: 6.6563643e-10
W: [-0.99998945] b: [0.99996877] loss: 6.509602e-10
W: [-0.99998957] b: [0.9999692] loss: 6.3631944e-10
W: [-0.9999897] b: [0.9999696] loss: 6.196679e-10
W: [-0.9999898] b: [0.99997] loss: 5.978791e-10
W: [-0.9999899] b: [0.99997044] loss: 5.841976e-10
W: [-0.99999005] b: [0.99997085] loss: 5.704379e-10
W: [-0.99999017] b: [0.9999713] loss: 5.4983573e-10
W: [-0.9999903] b: [0.9999717] loss: 5.3421445e-10
W: [-0.9999904] b: [0.99997205] loss: 5.258016e-10
W: [-0.9999905] b: [0.9999724] loss: 5.0761173e-10
W: [-0.99999064] b: [0.99997276] loss: 4.994263e-10
W: [-0.99999076] b: [0.9999731] loss: 4.8169113e-10
W: [-0.9999909] b: [0.9999735] loss: 4.7373305e-10
W: [-0.999991] b: [0.99997383] loss: 4.5645265e-10
W: [-0.9999911] b: [0.9999742] loss: 4.4872195e-10
W: [-0.9999913] b: [0.99997455] loss: 4.3320725e-10
W: [-0.9999915] b: [0.9999749] loss: 4.225882e-10
W: [-0.9999916] b: [0.99997526] loss: 4.0667203e-10
W: [-0.9999917] b: [0.9999756] loss: 3.9894132e-10
W: [-0.99999183] b: [0.9999759] loss: 3.872067e-10
W: [-0.99999195] b: [0.9999762] loss: 3.7550762e-10
W: [-0.9999921] b: [0.9999765] loss: 3.6606096e-10
W: [-0.9999922] b: [0.9999768] loss: 3.6045833e-10
W: [-0.9999923] b: [0.9999771] loss: 3.4937742e-10
W: [-0.99999243] b: [0.9999774] loss: 3.3844572e-10
W: [-0.99999255] b: [0.9999777] loss: 3.331202e-10
W: [-0.9999926] b: [0.999978] loss: 3.2267522e-10
W: [-0.99999267] b: [0.9999783] loss: 3.1407765e-10
W: [-0.9999927] b: [0.9999786] loss: 3.0579272e-10
W: [-0.9999928] b: [0.9999789] loss: 2.9600145e-10
W: [-0.99999285] b: [0.9999792] loss: 2.9016078e-10
W: [-0.9999929] b: [0.9999795] loss: 2.821885e-10
W: [-0.999993] b: [0.9999798] loss: 2.7223734e-10
W: [-0.99999315] b: [0.9999801] loss: 2.6738078e-10
W: [-0.99999326] b: [0.9999804] loss: 2.5931968e-10
W: [-0.9999934] b: [0.9999806] loss: 2.5251268e-10
W: [-0.9999935] b: [0.99998087] loss: 2.46132e-10
W: [-0.9999936] b: [0.9999811] loss: 2.397229e-10
W: [-0.99999374] b: [0.99998134] loss: 2.3362645e-10
W: [-0.99999386] b: [0.9999816] loss: 2.2761526e-10
W: [-0.9999939] b: [0.9999818] loss: 2.2035707e-10
W: [-0.999994] b: [0.99998206] loss: 2.1611868e-10
W: [-0.99999404] b: [0.9999823] loss: 2.0910207e-10
W: [-0.9999941] b: [0.99998254] loss: 2.0493474e-10
W: [-0.99999416] b: [0.9999828] loss: 1.9833024e-10
W: [-0.9999942] b: [0.999983] loss: 1.942908e-10
W: [-0.9999943] b: [0.99998325] loss: 1.8775737e-10
W: [-0.99999434] b: [0.9999835] loss: 1.8384583e-10
W: [-0.9999944] b: [0.9999837] loss: 1.7755397e-10
W: [-0.99999446] b: [0.99998397] loss: 1.7405455e-10
W: [-0.9999945] b: [0.9999842] loss: 1.6800428e-10
W: [-0.9999946] b: [0.99998444] loss: 1.6434853e-10
W: [-0.9999947] b: [0.9999846] loss: 1.573035e-10
W: [-0.9999948] b: [0.9999848] loss: 1.5313617e-10
W: [-0.99999493] b: [0.999985] loss: 1.5053914e-10
W: [-0.999995] b: [0.99998516] loss: 1.4702906e-10
W: [-0.99999505] b: [0.99998534] loss: 1.4465584e-10
W: [-0.9999951] b: [0.9999855] loss: 1.3995205e-10
W: [-0.9999952] b: [0.9999857] loss: 1.3655566e-10
W: [-0.99999523] b: [0.9999859] loss: 1.332161e-10
W: [-0.9999953] b: [0.99998605] loss: 1.28626e-10
W: [-0.99999535] b: [0.99998623] loss: 1.2642332e-10
W: [-0.9999954] b: [0.9999864] loss: 1.232543e-10
W: [-0.99999547] b: [0.9999866] loss: 1.2008528e-10
W: [-0.9999955] b: [0.99998677] loss: 1.1793944e-10
W: [-0.9999956] b: [0.99998695] loss: 1.1369039e-10
W: [-0.99999565] b: [0.9999871] loss: 1.1063506e-10
W: [-0.9999957] b: [0.9999873] loss: 1.07636566e-10
W: [-0.99999577] b: [0.9999875] loss: 1.0350121e-10
W: [-0.9999958] b: [0.99998766] loss: 1.015259e-10
W: [-0.9999959] b: [0.99998784] loss: 9.869794e-11
W: [-0.99999595] b: [0.999988] loss: 9.586998e-11
W: [-0.999996] b: [0.9999882] loss: 9.395151e-11
W: [-0.99999607] b: [0.9999884] loss: 9.0157215e-11
W: [-0.9999961] b: [0.99998856] loss: 8.744294e-11
W: [-0.9999962] b: [0.99998873] loss: 8.478551e-11
W: [-0.99999624] b: [0.9999889] loss: 8.11049e-11
W: [-0.9999963] b: [0.9999891] loss: 7.9356965e-11
W: [-0.99999636] b: [0.9999893] loss: 7.6870066e-11
W: [-0.9999964] b: [0.99998945] loss: 7.4383166e-11
W: [-0.9999965] b: [0.9999896] loss: 7.2692075e-11
W: [-0.99999654] b: [0.99998975] loss: 7.015899e-11
W: [-0.9999966] b: [0.99998987] loss: 6.766143e-11
W: [-0.99999666] b: [0.99999] loss: 6.684786e-11
W: [-0.9999967] b: [0.9999901] loss: 6.6055605e-11
W: [-0.9999967] b: [0.9999902] loss: 6.3710814e-11
W: [-0.9999967] b: [0.99999034] loss: 6.143708e-11
W: [-0.9999967] b: [0.99999046] loss: 6.0897065e-11
W: [-0.9999967] b: [0.9999906] loss: 6.0556005e-11
W: [-0.9999968] b: [0.9999907] loss: 5.7994498e-11
W: [-0.99999684] b: [0.9999908] loss: 5.5695892e-11
W: [-0.9999969] b: [0.99999094] loss: 5.4910743e-11
W: [-0.99999696] b: [0.99999106] loss: 5.416112e-11
W: [-0.999997] b: [0.9999912] loss: 5.1969096e-11
W: [-0.9999971] b: [0.9999913] loss: 4.98126e-11
W: [-0.99999714] b: [0.9999914] loss: 4.9112714e-11
W: [-0.9999972] b: [0.99999154] loss: 4.8434146e-11
W: [-0.9999972] b: [0.99999166] loss: 4.6430415e-11
W: [-0.9999972] b: [0.9999918] loss: 4.449774e-11
W: [-0.9999972] b: [0.9999919] loss: 4.4071413e-11
W: [-0.99999726] b: [0.999992] loss: 4.1978865e-11
W: [-0.9999973] b: [0.99999213] loss: 4.1399772e-11
W: [-0.9999974] b: [0.99999225] loss: 4.074252e-11
W: [-0.99999744] b: [0.9999924] loss: 3.8813397e-11
W: [-0.99999744] b: [0.9999925] loss: 3.835865e-11
W: [-0.9999975] b: [0.9999926] loss: 3.6507686e-11
W: [-0.99999756] b: [0.9999927] loss: 3.469225e-11
W: [-0.99999756] b: [0.99999285] loss: 3.42375e-11
W: [-0.99999756] b: [0.99999297] loss: 3.3981706e-11
W: [-0.9999976] b: [0.9999931] loss: 3.2059688e-11
W: [-0.9999977] b: [0.9999932] loss: 3.0286884e-11
W: [-0.99999774] b: [0.9999933] loss: 2.974332e-11
W: [-0.9999978] b: [0.99999344] loss: 2.923528e-11
W: [-0.99999785] b: [0.99999356] loss: 2.7625902e-11
W: [-0.99999785] b: [0.9999937] loss: 2.7213787e-11
W: [-0.99999785] b: [0.99999374] loss: 2.6293634e-11
W: [-0.9999979] b: [0.9999938] loss: 2.5625724e-11
W: [-0.9999979] b: [0.99999386] loss: 2.4670044e-11
W: [-0.9999979] b: [0.9999939] loss: 2.5284663e-11
W: [-0.9999979] b: [0.999994] loss: 2.4854785e-11
W: [-0.999998] b: [0.99999404] loss: 2.377476e-11
W: [-0.99999803] b: [0.9999941] loss: 2.2751578e-11
W: [-0.99999803] b: [0.99999416] loss: 2.2300384e-11
W: [-0.99999803] b: [0.9999942] loss: 2.2851054e-11
W: [-0.99999803] b: [0.9999943] loss: 2.1959323e-11
W: [-0.99999803] b: [0.99999434] loss: 2.110312e-11
W: [-0.99999803] b: [0.9999944] loss: 2.1817215e-11
W: [-0.9999981] b: [0.99999446] loss: 2.0666135e-11
W: [-0.99999815] b: [0.9999945] loss: 2.0055069e-11
W: [-0.9999982] b: [0.9999946] loss: 1.9699797e-11
W: [-0.9999982] b: [0.99999464] loss: 1.962519e-11
W: [-0.9999982] b: [0.9999947] loss: 1.8790303e-11
W: [-0.9999982] b: [0.99999475] loss: 1.8374635e-11
W: [-0.9999982] b: [0.9999948] loss: 1.7966073e-11
W: [-0.9999982] b: [0.9999949] loss: 1.7195134e-11
W: [-0.9999982] b: [0.99999493] loss: 1.7454482e-11
W: [-0.9999982] b: [0.999995] loss: 1.7067237e-11
W: [-0.9999983] b: [0.99999505] loss: 1.6100898e-11
W: [-0.99999833] b: [0.9999951] loss: 1.6413537e-11
W: [-0.9999984] b: [0.9999952] loss: 1.5930368e-11
W: [-0.9999984] b: [0.99999523] loss: 1.5166535e-11
W: [-0.9999984] b: [0.9999953] loss: 1.4438228e-11
W: [-0.9999984] b: [0.99999535] loss: 1.4939161e-11
W: [-0.9999984] b: [0.9999954] loss: 1.462297e-11
W: [-0.99999845] b: [0.99999547] loss: 1.3770318e-11
W: [-0.9999985] b: [0.9999955] loss: 1.297451e-11
W: [-0.9999985] b: [0.9999956] loss: 1.26370026e-11
W: [-0.9999985] b: [0.99999565] loss: 1.3073986e-11
W: [-0.9999985] b: [0.9999957] loss: 1.2409629e-11
W: [-0.9999985] b: [0.99999577] loss: 1.17807986e-11
W: [-0.9999985] b: [0.9999958] loss: 1.2381207e-11
W: [-0.99999857] b: [0.9999959] loss: 1.1457502e-11
W: [-0.9999986] b: [0.99999595] loss: 1.0960122e-11
W: [-0.9999987] b: [0.999996] loss: 1.0718537e-11
W: [-0.9999987] b: [0.99999607] loss: 1.064393e-11
W: [-0.9999987] b: [0.9999961] loss: 1.0036416e-11
W: [-0.9999987] b: [0.9999962] loss: 9.7344355e-12
W: [-0.9999987] b: [0.99999624] loss: 9.43956e-12
W: [-0.9999987] b: [0.9999963] loss: 8.895995e-12
W: [-0.9999987] b: [0.99999636] loss: 9.155343e-12
W: [-0.9999987] b: [0.9999964] loss: 8.881784e-12
W: [-0.99999875] b: [0.9999965] loss: 8.14282e-12
W: [-0.9999988] b: [0.99999654] loss: 8.341772e-12
W: [-0.99999887] b: [0.9999966] loss: 7.9722895e-12
W: [-0.99999887] b: [0.99999666] loss: 7.43583e-12
W: [-0.99999887] b: [0.9999967] loss: 6.934897e-12
W: [-0.99999887] b: [0.9999968] loss: 7.322143e-12
W: [-0.99999887] b: [0.99999684] loss: 7.119638e-12
W: [-0.99999887] b: [0.9999969] loss: 6.6684436e-12
W: [-0.9999989] b: [0.99999696] loss: 6.256329e-12
W: [-0.999999] b: [0.999997] loss: 5.7021055e-12
W: [-0.999999] b: [0.9999971] loss: 6.0254024e-12
W: [-0.99999905] b: [0.99999714] loss: 5.456968e-12
W: [-0.99999905] b: [0.9999972] loss: 5.2331472e-12
W: [-0.99999905] b: [0.99999726] loss: 4.8174797e-12
W: [-0.99999905] b: [0.9999973] loss: 4.977352e-12
W: [-0.99999905] b: [0.9999974] loss: 4.774847e-12
W: [-0.99999905] b: [0.99999744] loss: 4.579448e-12
W: [-0.9999991] b: [0.9999975] loss: 4.0252246e-12
W: [-0.9999991] b: [0.99999756] loss: 4.391154e-12
W: [-0.99999917] b: [0.99999756] loss: 4.0110137e-12
W: [-0.9999992] b: [0.99999756] loss: 4.206413e-12
W: [-0.9999992] b: [0.9999976] loss: 3.797851e-12
W: [-0.9999992] b: [0.9999977] loss: 3.424816e-12
W: [-0.9999992] b: [0.99999774] loss: 3.6557424e-12
W: [-0.9999992] b: [0.99999774] loss: 3.6557424e-12
W: [-0.9999992] b: [0.99999774] loss: 3.6557424e-12
W: [-0.9999992] b: [0.99999774] loss: 3.6557424e-12
W: [-0.9999992] b: [0.99999774] loss: 3.6557424e-12
W: [-0.9999992] b: [0.99999774] loss: 3.6557424e-12
W: [-0.9999992] b: [0.99999774] loss: 3.6557424e-12
W: [-0.9999992] b: [0.99999774] loss: 3.6557424e-12
W: [-0.9999992] b: [0.99999774] loss: 3.6557424e-12
W: [-0.9999992] b: [0.99999774] loss: 3.6557424e-12
W: [-0.9999992] b: [0.99999774] loss: 3.6557424e-12
W: [-0.9999992] b: [0.99999774] loss: 3.6557424e-12
W: [-0.9999992] b: [0.99999774] loss: 3.6557424e-12
W: [-0.9999992] b: [0.99999774] loss: 3.6557424e-12
W: [-0.9999992] b: [0.99999774] loss: 3.6557424e-12
W: [-0.9999992] b: [0.99999774] loss: 3.6557424e-12
W: [-0.9999992] b: [0.99999774] loss: 3.6557424e-12
W: [-0.9999992] b: [0.99999774] loss: 3.6557424e-12
W: [-0.9999992] b: [0.99999774] loss: 3.6557424e-12
W: [-0.9999992] b: [0.99999774] loss: 3.6557424e-12
The size of the loss captured was:  1000
