[1673020142.179962] [p9r1n01:128730:0]         mxm.c:196  MXM  WARN  The 'ulimit -s' on the system is set to 'unlimited'. This may have negative performance implications. Please set the stack size to the default value (10240) 
[1673020142.210912] [p9r1n01:128730:0]         mxm.c:196  MXM  WARN  The 'ulimit -s' on the system is set to 'unlimited'. This may have negative performance implications. Please set the stack size to the default value (10240) 
W: [0.3] b: [-0.3] loss: 23.660002
W: [0.26842973] b: [-0.3310538] loss: 21.587273
W: [0.24605297] b: [-0.3531499] loss: 20.18157
W: [0.22759265] b: [-0.37137616] loss: 19.062376
W: [0.21139576] b: [-0.3873509] loss: 18.110743
W: [0.19670048] b: [-0.40182447] loss: 17.271927
W: [0.18308419] b: [-0.41521448] loss: 16.515615
W: [0.17028488] b: [-0.42778024] loss: 15.823034
W: [0.15812755] b: [-0.4396951] loss: 15.181658
W: [0.14648888] b: [-0.45108113] loss: 14.582681
W: [0.13527846] b: [-0.46202788] loss: 14.019644
W: [0.12442789] b: [-0.47260296] loss: 13.487664
W: [0.11388411] b: [-0.4828587] loss: 12.982959
W: [0.10360516] b: [-0.49283633] loss: 12.502534
W: [0.09355727] b: [-0.50256896] loss: 12.043975
W: [0.08371292] b: [-0.51208335] loss: 11.6053095
W: [0.07404943] b: [-0.5214015] loss: 11.184907
W: [0.0645479] b: [-0.5305416] loss: 10.7814
W: [0.05519251] b: [-0.5395186] loss: 10.393638
W: [0.04596987] b: [-0.548345] loss: 10.020634
W: [0.03686864] b: [-0.5570314] loss: 9.661545
W: [0.02787914] b: [-0.5655863] loss: 9.315638
W: [0.01899312] b: [-0.5740171] loss: 8.982278
W: [0.0102035] b: [-0.58232975] loss: 8.660902
W: [0.00150423] b: [-0.5905291] loss: 8.351021
W: [-0.0071099] b: [-0.59861904] loss: 8.052193
W: [-0.01564332] b: [-0.60660267] loss: 7.764029
W: [-0.02409982] b: [-0.6144823] loss: 7.4861755
W: [-0.03248261] b: [-0.62225956] loss: 7.218314
W: [-0.0407944] b: [-0.62993544] loss: 6.960156
W: [-0.04903745] b: [-0.63751036] loss: 6.711434
W: [-0.05721362] b: [-0.6449841] loss: 6.471903
W: [-0.06532441] b: [-0.6523561] loss: 6.2413383
W: [-0.07337101] b: [-0.65962505] loss: 6.0195265
W: [-0.08135431] b: [-0.66678935] loss: 5.8062673
W: [-0.08927492] b: [-0.6738468] loss: 5.6013722
W: [-0.09713325] b: [-0.6807947] loss: 5.404661
W: [-0.10492945] b: [-0.68762994] loss: 5.215961
W: [-0.11266347] b: [-0.6943488] loss: 5.035103
W: [-0.1203351] b: [-0.70094717] loss: 4.861925
W: [-0.12794393] b: [-0.70742023] loss: 4.696265
W: [-0.1354894] b: [-0.71376276] loss: 4.537967
W: [-0.1429708] b: [-0.7199688] loss: 4.3868723
W: [-0.15038729] b: [-0.7260318] loss: 4.242825
W: [-0.15773788] b: [-0.7319445] loss: 4.1056666
W: [-0.16502151] b: [-0.737699] loss: 3.9752383
W: [-0.17223698] b: [-0.7432865] loss: 3.8513777
W: [-0.17938302] b: [-0.74869734] loss: 3.7339218
W: [-0.18645827] b: [-0.7539211] loss: 3.6227012
W: [-0.19346134] b: [-0.7589461] loss: 3.5175433
W: [-0.20039076] b: [-0.76375985] loss: 3.4182699
W: [-0.20724504] b: [-0.7683485] loss: 3.3246977
W: [-0.21402268] b: [-0.77269703] loss: 3.2366362
W: [-0.22072223] b: [-0.776789] loss: 3.1538882
W: [-0.22734226] b: [-0.7806066] loss: 3.0762491
W: [-0.23388143] b: [-0.78413045] loss: 3.0035062
W: [-0.2403385] b: [-0.78733957] loss: 2.9354374
W: [-0.24671243] b: [-0.79021126] loss: 2.8718123
W: [-0.25300235] b: [-0.7927212] loss: 2.8123913
W: [-0.25920764] b: [-0.79484344] loss: 2.756925
W: [-0.26532802] b: [-0.79655033] loss: 2.7051558
W: [-0.27136362] b: [-0.797813] loss: 2.6568165
W: [-0.277315] b: [-0.7986014] loss: 2.6116314
W: [-0.28318322] b: [-0.79888487] loss: 2.5693188
W: [-0.28897] b: [-0.7986328] loss: 2.529592
W: [-0.29467764] b: [-0.7978154] loss: 2.4921618
W: [-0.30030924] b: [-0.7964047] loss: 2.456739
W: [-0.3058686] b: [-0.79437613] loss: 2.423039
W: [-0.3113603] b: [-0.79170936] loss: 2.3907847
W: [-0.3167897] b: [-0.7883901] loss: 2.359715
W: [-0.3221628] b: [-0.78441143] loss: 2.3295858
W: [-0.3274863] b: [-0.77977484] loss: 2.3001752
W: [-0.33276722] b: [-0.7744909] loss: 2.271289
W: [-0.3380129] b: [-0.7685794] loss: 2.2427652
W: [-0.3432307] b: [-0.7620689] loss: 2.2144694
W: [-0.34842777] b: [-0.75499547] loss: 2.1863015
W: [-0.35361084] b: [-0.747401] loss: 2.1581883
W: [-0.35878596] b: [-0.7393314] loss: 2.130084
W: [-0.3639583] b: [-0.73083466] loss: 2.1019654
W: [-0.3691321] b: [-0.7219587] loss: 2.0738273
W: [-0.37431046] b: [-0.71274996] loss: 2.045677
W: [-0.37949544] b: [-0.70325226] loss: 2.0175343
W: [-0.38468796] b: [-0.693506] loss: 1.9894246
W: [-0.38988793] b: [-0.6835477] loss: 1.961378
W: [-0.39509428] b: [-0.6734099] loss: 1.9334261
W: [-0.40030512] b: [-0.6631214] loss: 1.9056019
W: [-0.40551782] b: [-0.6527073] loss: 1.8779368
W: [-0.4107291] b: [-0.6421895] loss: 1.8504617
W: [-0.4159353] b: [-0.631587] loss: 1.8232045
W: [-0.42113236] b: [-0.6209163] loss: 1.7961912
W: [-0.42631596] b: [-0.61019164] loss: 1.7694451
W: [-0.4314817] b: [-0.5994255] loss: 1.7429861
W: [-0.43662506] b: [-0.5886287] loss: 1.7168322
W: [-0.44174165] b: [-0.5778108] loss: 1.6909983
W: [-0.4468271] b: [-0.56698006] loss: 1.6654954
W: [-0.45187733] b: [-0.5561438] loss: 1.640334
W: [-0.4568884] b: [-0.54530853] loss: 1.6155204
W: [-0.46185672] b: [-0.5344799] loss: 1.591059
W: [-0.466779] b: [-0.52366304] loss: 1.5669527
W: [-0.47165227] b: [-0.5128623] loss: 1.543202
W: [-0.476474] b: [-0.50208175] loss: 1.5198057
W: [-0.48124194] b: [-0.4913248] loss: 1.496761
W: [-0.4859543] b: [-0.48059455] loss: 1.4740652
W: [-0.49060977] b: [-0.4698936] loss: 1.451712
W: [-0.49520728] b: [-0.4592243] loss: 1.4296969
W: [-0.4997463] b: [-0.4485886] loss: 1.4080129
W: [-0.50422657] b: [-0.43798813] loss: 1.3866522
W: [-0.5086482] b: [-0.42742422] loss: 1.3656082
W: [-0.5130117] b: [-0.41689798] loss: 1.344873
W: [-0.5173178] b: [-0.40641022] loss: 1.3244386
W: [-0.5215675] b: [-0.39596152] loss: 1.3042967
W: [-0.52576226] b: [-0.3855523] loss: 1.28444
W: [-0.5299035] b: [-0.37518266] loss: 1.2648599
W: [-0.53399277] b: [-0.3648526] loss: 1.2455491
W: [-0.53803194] b: [-0.35456195] loss: 1.2264997
W: [-0.54202294] b: [-0.34431037] loss: 1.207705
W: [-0.54596776] b: [-0.3340974] loss: 1.1891571
W: [-0.5498683] b: [-0.3239224] loss: 1.1708497
W: [-0.5537266] b: [-0.31378472] loss: 1.152776
W: [-0.55754465] b: [-0.30368358] loss: 1.1349303
W: [-0.5613245] b: [-0.29361814] loss: 1.1173058
W: [-0.5650679] b: [-0.28358752] loss: 1.0998973
W: [-0.5687768] b: [-0.27359074] loss: 1.0826993
W: [-0.5724529] b: [-0.2636269] loss: 1.0657073
W: [-0.576098] b: [-0.25369498] loss: 1.0489153
W: [-0.57971364] b: [-0.24379401] loss: 1.0323198
W: [-0.58330137] b: [-0.23392302] loss: 1.015916
W: [-0.5868627] b: [-0.22408102] loss: 0.9996997
W: [-0.59039885] b: [-0.21426708] loss: 0.9836675
W: [-0.5939113] b: [-0.20448023] loss: 0.9678153
W: [-0.5974011] b: [-0.19471957] loss: 0.95214
W: [-0.60086954] b: [-0.18498422] loss: 0.9366382
W: [-0.6043176] b: [-0.17527333] loss: 0.92130697
W: [-0.6077463] b: [-0.16558605] loss: 0.90614355
W: [-0.61115664] b: [-0.15592162] loss: 0.89114493
W: [-0.6145495] b: [-0.14627928] loss: 0.8763089
W: [-0.6179257] b: [-0.13665828] loss: 0.86163306
W: [-0.62128603] b: [-0.12705795] loss: 0.84711474
W: [-0.6246312] b: [-0.11747765] loss: 0.83275235
W: [-0.62796205] b: [-0.10791674] loss: 0.8185435
W: [-0.63127905] b: [-0.09837463] loss: 0.80448675
W: [-0.6345829] b: [-0.08885077] loss: 0.79057986
W: [-0.6378741] b: [-0.07934463] loss: 0.7768213
W: [-0.6411533] b: [-0.06985571] loss: 0.76320976
W: [-0.644421] b: [-0.06038356] loss: 0.7497434
W: [-0.6476775] b: [-0.05092772] loss: 0.73642105
W: [-0.65092343] b: [-0.0414878] loss: 0.7232412
W: [-0.6541591] b: [-0.03206341] loss: 0.7102026
W: [-0.65738493] b: [-0.02265419] loss: 0.6973041
W: [-0.66060144] b: [-0.01325981] loss: 0.6845448
W: [-0.66380864] b: [-0.00387995] loss: 0.67192334
W: [-0.66700727] b: [0.00548565] loss: 0.65943885
W: [-0.6701971] b: [0.0148373] loss: 0.64709044
W: [-0.6733792] b: [0.0241752] loss: 0.634877
W: [-0.6765527] b: [0.03349962] loss: 0.62279797
W: [-0.67971945] b: [0.0428107] loss: 0.61085206
W: [-0.68287724] b: [0.05210875] loss: 0.59903884
W: [-0.6860303] b: [0.06139372] loss: 0.5873575
W: [-0.68917173] b: [0.07066613] loss: 0.5758073
W: [-0.6923152] b: [0.07992546] loss: 0.56438774
W: [-0.69543344] b: [0.08917313] loss: 0.5530979
W: [-0.6985865] b: [0.09840651] loss: 0.54193723
W: [-0.70163465] b: [0.10763181] loss: 0.53090554
W: [-0.7049279] b: [0.1168344] loss: 0.52000165
W: [-0.70752865] b: [0.12605213] loss: 0.50922996
W: [-0.71211344] b: [0.13518111] loss: 0.49861234
W: [-0.71049935] b: [0.14452451] loss: 0.48845792
W: [-0.7268611] b: [0.153128] loss: 0.4806407
W: [-0.7030028] b: [0.16376294] loss: 0.47618857
W: [-0.7297524] b: [0.17004226] loss: 0.4604506
W: [-0.72030896] b: [0.18034506] loss: 0.44914636
W: [-0.7298952] b: [0.18853019] loss: 0.43899328
W: [-0.72929406] b: [0.19785477] loss: 0.42928952
W: [-0.7346833] b: [0.20655338] loss: 0.41972595
W: [-0.73610795] b: [0.21566777] loss: 0.4102978
W: [-0.74047095] b: [0.22449933] loss: 0.40096587
W: [-0.74240017] b: [0.23356633] loss: 0.39174876
W: [-0.74655807] b: [0.24243306] loss: 0.3826305
W: [-0.74845415] b: [0.25149882] loss: 0.37362826
W: [-0.75285625] b: [0.26035267] loss: 0.36472937
W: [-0.754204] b: [0.26945153] loss: 0.3559567
W: [-0.7595718] b: [0.27823195] loss: 0.3473001
W: [-0.75917184] b: [0.28744018] loss: 0.33882272
W: [-0.7675187] b: [0.2959943] loss: 0.33055952
W: [-0.7617976] b: [0.30554774] loss: 0.32286334
W: [-0.77778065] b: [0.31340706] loss: 0.31559786
W: [-0.76303846] b: [0.32377282] loss: 0.30885932
W: [-0.7835792] b: [0.33059728] loss: 0.3000854
W: [-0.77188826] b: [0.34099922] loss: 0.29166076
W: [-0.7858074] b: [0.3483697] loss: 0.2833545
W: [-0.78063536] b: [0.3580521] loss: 0.2756003
W: [-0.7899297] b: [0.36600697] loss: 0.26801252
W: [-0.7876408] b: [0.37532857] loss: 0.26065597
W: [-0.7953182] b: [0.38350785] loss: 0.25339508
W: [-0.79372424] b: [0.39272398] loss: 0.24630095
W: [-0.8014184] b: [0.40092435] loss: 0.23929812
W: [-0.7990861] b: [0.41018516] loss: 0.23247805
W: [-0.80822045] b: [0.4182369] loss: 0.22576982
W: [-0.80348915] b: [0.42770284] loss: 0.2193396
W: [-0.81581134] b: [0.43536848] loss: 0.21302447
W: [-0.80707276] b: [0.4452377] loss: 0.20709723
W: [-0.82293594] b: [0.45229086] loss: 0.20089951
W: [-0.81212974] b: [0.46249497] loss: 0.19487943
W: [-0.82777536] b: [0.46927842] loss: 0.18843468
W: [-0.81923103] b: [0.4792935] loss: 0.18231215
W: [-0.83191675] b: [0.48635998] loss: 0.17617801
W: [-0.8261995] b: [0.4959966] loss: 0.17035532
W: [-0.8367284] b: [0.50334597] loss: 0.1645994
W: [-0.8324065] b: [0.51276046] loss: 0.15907331
W: [-0.8422446] b: [0.5202014] loss: 0.15361339
W: [-0.8379264] b: [0.52957493] loss: 0.14836484
W: [-0.8483212] b: [0.53691614] loss: 0.14318036
W: [-0.84282386] b: [0.5464073] loss: 0.13823652
W: [-0.85478] b: [0.5534587] loss: 0.13332744
W: [-0.84734815] b: [0.56319356] loss: 0.12869087
W: [-0.86106676] b: [0.5698243] loss: 0.1239638
W: [-0.852281] b: [0.5797841] loss: 0.119475275
W: [-0.86647475] b: [0.5861066] loss: 0.11479637
W: [-0.8580995] b: [0.59605575] loss: 0.11035856
W: [-0.87122184] b: [0.6023684] loss: 0.10583264
W: [-0.864218] b: [0.61210847] loss: 0.10156815
W: [-0.8760139] b: [0.61854154] loss: 0.09730788
W: [-0.87005097] b: [0.62808394] loss: 0.09328611
W: [-0.8811585] b: [0.63456225] loss: 0.08929465
W: [-0.8754346] b: [0.64402676] loss: 0.08552498
W: [-0.8866515] b: [0.65039885] loss: 0.081784986
W: [-0.8804022] b: [0.65991896] loss: 0.078270584
W: [-0.8923462] b: [0.6660271] loss: 0.07476274
W: [-0.88513273] b: [0.67570066] loss: 0.071487345
W: [-0.897949] b: [0.68144304] loss: 0.06816522
W: [-0.8899628] b: [0.691271] loss: 0.06506646
W: [-0.90315205] b: [0.6966835] loss: 0.06187774
W: [-0.89511985] b: [0.7065459] loss: 0.05890639
W: [-0.907955] b: [0.71178186] loss: 0.05586645
W: [-0.9004587] b: [0.721542] loss: 0.053048097
W: [-0.9126302] b: [0.7267132] loss: 0.050206907
W: [-0.90569216] b: [0.7363356] loss: 0.047582302
W: [-0.91739804] b: [0.7414255] loss: 0.044960387
W: [-0.9106572] b: [0.75097317] loss: 0.04254645
W: [-0.92231226] b: [0.7558747] loss: 0.040139347
W: [-0.9153362] b: [0.76544815] loss: 0.037936013
W: [-0.9272982] b: [0.7700283] loss: 0.035727352
W: [-0.9198197] b: [0.7797089] loss: 0.033718947
W: [-0.9321985] b: [0.78387123] loss: 0.031680796
W: [-0.9242617] b: [0.79367393] loss: 0.029834783
W: [-0.9368591] b: [0.7974107] loss: 0.027939463
W: [-0.9287679] b: [0.80727094] loss: 0.02622841
W: [-0.94124746] b: [0.8106547] loss: 0.024472058
W: [-0.9332999] b: [0.8204822] loss: 0.022896571
W: [-0.9454615] b: [0.8235818] loss: 0.02129527
W: [-0.9377296] b: [0.8333365] loss: 0.019870898
W: [-0.94961506] b: [0.8361447] loss: 0.01843672
W: [-0.9419528] b: [0.84585965] loss: 0.017172964
W: [-0.9537534] b: [0.84829074] loss: 0.01590448
W: [-0.94593775] b: [0.8580423] loss: 0.014798694
W: [-0.95784223] b: [0.8599759] loss: 0.013683255
W: [-0.9497185] b: [0.8698351] loss: 0.012720772
W: [-0.9617959] b: [0.87117267] loss: 0.01173789
W: [-0.95336187] b: [0.88116336] loss: 0.010895675
W: [-0.96552926] b: [0.88187164] loss: 0.010024764
W: [-0.9569134] b: [0.8919587] loss: 0.009282695
W: [-0.9690119] b: [0.8920668] loss: 0.008513293
W: [-0.9603585] b: [0.90219015] loss: 0.007863952
W: [-0.9722762] b: [0.9017369] loss: 0.007196283
W: [-0.9636387] b: [0.9118637] loss: 0.0066413237
W: [-0.9753738] b: [0.91084415] loss: 0.0060771583
W: [-0.9666984] b: [0.9209938] loss: 0.0056171548
W: [-0.9783308] b: [0.9193489] loss: 0.0051521296
W: [-0.9695163] b: [0.9295761] loss: 0.004780178
W: [-0.9811322] b: [0.9272271] loss: 0.0044021085
W: [-0.9721081] b: [0.93758094] loss: 0.0041035763
W: [-0.98373675] b: [0.93447965] loss: 0.0037949816
W: [-0.97450894] b: [0.94496775] loss: 0.0035514124
W: [-0.986106] b: [0.94112974] loss: 0.0032952519
W: [-0.9767454] b: [0.9517115] loss: 0.0030917905
W: [-0.9882313] b: [0.9472067] loss: 0.002877432
W: [-0.97881925] b: [0.9578221] loss: 0.0027074383
W: [-0.99013716] b: [0.9527311] loss: 0.0025315592
W: [-0.98071283] b: [0.9633409] loss: 0.00239441
W: [-0.99186105] b: [0.9577151] loss: 0.00225623
W: [-0.98241043] b: [0.9683183] loss: 0.002151351
W: [-0.99342996] b: [0.96217495] loss: 0.0020476605
W: [-0.98391396] b: [0.972794] loss: 0.001970755
W: [-0.9948516] b: [0.9661417] loss: 0.0018943931
W: [-0.9852443] b: [0.9767931] loss: 0.0018374854
W: [-0.9961206] b: [0.96966195] loss: 0.0017792067
W: [-0.9864306] b: [0.98033553] loss: 0.0017339253
W: [-0.9972335] b: [0.9727874] loss: 0.0016860464
W: [-0.9874964] b: [0.9834495] loss: 0.0016470656
W: [-0.99819976] b: [0.9755623] loss: 0.001606161
W: [-0.98845166] b: [0.9861777] loss: 0.0015726567
W: [-0.9990419] b: [0.9780178] loss: 0.0015391842
W: [-0.9892967] b: [0.9885713] loss: 0.0015127849
W: [-0.9997854] b: [0.9801772] loss: 0.0014880878
W: [-0.99003214] b: [0.99067754] loss: 0.00146989
W: [-1.0004488] b: [0.9820648] loss: 0.0014537375
W: [-0.9906665] b: [0.99253213] loss: 0.0014424749
W: [-1.0010394] b: [0.98371094] loss: 0.0014323436
W: [-0.99121606] b: [0.9941585] loss: 0.0014249971
W: [-1.0015577] b: [0.9851498] loss: 0.0014175411
W: [-0.9916985] b: [0.9955755] loss: 0.0014111432
W: [-1.002005] b: [0.9864125] loss: 0.0014039243
W: [-0.9921269] b: [0.99680334] loss: 0.0013970975
W: [-1.0023881] b: [0.9875227] loss: 0.0013897826
W: [-0.9925064] b: [0.9978671] loss: 0.0013831683
W: [-1.0027189] b: [0.9884954] loss: 0.0013768086
W: [-0.99283797] b: [0.9987925] loss: 0.0013717061
W: [-1.0030094] b: [0.9893424] loss: 0.0013675061
W: [-0.9931229] b: [0.9996021] loss: 0.0013647451
W: [-1.0032679] b: [0.99007607] loss: 0.00136292
W: [-0.99336576] b: [1.0003115] loss: 0.0013621046
W: [-1.0034971] b: [0.9907114] loss: 0.0013616704
W: [-0.9935748] b: [1.0009307] loss: 0.0013615517
W: [-1.003697] b: [0.99126446] loss: 0.0013612084
W: [-0.99375814] b: [1.0014673] loss: 0.0013606243
W: [-1.0038682] b: [0.99174887] loss: 0.0013595748
W: [-0.99392116] b: [1.0019302] loss: 0.0013581488
W: [-1.0040135] b: [0.9921741] loss: 0.001356419
W: [-0.9940657] b: [1.0023297] loss: 0.0013546867
W: [-1.0041386] b: [0.9925458] loss: 0.0013530953
W: [-0.9941913] b: [1.0026768] loss: 0.0013518775
W: [-1.0042489] b: [0.9928678] loss: 0.001351126
W: [-0.9942981] b: [1.002981] loss: 0.0013508303
W: [-1.0043474] b: [0.99314547] loss: 0.0013509452
W: [-0.9943885] b: [1.0032476] loss: 0.0013513243
W: [-1.004435] b: [0.99338526] loss: 0.0013517896
W: [-0.9944664] b: [1.00348] loss: 0.0013521818
W: [-1.0045106] b: [0.99359417] loss: 0.0013524032
W: [-0.99453515] b: [1.0036807] loss: 0.0013524212
W: [-1.004575] b: [0.99377733] loss: 0.0013521917
W: [-0.99459654] b: [1.0038533] loss: 0.0013517363
W: [-1.0046294] b: [0.99393815] loss: 0.0013511616
W: [-0.9946511] b: [1.0040022] loss: 0.0013505439
W: [-1.0046761] b: [0.99407864] loss: 0.0013500068
W: [-0.9946983] b: [1.0041317] loss: 0.0013496332
W: [-1.0047176] b: [0.9941999] loss: 0.0013494886
W: [-0.994738] b: [1.0042454] loss: 0.0013495446
W: [-1.0047549] b: [0.99430394] loss: 0.0013497319
W: [-0.9947715] b: [1.0043452] loss: 0.0013500217
W: [-1.004788] b: [0.99439377] loss: 0.0013503348
W: [-0.99480027] b: [1.0044322] loss: 0.001350621
W: [-1.0048168] b: [0.9944721] loss: 0.0013508108
W: [-0.99482584] b: [1.0045073] loss: 0.0013508513
W: [-1.0048409] b: [0.994541] loss: 0.0013507506
W: [-0.994849] b: [1.0045716] loss: 0.0013505355
W: [-1.004861] b: [0.9946017] loss: 0.001350269
W: [-0.9948697] b: [1.004627] loss: 0.0013499887
W: [-1.0048783] b: [0.9946547] loss: 0.0013497409
W: [-0.9948875] b: [1.0046751] loss: 0.0013495988
W: [-1.0048938] b: [0.99470025] loss: 0.0013495447
W: [-0.99490225] b: [1.0047177] loss: 0.0013496326
W: [-1.0049081] b: [0.9947392] loss: 0.0013498062
W: [-0.9949145] b: [1.0047554] loss: 0.0013500007
W: [-1.0049207] b: [0.9947727] loss: 0.001350149
W: [-0.99492514] b: [1.0047879] loss: 0.0013502783
W: [-1.0049314] b: [0.994802] loss: 0.0013503265
W: [-0.9949348] b: [1.0048158] loss: 0.0013503185
W: [-1.0049404] b: [0.9948279] loss: 0.0013502545
W: [-0.9949436] b: [1.0048398] loss: 0.0013501447
W: [-1.0049479] b: [0.9948509] loss: 0.0013500529
W: [-0.99495137] b: [1.0048605] loss: 0.0013499282
W: [-1.0049543] b: [0.9948708] loss: 0.0013498478
W: [-0.994958] b: [1.0048785] loss: 0.001349807
W: [-1.0049602] b: [0.99488777] loss: 0.0013497903
W: [-0.99496347] b: [1.0048944] loss: 0.0013498369
W: [-1.0049655] b: [0.99490225] loss: 0.0013499097
W: [-0.994968] b: [1.0049084] loss: 0.0013499804
W: [-1.0049703] b: [0.99491477] loss: 0.001350062
W: [-0.99497193] b: [1.0049207] loss: 0.0013501352
W: [-1.0049744] b: [0.99492574] loss: 0.0013501466
W: [-0.99497557] b: [1.0049311] loss: 0.0013501234
W: [-1.0049777] b: [0.9949355] loss: 0.0013501123
W: [-0.99497885] b: [1.00494] loss: 0.0013500714
W: [-1.0049804] b: [0.99494404] loss: 0.0013500031
W: [-0.9949818] b: [1.0049477] loss: 0.0013499421
W: [-1.0049828] b: [0.99495155] loss: 0.0013499191
W: [-0.99498427] b: [1.0049545] loss: 0.001349907
W: [-1.004985] b: [0.9949579] loss: 0.0013498866
W: [-0.99498636] b: [1.0049604] loss: 0.0013499091
W: [-1.004987] b: [0.9949634] loss: 0.0013499244
W: [-0.994988] b: [1.0049657] loss: 0.0013499756
W: [-1.0049889] b: [0.994968] loss: 0.0013500517
W: [-0.9949894] b: [1.0049704] loss: 0.0013501088
W: [-1.0049906] b: [0.99497205] loss: 0.0013501517
W: [-0.9949907] b: [1.0049744] loss: 0.0013501338
W: [-1.0049918] b: [0.99497575] loss: 0.0013500969
W: [-0.9949921] b: [1.0049776] loss: 0.0013500229
W: [-1.0049926] b: [0.99497914] loss: 0.0013499667
W: [-0.9949933] b: [1.0049803] loss: 0.0013499095
W: [-1.0049934] b: [0.99498206] loss: 0.0013498939
W: [-0.9949943] b: [1.0049828] loss: 0.0013498843
W: [-1.0049943] b: [0.9949844] loss: 0.0013498904
W: [-0.994995] b: [1.0049851] loss: 0.0013499189
W: [-1.0049951] b: [0.9949863] loss: 0.0013499619
W: [-0.9949955] b: [1.0049872] loss: 0.0013500286
W: [-1.004996] b: [0.9949879] loss: 0.0013500678
W: [-0.9949959] b: [1.004989] loss: 0.0013500989
W: [-1.0049965] b: [0.9949894] loss: 0.0013501
W: [-0.9949964] b: [1.0049905] loss: 0.0013501036
W: [-1.004997] b: [0.9949908] loss: 0.0013500905
W: [-0.99499696] b: [1.0049917] loss: 0.0013500535
W: [-1.0049973] b: [0.99499214] loss: 0.0013499915
W: [-0.99499756] b: [1.0049926] loss: 0.0013499437
W: [-1.0049975] b: [0.9949934] loss: 0.0013499153
W: [-0.994998] b: [1.0049936] loss: 0.0013499008
W: [-1.0049977] b: [0.99499434] loss: 0.0013498771
W: [-0.9949983] b: [1.0049944] loss: 0.0013499021
W: [-1.0049981] b: [0.99499506] loss: 0.0013499152
W: [-0.9949984] b: [1.0049952] loss: 0.00134997
W: [-1.0049986] b: [0.99499553] loss: 0.0013500392
W: [-0.99499846] b: [1.0049961] loss: 0.0013500665
W: [-1.0049988] b: [0.994996] loss: 0.0013500773
W: [-0.9949986] b: [1.0049965] loss: 0.0013500808
W: [-1.0049989] b: [0.9949965] loss: 0.0013500535
W: [-0.9949988] b: [1.0049969] loss: 0.0013500392
W: [-1.004999] b: [0.994997] loss: 0.0013500284
W: [-0.99499905] b: [1.0049973] loss: 0.0013499903
W: [-1.004999] b: [0.9949975] loss: 0.0013499616
W: [-0.9949993] b: [1.0049975] loss: 0.0013499379
W: [-1.0049992] b: [0.99499786] loss: 0.0013499532
W: [-0.99499935] b: [1.0049978] loss: 0.0013499677
W: [-1.0049993] b: [0.9949981] loss: 0.0013499939
W: [-0.9949993] b: [1.0049982] loss: 0.0013500379
W: [-1.0049995] b: [0.99499816] loss: 0.0013500535
W: [-0.99499935] b: [1.0049984] loss: 0.001350045
W: [-1.0049995] b: [0.9949984] loss: 0.0013500201
W: [-0.9949995] b: [1.0049986] loss: 0.0013499891
W: [-1.0049995] b: [0.99499875] loss: 0.0013499843
W: [-0.99499965] b: [1.0049988] loss: 0.0013499676
W: [-1.0049995] b: [0.994999] loss: 0.0013499509
W: [-0.9949997] b: [1.0049989] loss: 0.001349964
W: [-1.0049996] b: [0.9949991] loss: 0.0013499723
W: [-0.9949997] b: [1.0049992] loss: 0.0013499975
W: [-1.0049998] b: [0.9949992] loss: 0.0013500237
W: [-0.99499965] b: [1.0049993] loss: 0.0013500344
W: [-1.0049998] b: [0.9949992] loss: 0.0013500237
W: [-0.9949997] b: [1.0049993] loss: 0.0013500201
W: [-1.0049998] b: [0.9949993] loss: 0.0013499963
W: [-0.99499977] b: [1.0049993] loss: 0.0013499914
W: [-1.0049998] b: [0.99499935] loss: 0.0013499915
W: [-0.9949998] b: [1.0049994] loss: 0.0013499878
W: [-1.0049998] b: [0.99499947] loss: 0.0013499891
W: [-0.9949998] b: [1.0049995] loss: 0.0013499986
W: [-1.0049999] b: [0.9949995] loss: 0.0013500176
W: [-0.9949998] b: [1.0049996] loss: 0.0013500213
W: [-1.0049999] b: [0.9949996] loss: 0.001350001
W: [-0.9949999] b: [1.0049996] loss: 0.001349995
W: [-1.0049999] b: [0.9949997] loss: 0.0013499986
W: [-0.9949999] b: [1.0049998] loss: 0.0013500057
W: [-1.0049999] b: [0.99499977] loss: 0.001349982
W: [-0.99499995] b: [1.0049998] loss: 0.0013499914
W: [-1.0049999] b: [0.9949998] loss: 0.0013499677
W: [-0.995] b: [1.0049998] loss: 0.0013499534
W: [-1.0049999] b: [0.9949999] loss: 0.0013499665
W: [-0.99499995] b: [1.0049998] loss: 0.0013499914
W: [-1.005] b: [0.99499977] loss: 0.0013500153
W: [-0.9949999] b: [1.0049999] loss: 0.0013500284
W: [-1.005] b: [0.99499977] loss: 0.0013500153
W: [-0.99499995] b: [1.0049999] loss: 0.0013500021
W: [-1.005] b: [0.9949999] loss: 0.0013500093
W: [-0.99499995] b: [1.0049999] loss: 0.0013500021
W: [-1.005] b: [0.9949999] loss: 0.0013500093
W: [-0.99499995] b: [1.0049999] loss: 0.0013500021
W: [-1.005] b: [0.9949999] loss: 0.0013500093
W: [-0.99499995] b: [1.0049999] loss: 0.0013500021
W: [-1.005] b: [0.9949999] loss: 0.0013500093
W: [-0.99499995] b: [1.0049999] loss: 0.0013500021
W: [-1.005] b: [0.9949999] loss: 0.0013500093
W: [-0.995] b: [1.0049999] loss: 0.0013499759
W: [-1.0049999] b: [0.99499995] loss: 0.0013499653
W: [-0.995] b: [1.0049999] loss: 0.0013499759
W: [-1.005] b: [0.99499995] loss: 0.0013500082
W: [-0.99499995] b: [1.005] loss: 0.0013500128
W: [-1.005] b: [0.99499995] loss: 0.0013500082
W: [-0.99499995] b: [1.005] loss: 0.0013500128
W: [-1.005] b: [0.99499995] loss: 0.0013500082
W: [-0.99499995] b: [1.005] loss: 0.0013500128
W: [-1.005] b: [0.99499995] loss: 0.0013500082
W: [-0.995] b: [1.005] loss: 0.0013499986
W: [-1.005] b: [0.995] loss: 0.0013500033
W: [-0.995] b: [1.005] loss: 0.0013499986
W: [-1.005] b: [0.995] loss: 0.0013500033
W: [-0.995] b: [1.005] loss: 0.0013499986
W: [-1.005] b: [0.995] loss: 0.0013500033
W: [-0.995] b: [1.005] loss: 0.0013499986
W: [-1.005] b: [0.995] loss: 0.0013500033
W: [-0.995] b: [1.005] loss: 0.0013499986
W: [-1.005] b: [0.995] loss: 0.0013500033
W: [-0.995] b: [1.005] loss: 0.0013499986
W: [-1.005] b: [0.995] loss: 0.0013500033
W: [-0.995] b: [1.005] loss: 0.0013499986
W: [-1.005] b: [0.995] loss: 0.0013500033
W: [-0.995] b: [1.005] loss: 0.0013499986
W: [-1.005] b: [0.995] loss: 0.0013500033
W: [-0.995] b: [1.005] loss: 0.0013499986
W: [-1.005] b: [0.995] loss: 0.0013500033
W: [-0.995] b: [1.005] loss: 0.0013499986
W: [-1.005] b: [0.995] loss: 0.0013500033
W: [-0.995] b: [1.005] loss: 0.0013499986
W: [-1.005] b: [0.995] loss: 0.0013500033
W: [-0.995] b: [1.005] loss: 0.0013499986
W: [-1.005] b: [0.995] loss: 0.0013500033
W: [-0.995] b: [1.005] loss: 0.0013499986
W: [-1.005] b: [0.995] loss: 0.0013500033
W: [-0.995] b: [1.005] loss: 0.0013499986
W: [-1.005] b: [0.995] loss: 0.0013500033
W: [-0.995] b: [1.005] loss: 0.0013499986
W: [-1.005] b: [0.995] loss: 0.0013500033
W: [-0.995] b: [1.005] loss: 0.0013499986
W: [-1.005] b: [0.995] loss: 0.0013500033
W: [-0.995] b: [1.005] loss: 0.0013499986
W: [-1.005] b: [0.995] loss: 0.0013500033
W: [-0.995] b: [1.005] loss: 0.0013499986
W: [-1.005] b: [0.995] loss: 0.0013500033
W: [-0.995] b: [1.005] loss: 0.0013499986
W: [-1.005] b: [0.995] loss: 0.0013500033
W: [-0.995] b: [1.005] loss: 0.0013499986
W: [-1.005] b: [0.995] loss: 0.0013500033
W: [-0.995] b: [1.005] loss: 0.0013499986
W: [-1.005] b: [0.995] loss: 0.0013500033
W: [-0.995] b: [1.005] loss: 0.0013499986
W: [-1.005] b: [0.995] loss: 0.0013500033
W: [-0.995] b: [1.005] loss: 0.0013499986
W: [-1.005] b: [0.995] loss: 0.0013500033
W: [-0.995] b: [1.005] loss: 0.0013499986
W: [-1.005] b: [0.995] loss: 0.0013500033
W: [-0.995] b: [1.005] loss: 0.0013499986
W: [-1.005] b: [0.995] loss: 0.0013500033
W: [-0.995] b: [1.005] loss: 0.0013499986
W: [-1.005] b: [0.995] loss: 0.0013500033
W: [-0.995] b: [1.005] loss: 0.0013499986
W: [-1.005] b: [0.995] loss: 0.0013500033
W: [-0.995] b: [1.005] loss: 0.0013499986
W: [-1.005] b: [0.995] loss: 0.0013500033
W: [-0.995] b: [1.005] loss: 0.0013499986
W: [-1.005] b: [0.995] loss: 0.0013500033
W: [-0.995] b: [1.005] loss: 0.0013499986
W: [-1.005] b: [0.995] loss: 0.0013500033
W: [-0.995] b: [1.005] loss: 0.0013499986
W: [-1.005] b: [0.995] loss: 0.0013500033
W: [-0.995] b: [1.005] loss: 0.0013499986
W: [-1.005] b: [0.995] loss: 0.0013500033
W: [-0.995] b: [1.005] loss: 0.0013499986
W: [-1.005] b: [0.995] loss: 0.0013500033
W: [-0.995] b: [1.005] loss: 0.0013499986
W: [-1.005] b: [0.995] loss: 0.0013500033
W: [-0.995] b: [1.005] loss: 0.0013499986
W: [-1.005] b: [0.995] loss: 0.0013500033
W: [-0.995] b: [1.005] loss: 0.0013499986
W: [-1.005] b: [0.995] loss: 0.0013500033
W: [-0.995] b: [1.005] loss: 0.0013499986
W: [-1.005] b: [0.995] loss: 0.0013500033
W: [-0.995] b: [1.005] loss: 0.0013499986
W: [-1.005] b: [0.995] loss: 0.0013500033
W: [-0.995] b: [1.005] loss: 0.0013499986
W: [-1.005] b: [0.995] loss: 0.0013500033
W: [-0.995] b: [1.005] loss: 0.0013499986
W: [-1.005] b: [0.995] loss: 0.0013500033
W: [-0.995] b: [1.005] loss: 0.0013499986
W: [-1.005] b: [0.995] loss: 0.0013500033
W: [-0.995] b: [1.005] loss: 0.0013499986
W: [-1.005] b: [0.995] loss: 0.0013500033
W: [-0.995] b: [1.005] loss: 0.0013499986
W: [-1.005] b: [0.995] loss: 0.0013500033
W: [-0.995] b: [1.005] loss: 0.0013499986
W: [-1.005] b: [0.995] loss: 0.0013500033
W: [-0.995] b: [1.005] loss: 0.0013499986
W: [-1.005] b: [0.995] loss: 0.0013500033
W: [-0.995] b: [1.005] loss: 0.0013499986
W: [-1.005] b: [0.995] loss: 0.0013500033
W: [-0.995] b: [1.005] loss: 0.0013499986
W: [-1.005] b: [0.995] loss: 0.0013500033
W: [-0.995] b: [1.005] loss: 0.0013499986
W: [-1.005] b: [0.995] loss: 0.0013500033
W: [-0.995] b: [1.005] loss: 0.0013499986
W: [-1.005] b: [0.995] loss: 0.0013500033
W: [-0.995] b: [1.005] loss: 0.0013499986
W: [-1.005] b: [0.995] loss: 0.0013500033
W: [-0.995] b: [1.005] loss: 0.0013499986
W: [-1.005] b: [0.995] loss: 0.0013500033
W: [-0.995] b: [1.005] loss: 0.0013499986
W: [-1.005] b: [0.995] loss: 0.0013500033
W: [-0.995] b: [1.005] loss: 0.0013499986
W: [-1.005] b: [0.995] loss: 0.0013500033
W: [-0.995] b: [1.005] loss: 0.0013499986
W: [-1.005] b: [0.995] loss: 0.0013500033
W: [-0.995] b: [1.005] loss: 0.0013499986
W: [-1.005] b: [0.995] loss: 0.0013500033
W: [-0.995] b: [1.005] loss: 0.0013499986
W: [-1.005] b: [0.995] loss: 0.0013500033
W: [-0.995] b: [1.005] loss: 0.0013499986
W: [-1.005] b: [0.995] loss: 0.0013500033
W: [-0.995] b: [1.005] loss: 0.0013499986
W: [-1.005] b: [0.995] loss: 0.0013500033
W: [-0.995] b: [1.005] loss: 0.0013499986
W: [-1.005] b: [0.995] loss: 0.0013500033
W: [-0.995] b: [1.005] loss: 0.0013499986
W: [-1.005] b: [0.995] loss: 0.0013500033
W: [-0.995] b: [1.005] loss: 0.0013499986
W: [-1.005] b: [0.995] loss: 0.0013500033
W: [-0.995] b: [1.005] loss: 0.0013499986
W: [-1.005] b: [0.995] loss: 0.0013500033
W: [-0.995] b: [1.005] loss: 0.0013499986
W: [-1.005] b: [0.995] loss: 0.0013500033
W: [-0.995] b: [1.005] loss: 0.0013499986
W: [-1.005] b: [0.995] loss: 0.0013500033
W: [-0.995] b: [1.005] loss: 0.0013499986
W: [-1.005] b: [0.995] loss: 0.0013500033
W: [-0.995] b: [1.005] loss: 0.0013499986
W: [-1.005] b: [0.995] loss: 0.0013500033
W: [-0.995] b: [1.005] loss: 0.0013499986
W: [-1.005] b: [0.995] loss: 0.0013500033
W: [-0.995] b: [1.005] loss: 0.0013499986
W: [-1.005] b: [0.995] loss: 0.0013500033
W: [-0.995] b: [1.005] loss: 0.0013499986
W: [-1.005] b: [0.995] loss: 0.0013500033
W: [-0.995] b: [1.005] loss: 0.0013499986
W: [-1.005] b: [0.995] loss: 0.0013500033
W: [-0.995] b: [1.005] loss: 0.0013499986
W: [-1.005] b: [0.995] loss: 0.0013500033
W: [-0.995] b: [1.005] loss: 0.0013499986
W: [-1.005] b: [0.995] loss: 0.0013500033
W: [-0.995] b: [1.005] loss: 0.0013499986
W: [-1.005] b: [0.995] loss: 0.0013500033
W: [-0.995] b: [1.005] loss: 0.0013499986
W: [-1.005] b: [0.995] loss: 0.0013500033
W: [-0.995] b: [1.005] loss: 0.0013499986
W: [-1.005] b: [0.995] loss: 0.0013500033
W: [-0.995] b: [1.005] loss: 0.0013499986
W: [-1.005] b: [0.995] loss: 0.0013500033
W: [-0.995] b: [1.005] loss: 0.0013499986
W: [-1.005] b: [0.995] loss: 0.0013500033
W: [-0.995] b: [1.005] loss: 0.0013499986
W: [-1.005] b: [0.995] loss: 0.0013500033
W: [-0.995] b: [1.005] loss: 0.0013499986
W: [-1.005] b: [0.995] loss: 0.0013500033
W: [-0.995] b: [1.005] loss: 0.0013499986
W: [-1.005] b: [0.995] loss: 0.0013500033
W: [-0.995] b: [1.005] loss: 0.0013499986
W: [-1.005] b: [0.995] loss: 0.0013500033
W: [-0.995] b: [1.005] loss: 0.0013499986
W: [-1.005] b: [0.995] loss: 0.0013500033
W: [-0.995] b: [1.005] loss: 0.0013499986
W: [-1.005] b: [0.995] loss: 0.0013500033
W: [-0.995] b: [1.005] loss: 0.0013499986
W: [-1.005] b: [0.995] loss: 0.0013500033
W: [-0.995] b: [1.005] loss: 0.0013499986
W: [-1.005] b: [0.995] loss: 0.0013500033
W: [-0.995] b: [1.005] loss: 0.0013499986
W: [-1.005] b: [0.995] loss: 0.0013500033
W: [-0.995] b: [1.005] loss: 0.0013499986
W: [-1.005] b: [0.995] loss: 0.0013500033
W: [-0.995] b: [1.005] loss: 0.0013499986
W: [-1.005] b: [0.995] loss: 0.0013500033
W: [-0.995] b: [1.005] loss: 0.0013499986
W: [-1.005] b: [0.995] loss: 0.0013500033
W: [-0.995] b: [1.005] loss: 0.0013499986
W: [-1.005] b: [0.995] loss: 0.0013500033
W: [-0.995] b: [1.005] loss: 0.0013499986
W: [-1.005] b: [0.995] loss: 0.0013500033
W: [-0.995] b: [1.005] loss: 0.0013499986
W: [-1.005] b: [0.995] loss: 0.0013500033
W: [-0.995] b: [1.005] loss: 0.0013499986
W: [-1.005] b: [0.995] loss: 0.0013500033
W: [-0.995] b: [1.005] loss: 0.0013499986
W: [-1.005] b: [0.995] loss: 0.0013500033
W: [-0.995] b: [1.005] loss: 0.0013499986
W: [-1.005] b: [0.995] loss: 0.0013500033
W: [-0.995] b: [1.005] loss: 0.0013499986
W: [-1.005] b: [0.995] loss: 0.0013500033
W: [-0.995] b: [1.005] loss: 0.0013499986
W: [-1.005] b: [0.995] loss: 0.0013500033
W: [-0.995] b: [1.005] loss: 0.0013499986
W: [-1.005] b: [0.995] loss: 0.0013500033
W: [-0.995] b: [1.005] loss: 0.0013499986
W: [-1.005] b: [0.995] loss: 0.0013500033
W: [-0.995] b: [1.005] loss: 0.0013499986
W: [-1.005] b: [0.995] loss: 0.0013500033
W: [-0.995] b: [1.005] loss: 0.0013499986
W: [-1.005] b: [0.995] loss: 0.0013500033
W: [-0.995] b: [1.005] loss: 0.0013499986
W: [-1.005] b: [0.995] loss: 0.0013500033
W: [-0.995] b: [1.005] loss: 0.0013499986
W: [-1.005] b: [0.995] loss: 0.0013500033
W: [-0.995] b: [1.005] loss: 0.0013499986
W: [-1.005] b: [0.995] loss: 0.0013500033
W: [-0.995] b: [1.005] loss: 0.0013499986
W: [-1.005] b: [0.995] loss: 0.0013500033
W: [-0.995] b: [1.005] loss: 0.0013499986
W: [-1.005] b: [0.995] loss: 0.0013500033
W: [-0.995] b: [1.005] loss: 0.0013499986
W: [-1.005] b: [0.995] loss: 0.0013500033
W: [-0.995] b: [1.005] loss: 0.0013499986
W: [-1.005] b: [0.995] loss: 0.0013500033
W: [-0.995] b: [1.005] loss: 0.0013499986
W: [-1.005] b: [0.995] loss: 0.0013500033
W: [-0.995] b: [1.005] loss: 0.0013499986
W: [-1.005] b: [0.995] loss: 0.0013500033
W: [-0.995] b: [1.005] loss: 0.0013499986
W: [-1.005] b: [0.995] loss: 0.0013500033
W: [-0.995] b: [1.005] loss: 0.0013499986
W: [-1.005] b: [0.995] loss: 0.0013500033
W: [-0.995] b: [1.005] loss: 0.0013499986
W: [-1.005] b: [0.995] loss: 0.0013500033
W: [-0.995] b: [1.005] loss: 0.0013499986
W: [-1.005] b: [0.995] loss: 0.0013500033
W: [-0.995] b: [1.005] loss: 0.0013499986
W: [-1.005] b: [0.995] loss: 0.0013500033
W: [-0.995] b: [1.005] loss: 0.0013499986
W: [-1.005] b: [0.995] loss: 0.0013500033
W: [-0.995] b: [1.005] loss: 0.0013499986
W: [-1.005] b: [0.995] loss: 0.0013500033
W: [-0.995] b: [1.005] loss: 0.0013499986
W: [-1.005] b: [0.995] loss: 0.0013500033
W: [-0.995] b: [1.005] loss: 0.0013499986
W: [-1.005] b: [0.995] loss: 0.0013500033
W: [-0.995] b: [1.005] loss: 0.0013499986
W: [-1.005] b: [0.995] loss: 0.0013500033
W: [-0.995] b: [1.005] loss: 0.0013499986
W: [-1.005] b: [0.995] loss: 0.0013500033
W: [-0.995] b: [1.005] loss: 0.0013499986
W: [-1.005] b: [0.995] loss: 0.0013500033
W: [-0.995] b: [1.005] loss: 0.0013499986
W: [-1.005] b: [0.995] loss: 0.0013500033
W: [-0.995] b: [1.005] loss: 0.0013499986
W: [-1.005] b: [0.995] loss: 0.0013500033
W: [-0.995] b: [1.005] loss: 0.0013499986
W: [-1.005] b: [0.995] loss: 0.0013500033
W: [-0.995] b: [1.005] loss: 0.0013499986
W: [-1.005] b: [0.995] loss: 0.0013500033
W: [-0.995] b: [1.005] loss: 0.0013499986
W: [-1.005] b: [0.995] loss: 0.0013500033
W: [-0.995] b: [1.005] loss: 0.0013499986
W: [-1.005] b: [0.995] loss: 0.0013500033
W: [-0.995] b: [1.005] loss: 0.0013499986
W: [-1.005] b: [0.995] loss: 0.0013500033
W: [-0.995] b: [1.005] loss: 0.0013499986
W: [-1.005] b: [0.995] loss: 0.0013500033
W: [-0.995] b: [1.005] loss: 0.0013499986
W: [-1.005] b: [0.995] loss: 0.0013500033
W: [-0.995] b: [1.005] loss: 0.0013499986
W: [-1.005] b: [0.995] loss: 0.0013500033
W: [-0.995] b: [1.005] loss: 0.0013499986
W: [-1.005] b: [0.995] loss: 0.0013500033
W: [-0.995] b: [1.005] loss: 0.0013499986
W: [-1.005] b: [0.995] loss: 0.0013500033
W: [-0.995] b: [1.005] loss: 0.0013499986
W: [-1.005] b: [0.995] loss: 0.0013500033
W: [-0.995] b: [1.005] loss: 0.0013499986
W: [-1.005] b: [0.995] loss: 0.0013500033
W: [-0.995] b: [1.005] loss: 0.0013499986
W: [-1.005] b: [0.995] loss: 0.0013500033
W: [-0.995] b: [1.005] loss: 0.0013499986
W: [-1.005] b: [0.995] loss: 0.0013500033
W: [-0.995] b: [1.005] loss: 0.0013499986
W: [-1.005] b: [0.995] loss: 0.0013500033
W: [-0.995] b: [1.005] loss: 0.0013499986
W: [-1.005] b: [0.995] loss: 0.0013500033
W: [-0.995] b: [1.005] loss: 0.0013499986
W: [-1.005] b: [0.995] loss: 0.0013500033
W: [-0.995] b: [1.005] loss: 0.0013499986
W: [-1.005] b: [0.995] loss: 0.0013500033
W: [-0.995] b: [1.005] loss: 0.0013499986
W: [-1.005] b: [0.995] loss: 0.0013500033
W: [-0.995] b: [1.005] loss: 0.0013499986
W: [-1.005] b: [0.995] loss: 0.0013500033
W: [-0.995] b: [1.005] loss: 0.0013499986
W: [-1.005] b: [0.995] loss: 0.0013500033
W: [-0.995] b: [1.005] loss: 0.0013499986
W: [-1.005] b: [0.995] loss: 0.0013500033
W: [-0.995] b: [1.005] loss: 0.0013499986
W: [-1.005] b: [0.995] loss: 0.0013500033
W: [-0.995] b: [1.005] loss: 0.0013499986
W: [-1.005] b: [0.995] loss: 0.0013500033
W: [-0.995] b: [1.005] loss: 0.0013499986
W: [-1.005] b: [0.995] loss: 0.0013500033
W: [-0.995] b: [1.005] loss: 0.0013499986
W: [-1.005] b: [0.995] loss: 0.0013500033
W: [-0.995] b: [1.005] loss: 0.0013499986
W: [-1.005] b: [0.995] loss: 0.0013500033
W: [-0.995] b: [1.005] loss: 0.0013499986
W: [-1.005] b: [0.995] loss: 0.0013500033
W: [-0.995] b: [1.005] loss: 0.0013499986
W: [-1.005] b: [0.995] loss: 0.0013500033
W: [-0.995] b: [1.005] loss: 0.0013499986
W: [-1.005] b: [0.995] loss: 0.0013500033
W: [-0.995] b: [1.005] loss: 0.0013499986
W: [-1.005] b: [0.995] loss: 0.0013500033
W: [-0.995] b: [1.005] loss: 0.0013499986
W: [-1.005] b: [0.995] loss: 0.0013500033
W: [-0.995] b: [1.005] loss: 0.0013499986
W: [-1.005] b: [0.995] loss: 0.0013500033
W: [-0.995] b: [1.005] loss: 0.0013499986
W: [-1.005] b: [0.995] loss: 0.0013500033
W: [-0.995] b: [1.005] loss: 0.0013499986
W: [-1.005] b: [0.995] loss: 0.0013500033
W: [-0.995] b: [1.005] loss: 0.0013499986
W: [-1.005] b: [0.995] loss: 0.0013500033
W: [-0.995] b: [1.005] loss: 0.0013499986
W: [-1.005] b: [0.995] loss: 0.0013500033
W: [-0.995] b: [1.005] loss: 0.0013499986
W: [-1.005] b: [0.995] loss: 0.0013500033
W: [-0.995] b: [1.005] loss: 0.0013499986
W: [-1.005] b: [0.995] loss: 0.0013500033
W: [-0.995] b: [1.005] loss: 0.0013499986
W: [-1.005] b: [0.995] loss: 0.0013500033
W: [-0.995] b: [1.005] loss: 0.0013499986
W: [-1.005] b: [0.995] loss: 0.0013500033
W: [-0.995] b: [1.005] loss: 0.0013499986
W: [-1.005] b: [0.995] loss: 0.0013500033
W: [-0.995] b: [1.005] loss: 0.0013499986
W: [-1.005] b: [0.995] loss: 0.0013500033
W: [-0.995] b: [1.005] loss: 0.0013499986
W: [-1.005] b: [0.995] loss: 0.0013500033
W: [-0.995] b: [1.005] loss: 0.0013499986
W: [-1.005] b: [0.995] loss: 0.0013500033
W: [-0.995] b: [1.005] loss: 0.0013499986
W: [-1.005] b: [0.995] loss: 0.0013500033
W: [-0.995] b: [1.005] loss: 0.0013499986
W: [-1.005] b: [0.995] loss: 0.0013500033
W: [-0.995] b: [1.005] loss: 0.0013499986
W: [-1.005] b: [0.995] loss: 0.0013500033
W: [-0.995] b: [1.005] loss: 0.0013499986
W: [-1.005] b: [0.995] loss: 0.0013500033
W: [-0.995] b: [1.005] loss: 0.0013499986
W: [-1.005] b: [0.995] loss: 0.0013500033
W: [-0.995] b: [1.005] loss: 0.0013499986
W: [-1.005] b: [0.995] loss: 0.0013500033
W: [-0.995] b: [1.005] loss: 0.0013499986
W: [-1.005] b: [0.995] loss: 0.0013500033
W: [-0.995] b: [1.005] loss: 0.0013499986
W: [-1.005] b: [0.995] loss: 0.0013500033
W: [-0.995] b: [1.005] loss: 0.0013499986
W: [-1.005] b: [0.995] loss: 0.0013500033
W: [-0.995] b: [1.005] loss: 0.0013499986
W: [-1.005] b: [0.995] loss: 0.0013500033
W: [-0.995] b: [1.005] loss: 0.0013499986
W: [-1.005] b: [0.995] loss: 0.0013500033
W: [-0.995] b: [1.005] loss: 0.0013499986
W: [-1.005] b: [0.995] loss: 0.0013500033
W: [-0.995] b: [1.005] loss: 0.0013499986
W: [-1.005] b: [0.995] loss: 0.0013500033
W: [-0.995] b: [1.005] loss: 0.0013499986
W: [-1.005] b: [0.995] loss: 0.0013500033
W: [-0.995] b: [1.005] loss: 0.0013499986
W: [-1.005] b: [0.995] loss: 0.0013500033
W: [-0.995] b: [1.005] loss: 0.0013499986
W: [-1.005] b: [0.995] loss: 0.0013500033
W: [-0.995] b: [1.005] loss: 0.0013499986
W: [-1.005] b: [0.995] loss: 0.0013500033
W: [-0.995] b: [1.005] loss: 0.0013499986
W: [-1.005] b: [0.995] loss: 0.0013500033
W: [-0.995] b: [1.005] loss: 0.0013499986
W: [-1.005] b: [0.995] loss: 0.0013500033
W: [-0.995] b: [1.005] loss: 0.0013499986
W: [-1.005] b: [0.995] loss: 0.0013500033
W: [-0.995] b: [1.005] loss: 0.0013499986
W: [-1.005] b: [0.995] loss: 0.0013500033
W: [-0.995] b: [1.005] loss: 0.0013499986
W: [-1.005] b: [0.995] loss: 0.0013500033
W: [-0.995] b: [1.005] loss: 0.0013499986
W: [-1.005] b: [0.995] loss: 0.0013500033
W: [-0.995] b: [1.005] loss: 0.0013499986
W: [-1.005] b: [0.995] loss: 0.0013500033
W: [-0.995] b: [1.005] loss: 0.0013499986
W: [-1.005] b: [0.995] loss: 0.0013500033
W: [-0.995] b: [1.005] loss: 0.0013499986
W: [-1.005] b: [0.995] loss: 0.0013500033
W: [-0.995] b: [1.005] loss: 0.0013499986
W: [-1.005] b: [0.995] loss: 0.0013500033
W: [-0.995] b: [1.005] loss: 0.0013499986
W: [-1.005] b: [0.995] loss: 0.0013500033
W: [-0.995] b: [1.005] loss: 0.0013499986
W: [-1.005] b: [0.995] loss: 0.0013500033
W: [-0.995] b: [1.005] loss: 0.0013499986
W: [-1.005] b: [0.995] loss: 0.0013500033
W: [-0.995] b: [1.005] loss: 0.0013499986
W: [-1.005] b: [0.995] loss: 0.0013500033
W: [-0.995] b: [1.005] loss: 0.0013499986
W: [-1.005] b: [0.995] loss: 0.0013500033
W: [-0.995] b: [1.005] loss: 0.0013499986
W: [-1.005] b: [0.995] loss: 0.0013500033
W: [-0.995] b: [1.005] loss: 0.0013499986
W: [-1.005] b: [0.995] loss: 0.0013500033
W: [-0.995] b: [1.005] loss: 0.0013499986
W: [-1.005] b: [0.995] loss: 0.0013500033
W: [-0.995] b: [1.005] loss: 0.0013499986
W: [-1.005] b: [0.995] loss: 0.0013500033
W: [-0.995] b: [1.005] loss: 0.0013499986
W: [-1.005] b: [0.995] loss: 0.0013500033
W: [-0.995] b: [1.005] loss: 0.0013499986
W: [-1.005] b: [0.995] loss: 0.0013500033
W: [-0.995] b: [1.005] loss: 0.0013499986
W: [-1.005] b: [0.995] loss: 0.0013500033
W: [-0.995] b: [1.005] loss: 0.0013499986
W: [-1.005] b: [0.995] loss: 0.0013500033
W: [-0.995] b: [1.005] loss: 0.0013499986
W: [-1.005] b: [0.995] loss: 0.0013500033
W: [-0.995] b: [1.005] loss: 0.0013499986
W: [-1.005] b: [0.995] loss: 0.0013500033
W: [-0.995] b: [1.005] loss: 0.0013499986
W: [-1.005] b: [0.995] loss: 0.0013500033
W: [-0.995] b: [1.005] loss: 0.0013499986
W: [-1.005] b: [0.995] loss: 0.0013500033
W: [-0.995] b: [1.005] loss: 0.0013499986
W: [-1.005] b: [0.995] loss: 0.0013500033
W: [-0.995] b: [1.005] loss: 0.0013499986
W: [-1.005] b: [0.995] loss: 0.0013500033
W: [-0.995] b: [1.005] loss: 0.0013499986
W: [-1.005] b: [0.995] loss: 0.0013500033
W: [-0.995] b: [1.005] loss: 0.0013499986
W: [-1.005] b: [0.995] loss: 0.0013500033
W: [-0.995] b: [1.005] loss: 0.0013499986
W: [-1.005] b: [0.995] loss: 0.0013500033
W: [-0.995] b: [1.005] loss: 0.0013499986
W: [-1.005] b: [0.995] loss: 0.0013500033
W: [-0.995] b: [1.005] loss: 0.0013499986
W: [-1.005] b: [0.995] loss: 0.0013500033
W: [-0.995] b: [1.005] loss: 0.0013499986
W: [-1.005] b: [0.995] loss: 0.0013500033
W: [-0.995] b: [1.005] loss: 0.0013499986
W: [-1.005] b: [0.995] loss: 0.0013500033
W: [-0.995] b: [1.005] loss: 0.0013499986
W: [-1.005] b: [0.995] loss: 0.0013500033
W: [-0.995] b: [1.005] loss: 0.0013499986
W: [-1.005] b: [0.995] loss: 0.0013500033
W: [-0.995] b: [1.005] loss: 0.0013499986
W: [-1.005] b: [0.995] loss: 0.0013500033
W: [-0.995] b: [1.005] loss: 0.0013499986
W: [-1.005] b: [0.995] loss: 0.0013500033
W: [-0.995] b: [1.005] loss: 0.0013499986
W: [-1.005] b: [0.995] loss: 0.0013500033
W: [-0.995] b: [1.005] loss: 0.0013499986
W: [-1.005] b: [0.995] loss: 0.0013500033
W: [-0.995] b: [1.005] loss: 0.0013499986
W: [-1.005] b: [0.995] loss: 0.0013500033
W: [-0.995] b: [1.005] loss: 0.0013499986
W: [-1.005] b: [0.995] loss: 0.0013500033
W: [-0.995] b: [1.005] loss: 0.0013499986
W: [-1.005] b: [0.995] loss: 0.0013500033
W: [-0.995] b: [1.005] loss: 0.0013499986
W: [-1.005] b: [0.995] loss: 0.0013500033
W: [-0.995] b: [1.005] loss: 0.0013499986
W: [-1.005] b: [0.995] loss: 0.0013500033
W: [-0.995] b: [1.005] loss: 0.0013499986
W: [-1.005] b: [0.995] loss: 0.0013500033
W: [-0.995] b: [1.005] loss: 0.0013499986
W: [-1.005] b: [0.995] loss: 0.0013500033
W: [-0.995] b: [1.005] loss: 0.0013499986
W: [-1.005] b: [0.995] loss: 0.0013500033
W: [-0.995] b: [1.005] loss: 0.0013499986
W: [-1.005] b: [0.995] loss: 0.0013500033
W: [-0.995] b: [1.005] loss: 0.0013499986
W: [-1.005] b: [0.995] loss: 0.0013500033
W: [-0.995] b: [1.005] loss: 0.0013499986
W: [-1.005] b: [0.995] loss: 0.0013500033
W: [-0.995] b: [1.005] loss: 0.0013499986
W: [-1.005] b: [0.995] loss: 0.0013500033
W: [-0.995] b: [1.005] loss: 0.0013499986
W: [-1.005] b: [0.995] loss: 0.0013500033
W: [-0.995] b: [1.005] loss: 0.0013499986
W: [-1.005] b: [0.995] loss: 0.0013500033
W: [-0.995] b: [1.005] loss: 0.0013499986
W: [-1.005] b: [0.995] loss: 0.0013500033
W: [-0.995] b: [1.005] loss: 0.0013499986
W: [-1.005] b: [0.995] loss: 0.0013500033
W: [-0.995] b: [1.005] loss: 0.0013499986
W: [-1.005] b: [0.995] loss: 0.0013500033
W: [-0.995] b: [1.005] loss: 0.0013499986
W: [-1.005] b: [0.995] loss: 0.0013500033
W: [-0.995] b: [1.005] loss: 0.0013499986
W: [-1.005] b: [0.995] loss: 0.0013500033
W: [-0.995] b: [1.005] loss: 0.0013499986
W: [-1.005] b: [0.995] loss: 0.0013500033
W: [-0.995] b: [1.005] loss: 0.0013499986
W: [-1.005] b: [0.995] loss: 0.0013500033
W: [-0.995] b: [1.005] loss: 0.0013499986
W: [-1.005] b: [0.995] loss: 0.0013500033
W: [-0.995] b: [1.005] loss: 0.0013499986
W: [-1.005] b: [0.995] loss: 0.0013500033
W: [-0.995] b: [1.005] loss: 0.0013499986
W: [-1.005] b: [0.995] loss: 0.0013500033
W: [-0.995] b: [1.005] loss: 0.0013499986
W: [-1.005] b: [0.995] loss: 0.0013500033
W: [-0.995] b: [1.005] loss: 0.0013499986
W: [-1.005] b: [0.995] loss: 0.0013500033
W: [-0.995] b: [1.005] loss: 0.0013499986
W: [-1.005] b: [0.995] loss: 0.0013500033
W: [-0.995] b: [1.005] loss: 0.0013499986
W: [-1.005] b: [0.995] loss: 0.0013500033
W: [-0.995] b: [1.005] loss: 0.0013499986
W: [-1.005] b: [0.995] loss: 0.0013500033
W: [-0.995] b: [1.005] loss: 0.0013499986
W: [-1.005] b: [0.995] loss: 0.0013500033
W: [-0.995] b: [1.005] loss: 0.0013499986
W: [-1.005] b: [0.995] loss: 0.0013500033
W: [-0.995] b: [1.005] loss: 0.0013499986
W: [-1.005] b: [0.995] loss: 0.0013500033
W: [-0.995] b: [1.005] loss: 0.0013499986
W: [-1.005] b: [0.995] loss: 0.0013500033
W: [-0.995] b: [1.005] loss: 0.0013499986
The size of the loss captured was:  1000
