[1673020501.453673] [p9r1n01:134943:0]         mxm.c:196  MXM  WARN  The 'ulimit -s' on the system is set to 'unlimited'. This may have negative performance implications. Please set the stack size to the default value (10240) 
[1673020501.485862] [p9r1n01:134943:0]         mxm.c:196  MXM  WARN  The 'ulimit -s' on the system is set to 'unlimited'. This may have negative performance implications. Please set the stack size to the default value (10240) 
W: [0.3] b: [-0.3] loss: 23.660002
W: [0.29000002] b: [-0.3099973] loss: 22.98944
W: [0.2829839] b: [-0.31700286] loss: 22.525549
W: [0.27728277] b: [-0.32269076] loss: 22.15258
W: [0.27236375] b: [-0.3275952] loss: 21.833641
W: [0.26797774] b: [-0.3319658] loss: 21.551498
W: [0.26398483] b: [-0.3359427] loss: 21.296474
W: [0.26029724] b: [-0.33961377] loss: 21.062504
W: [0.2568557] b: [-0.34303844] loss: 20.845486
W: [0.25361788] b: [-0.34625906] loss: 20.642498
W: [0.25055236] b: [-0.34930712] loss: 20.45137
W: [0.24763505] b: [-0.35220674] loss: 20.270437
W: [0.244847] b: [-0.35497686] loss: 20.09839
W: [0.24217299] b: [-0.3576328] loss: 19.934185
W: [0.23960055] b: [-0.36018696] loss: 19.776949
W: [0.23711936] b: [-0.3626497] loss: 19.62598
W: [0.23472072] b: [-0.36502975] loss: 19.48067
W: [0.23239724] b: [-0.36733449] loss: 19.340517
W: [0.23014256] b: [-0.3695703] loss: 19.205078
W: [0.22795118] b: [-0.3717427] loss: 19.073973
W: [0.22581829] b: [-0.37385646] loss: 18.946873
W: [0.22373967] b: [-0.37591583] loss: 18.823486
W: [0.22171156] b: [-0.37792456] loss: 18.703548
W: [0.21973065] b: [-0.379886] loss: 18.586842
W: [0.21779396] b: [-0.3818031] loss: 18.473154
W: [0.21589881] b: [-0.38367856] loss: 18.362299
W: [0.21404278] b: [-0.38551477] loss: 18.254116
W: [0.2122237] b: [-0.38731396] loss: 18.14845
W: [0.21043955] b: [-0.3890781] loss: 18.045168
W: [0.20868851] b: [-0.39080906] loss: 17.944138
W: [0.20696893] b: [-0.39250848] loss: 17.845253
W: [0.20527928] b: [-0.39417788] loss: 17.748398
W: [0.20361812] b: [-0.39581868] loss: 17.653482
W: [0.2019842] b: [-0.39743218] loss: 17.56042
W: [0.20037627] b: [-0.39901957] loss: 17.469122
W: [0.19879323] b: [-0.400582] loss: 17.37951
W: [0.19723403] b: [-0.4021205] loss: 17.29152
W: [0.19569771] b: [-0.40363604] loss: 17.205078
W: [0.19418335] b: [-0.40512955] loss: 17.120127
W: [0.1926901] b: [-0.40660185] loss: 17.036604
W: [0.19121718] b: [-0.40805376] loss: 16.954456
W: [0.18976384] b: [-0.409486] loss: 16.873634
W: [0.18832938] b: [-0.41089928] loss: 16.794088
W: [0.18691313] b: [-0.41229427] loss: 16.71577
W: [0.18551448] b: [-0.41367158] loss: 16.638645
W: [0.18413283] b: [-0.41503182] loss: 16.562664
W: [0.18276763] b: [-0.41637555] loss: 16.487793
W: [0.18141836] b: [-0.41770327] loss: 16.413998
W: [0.18008451] b: [-0.4190155] loss: 16.341238
W: [0.17876562] b: [-0.42031267] loss: 16.26949
W: [0.17746124] b: [-0.42159528] loss: 16.198713
W: [0.17617093] b: [-0.42286375] loss: 16.128887
W: [0.1748943] b: [-0.4241185] loss: 16.059978
W: [0.17363095] b: [-0.42535987] loss: 15.9919615
W: [0.17238052] b: [-0.42658827] loss: 15.924811
W: [0.17114265] b: [-0.42780405] loss: 15.858507
W: [0.16991702] b: [-0.42900753] loss: 15.79302
W: [0.16870329] b: [-0.43019903] loss: 15.7283325
W: [0.16750117] b: [-0.43137887] loss: 15.66442
W: [0.16631034] b: [-0.43254733] loss: 15.601267
W: [0.16513054] b: [-0.4337047] loss: 15.538849
W: [0.1639615] b: [-0.43485126] loss: 15.477152
W: [0.16280295] b: [-0.43598726] loss: 15.416153
W: [0.16165464] b: [-0.43711296] loss: 15.355841
W: [0.16051632] b: [-0.43822858] loss: 15.296195
W: [0.15938778] b: [-0.43933436] loss: 15.237201
W: [0.1582688] b: [-0.44043052] loss: 15.1788435
W: [0.15715915] b: [-0.4415173] loss: 15.121108
W: [0.15605864] b: [-0.44259486] loss: 15.063982
W: [0.15496707] b: [-0.44366342] loss: 15.007451
W: [0.15388423] b: [-0.4447232] loss: 14.951499
W: [0.15280996] b: [-0.44577432] loss: 14.896117
W: [0.15174408] b: [-0.446817] loss: 14.841293
W: [0.15068641] b: [-0.44785145] loss: 14.787011
W: [0.14963679] b: [-0.44887778] loss: 14.733267
W: [0.14859505] b: [-0.44989616] loss: 14.680042
W: [0.14756103] b: [-0.45090675] loss: 14.627329
W: [0.14653459] b: [-0.4519097] loss: 14.575121
W: [0.14551559] b: [-0.45290515] loss: 14.523403
W: [0.14450389] b: [-0.45389324] loss: 14.472168
W: [0.14349934] b: [-0.45487413] loss: 14.421405
W: [0.14250183] b: [-0.45584792] loss: 14.371106
W: [0.14151122] b: [-0.45681474] loss: 14.321265
W: [0.14052737] b: [-0.45777473] loss: 14.271871
W: [0.13955018] b: [-0.45872802] loss: 14.222913
W: [0.13857953] b: [-0.45967472] loss: 14.174387
W: [0.13761531] b: [-0.46061492] loss: 14.126284
W: [0.13665739] b: [-0.46154875] loss: 14.078596
W: [0.13570568] b: [-0.4624763] loss: 14.031317
W: [0.13476008] b: [-0.4633977] loss: 13.984439
W: [0.13382047] b: [-0.46431306] loss: 13.937955
W: [0.13288678] b: [-0.46522245] loss: 13.891859
W: [0.13195889] b: [-0.46612597] loss: 13.846144
W: [0.13103671] b: [-0.46702373] loss: 13.800802
W: [0.13012016] b: [-0.4679158] loss: 13.755831
W: [0.12920915] b: [-0.46880227] loss: 13.71122
W: [0.12830359] b: [-0.46968326] loss: 13.666968
W: [0.1274034] b: [-0.47055882] loss: 13.623066
W: [0.12650849] b: [-0.47142902] loss: 13.57951
W: [0.12561879] b: [-0.47229397] loss: 13.536293
W: [0.12473422] b: [-0.47315374] loss: 13.493411
W: [0.1238547] b: [-0.4740084] loss: 13.45086
W: [0.12298017] b: [-0.47485805] loss: 13.408632
W: [0.12211055] b: [-0.4757027] loss: 13.366725
W: [0.12124576] b: [-0.47654247] loss: 13.325132
W: [0.12038574] b: [-0.4773774] loss: 13.283851
W: [0.11953042] b: [-0.47820762] loss: 13.242875
W: [0.11867973] b: [-0.4790331] loss: 13.202198
W: [0.11783362] b: [-0.479854] loss: 13.161821
W: [0.11699202] b: [-0.4806703] loss: 13.121736
W: [0.11615487] b: [-0.48148212] loss: 13.081939
W: [0.11532211] b: [-0.4822895] loss: 13.042426
W: [0.11449368] b: [-0.4830925] loss: 13.003194
W: [0.11366953] b: [-0.48389113] loss: 12.964239
W: [0.11284959] b: [-0.4846855] loss: 12.925558
W: [0.11203382] b: [-0.4854757] loss: 12.887144
W: [0.11122216] b: [-0.4862617] loss: 12.848997
W: [0.11041456] b: [-0.4870436] loss: 12.811112
W: [0.10961097] b: [-0.48782143] loss: 12.773487
W: [0.10881134] b: [-0.48859525] loss: 12.736114
W: [0.10801562] b: [-0.4893651] loss: 12.698997
W: [0.10722376] b: [-0.49013105] loss: 12.662127
W: [0.10643571] b: [-0.49089313] loss: 12.625501
W: [0.10565143] b: [-0.49165142] loss: 12.589116
W: [0.10487087] b: [-0.49240592] loss: 12.552974
W: [0.10409399] b: [-0.4931567] loss: 12.517067
W: [0.10332075] b: [-0.49390382] loss: 12.481393
W: [0.1025511] b: [-0.49464726] loss: 12.44595
W: [0.101785] b: [-0.4953871] loss: 12.410734
W: [0.10102241] b: [-0.4961234] loss: 12.375743
W: [0.10026329] b: [-0.49685618] loss: 12.340976
W: [0.0995076] b: [-0.49758548] loss: 12.306426
W: [0.09875531] b: [-0.4983113] loss: 12.272093
W: [0.09800637] b: [-0.49903375] loss: 12.237976
W: [0.09726074] b: [-0.49975282] loss: 12.204071
W: [0.0965184] b: [-0.50046855] loss: 12.170374
W: [0.09577931] b: [-0.501181] loss: 12.136886
W: [0.09504343] b: [-0.5018902] loss: 12.1036005
W: [0.09431072] b: [-0.50259614] loss: 12.0705185
W: [0.09358116] b: [-0.5032989] loss: 12.037637
W: [0.09285471] b: [-0.50399846] loss: 12.004952
W: [0.09213133] b: [-0.50469494] loss: 11.972463
W: [0.09141099] b: [-0.5053883] loss: 11.940167
W: [0.09069367] b: [-0.50607866] loss: 11.908065
W: [0.08997934] b: [-0.50676596] loss: 11.876148
W: [0.08926795] b: [-0.5074503] loss: 11.84442
W: [0.08855948] b: [-0.5081316] loss: 11.812876
W: [0.08785391] b: [-0.50881] loss: 11.781516
W: [0.0871512] b: [-0.5094854] loss: 11.7503395
W: [0.08645132] b: [-0.510158] loss: 11.71934
W: [0.08575425] b: [-0.5108277] loss: 11.688519
W: [0.08505996] b: [-0.51149464] loss: 11.65787
W: [0.08436843] b: [-0.51215875] loss: 11.627399
W: [0.08367962] b: [-0.51282007] loss: 11.597098
W: [0.08299351] b: [-0.51347864] loss: 11.566968
W: [0.08231007] b: [-0.51413447] loss: 11.537006
W: [0.08162928] b: [-0.5147876] loss: 11.50721
W: [0.08095112] b: [-0.5154381] loss: 11.47758
W: [0.08027555] b: [-0.5160859] loss: 11.4481125
W: [0.07960256] b: [-0.51673114] loss: 11.418807
W: [0.07893212] b: [-0.51737374] loss: 11.389662
W: [0.07826421] b: [-0.5180138] loss: 11.360676
W: [0.0775988] b: [-0.51865125] loss: 11.331846
W: [0.07693588] b: [-0.5192862] loss: 11.303172
W: [0.07627542] b: [-0.5199187] loss: 11.2746525
W: [0.07561739] b: [-0.52054864] loss: 11.2462845
W: [0.07496177] b: [-0.52117616] loss: 11.218068
W: [0.07430856] b: [-0.52180123] loss: 11.1900015
W: [0.07365771] b: [-0.52242386] loss: 11.162082
W: [0.07300922] b: [-0.5230441] loss: 11.134311
W: [0.07236306] b: [-0.523662] loss: 11.106684
W: [0.07171922] b: [-0.52427745] loss: 11.079201
W: [0.07107767] b: [-0.5248906] loss: 11.051861
W: [0.07043839] b: [-0.52550143] loss: 11.024662
W: [0.06980136] b: [-0.52611] loss: 10.997604
W: [0.06916657] b: [-0.52671623] loss: 10.970686
W: [0.06853399] b: [-0.5273202] loss: 10.943903
W: [0.06790362] b: [-0.527922] loss: 10.917257
W: [0.06727542] b: [-0.5285215] loss: 10.890748
W: [0.06664938] b: [-0.5291188] loss: 10.864372
W: [0.0660255] b: [-0.5297139] loss: 10.838129
W: [0.06540373] b: [-0.5303069] loss: 10.8120165
W: [0.06478408] b: [-0.5308977] loss: 10.786036
W: [0.06416652] b: [-0.53148633] loss: 10.760183
W: [0.06355104] b: [-0.53207284] loss: 10.734459
W: [0.06293762] b: [-0.53265727] loss: 10.708864
W: [0.06232623] b: [-0.5332396] loss: 10.683393
W: [0.06171688] b: [-0.53381985] loss: 10.658048
W: [0.06110953] b: [-0.5343981] loss: 10.632825
W: [0.06050418] b: [-0.5349743] loss: 10.607725
W: [0.0599008] b: [-0.53554845] loss: 10.582747
W: [0.05929939] b: [-0.5361206] loss: 10.557889
W: [0.05869994] b: [-0.5366907] loss: 10.533154
W: [0.05810241] b: [-0.53725886] loss: 10.508535
W: [0.0575068] b: [-0.53782505] loss: 10.484034
W: [0.0569131] b: [-0.53838927] loss: 10.45965
W: [0.05632129] b: [-0.5389516] loss: 10.435383
W: [0.05573136] b: [-0.539512] loss: 10.411228
W: [0.05514329] b: [-0.5400705] loss: 10.387188
W: [0.05455707] b: [-0.54062706] loss: 10.363263
W: [0.05397268] b: [-0.54118174] loss: 10.339447
W: [0.05339012] b: [-0.5417346] loss: 10.315744
W: [0.05280936] b: [-0.54228556] loss: 10.292153
W: [0.0522304] b: [-0.5428347] loss: 10.268668
W: [0.05165322] b: [-0.543382] loss: 10.245294
W: [0.05107782] b: [-0.5439275] loss: 10.222027
W: [0.05050417] b: [-0.5444712] loss: 10.198867
W: [0.04993226] b: [-0.5450131] loss: 10.175813
W: [0.04936209] b: [-0.54555327] loss: 10.1528635
W: [0.04879363] b: [-0.5460916] loss: 10.130018
W: [0.04822689] b: [-0.54662824] loss: 10.107278
W: [0.04766184] b: [-0.54716307] loss: 10.08464
W: [0.04709848] b: [-0.5476962] loss: 10.062104
W: [0.04653678] b: [-0.5482276] loss: 10.039669
W: [0.04597675] b: [-0.5487573] loss: 10.017335
W: [0.04541837] b: [-0.54928535] loss: 9.9951
W: [0.04486163] b: [-0.54981166] loss: 9.972965
W: [0.04430652] b: [-0.5503363] loss: 9.950927
W: [0.04375302] b: [-0.5508593] loss: 9.9289875
W: [0.04320113] b: [-0.55138063] loss: 9.907145
W: [0.04265084] b: [-0.5519003] loss: 9.885397
W: [0.04210213] b: [-0.5524184] loss: 9.863747
W: [0.04155499] b: [-0.5529349] loss: 9.84219
W: [0.04100942] b: [-0.55344975] loss: 9.820726
W: [0.0404654] b: [-0.553963] loss: 9.799357
W: [0.03992292] b: [-0.55447465] loss: 9.778079
W: [0.03938198] b: [-0.55498475] loss: 9.756894
W: [0.03884256] b: [-0.55549324] loss: 9.7358
W: [0.03830466] b: [-0.5560002] loss: 9.714799
W: [0.03776826] b: [-0.55650556] loss: 9.693886
W: [0.03723335] b: [-0.55700946] loss: 9.673061
W: [0.03669993] b: [-0.5575118] loss: 9.652327
W: [0.03616798] b: [-0.5580126] loss: 9.6316805
W: [0.0356375] b: [-0.5585119] loss: 9.61112
W: [0.03510848] b: [-0.55900973] loss: 9.590649
W: [0.0345809] b: [-0.55950606] loss: 9.570263
W: [0.03405476] b: [-0.5600009] loss: 9.549961
W: [0.03353006] b: [-0.56049424] loss: 9.529746
W: [0.03300677] b: [-0.56098616] loss: 9.509615
W: [0.0324849] b: [-0.5614766] loss: 9.489569
W: [0.03196443] b: [-0.5619656] loss: 9.469605
W: [0.03144536] b: [-0.56245315] loss: 9.449724
W: [0.03092767] b: [-0.5629393] loss: 9.429926
W: [0.03041137] b: [-0.563424] loss: 9.41021
W: [0.02989643] b: [-0.56390727] loss: 9.390573
W: [0.02938286] b: [-0.56438917] loss: 9.371017
W: [0.02887064] b: [-0.56486964] loss: 9.351543
W: [0.02835977] b: [-0.56534874] loss: 9.332148
W: [0.02785023] b: [-0.5658265] loss: 9.312831
W: [0.02734202] b: [-0.56630284] loss: 9.293592
W: [0.02683514] b: [-0.5667778] loss: 9.274433
W: [0.02632957] b: [-0.56725144] loss: 9.25535
W: [0.02582531] b: [-0.5677237] loss: 9.236344
W: [0.02532235] b: [-0.5681946] loss: 9.217416
W: [0.02482068] b: [-0.5686642] loss: 9.198562
W: [0.02432029] b: [-0.56913245] loss: 9.179785
W: [0.02382118] b: [-0.5695994] loss: 9.161081
W: [0.02332335] b: [-0.570065] loss: 9.142453
W: [0.02282677] b: [-0.57052934] loss: 9.123898
W: [0.02233145] b: [-0.57099235] loss: 9.105417
W: [0.02183738] b: [-0.57145405] loss: 9.08701
W: [0.02134455] b: [-0.5719145] loss: 9.068676
W: [0.02085295] b: [-0.5723736] loss: 9.050413
W: [0.02036259] b: [-0.5728315] loss: 9.032221
W: [0.01987344] b: [-0.57328814] loss: 9.014101
W: [0.01938551] b: [-0.5737435] loss: 8.996052
W: [0.01889878] b: [-0.57419765] loss: 8.978074
W: [0.01841326] b: [-0.5746505] loss: 8.960164
W: [0.01792893] b: [-0.57510215] loss: 8.942325
W: [0.01744578] b: [-0.5755526] loss: 8.924554
W: [0.01696382] b: [-0.57600176] loss: 8.906854
W: [0.01648304] b: [-0.57644975] loss: 8.889219
W: [0.01600342] b: [-0.5768965] loss: 8.8716545
W: [0.01552497] b: [-0.57734203] loss: 8.854156
W: [0.01504767] b: [-0.5777864] loss: 8.836724
W: [0.01457152] b: [-0.57822955] loss: 8.819361
W: [0.01409652] b: [-0.5786715] loss: 8.802062
W: [0.01362265] b: [-0.5791123] loss: 8.784829
W: [0.01314992] b: [-0.57955194] loss: 8.767662
W: [0.01267831] b: [-0.5799904] loss: 8.75056
W: [0.01220783] b: [-0.58042765] loss: 8.733523
W: [0.01173846] b: [-0.5808638] loss: 8.716548
W: [0.01127019] b: [-0.58129877] loss: 8.699639
W: [0.01080303] b: [-0.5817326] loss: 8.682794
W: [0.01033697] b: [-0.58216524] loss: 8.666011
W: [0.009872] b: [-0.5825968] loss: 8.64929
W: [0.00940811] b: [-0.5830272] loss: 8.632633
W: [0.0089453] b: [-0.5834565] loss: 8.616036
W: [0.00848357] b: [-0.5838847] loss: 8.5995035
W: [0.00802291] b: [-0.5843118] loss: 8.583029
W: [0.00756332] b: [-0.5847378] loss: 8.566618
W: [0.00710478] b: [-0.58516264] loss: 8.550265
W: [0.00664729] b: [-0.5855864] loss: 8.533975
W: [0.00619086] b: [-0.5860091] loss: 8.517743
W: [0.00573546] b: [-0.58643067] loss: 8.501573
W: [0.00528111] b: [-0.5868512] loss: 8.485459
W: [0.00482779] b: [-0.5872706] loss: 8.469405
W: [0.00437549] b: [-0.587689] loss: 8.45341
W: [0.00392422] b: [-0.5881063] loss: 8.437474
W: [0.00347397] b: [-0.5885225] loss: 8.421596
W: [0.00302473] b: [-0.5889377] loss: 8.405774
W: [0.00257649] b: [-0.58935183] loss: 8.39001
W: [0.00212926] b: [-0.58976495] loss: 8.374303
W: [0.00168303] b: [-0.590177] loss: 8.358653
W: [0.00123779] b: [-0.59058803] loss: 8.343058
W: [0.00079354] b: [-0.590998] loss: 8.327519
W: [0.00035028] b: [-0.59140694] loss: 8.3120365
W: [-9.197834e-05] b: [-0.5918149] loss: 8.29661
W: [-0.00053326] b: [-0.5922218] loss: 8.2812395
W: [-0.00097357] b: [-0.5926277] loss: 8.2659235
W: [-0.00141292] b: [-0.5930326] loss: 8.250661
W: [-0.0018513] b: [-0.5934365] loss: 8.235453
W: [-0.00228873] b: [-0.5938394] loss: 8.220298
W: [-0.0027252] b: [-0.5942413] loss: 8.205198
W: [-0.00316073] b: [-0.5946422] loss: 8.190152
W: [-0.00359532] b: [-0.59504217] loss: 8.175158
W: [-0.00402897] b: [-0.5954411] loss: 8.160215
W: [-0.00446168] b: [-0.5958391] loss: 8.145327
W: [-0.00489346] b: [-0.5962361] loss: 8.13049
W: [-0.00532432] b: [-0.5966321] loss: 8.115705
W: [-0.00575425] b: [-0.5970272] loss: 8.100971
W: [-0.00618327] b: [-0.5974213] loss: 8.08629
W: [-0.00661137] b: [-0.59781444] loss: 8.071659
W: [-0.00703857] b: [-0.59820664] loss: 8.057079
W: [-0.00746486] b: [-0.5985979] loss: 8.042549
W: [-0.00789024] b: [-0.59898823] loss: 8.0280695
W: [-0.00831473] b: [-0.59937763] loss: 8.01364
W: [-0.00873833] b: [-0.5997661] loss: 7.9992614
W: [-0.00916104] b: [-0.6001536] loss: 7.9849305
W: [-0.00958286] b: [-0.6005402] loss: 7.97065
W: [-0.01000381] b: [-0.60092586] loss: 7.9564176
W: [-0.01042387] b: [-0.6013106] loss: 7.9422355
W: [-0.01084306] b: [-0.60169446] loss: 7.9281
W: [-0.01126138] b: [-0.60207736] loss: 7.914014
W: [-0.01167884] b: [-0.6024594] loss: 7.899976
W: [-0.01209543] b: [-0.6028405] loss: 7.885985
W: [-0.01251117] b: [-0.6032207] loss: 7.872041
W: [-0.01292605] b: [-0.6036] loss: 7.8581457
W: [-0.01334008] b: [-0.60397846] loss: 7.8442965
W: [-0.01375326] b: [-0.604356] loss: 7.8304944
W: [-0.0141656] b: [-0.60473263] loss: 7.816738
W: [-0.0145771] b: [-0.6051084] loss: 7.803029
W: [-0.01498776] b: [-0.6054833] loss: 7.789366
W: [-0.01539759] b: [-0.6058573] loss: 7.7757487
W: [-0.01580659] b: [-0.60623044] loss: 7.7621765
W: [-0.01621476] b: [-0.6066027] loss: 7.74865
W: [-0.01662211] b: [-0.6069741] loss: 7.7351685
W: [-0.01702864] b: [-0.6073447] loss: 7.721732
W: [-0.01743436] b: [-0.6077144] loss: 7.7083406
W: [-0.01783926] b: [-0.60808325] loss: 7.694994
W: [-0.01824336] b: [-0.60845125] loss: 7.681691
W: [-0.01864665] b: [-0.6088184] loss: 7.6684327
W: [-0.01904914] b: [-0.60918474] loss: 7.6552157
W: [-0.01945082] b: [-0.60955024] loss: 7.642045
W: [-0.01985172] b: [-0.6099149] loss: 7.628917
W: [-0.02025182] b: [-0.6102787] loss: 7.6158323
W: [-0.02065113] b: [-0.6106417] loss: 7.60279
W: [-0.02104965] b: [-0.6110039] loss: 7.5897923
W: [-0.02144739] b: [-0.6113652] loss: 7.5768356
W: [-0.02184436] b: [-0.6117257] loss: 7.563921
W: [-0.02224054] b: [-0.61208534] loss: 7.55105
W: [-0.02263596] b: [-0.6124442] loss: 7.5382185
W: [-0.0230306] b: [-0.61280227] loss: 7.525432
W: [-0.02342447] b: [-0.61315954] loss: 7.5126853
W: [-0.02381759] b: [-0.613516] loss: 7.4999804
W: [-0.02420994] b: [-0.61387163] loss: 7.487315
W: [-0.02460153] b: [-0.61422646] loss: 7.474693
W: [-0.02499237] b: [-0.6145805] loss: 7.4621105
W: [-0.02538246] b: [-0.6149338] loss: 7.449569
W: [-0.02577179] b: [-0.61528623] loss: 7.437069
W: [-0.02616038] b: [-0.6156379] loss: 7.4246073
W: [-0.02654823] b: [-0.6159888] loss: 7.412186
W: [-0.02693534] b: [-0.6163389] loss: 7.399805
W: [-0.02732171] b: [-0.61668825] loss: 7.387464
W: [-0.02770735] b: [-0.6170368] loss: 7.375162
W: [-0.02809225] b: [-0.6173846] loss: 7.3629003
W: [-0.02847643] b: [-0.61773163] loss: 7.3506756
W: [-0.02885988] b: [-0.6180779] loss: 7.3384914
W: [-0.0292426] b: [-0.61842334] loss: 7.3263454
W: [-0.02962461] b: [-0.6187681] loss: 7.3142385
W: [-0.0300059] b: [-0.6191121] loss: 7.302169
W: [-0.03038647] b: [-0.6194553] loss: 7.2901387
W: [-0.03076633] b: [-0.61979777] loss: 7.278146
W: [-0.03114549] b: [-0.6201395] loss: 7.2661905
W: [-0.03152393] b: [-0.6204804] loss: 7.2542744
W: [-0.03190167] b: [-0.62082064] loss: 7.242394
W: [-0.03227871] b: [-0.62116015] loss: 7.2305512
W: [-0.03265505] b: [-0.6214989] loss: 7.218747
W: [-0.0330307] b: [-0.6218369] loss: 7.2069793
W: [-0.03340565] b: [-0.62217414] loss: 7.1952477
W: [-0.03377991] b: [-0.6225107] loss: 7.1835527
W: [-0.03415348] b: [-0.6228465] loss: 7.171895
W: [-0.03452637] b: [-0.6231816] loss: 7.160274
W: [-0.03489857] b: [-0.62351596] loss: 7.148688
W: [-0.03527009] b: [-0.62384963] loss: 7.137138
W: [-0.03564093] b: [-0.6241826] loss: 7.1256247
W: [-0.0360111] b: [-0.62451476] loss: 7.114147
W: [-0.03638059] b: [-0.6248463] loss: 7.1027045
W: [-0.03674941] b: [-0.6251771] loss: 7.091297
W: [-0.03711757] b: [-0.6255072] loss: 7.0799255
W: [-0.03748506] b: [-0.62583655] loss: 7.0685883
W: [-0.03785188] b: [-0.6261652] loss: 7.0572877
W: [-0.03821804] b: [-0.62649316] loss: 7.0460205
W: [-0.03858355] b: [-0.62682045] loss: 7.034788
W: [-0.03894839] b: [-0.627147] loss: 7.02359
W: [-0.03931259] b: [-0.6274729] loss: 7.0124264
W: [-0.03967613] b: [-0.6277981] loss: 7.001298
W: [-0.04003902] b: [-0.62812257] loss: 6.9902024
W: [-0.04040126] b: [-0.6284464] loss: 6.9791403
W: [-0.04076286] b: [-0.6287695] loss: 6.9681125
W: [-0.04112382] b: [-0.629092] loss: 6.957119
W: [-0.04148414] b: [-0.6294137] loss: 6.9461575
W: [-0.04184382] b: [-0.6297348] loss: 6.9352307
W: [-0.04220286] b: [-0.6300552] loss: 6.924336
W: [-0.04256127] b: [-0.6303749] loss: 6.913475
W: [-0.04291905] b: [-0.630694] loss: 6.9026475
W: [-0.04327619] b: [-0.6310124] loss: 6.8918514
W: [-0.04363272] b: [-0.6313301] loss: 6.8810883
W: [-0.04398861] b: [-0.6316471] loss: 6.8703585
W: [-0.04434389] b: [-0.6319635] loss: 6.85966
W: [-0.04469854] b: [-0.6322792] loss: 6.848994
W: [-0.04505258] b: [-0.6325943] loss: 6.8383594
W: [-0.045406] b: [-0.6329087] loss: 6.827757
W: [-0.0457588] b: [-0.63322246] loss: 6.817187
W: [-0.04611099] b: [-0.63353556] loss: 6.8066487
W: [-0.04646258] b: [-0.633848] loss: 6.7961416
W: [-0.04681355] b: [-0.6341598] loss: 6.7856655
W: [-0.04716392] b: [-0.634471] loss: 6.7752204
W: [-0.04751369] b: [-0.63478154] loss: 6.7648077
W: [-0.04786285] b: [-0.6350914] loss: 6.7544246
W: [-0.04821142] b: [-0.63540065] loss: 6.7440734
W: [-0.04855939] b: [-0.6357093] loss: 6.7337523
W: [-0.04890676] b: [-0.63601726] loss: 6.7234616
W: [-0.04925354] b: [-0.6363246] loss: 6.7132015
W: [-0.04959973] b: [-0.6366313] loss: 6.7029724
W: [-0.04994532] b: [-0.6369374] loss: 6.692773
W: [-0.05029033] b: [-0.63724285] loss: 6.682603
W: [-0.05063476] b: [-0.6375477] loss: 6.6724634
W: [-0.0509786] b: [-0.6378519] loss: 6.6623535
W: [-0.05132186] b: [-0.63815546] loss: 6.6522737
W: [-0.05166454] b: [-0.63845843] loss: 6.642224
W: [-0.05200664] b: [-0.6387608] loss: 6.6322026
W: [-0.05234816] b: [-0.6390625] loss: 6.622212
W: [-0.05268911] b: [-0.63936365] loss: 6.6122494
W: [-0.05302949] b: [-0.6396642] loss: 6.6023164
W: [-0.05336929] b: [-0.63996404] loss: 6.592413
W: [-0.05370853] b: [-0.6402633] loss: 6.582537
W: [-0.0540472] b: [-0.640562] loss: 6.5726905
W: [-0.05438531] b: [-0.6408601] loss: 6.562874
W: [-0.05472286] b: [-0.64115757] loss: 6.553084
W: [-0.05505984] b: [-0.64145446] loss: 6.5433235
W: [-0.05539626] b: [-0.64175075] loss: 6.533591
W: [-0.05573213] b: [-0.64204645] loss: 6.523886
W: [-0.05606744] b: [-0.64234155] loss: 6.5142107
W: [-0.05640219] b: [-0.64263606] loss: 6.5045614
W: [-0.05673639] b: [-0.64293] loss: 6.4949417
W: [-0.05707005] b: [-0.6432233] loss: 6.4853497
W: [-0.05740315] b: [-0.643516] loss: 6.4757833
W: [-0.05773571] b: [-0.6438081] loss: 6.466246
W: [-0.05806772] b: [-0.64409965] loss: 6.4567366
W: [-0.05839919] b: [-0.64439064] loss: 6.4472537
W: [-0.05873011] b: [-0.64468104] loss: 6.4377985
W: [-0.0590605] b: [-0.64497083] loss: 6.4283705
W: [-0.05939034] b: [-0.6452601] loss: 6.418968
W: [-0.05971965] b: [-0.64554876] loss: 6.409594
W: [-0.06004842] b: [-0.64583683] loss: 6.400245
W: [-0.06037666] b: [-0.64612436] loss: 6.390925
W: [-0.06070437] b: [-0.6464113] loss: 6.38163
W: [-0.06103155] b: [-0.64669764] loss: 6.3723626
W: [-0.0613582] b: [-0.64698344] loss: 6.363121
W: [-0.06168433] b: [-0.64726865] loss: 6.3539047
W: [-0.06200992] b: [-0.6475533] loss: 6.3447156
W: [-0.062335] b: [-0.64783746] loss: 6.3355527
W: [-0.06265955] b: [-0.648121] loss: 6.326416
W: [-0.06298358] b: [-0.648404] loss: 6.317304
W: [-0.06330709] b: [-0.6486864] loss: 6.308218
W: [-0.06363009] b: [-0.6489683] loss: 6.2991586
W: [-0.06395257] b: [-0.6492496] loss: 6.290124
W: [-0.06427454] b: [-0.64953035] loss: 6.2811146
W: [-0.064596] b: [-0.64981055] loss: 6.2721305
W: [-0.06491694] b: [-0.6500902] loss: 6.263172
W: [-0.06523737] b: [-0.65036935] loss: 6.25424
W: [-0.0655573] b: [-0.65064794] loss: 6.245331
W: [-0.06587672] b: [-0.65092593] loss: 6.2364483
W: [-0.06619564] b: [-0.6512034] loss: 6.2275887
W: [-0.06651405] b: [-0.6514803] loss: 6.218756
W: [-0.06683195] b: [-0.6517567] loss: 6.2099476
W: [-0.06714936] b: [-0.65203255] loss: 6.2011633
W: [-0.06746627] b: [-0.65230787] loss: 6.1924033
W: [-0.06778269] b: [-0.65258265] loss: 6.183668
W: [-0.0680986] b: [-0.6528569] loss: 6.1749573
W: [-0.06841402] b: [-0.6531306] loss: 6.1662703
W: [-0.06872895] b: [-0.65340376] loss: 6.1576085
W: [-0.06904338] b: [-0.6536764] loss: 6.1489697
W: [-0.06935733] b: [-0.65394855] loss: 6.140354
W: [-0.06967079] b: [-0.65422016] loss: 6.131764
W: [-0.06998376] b: [-0.65449125] loss: 6.1231966
W: [-0.07029624] b: [-0.6547618] loss: 6.1146536
W: [-0.07060824] b: [-0.6550318] loss: 6.1061344
W: [-0.07091976] b: [-0.65530133] loss: 6.0976377
W: [-0.07123079] b: [-0.6555703] loss: 6.0891643
W: [-0.07154135] b: [-0.6558388] loss: 6.080715
W: [-0.07185142] b: [-0.6561067] loss: 6.0722895
W: [-0.07216103] b: [-0.65637416] loss: 6.063886
W: [-0.07247015] b: [-0.65664107] loss: 6.0555058
W: [-0.0727788] b: [-0.6569075] loss: 6.0471487
W: [-0.07308697] b: [-0.6571734] loss: 6.038815
W: [-0.07339467] b: [-0.65743876] loss: 6.030504
W: [-0.0737019] b: [-0.65770364] loss: 6.0222154
W: [-0.07400867] b: [-0.657968] loss: 6.0139503
W: [-0.07431496] b: [-0.65823185] loss: 6.0057077
W: [-0.07462079] b: [-0.6584952] loss: 5.9974866
W: [-0.07492615] b: [-0.65875804] loss: 5.9892874
W: [-0.07523105] b: [-0.65902036] loss: 5.981112
W: [-0.07553549] b: [-0.6592822] loss: 5.9729586
W: [-0.07583947] b: [-0.6595436] loss: 5.964826
W: [-0.07614298] b: [-0.6598044] loss: 5.9567165
W: [-0.07644603] b: [-0.66006476] loss: 5.9486303
W: [-0.07674863] b: [-0.66032463] loss: 5.940565
W: [-0.07705078] b: [-0.660584] loss: 5.9325204
W: [-0.07735246] b: [-0.66084284] loss: 5.9244986
W: [-0.0776537] b: [-0.6611012] loss: 5.916499
W: [-0.07795448] b: [-0.66135913] loss: 5.9085207
W: [-0.07825481] b: [-0.6616165] loss: 5.9005637
W: [-0.07855469] b: [-0.6618734] loss: 5.8926277
W: [-0.07885412] b: [-0.6621298] loss: 5.884714
W: [-0.07915311] b: [-0.66238576] loss: 5.8768206
W: [-0.07945164] b: [-0.6626412] loss: 5.868949
W: [-0.07974973] b: [-0.6628962] loss: 5.861098
W: [-0.08004738] b: [-0.6631507] loss: 5.8532686
W: [-0.08034459] b: [-0.66340476] loss: 5.84546
W: [-0.08064135] b: [-0.66365826] loss: 5.8376727
W: [-0.08093768] b: [-0.6639113] loss: 5.829907
W: [-0.08123356] b: [-0.6641638] loss: 5.8221607
W: [-0.08152901] b: [-0.6644159] loss: 5.814436
W: [-0.08182403] b: [-0.66466755] loss: 5.8067307
W: [-0.08211861] b: [-0.6649187] loss: 5.799047
W: [-0.08241275] b: [-0.6651694] loss: 5.7913833
W: [-0.08270646] b: [-0.66541964] loss: 5.7837405
W: [-0.08299974] b: [-0.6656694] loss: 5.7761173
W: [-0.08329258] b: [-0.66591865] loss: 5.768515
W: [-0.083585] b: [-0.66616744] loss: 5.7609324
W: [-0.08387699] b: [-0.66641575] loss: 5.753371
W: [-0.08416855] b: [-0.66666365] loss: 5.7458286
W: [-0.08445969] b: [-0.66691107] loss: 5.738307
W: [-0.08475041] b: [-0.667158] loss: 5.730804
W: [-0.0850407] b: [-0.6674045] loss: 5.7233214
W: [-0.08533056] b: [-0.6676505] loss: 5.7158594
W: [-0.08562001] b: [-0.6678961] loss: 5.7084165
W: [-0.08590903] b: [-0.6681412] loss: 5.7009935
W: [-0.08619764] b: [-0.6683858] loss: 5.69359
W: [-0.08648583] b: [-0.66863] loss: 5.686206
W: [-0.0867736] b: [-0.6688737] loss: 5.6788406
W: [-0.08706095] b: [-0.66911703] loss: 5.671496
W: [-0.08734789] b: [-0.66935986] loss: 5.66417
W: [-0.08763441] b: [-0.6696022] loss: 5.6568623
W: [-0.08792052] b: [-0.66984415] loss: 5.649576
W: [-0.08820622] b: [-0.6700856] loss: 5.6423073
W: [-0.08849151] b: [-0.67032665] loss: 5.6350574
W: [-0.08877639] b: [-0.6705672] loss: 5.6278276
W: [-0.08906087] b: [-0.67080736] loss: 5.6206155
W: [-0.08934493] b: [-0.67104703] loss: 5.613423
W: [-0.08962859] b: [-0.6712863] loss: 5.60625
W: [-0.08991185] b: [-0.67152506] loss: 5.5990944
W: [-0.09019469] b: [-0.6717634] loss: 5.591958
W: [-0.09047714] b: [-0.67200136] loss: 5.58484
W: [-0.09075918] b: [-0.6722388] loss: 5.5777407
W: [-0.09104083] b: [-0.6724759] loss: 5.5706596
W: [-0.09132207] b: [-0.6727125] loss: 5.5635967
W: [-0.09160291] b: [-0.67294866] loss: 5.5565534
W: [-0.09188336] b: [-0.6731844] loss: 5.549527
W: [-0.09216341] b: [-0.6734197] loss: 5.5425196
W: [-0.09244306] b: [-0.67365456] loss: 5.53553
W: [-0.09272232] b: [-0.673889] loss: 5.5285587
W: [-0.09300119] b: [-0.674123] loss: 5.5216055
W: [-0.09327966] b: [-0.6743566] loss: 5.51467
W: [-0.09355774] b: [-0.6745897] loss: 5.5077524
W: [-0.09383543] b: [-0.6748224] loss: 5.5008526
W: [-0.09411272] b: [-0.67505467] loss: 5.4939713
W: [-0.09438963] b: [-0.67528653] loss: 5.487107
W: [-0.09466615] b: [-0.675518] loss: 5.480261
W: [-0.09494229] b: [-0.675749] loss: 5.4734316
W: [-0.09521803] b: [-0.6759796] loss: 5.4666204
W: [-0.0954934] b: [-0.67620975] loss: 5.459827
W: [-0.09576838] b: [-0.67643946] loss: 5.45305
W: [-0.09604298] b: [-0.67666876] loss: 5.446292
W: [-0.09631719] b: [-0.67689764] loss: 5.43955
W: [-0.09659102] b: [-0.6771261] loss: 5.4328256
W: [-0.09686447] b: [-0.67735416] loss: 5.4261184
W: [-0.09713754] b: [-0.6775818] loss: 5.419429
W: [-0.09741023] b: [-0.677809] loss: 5.412756
W: [-0.09768255] b: [-0.6780358] loss: 5.4061003
W: [-0.09795449] b: [-0.6782622] loss: 5.3994617
W: [-0.09822606] b: [-0.67848814] loss: 5.3928404
W: [-0.09849724] b: [-0.67871374] loss: 5.3862348
W: [-0.09876806] b: [-0.6789389] loss: 5.379647
W: [-0.0990385] b: [-0.6791637] loss: 5.3730745
W: [-0.09930857] b: [-0.67938805] loss: 5.3665204
W: [-0.09957826] b: [-0.679612] loss: 5.3599825
W: [-0.09984759] b: [-0.6798355] loss: 5.3534603
W: [-0.10011655] b: [-0.6800586] loss: 5.346956
W: [-0.10038514] b: [-0.68028134] loss: 5.3404675
W: [-0.10065337] b: [-0.68050367] loss: 5.333995
W: [-0.10092122] b: [-0.6807256] loss: 5.3275394
W: [-0.10118871] b: [-0.68094707] loss: 5.3210998
W: [-0.10145584] b: [-0.68116814] loss: 5.3146772
W: [-0.1017226] b: [-0.68138885] loss: 5.3082705
W: [-0.101989] b: [-0.68160915] loss: 5.30188
W: [-0.10225504] b: [-0.68182904] loss: 5.295505
W: [-0.10252071] b: [-0.68204856] loss: 5.2891464
W: [-0.10278603] b: [-0.68226767] loss: 5.282804
W: [-0.10305098] b: [-0.68248636] loss: 5.2764773
W: [-0.10331558] b: [-0.6827047] loss: 5.270167
W: [-0.10357983] b: [-0.6829226] loss: 5.2638726
W: [-0.10384371] b: [-0.6831401] loss: 5.257593
W: [-0.10410724] b: [-0.68335724] loss: 5.2513304
W: [-0.10437041] b: [-0.68357396] loss: 5.245083
W: [-0.10463323] b: [-0.6837903] loss: 5.238851
W: [-0.10489569] b: [-0.6840063] loss: 5.2326345
W: [-0.1051578] b: [-0.68422186] loss: 5.226434
W: [-0.10541956] b: [-0.68443704] loss: 5.2202487
W: [-0.10568096] b: [-0.68465185] loss: 5.214079
W: [-0.10594202] b: [-0.68486625] loss: 5.207925
W: [-0.10620272] b: [-0.6850803] loss: 5.2017865
W: [-0.10646308] b: [-0.6852939] loss: 5.1956625
W: [-0.10672309] b: [-0.6855072] loss: 5.1895537
W: [-0.10698275] b: [-0.68572] loss: 5.1834607
W: [-0.10724207] b: [-0.6859325] loss: 5.177383
W: [-0.10750104] b: [-0.6861446] loss: 5.1713204
W: [-0.10775967] b: [-0.6863563] loss: 5.1652727
W: [-0.10801795] b: [-0.68656766] loss: 5.15924
W: [-0.10827589] b: [-0.6867786] loss: 5.153222
W: [-0.10853349] b: [-0.6869892] loss: 5.147219
W: [-0.10879074] b: [-0.6871994] loss: 5.1412306
W: [-0.10904766] b: [-0.6874092] loss: 5.1352577
W: [-0.10930423] b: [-0.6876187] loss: 5.1292996
W: [-0.10956047] b: [-0.68782777] loss: 5.1233554
W: [-0.10981636] b: [-0.68803644] loss: 5.117427
W: [-0.11007193] b: [-0.68824476] loss: 5.111513
W: [-0.11032715] b: [-0.6884527] loss: 5.1056128
W: [-0.11058204] b: [-0.68866026] loss: 5.099728
W: [-0.11083659] b: [-0.68886745] loss: 5.0938573
W: [-0.11109081] b: [-0.6890743] loss: 5.088001
W: [-0.1113447] b: [-0.68928075] loss: 5.082159
W: [-0.11159825] b: [-0.68948686] loss: 5.076332
W: [-0.11185146] b: [-0.68969256] loss: 5.0705185
W: [-0.11210435] b: [-0.6898979] loss: 5.06472
W: [-0.11235691] b: [-0.6901029] loss: 5.0589356
W: [-0.11260913] b: [-0.6903075] loss: 5.053166
W: [-0.11286103] b: [-0.69051176] loss: 5.0474095
W: [-0.1131126] b: [-0.6907157] loss: 5.041667
W: [-0.11336384] b: [-0.6909192] loss: 5.0359387
W: [-0.11361475] b: [-0.69112235] loss: 5.0302253
W: [-0.11386534] b: [-0.6913251] loss: 5.0245256
W: [-0.1141156] b: [-0.69152755] loss: 5.0188394
W: [-0.11436554] b: [-0.6917296] loss: 5.013168
W: [-0.11461516] b: [-0.6919313] loss: 5.0075088
W: [-0.11486445] b: [-0.69213265] loss: 5.001865
W: [-0.11511341] b: [-0.69233364] loss: 4.996234
W: [-0.11536206] b: [-0.69253427] loss: 4.990617
W: [-0.11561039] b: [-0.69273454] loss: 4.9850135
W: [-0.1158584] b: [-0.69293445] loss: 4.979424
W: [-0.11610609] b: [-0.693134] loss: 4.973848
W: [-0.11635345] b: [-0.6933332] loss: 4.9682856
W: [-0.1166005] b: [-0.69353205] loss: 4.962736
W: [-0.11684722] b: [-0.69373053] loss: 4.9572005
W: [-0.11709364] b: [-0.69392866] loss: 4.9516783
W: [-0.11733973] b: [-0.6941264] loss: 4.9461703
W: [-0.11758551] b: [-0.6943239] loss: 4.940675
W: [-0.11783098] b: [-0.694521] loss: 4.9351926
W: [-0.11807613] b: [-0.69471776] loss: 4.9297237
W: [-0.11832097] b: [-0.69491416] loss: 4.924268
W: [-0.1185655] b: [-0.6951102] loss: 4.918825
W: [-0.11880971] b: [-0.6953059] loss: 4.913396
W: [-0.11905362] b: [-0.6955012] loss: 4.9079795
W: [-0.11929721] b: [-0.69569623] loss: 4.902577
W: [-0.11954049] b: [-0.6958909] loss: 4.8971868
W: [-0.11978346] b: [-0.6960852] loss: 4.8918095
W: [-0.12002613] b: [-0.69627917] loss: 4.886445
W: [-0.12026848] b: [-0.69647276] loss: 4.881094
W: [-0.12051053] b: [-0.69666606] loss: 4.8757563
W: [-0.12075227] b: [-0.696859] loss: 4.8704305
W: [-0.1209937] b: [-0.6970516] loss: 4.865118
W: [-0.12123483] b: [-0.6972438] loss: 4.8598175
W: [-0.12147566] b: [-0.69743574] loss: 4.8545303
W: [-0.12171618] b: [-0.6976273] loss: 4.849256
W: [-0.12195639] b: [-0.6978185] loss: 4.8439937
W: [-0.12219631] b: [-0.69800943] loss: 4.838745
W: [-0.12243592] b: [-0.6982] loss: 4.8335085
W: [-0.12267523] b: [-0.6983902] loss: 4.8282843
W: [-0.12291424] b: [-0.6985801] loss: 4.823072
W: [-0.12315295] b: [-0.6987696] loss: 4.817873
W: [-0.12339136] b: [-0.6989588] loss: 4.812686
W: [-0.12362947] b: [-0.6991477] loss: 4.807511
W: [-0.12386729] b: [-0.69933623] loss: 4.802349
W: [-0.12410481] b: [-0.6995244] loss: 4.7971992
W: [-0.12434202] b: [-0.6997123] loss: 4.792062
W: [-0.12457895] b: [-0.6998998] loss: 4.7869363
W: [-0.12481557] b: [-0.700087] loss: 4.781823
W: [-0.1250519] b: [-0.7002739] loss: 4.776723
W: [-0.12528794] b: [-0.70046043] loss: 4.7716336
W: [-0.12552367] b: [-0.70064664] loss: 4.7665567
W: [-0.12575912] b: [-0.70083255] loss: 4.761492
W: [-0.12599428] b: [-0.7010181] loss: 4.756439
W: [-0.12622914] b: [-0.70120335] loss: 4.751399
W: [-0.12646371] b: [-0.70138824] loss: 4.74637
W: [-0.12669799] b: [-0.70157284] loss: 4.741353
W: [-0.12693198] b: [-0.7017571] loss: 4.7363477
W: [-0.12716568] b: [-0.701941] loss: 4.731355
W: [-0.12739909] b: [-0.7021246] loss: 4.7263737
W: [-0.12763222] b: [-0.7023079] loss: 4.721404
W: [-0.12786505] b: [-0.7024908] loss: 4.7164464
W: [-0.1280976] b: [-0.70267344] loss: 4.7114997
W: [-0.12832986] b: [-0.70285577] loss: 4.706566
W: [-0.12856184] b: [-0.70303774] loss: 4.7016425
W: [-0.12879352] b: [-0.7032194] loss: 4.6967316
W: [-0.12902492] b: [-0.70340073] loss: 4.691832
W: [-0.12925604] b: [-0.70358175] loss: 4.686944
W: [-0.12948687] b: [-0.7037625] loss: 4.6820674
W: [-0.12971742] b: [-0.70394284] loss: 4.677202
W: [-0.12994769] b: [-0.7041229] loss: 4.6723485
W: [-0.13017768] b: [-0.70430267] loss: 4.667506
W: [-0.13040738] b: [-0.7044821] loss: 4.6626754
W: [-0.13063681] b: [-0.7046612] loss: 4.657856
W: [-0.13086596] b: [-0.70484] loss: 4.653047
W: [-0.13109483] b: [-0.70501846] loss: 4.6482506
W: [-0.13132341] b: [-0.7051966] loss: 4.643465
W: [-0.13155173] b: [-0.7053745] loss: 4.6386895
W: [-0.13177976] b: [-0.70555204] loss: 4.6339264
W: [-0.13200751] b: [-0.70572925] loss: 4.629174
W: [-0.13223499] b: [-0.70590615] loss: 4.624433
W: [-0.13246219] b: [-0.70608276] loss: 4.619703
W: [-0.13268912] b: [-0.7062591] loss: 4.614984
W: [-0.13291577] b: [-0.706435] loss: 4.6102757
W: [-0.13314214] b: [-0.7066107] loss: 4.6055784
W: [-0.13336824] b: [-0.70678604] loss: 4.600893
W: [-0.13359407] b: [-0.7069611] loss: 4.596218
W: [-0.13381962] b: [-0.70713586] loss: 4.591553
W: [-0.1340449] b: [-0.7073103] loss: 4.5868993
W: [-0.13426991] b: [-0.7074844] loss: 4.5822573
W: [-0.13449465] b: [-0.70765823] loss: 4.5776253
W: [-0.13471912] b: [-0.70783174] loss: 4.5730042
W: [-0.13494332] b: [-0.70800495] loss: 4.5683937
W: [-0.13516724] b: [-0.70817786] loss: 4.563794
W: [-0.1353909] b: [-0.7083505] loss: 4.559205
W: [-0.13561428] b: [-0.7085228] loss: 4.5546265
W: [-0.13583739] b: [-0.7086948] loss: 4.5500584
W: [-0.13606024] b: [-0.7088665] loss: 4.5455017
W: [-0.13628283] b: [-0.70903784] loss: 4.540955
W: [-0.13650516] b: [-0.7092089] loss: 4.5364194
W: [-0.13672721] b: [-0.7093797] loss: 4.5318937
W: [-0.136949] b: [-0.70955014] loss: 4.527378
W: [-0.13717052] b: [-0.7097203] loss: 4.522874
W: [-0.13739178] b: [-0.7098902] loss: 4.518379
W: [-0.13761277] b: [-0.71005976] loss: 4.513895
W: [-0.1378335] b: [-0.71022904] loss: 4.509422
W: [-0.13805397] b: [-0.710398] loss: 4.5049586
W: [-0.13827418] b: [-0.7105667] loss: 4.5005054
W: [-0.13849412] b: [-0.7107351] loss: 4.4960628
W: [-0.1387138] b: [-0.71090317] loss: 4.4916306
W: [-0.13893323] b: [-0.71107095] loss: 4.4872084
W: [-0.1391524] b: [-0.71123844] loss: 4.4827957
W: [-0.13937129] b: [-0.71140563] loss: 4.4783936
W: [-0.13958994] b: [-0.7115725] loss: 4.474002
W: [-0.13980833] b: [-0.7117391] loss: 4.4696198
W: [-0.14002645] b: [-0.7119055] loss: 4.465248
W: [-0.14024432] b: [-0.71207154] loss: 4.460886
W: [-0.14046194] b: [-0.7122373] loss: 4.456534
W: [-0.14067928] b: [-0.71240276] loss: 4.4521923
W: [-0.14089638] b: [-0.7125679] loss: 4.4478607
W: [-0.14111322] b: [-0.7127328] loss: 4.443538
W: [-0.14132981] b: [-0.71289736] loss: 4.439226
W: [-0.14154615] b: [-0.71306163] loss: 4.4349236
W: [-0.14176223] b: [-0.7132256] loss: 4.4306316
W: [-0.14197806] b: [-0.71338934] loss: 4.426349
W: [-0.14219363] b: [-0.7135528] loss: 4.4220757
W: [-0.14240895] b: [-0.7137159] loss: 4.417813
W: [-0.14262402] b: [-0.71387875] loss: 4.413559
W: [-0.14283884] b: [-0.7140413] loss: 4.4093156
W: [-0.1430534] b: [-0.7142036] loss: 4.4050813
W: [-0.1432677] b: [-0.7143656] loss: 4.4008565
W: [-0.14348176] b: [-0.7145273] loss: 4.3966427
W: [-0.14369558] b: [-0.7146887] loss: 4.392437
W: [-0.14390914] b: [-0.7148498] loss: 4.3882413
W: [-0.14412245] b: [-0.7150107] loss: 4.384055
W: [-0.14433551] b: [-0.7151713] loss: 4.379878
W: [-0.14454833] b: [-0.71533155] loss: 4.375711
W: [-0.14476089] b: [-0.71549153] loss: 4.371554
W: [-0.14497322] b: [-0.7156513] loss: 4.3674054
W: [-0.14518529] b: [-0.7158107] loss: 4.363266
W: [-0.14539713] b: [-0.71596986] loss: 4.359137
W: [-0.14560871] b: [-0.71612877] loss: 4.3550167
W: [-0.14582005] b: [-0.7162874] loss: 4.3509054
W: [-0.14603114] b: [-0.7164457] loss: 4.346804
W: [-0.146242] b: [-0.7166037] loss: 4.342712
W: [-0.14645259] b: [-0.71676147] loss: 4.3386292
W: [-0.14666295] b: [-0.71691895] loss: 4.334555
W: [-0.14687307] b: [-0.7170761] loss: 4.330491
W: [-0.14708294] b: [-0.71723306] loss: 4.326435
W: [-0.14729257] b: [-0.7173897] loss: 4.322389
W: [-0.14750196] b: [-0.7175461] loss: 4.3183517
W: [-0.14771111] b: [-0.7177022] loss: 4.314324
W: [-0.14792003] b: [-0.717858] loss: 4.3103046
W: [-0.1481287] b: [-0.7180136] loss: 4.3062944
W: [-0.14833713] b: [-0.71816885] loss: 4.302294
W: [-0.14854531] b: [-0.7183239] loss: 4.298302
W: [-0.14875326] b: [-0.7184786] loss: 4.294319
W: [-0.14896096] b: [-0.71863306] loss: 4.290345
W: [-0.14916843] b: [-0.71878725] loss: 4.2863803
W: [-0.14937566] b: [-0.71894115] loss: 4.2824244
W: [-0.14958265] b: [-0.7190948] loss: 4.2784767
W: [-0.14978942] b: [-0.7192482] loss: 4.274538
W: [-0.14999595] b: [-0.7194013] loss: 4.270609
W: [-0.15020224] b: [-0.7195541] loss: 4.266688
W: [-0.1504083] b: [-0.71970665] loss: 4.2627754
W: [-0.15061411] b: [-0.71985894] loss: 4.258872
W: [-0.1508197] b: [-0.72001094] loss: 4.2549777
W: [-0.15102506] b: [-0.7201627] loss: 4.2510924
W: [-0.15123017] b: [-0.72031415] loss: 4.2472143
W: [-0.15143506] b: [-0.72046536] loss: 4.243346
W: [-0.15163971] b: [-0.7206163] loss: 4.239486
W: [-0.15184413] b: [-0.72076696] loss: 4.2356353
W: [-0.15204832] b: [-0.7209174] loss: 4.2317924
W: [-0.15225227] b: [-0.72106755] loss: 4.2279577
W: [-0.152456] b: [-0.72121745] loss: 4.2241325
W: [-0.15265949] b: [-0.72136706] loss: 4.2203155
W: [-0.15286276] b: [-0.72151643] loss: 4.2165065
W: [-0.15306579] b: [-0.7216655] loss: 4.212707
W: [-0.15326859] b: [-0.72181433] loss: 4.208915
W: [-0.15347117] b: [-0.72196287] loss: 4.2051315
W: [-0.15367351] b: [-0.72211117] loss: 4.201357
W: [-0.15387563] b: [-0.7222592] loss: 4.197591
W: [-0.15407753] b: [-0.722407] loss: 4.1938324
W: [-0.15427919] b: [-0.7225545] loss: 4.1900826
W: [-0.15448062] b: [-0.7227018] loss: 4.1863413
W: [-0.15468183] b: [-0.7228488] loss: 4.182608
W: [-0.15488282] b: [-0.7229955] loss: 4.1788836
W: [-0.15508358] b: [-0.72314197] loss: 4.175167
W: [-0.1552841] b: [-0.7232882] loss: 4.1714582
W: [-0.15548441] b: [-0.72343415] loss: 4.1677585
W: [-0.15568449] b: [-0.7235798] loss: 4.164067
W: [-0.15588434] b: [-0.72372526] loss: 4.1603827
W: [-0.15608397] b: [-0.72387046] loss: 4.1567073
W: [-0.15628338] b: [-0.72401536] loss: 4.1530395
W: [-0.15648256] b: [-0.72416] loss: 4.14938
W: [-0.15668152] b: [-0.72430444] loss: 4.1457286
W: [-0.15688026] b: [-0.7244486] loss: 4.1420856
W: [-0.15707879] b: [-0.7245925] loss: 4.13845
W: [-0.15727709] b: [-0.72473615] loss: 4.134823
W: [-0.15747517] b: [-0.72487956] loss: 4.1312037
W: [-0.15767303] b: [-0.7250227] loss: 4.127592
W: [-0.15787067] b: [-0.72516555] loss: 4.123989
W: [-0.15806808] b: [-0.7253082] loss: 4.1203933
W: [-0.15826528] b: [-0.7254506] loss: 4.116806
W: [-0.15846226] b: [-0.7255927] loss: 4.113226
W: [-0.15865901] b: [-0.72573453] loss: 4.1096544
W: [-0.15885556] b: [-0.72587615] loss: 4.1060905
W: [-0.15905188] b: [-0.72601753] loss: 4.1025343
W: [-0.159248] b: [-0.7261586] loss: 4.0989857
W: [-0.15944389] b: [-0.72629946] loss: 4.0954456
W: [-0.15963955] b: [-0.7264401] loss: 4.0919123
W: [-0.15983501] b: [-0.72658044] loss: 4.0883875
W: [-0.16003025] b: [-0.7267206] loss: 4.0848703
W: [-0.16022527] b: [-0.72686046] loss: 4.0813603
W: [-0.16042008] b: [-0.72700006] loss: 4.077859
W: [-0.16061467] b: [-0.7271394] loss: 4.074364
W: [-0.16080905] b: [-0.72727853] loss: 4.0708776
W: [-0.16100322] b: [-0.7274174] loss: 4.067399
W: [-0.16119717] b: [-0.72755605] loss: 4.063927
W: [-0.16139092] b: [-0.72769445] loss: 4.060463
W: [-0.16158444] b: [-0.72783256] loss: 4.057007
W: [-0.16177775] b: [-0.7279704] loss: 4.0535583
W: [-0.16197085] b: [-0.72810805] loss: 4.050117
W: [-0.16216375] b: [-0.72824544] loss: 4.046683
W: [-0.16235642] b: [-0.7283826] loss: 4.0432568
W: [-0.16254888] b: [-0.7285195] loss: 4.0398383
W: [-0.16274114] b: [-0.7286562] loss: 4.0364265
W: [-0.16293319] b: [-0.7287926] loss: 4.0330224
W: [-0.16312502] b: [-0.7289288] loss: 4.029626
W: [-0.16331665] b: [-0.7290647] loss: 4.0262365
W: [-0.16350807] b: [-0.72920036] loss: 4.022855
W: [-0.16369928] b: [-0.7293358] loss: 4.01948
W: [-0.16389029] b: [-0.72947097] loss: 4.0161133
W: [-0.16408108] b: [-0.7296059] loss: 4.0127535
W: [-0.16427167] b: [-0.7297406] loss: 4.009401
W: [-0.16446204] b: [-0.7298751] loss: 4.006056
W: [-0.16465221] b: [-0.7300093] loss: 4.0027175
W: [-0.16484217] b: [-0.7301433] loss: 3.9993868
W: [-0.16503192] b: [-0.73027706] loss: 3.9960635
W: [-0.16522147] b: [-0.7304106] loss: 3.992747
W: [-0.16541082] b: [-0.73054385] loss: 3.9894376
W: [-0.16559996] b: [-0.7306769] loss: 3.9861355
W: [-0.16578889] b: [-0.7308097] loss: 3.9828405
W: [-0.16597761] b: [-0.73094225] loss: 3.979553
W: [-0.16616614] b: [-0.7310746] loss: 3.9762723
W: [-0.16635446] b: [-0.73120666] loss: 3.9729981
W: [-0.16654257] b: [-0.7313385] loss: 3.9697318
W: [-0.1667305] b: [-0.7314701] loss: 3.9664721
W: [-0.1669182] b: [-0.7316015] loss: 3.9632196
W: [-0.1671057] b: [-0.7317326] loss: 3.9599743
W: [-0.16729301] b: [-0.7318635] loss: 3.9567358
W: [-0.16748011] b: [-0.73199415] loss: 3.9535043
W: [-0.16766702] b: [-0.73212457] loss: 3.9502797
W: [-0.16785371] b: [-0.73225474] loss: 3.947062
W: [-0.16804022] b: [-0.73238474] loss: 3.9438515
W: [-0.16822651] b: [-0.7325145] loss: 3.9406474
W: [-0.16841261] b: [-0.732644] loss: 3.9374504
W: [-0.1685985] b: [-0.7327733] loss: 3.9342606
W: [-0.1687842] b: [-0.73290235] loss: 3.9310772
W: [-0.1689697] b: [-0.73303115] loss: 3.9279006
W: [-0.169155] b: [-0.7331597] loss: 3.9247308
W: [-0.1693401] b: [-0.73328805] loss: 3.9215684
W: [-0.16952501] b: [-0.73341614] loss: 3.9184122
W: [-0.16970971] b: [-0.733544] loss: 3.9152632
W: [-0.16989422] b: [-0.73367167] loss: 3.9121206
W: [-0.17007853] b: [-0.7337991] loss: 3.9089842
W: [-0.17026265] b: [-0.7339263] loss: 3.9058557
W: [-0.17044656] b: [-0.73405325] loss: 3.9027333
W: [-0.17063028] b: [-0.73418] loss: 3.8996177
W: [-0.1708138] b: [-0.73430645] loss: 3.8965085
W: [-0.17099713] b: [-0.73443276] loss: 3.893406
W: [-0.17118026] b: [-0.7345588] loss: 3.8903105
W: [-0.1713632] b: [-0.73468465] loss: 3.8872209
W: [-0.17154595] b: [-0.73481023] loss: 3.8841386
W: [-0.1717285] b: [-0.7349356] loss: 3.881062
W: [-0.17191087] b: [-0.7350607] loss: 3.8779926
W: [-0.17209303] b: [-0.7351856] loss: 3.8749297
W: [-0.172275] b: [-0.7353103] loss: 3.8718731
W: [-0.17245679] b: [-0.7354348] loss: 3.868823
W: [-0.17263837] b: [-0.735559] loss: 3.8657796
W: [-0.17281976] b: [-0.73568296] loss: 3.8627427
W: [-0.17300096] b: [-0.73580676] loss: 3.8597124
W: [-0.17318197] b: [-0.7359303] loss: 3.856688
W: [-0.17336278] b: [-0.73605365] loss: 3.8536708
W: [-0.1735434] b: [-0.7361767] loss: 3.8506596
W: [-0.17372383] b: [-0.73629963] loss: 3.8476543
W: [-0.17390408] b: [-0.7364223] loss: 3.844656
W: [-0.17408413] b: [-0.7365447] loss: 3.841664
W: [-0.17426398] b: [-0.7366669] loss: 3.8386786
W: [-0.17444366] b: [-0.7367889] loss: 3.8356988
W: [-0.17462315] b: [-0.7369107] loss: 3.8327258
W: [-0.17480244] b: [-0.73703223] loss: 3.8297594
W: [-0.17498153] b: [-0.7371536] loss: 3.826799
W: [-0.17516045] b: [-0.7372747] loss: 3.8238442
W: [-0.17533918] b: [-0.7373956] loss: 3.8208964
W: [-0.17551772] b: [-0.7375163] loss: 3.8179545
W: [-0.17569607] b: [-0.73763674] loss: 3.8150187
W: [-0.17587423] b: [-0.73775697] loss: 3.8120897
W: [-0.17605221] b: [-0.73787695] loss: 3.8091664
W: [-0.17623] b: [-0.73799676] loss: 3.8062499
W: [-0.1764076] b: [-0.7381163] loss: 3.8033385
W: [-0.17658502] b: [-0.73823565] loss: 3.8004339
W: [-0.17676225] b: [-0.7383548] loss: 3.7975354
W: [-0.17693931] b: [-0.7384737] loss: 3.794643
W: [-0.17711617] b: [-0.73859245] loss: 3.7917564
W: [-0.17729285] b: [-0.73871094] loss: 3.788876
W: [-0.17746934] b: [-0.7388292] loss: 3.7860017
W: [-0.17764565] b: [-0.7389473] loss: 3.7831337
W: [-0.17782179] b: [-0.7390651] loss: 3.7802715
W: [-0.17799772] b: [-0.7391827] loss: 3.7774153
W: [-0.17817348] b: [-0.73930013] loss: 3.774565
W: [-0.17834906] b: [-0.7394173] loss: 3.771721
W: [-0.17852445] b: [-0.7395343] loss: 3.768883
W: [-0.17869966] b: [-0.7396511] loss: 3.7660508
W: [-0.17887469] b: [-0.7397676] loss: 3.7632241
W: [-0.17904954] b: [-0.73988396] loss: 3.7604039
W: [-0.17922421] b: [-0.74000007] loss: 3.7575893
W: [-0.17939869] b: [-0.740116] loss: 3.7547808
W: [-0.17957298] b: [-0.7402317] loss: 3.751978
W: [-0.1797471] b: [-0.74034715] loss: 3.7491813
W: [-0.17992105] b: [-0.7404624] loss: 3.7463903
W: [-0.18009481] b: [-0.74057746] loss: 3.7436054
W: [-0.18026839] b: [-0.7406923] loss: 3.7408261
W: [-0.1804418] b: [-0.74080694] loss: 3.7380524
W: [-0.18061502] b: [-0.7409214] loss: 3.7352846
W: [-0.18078807] b: [-0.7410356] loss: 3.7325227
W: [-0.18096094] b: [-0.7411496] loss: 3.7297666
W: [-0.18113363] b: [-0.7412634] loss: 3.727016
W: [-0.18130614] b: [-0.741377] loss: 3.7242713
W: [-0.18147847] b: [-0.74149036] loss: 3.7215326
W: [-0.18165062] b: [-0.74160355] loss: 3.718799
W: [-0.1818226] b: [-0.7417165] loss: 3.7160716
W: [-0.1819944] b: [-0.7418293] loss: 3.7133496
W: [-0.18216601] b: [-0.7419418] loss: 3.7106338
W: [-0.18233746] b: [-0.74205416] loss: 3.707923
W: [-0.18250874] b: [-0.7421663] loss: 3.7052178
W: [-0.18267983] b: [-0.7422782] loss: 3.7025185
W: [-0.18285075] b: [-0.7423899] loss: 3.699825
W: [-0.18302149] b: [-0.74250144] loss: 3.697137
W: [-0.18319206] b: [-0.7426127] loss: 3.6944547
W: [-0.18336245] b: [-0.7427238] loss: 3.6917777
W: [-0.18353267] b: [-0.7428347] loss: 3.689106
W: [-0.18370272] b: [-0.7429454] loss: 3.6864402
W: [-0.1838726] b: [-0.7430558] loss: 3.6837802
W: [-0.18404229] b: [-0.7431661] loss: 3.6811252
W: [-0.18421182] b: [-0.7432761] loss: 3.6784763
W: [-0.18438117] b: [-0.743386] loss: 3.6758323
W: [-0.18455034] b: [-0.74349564] loss: 3.673194
W: [-0.18471935] b: [-0.7436051] loss: 3.6705613
W: [-0.18488818] b: [-0.74371433] loss: 3.6679337
W: [-0.18505685] b: [-0.74382335] loss: 3.6653118
The size of the loss captured was:  1000
