unload bsc/commands (PATH, MANPATH) 
unload CUDA/9.1 (PATH, MANPATH, LD_LIBRARY_PATH, LIBRARY_PATH, C_INCLUDE_PATH,
CPLUS_INCLUDE_PATH, CUDA_HOME, CUDA_VERSION, CUDA_INC, CUDA_INSTALL_PATH) 
unload OPENMPI/3.0.0 (PATH, MANPATH, LD_LIBRARY_PATH, LIBRARY_PATH,
PKG_CONFIG_PATH, C_INCLUDE_PATH, CPLUS_INCLUDE_PATH, MPI, MPI_V) 
unload GCC/6.4.0 (PATH, MANPATH, INFOPATH, LD_LIBRARY_PATH, LIBRARY_PATH,
C_INCLUDE_PATH, CPLUS_INCLUDE_PATH, STD COMP VARS) 
load FFMPEG/4.0.2 (PATH, LIBRARY_PATH, PKG_CONFIG_PATH, C_INCLUDE_PATH,
CPLUS_INCLUDE_PATH) 
load GCC/6.4.0 (PATH, MANPATH, INFOPATH, LD_LIBRARY_PATH, LIBRARY_PATH,
C_INCLUDE_PATH, CPLUS_INCLUDE_PATH, STD COMP VARS) 
load CUDA/9.1 (PATH, MANPATH, LD_LIBRARY_PATH, LIBRARY_PATH, C_INCLUDE_PATH,
CPLUS_INCLUDE_PATH, CUDA_HOME, CUDA_VERSION, CUDA_INC, CUDA_INSTALL_PATH) 
load CUDNN/7.1.3 (LD_LIBRARY_PATH, LIBRARY_PATH, C_INCLUDE_PATH,
CPLUS_INCLUDE_PATH) 
load OPENMPI/3.0.0 (PATH, MANPATH, LD_LIBRARY_PATH, LIBRARY_PATH,
PKG_CONFIG_PATH, C_INCLUDE_PATH, CPLUS_INCLUDE_PATH, MPI, MPI_V) 
load ATLAS/3.10.3 (LD_LIBRARY_PATH, LIBRARY_PATH, C_INCLUDE_PATH,
CPLUS_INCLUDE_PATH) 
load SCALAPACK/2.0.2 (LD_LIBRARY_PATH, LIBRARY_PATH, PKG_CONFIG_PATH) 
load FFTW/3.3.7 (PATH, MANPATH, LD_LIBRARY_PATH, LIBRARY_PATH, C_INCLUDE_PATH,
CPLUS_INCLUDE_PATH) 
load SZIP/2.1.1 (LD_LIBRARY_PATH, LIBRARY_PATH, C_INCLUDE_PATH,
CPLUS_INCLUDE_PATH) 
load OPENCV/3.4.1 (PATH, LD_LIBRARY_PATH, LIBRARY_PATH, PKG_CONFIG_PATH,
C_INCLUDE_PATH, CPLUS_INCLUDE_PATH, PYTHONPATH) 
load PYTHON/3.6.5_ML (PATH, MANPATH, LD_LIBRARY_PATH, LIBRARY_PATH,
PKG_CONFIG_PATH, C_INCLUDE_PATH, CPLUS_INCLUDE_PATH, PYTHONHOME, PYTHONPATH) 
WARNING:tensorflow:From /apps/PYTHON/3.6.5_ML/lib/python3.6/site-packages/tensorflow/python/framework/op_def_library.py:263: colocate_with (from tensorflow.python.framework.ops) is deprecated and will be removed in a future version.
Instructions for updating:
Colocations handled automatically by placer.
WARNING:tensorflow:From /apps/PYTHON/3.6.5_ML/lib/python3.6/site-packages/tensorflow/python/ops/math_ops.py:3066: to_int32 (from tensorflow.python.ops.math_ops) is deprecated and will be removed in a future version.
Instructions for updating:
Use tf.cast instead.
2023-01-06 16:43:05.953813: W tensorflow/core/platform/profile_utils/cpu_utils.cc:98] Failed to find bogomips in /proc/cpuinfo; cannot determine CPU frequency
2023-01-06 16:43:05.958328: I tensorflow/compiler/xla/service/service.cc:150] XLA service 0x3ca607d0 executing computations on platform Host. Devices:
2023-01-06 16:43:05.958378: I tensorflow/compiler/xla/service/service.cc:158]   StreamExecutor device (0): <undefined>, <undefined>
2023-01-06 16:43:06.399897: I tensorflow/compiler/xla/service/service.cc:150] XLA service 0x3cb340f0 executing computations on platform CUDA. Devices:
2023-01-06 16:43:06.399969: I tensorflow/compiler/xla/service/service.cc:158]   StreamExecutor device (0): Tesla V100-SXM2-16GB, Compute Capability 7.0
2023-01-06 16:43:06.399983: I tensorflow/compiler/xla/service/service.cc:158]   StreamExecutor device (1): Tesla V100-SXM2-16GB, Compute Capability 7.0
2023-01-06 16:43:06.399996: I tensorflow/compiler/xla/service/service.cc:158]   StreamExecutor device (2): Tesla V100-SXM2-16GB, Compute Capability 7.0
2023-01-06 16:43:06.400008: I tensorflow/compiler/xla/service/service.cc:158]   StreamExecutor device (3): Tesla V100-SXM2-16GB, Compute Capability 7.0
2023-01-06 16:43:06.401749: I tensorflow/core/common_runtime/gpu/gpu_device.cc:1433] Found device 0 with properties: 
name: Tesla V100-SXM2-16GB major: 7 minor: 0 memoryClockRate(GHz): 1.53
pciBusID: 0004:04:00.0
totalMemory: 15.78GiB freeMemory: 15.47GiB
2023-01-06 16:43:06.401802: I tensorflow/core/common_runtime/gpu/gpu_device.cc:1433] Found device 1 with properties: 
name: Tesla V100-SXM2-16GB major: 7 minor: 0 memoryClockRate(GHz): 1.53
pciBusID: 0004:05:00.0
totalMemory: 15.78GiB freeMemory: 15.47GiB
2023-01-06 16:43:06.401847: I tensorflow/core/common_runtime/gpu/gpu_device.cc:1433] Found device 2 with properties: 
name: Tesla V100-SXM2-16GB major: 7 minor: 0 memoryClockRate(GHz): 1.53
pciBusID: 0035:03:00.0
totalMemory: 15.78GiB freeMemory: 15.47GiB
2023-01-06 16:43:06.402825: I tensorflow/core/common_runtime/gpu/gpu_device.cc:1433] Found device 3 with properties: 
name: Tesla V100-SXM2-16GB major: 7 minor: 0 memoryClockRate(GHz): 1.53
pciBusID: 0035:04:00.0
totalMemory: 15.78GiB freeMemory: 15.47GiB
2023-01-06 16:43:06.402890: I tensorflow/core/common_runtime/gpu/gpu_device.cc:1512] Adding visible gpu devices: 0, 1, 2, 3
2023-01-06 16:43:06.419035: I tensorflow/core/common_runtime/gpu/gpu_device.cc:984] Device interconnect StreamExecutor with strength 1 edge matrix:
2023-01-06 16:43:06.419088: I tensorflow/core/common_runtime/gpu/gpu_device.cc:990]      0 1 2 3 
2023-01-06 16:43:06.419104: I tensorflow/core/common_runtime/gpu/gpu_device.cc:1003] 0:   N Y Y Y 
2023-01-06 16:43:06.419117: I tensorflow/core/common_runtime/gpu/gpu_device.cc:1003] 1:   Y N Y Y 
2023-01-06 16:43:06.419129: I tensorflow/core/common_runtime/gpu/gpu_device.cc:1003] 2:   Y Y N Y 
2023-01-06 16:43:06.419142: I tensorflow/core/common_runtime/gpu/gpu_device.cc:1003] 3:   Y Y Y N 
2023-01-06 16:43:06.419419: I tensorflow/core/common_runtime/gpu/gpu_device.cc:1115] Created TensorFlow device (/job:localhost/replica:0/task:0/device:GPU:0 with 15050 MB memory) -> physical GPU (device: 0, name: Tesla V100-SXM2-16GB, pci bus id: 0004:04:00.0, compute capability: 7.0)
2023-01-06 16:43:06.419679: I tensorflow/core/common_runtime/gpu/gpu_device.cc:1115] Created TensorFlow device (/job:localhost/replica:0/task:0/device:GPU:1 with 15050 MB memory) -> physical GPU (device: 1, name: Tesla V100-SXM2-16GB, pci bus id: 0004:05:00.0, compute capability: 7.0)
2023-01-06 16:43:06.421385: I tensorflow/core/common_runtime/gpu/gpu_device.cc:1115] Created TensorFlow device (/job:localhost/replica:0/task:0/device:GPU:2 with 15050 MB memory) -> physical GPU (device: 2, name: Tesla V100-SXM2-16GB, pci bus id: 0035:03:00.0, compute capability: 7.0)
2023-01-06 16:43:06.422326: I tensorflow/core/common_runtime/gpu/gpu_device.cc:1115] Created TensorFlow device (/job:localhost/replica:0/task:0/device:GPU:3 with 15050 MB memory) -> physical GPU (device: 3, name: Tesla V100-SXM2-16GB, pci bus id: 0035:04:00.0, compute capability: 7.0)
