[1673017483.203623] [p9r1n01:106744:0]         mxm.c:196  MXM  WARN  The 'ulimit -s' on the system is set to 'unlimited'. This may have negative performance implications. Please set the stack size to the default value (10240) 
[1673017483.235588] [p9r1n01:106744:0]         mxm.c:196  MXM  WARN  The 'ulimit -s' on the system is set to 'unlimited'. This may have negative performance implications. Please set the stack size to the default value (10240) 
W: [0.3] b: [-0.3] loss: 23.660002
W: [0.24800001] b: [-0.3156] loss: 20.810959
W: [0.199432] b: [-0.3300352] loss: 18.329353
W: [0.15406679] b: [-0.34338358] loss: 16.167736
W: [0.11169045] b: [-0.35571784] loss: 14.284781
W: [0.07210337] b: [-0.3671059] loss: 12.644506
W: [0.03511929] b: [-0.37761113] loss: 11.215571
W: [0.00056435] b: [-0.38729262] loss: 9.970683
W: [-0.03172366] b: [-0.39620557] loss: 8.886077
W: [-0.06189613] b: [-0.40440145] loss: 7.9410515
W: [-0.09009434] b: [-0.41192833] loss: 7.1175833
W: [-0.11645011] b: [-0.41883102] loss: 6.3999786
W: [-0.14108649] b: [-0.42515138] loss: 5.7745633
W: [-0.16411828] b: [-0.43092844] loss: 5.229434
W: [-0.18565261] b: [-0.43619865] loss: 4.754224
W: [-0.20578948] b: [-0.44099602] loss: 4.339905
W: [-0.22462219] b: [-0.44535226] loss: 3.9786136
W: [-0.24223782] b: [-0.44929698] loss: 3.6635034
W: [-0.25871763] b: [-0.45285785] loss: 3.3886123
W: [-0.2741374] b: [-0.45606065] loss: 3.1487463
W: [-0.28856796] b: [-0.45892942] loss: 2.939384
W: [-0.3020753] b: [-0.46148664] loss: 2.7565868
W: [-0.31472105] b: [-0.46375325] loss: 2.5969257
W: [-0.32656273] b: [-0.46574882] loss: 2.4574137
W: [-0.337654] b: [-0.46749157] loss: 2.3354492
W: [-0.34804493] b: [-0.46899855] loss: 2.2287683
W: [-0.35778227] b: [-0.47028565] loss: 2.1353974
W: [-0.36690962] b: [-0.47136772] loss: 2.0536199
W: [-0.3754677] b: [-0.47225857] loss: 1.9819384
W: [-0.38349447] b: [-0.47297114] loss: 1.9190509
W: [-0.39102536] b: [-0.47351748] loss: 1.8638229
W: [-0.3980935] b: [-0.47390884] loss: 1.8152661
W: [-0.4047297] b: [-0.4741557] loss: 1.7725198
W: [-0.4109628] b: [-0.47426784] loss: 1.7348354
W: [-0.41681966] b: [-0.47425443] loss: 1.7015597
W: [-0.4223254] b: [-0.474124] loss: 1.6721246
W: [-0.4275034] b: [-0.47388452] loss: 1.6460352
W: [-0.43237552] b: [-0.47354338] loss: 1.6228611
W: [-0.43696213] b: [-0.47310752] loss: 1.6022259
W: [-0.44128224] b: [-0.4725834] loss: 1.5838037
W: [-0.44535363] b: [-0.4719771] loss: 1.5673089
W: [-0.44919285] b: [-0.47129422] loss: 1.5524946
W: [-0.45281538] b: [-0.47054002] loss: 1.5391445
W: [-0.45623565] b: [-0.46971938] loss: 1.5270703
W: [-0.4594671] b: [-0.4688369] loss: 1.5161083
W: [-0.46252236] b: [-0.46789688] loss: 1.5061164
W: [-0.4654131] b: [-0.46690327] loss: 1.4969702
W: [-0.46815026] b: [-0.46585977] loss: 1.4885609
W: [-0.47074404] b: [-0.4647699] loss: 1.4807956
W: [-0.47320402] b: [-0.46363685] loss: 1.4735913
W: [-0.47553903] b: [-0.46246368] loss: 1.466877
W: [-0.47775742] b: [-0.4612532] loss: 1.4605901
W: [-0.47986692] b: [-0.46000803] loss: 1.4546771
W: [-0.48187473] b: [-0.4587306] loss: 1.4490901
W: [-0.48378763] b: [-0.45742327] loss: 1.4437882
W: [-0.48561192] b: [-0.45608813] loss: 1.438736
W: [-0.48735344] b: [-0.45472717] loss: 1.4339018
W: [-0.4890177] b: [-0.4533423] loss: 1.4292588
W: [-0.4906098] b: [-0.4519352] loss: 1.4247835
W: [-0.4921345] b: [-0.45050752] loss: 1.4204549
W: [-0.4935963] b: [-0.44906077] loss: 1.416255
W: [-0.4949993] b: [-0.44759634] loss: 1.4121685
W: [-0.4963474] b: [-0.44611558] loss: 1.4081819
W: [-0.49764425] b: [-0.44461972] loss: 1.4042832
W: [-0.4988932] b: [-0.44310987] loss: 1.4004619
W: [-0.5000974] b: [-0.44158712] loss: 1.3967088
W: [-0.5012598] b: [-0.44005248] loss: 1.393017
W: [-0.5023832] b: [-0.43850687] loss: 1.3893788
W: [-0.50347006] b: [-0.43695116] loss: 1.3857884
W: [-0.50452286] b: [-0.43538615] loss: 1.3822409
W: [-0.50554377] b: [-0.43381262] loss: 1.3787317
W: [-0.5065349] b: [-0.43223125] loss: 1.3752569
W: [-0.50749815] b: [-0.4306427] loss: 1.371813
W: [-0.5084354] b: [-0.42904758] loss: 1.3683965
W: [-0.50934833] b: [-0.42744648] loss: 1.3650055
W: [-0.5102385] b: [-0.42583996] loss: 1.3616377
W: [-0.51110744] b: [-0.42422846] loss: 1.3582909
W: [-0.51195645] b: [-0.4226125] loss: 1.3549634
W: [-0.5127868] b: [-0.42099246] loss: 1.3516537
W: [-0.51359975] b: [-0.41936877] loss: 1.3483604
W: [-0.51439637] b: [-0.41774184] loss: 1.3450828
W: [-0.5151777] b: [-0.41611198] loss: 1.341819
W: [-0.51594484] b: [-0.41447952] loss: 1.3385689
W: [-0.51669854] b: [-0.41284478] loss: 1.3353316
W: [-0.5174397] b: [-0.41120803] loss: 1.3321061
W: [-0.51816916] b: [-0.40956956] loss: 1.3288924
W: [-0.51888764] b: [-0.40792963] loss: 1.3256896
W: [-0.5195958] b: [-0.40628844] loss: 1.3224971
W: [-0.5202943] b: [-0.40464622] loss: 1.3193148
W: [-0.52098376] b: [-0.40300316] loss: 1.3161421
W: [-0.5216647] b: [-0.40135947] loss: 1.3129791
W: [-0.5223376] b: [-0.3997153] loss: 1.3098254
W: [-0.52300304] b: [-0.39807084] loss: 1.3066806
W: [-0.52366143] b: [-0.3964262] loss: 1.3035443
W: [-0.5243132] b: [-0.39478156] loss: 1.300417
W: [-0.5249588] b: [-0.39313704] loss: 1.2972977
W: [-0.5255985] b: [-0.39149275] loss: 1.2941866
W: [-0.5262328] b: [-0.38984883] loss: 1.2910839
W: [-0.52686185] b: [-0.38820538] loss: 1.2879895
W: [-0.527486] b: [-0.3865625] loss: 1.2849027
W: [-0.5281056] b: [-0.38492027] loss: 1.2818238
W: [-0.52872086] b: [-0.3832788] loss: 1.2787529
W: [-0.52933204] b: [-0.38163814] loss: 1.2756897
W: [-0.52993935] b: [-0.3799984] loss: 1.2726338
W: [-0.530543] b: [-0.37835962] loss: 1.2695858
W: [-0.53114325] b: [-0.3767219] loss: 1.2665453
W: [-0.5317402] b: [-0.37508523] loss: 1.263512
W: [-0.5323341] b: [-0.37344974] loss: 1.2604864
W: [-0.53292507] b: [-0.37181547] loss: 1.2574682
W: [-0.53351325] b: [-0.37018245] loss: 1.2544571
W: [-0.5340988] b: [-0.36855072] loss: 1.2514536
W: [-0.53468186] b: [-0.36692032] loss: 1.2484574
W: [-0.5352625] b: [-0.36529133] loss: 1.2454684
W: [-0.5358409] b: [-0.36366373] loss: 1.2424867
W: [-0.5364172] b: [-0.3620376] loss: 1.2395118
W: [-0.5369914] b: [-0.36041296] loss: 1.2365447
W: [-0.5375637] b: [-0.35878983] loss: 1.2335842
W: [-0.53813404] b: [-0.35716823] loss: 1.2306312
W: [-0.5387026] b: [-0.3555482] loss: 1.2276852
W: [-0.5392695] b: [-0.35392976] loss: 1.2247463
W: [-0.53983474] b: [-0.35231292] loss: 1.2218143
W: [-0.5403984] b: [-0.35069773] loss: 1.2188895
W: [-0.54096055] b: [-0.34908417] loss: 1.2159717
W: [-0.54152125] b: [-0.34747228] loss: 1.2130611
W: [-0.5420805] b: [-0.3458621] loss: 1.2101572
W: [-0.5426384] b: [-0.34425357] loss: 1.2072603
W: [-0.54319507] b: [-0.34264678] loss: 1.2043704
W: [-0.5437504] b: [-0.3410417] loss: 1.2014874
W: [-0.54430455] b: [-0.33943838] loss: 1.1986114
W: [-0.5448575] b: [-0.33783677] loss: 1.1957422
W: [-0.5454093] b: [-0.33623692] loss: 1.1928802
W: [-0.54596] b: [-0.33463883] loss: 1.1900246
W: [-0.5465096] b: [-0.33304253] loss: 1.1871759
W: [-0.5470582] b: [-0.331448] loss: 1.184334
W: [-0.54760575] b: [-0.32985523] loss: 1.1814992
W: [-0.5481523] b: [-0.32826427] loss: 1.178671
W: [-0.5486979] b: [-0.32667512] loss: 1.1758497
W: [-0.5492425] b: [-0.32508776] loss: 1.1730351
W: [-0.5497862] b: [-0.3235022] loss: 1.170227
W: [-0.55032897] b: [-0.32191846] loss: 1.1674261
W: [-0.55087084] b: [-0.32033652] loss: 1.1646314
W: [-0.55141187] b: [-0.3187564] loss: 1.1618438
W: [-0.551952] b: [-0.3171781] loss: 1.1590627
W: [-0.5524913] b: [-0.31560165] loss: 1.1562883
W: [-0.5530298] b: [-0.314027] loss: 1.1535205
W: [-0.55356747] b: [-0.3124542] loss: 1.1507592
W: [-0.5541043] b: [-0.31088322] loss: 1.1480047
W: [-0.5546404] b: [-0.30931407] loss: 1.1452568
W: [-0.5551757] b: [-0.30774674] loss: 1.1425153
W: [-0.55571026] b: [-0.30618125] loss: 1.1397805
W: [-0.556244] b: [-0.30461758] loss: 1.1370522
W: [-0.556777] b: [-0.30305576] loss: 1.1343305
W: [-0.55730927] b: [-0.3014958] loss: 1.1316152
W: [-0.5578408] b: [-0.29993764] loss: 1.1289062
W: [-0.5583716] b: [-0.29838133] loss: 1.1262043
W: [-0.55890167] b: [-0.29682684] loss: 1.1235085
W: [-0.559431] b: [-0.2952742] loss: 1.1208191
W: [-0.55995965] b: [-0.29372337] loss: 1.1181362
W: [-0.5604876] b: [-0.2921744] loss: 1.1154598
W: [-0.5610149] b: [-0.29062724] loss: 1.1127896
W: [-0.56154144] b: [-0.28908193] loss: 1.1101259
W: [-0.56206733] b: [-0.28753844] loss: 1.1074686
W: [-0.5625925] b: [-0.2859968] loss: 1.1048176
W: [-0.563117] b: [-0.28445697] loss: 1.1021732
W: [-0.5636409] b: [-0.28291896] loss: 1.099535
W: [-0.56416404] b: [-0.2813828] loss: 1.096903
W: [-0.56468654] b: [-0.27984846] loss: 1.0942773
W: [-0.5652084] b: [-0.27831593] loss: 1.091658
W: [-0.56572956] b: [-0.27678522] loss: 1.0890449
W: [-0.5662501] b: [-0.27525637] loss: 1.0864381
W: [-0.56676996] b: [-0.27372932] loss: 1.0838374
W: [-0.5672892] b: [-0.2722041] loss: 1.081243
W: [-0.56780773] b: [-0.2706807] loss: 1.078655
W: [-0.56832564] b: [-0.2691591] loss: 1.076073
W: [-0.56884295] b: [-0.2676393] loss: 1.0734972
W: [-0.5693596] b: [-0.26612133] loss: 1.0709275
W: [-0.5698756] b: [-0.26460516] loss: 1.0683643
W: [-0.57039094] b: [-0.26309082] loss: 1.0658069
W: [-0.5709057] b: [-0.26157826] loss: 1.0632555
W: [-0.5714198] b: [-0.26006752] loss: 1.0607105
W: [-0.5719332] b: [-0.2585586] loss: 1.0581715
W: [-0.57244605] b: [-0.25705147] loss: 1.0556386
W: [-0.57295823] b: [-0.25554612] loss: 1.0531117
W: [-0.5734698] b: [-0.2540426] loss: 1.0505909
W: [-0.57398075] b: [-0.25254086] loss: 1.0480762
W: [-0.5744911] b: [-0.2510409] loss: 1.0455673
W: [-0.5750008] b: [-0.24954276] loss: 1.0430646
W: [-0.5755099] b: [-0.2480464] loss: 1.0405678
W: [-0.5760184] b: [-0.24655183] loss: 1.038077
W: [-0.5765262] b: [-0.24505904] loss: 1.0355922
W: [-0.57703346] b: [-0.24356805] loss: 1.0331135
W: [-0.5775401] b: [-0.24207884] loss: 1.0306405
W: [-0.57804614] b: [-0.2405914] loss: 1.0281734
W: [-0.57855153] b: [-0.23910575] loss: 1.0257123
W: [-0.5790563] b: [-0.23762187] loss: 1.023257
W: [-0.5795605] b: [-0.23613977] loss: 1.0208075
W: [-0.5800641] b: [-0.23465945] loss: 1.0183641
W: [-0.58056706] b: [-0.2331809] loss: 1.0159264
W: [-0.5810694] b: [-0.2317041] loss: 1.0134947
W: [-0.58157116] b: [-0.23022908] loss: 1.0110686
W: [-0.5820723] b: [-0.22875582] loss: 1.0086485
W: [-0.5825729] b: [-0.22728433] loss: 1.0062339
W: [-0.58307284] b: [-0.2258146] loss: 1.0038254
W: [-0.5835722] b: [-0.22434662] loss: 1.0014225
W: [-0.5840709] b: [-0.22288041] loss: 0.9990256
W: [-0.58456904] b: [-0.22141595] loss: 0.9966341
W: [-0.58506656] b: [-0.21995324] loss: 0.9942485
W: [-0.5855635] b: [-0.21849228] loss: 0.9918686
W: [-0.5860598] b: [-0.21703307] loss: 0.9894943
W: [-0.58655554] b: [-0.2155756] loss: 0.9871258
W: [-0.5870507] b: [-0.2141199] loss: 0.984763
W: [-0.5875452] b: [-0.21266593] loss: 0.9824057
W: [-0.58803916] b: [-0.2112137] loss: 0.9800544
W: [-0.5885325] b: [-0.2097632] loss: 0.9777082
W: [-0.5890253] b: [-0.20831445] loss: 0.975368
W: [-0.58951753] b: [-0.20686743] loss: 0.9730332
W: [-0.59000915] b: [-0.20542213] loss: 0.970704
W: [-0.5905002] b: [-0.20397857] loss: 0.9683805
W: [-0.5909906] b: [-0.20253673] loss: 0.9660625
W: [-0.59148043] b: [-0.20109662] loss: 0.9637501
W: [-0.59196967] b: [-0.19965824] loss: 0.9614432
W: [-0.5924583] b: [-0.19822158] loss: 0.9591416
W: [-0.59294635] b: [-0.19678664] loss: 0.9568459
W: [-0.59343386] b: [-0.19535342] loss: 0.9545553
W: [-0.59392077] b: [-0.19392191] loss: 0.9522706
W: [-0.5944071] b: [-0.19249211] loss: 0.9499912
W: [-0.5948928] b: [-0.19106403] loss: 0.9477171
W: [-0.5953779] b: [-0.18963766] loss: 0.9454485
W: [-0.5958625] b: [-0.188213] loss: 0.9431853
W: [-0.5963465] b: [-0.18679005] loss: 0.94092774
W: [-0.5968299] b: [-0.18536879] loss: 0.93867546
W: [-0.59731275] b: [-0.18394925] loss: 0.93642855
W: [-0.597795] b: [-0.1825314] loss: 0.93418705
W: [-0.5982767] b: [-0.18111525] loss: 0.93195105
W: [-0.59875774] b: [-0.17970079] loss: 0.9297201
W: [-0.5992383] b: [-0.17828803] loss: 0.9274947
W: [-0.5997182] b: [-0.17687696] loss: 0.92527455
W: [-0.60019755] b: [-0.17546758] loss: 0.9230599
W: [-0.60067636] b: [-0.17405988] loss: 0.92085016
W: [-0.60115457] b: [-0.17265388] loss: 0.91864604
W: [-0.60163224] b: [-0.17124955] loss: 0.9164469
W: [-0.6021093] b: [-0.1698469] loss: 0.91425323
W: [-0.6025858] b: [-0.16844594] loss: 0.9120648
W: [-0.60306174] b: [-0.16704667] loss: 0.9098816
W: [-0.6035371] b: [-0.16564906] loss: 0.9077039
W: [-0.6040119] b: [-0.16425312] loss: 0.90553087
W: [-0.6044861] b: [-0.16285886] loss: 0.9033632
W: [-0.6049598] b: [-0.16146627] loss: 0.901201
W: [-0.60543287] b: [-0.16007535] loss: 0.8990438
W: [-0.6059054] b: [-0.15868609] loss: 0.8968918
W: [-0.60637736] b: [-0.15729849] loss: 0.8947448
W: [-0.6068488] b: [-0.15591255] loss: 0.8926031
W: [-0.6073196] b: [-0.15452828] loss: 0.89046645
W: [-0.6077899] b: [-0.15314566] loss: 0.88833517
W: [-0.60825956] b: [-0.15176469] loss: 0.88620865
W: [-0.6087287] b: [-0.15038538] loss: 0.8840873
W: [-0.60919726] b: [-0.14900772] loss: 0.88197106
W: [-0.6096653] b: [-0.14763172] loss: 0.87986004
W: [-0.6101327] b: [-0.14625736] loss: 0.87775385
W: [-0.6105996] b: [-0.14488465] loss: 0.8756529
W: [-0.6110659] b: [-0.14351358] loss: 0.8735566
W: [-0.6115317] b: [-0.14214414] loss: 0.8714657
W: [-0.6119969] b: [-0.14077635] loss: 0.8693797
W: [-0.61246157] b: [-0.1394102] loss: 0.8672986
W: [-0.61292565] b: [-0.13804568] loss: 0.8652225
W: [-0.6133892] b: [-0.13668281] loss: 0.86315167
W: [-0.6138522] b: [-0.13532156] loss: 0.8610853
W: [-0.6143146] b: [-0.13396195] loss: 0.85902435
W: [-0.6147765] b: [-0.13260396] loss: 0.85696816
W: [-0.61523783] b: [-0.1312476] loss: 0.8549168
W: [-0.61569864] b: [-0.12989286] loss: 0.85287035
W: [-0.61615884] b: [-0.12853974] loss: 0.85082877
W: [-0.6166185] b: [-0.12718825] loss: 0.84879225
W: [-0.61707765] b: [-0.12583837] loss: 0.8467605
W: [-0.61753625] b: [-0.12449011] loss: 0.8447336
W: [-0.61799425] b: [-0.12314346] loss: 0.84271157
W: [-0.6184517] b: [-0.12179843] loss: 0.84069425
W: [-0.61890864] b: [-0.12045501] loss: 0.83868206
W: [-0.61936504] b: [-0.1191132] loss: 0.83667445
W: [-0.6198209] b: [-0.117773] loss: 0.83467156
W: [-0.62027615] b: [-0.1164344] loss: 0.83267385
W: [-0.6207309] b: [-0.1150974] loss: 0.8306807
W: [-0.62118506] b: [-0.113762] loss: 0.8286924
W: [-0.6216387] b: [-0.1124282] loss: 0.8267086
W: [-0.6220918] b: [-0.111096] loss: 0.8247298
W: [-0.6225444] b: [-0.1097654] loss: 0.82275563
W: [-0.62299645] b: [-0.10843638] loss: 0.82078624
W: [-0.62344795] b: [-0.10710897] loss: 0.8188213
W: [-0.6238989] b: [-0.10578313] loss: 0.8168614
W: [-0.6243493] b: [-0.10445889] loss: 0.8149062
W: [-0.62479913] b: [-0.10313623] loss: 0.8129554
W: [-0.62524843] b: [-0.10181516] loss: 0.8110095
W: [-0.6256972] b: [-0.10049567] loss: 0.8090683
W: [-0.6261454] b: [-0.09917776] loss: 0.8071315
W: [-0.6265931] b: [-0.09786143] loss: 0.80519944
W: [-0.6270403] b: [-0.09654668] loss: 0.8032723
W: [-0.627487] b: [-0.0952335] loss: 0.80134946
W: [-0.6279331] b: [-0.09392189] loss: 0.7994312
W: [-0.6283787] b: [-0.09261186] loss: 0.79751766
W: [-0.62882376] b: [-0.09130339] loss: 0.79560864
W: [-0.6292683] b: [-0.08999649] loss: 0.79370403
W: [-0.6297123] b: [-0.08869115] loss: 0.7918042
W: [-0.63015574] b: [-0.08738738] loss: 0.78990895
W: [-0.63059866] b: [-0.08608516] loss: 0.7880182
W: [-0.63104105] b: [-0.08478451] loss: 0.78613186
W: [-0.6314829] b: [-0.08348541] loss: 0.7842501
W: [-0.6319242] b: [-0.08218787] loss: 0.7823729
W: [-0.632365] b: [-0.08089188] loss: 0.78050005
W: [-0.6328052] b: [-0.07959744] loss: 0.7786319
W: [-0.633245] b: [-0.07830456] loss: 0.77676797
W: [-0.6336842] b: [-0.07701322] loss: 0.77490866
W: [-0.6341229] b: [-0.07572343] loss: 0.77305377
W: [-0.63456106] b: [-0.07443519] loss: 0.77120334
W: [-0.6349987] b: [-0.07314849] loss: 0.7693573
W: [-0.63543576] b: [-0.07186333] loss: 0.7675157
W: [-0.63587236] b: [-0.07057971] loss: 0.7656785
W: [-0.63630843] b: [-0.06929762] loss: 0.7638458
W: [-0.63674396] b: [-0.06801707] loss: 0.76201737
W: [-0.63717896] b: [-0.06673805] loss: 0.7601932
W: [-0.6376135] b: [-0.06546057] loss: 0.7583735
W: [-0.63804746] b: [-0.06418461] loss: 0.75655836
W: [-0.6384809] b: [-0.06291018] loss: 0.7547475
W: [-0.63891387] b: [-0.06163729] loss: 0.75294065
W: [-0.6393463] b: [-0.06036591] loss: 0.75113845
W: [-0.6397782] b: [-0.05909606] loss: 0.7493404
W: [-0.64020956] b: [-0.05782773] loss: 0.74754673
W: [-0.64064044] b: [-0.05656091] loss: 0.74575734
W: [-0.6410708] b: [-0.05529562] loss: 0.7439722
W: [-0.64150065] b: [-0.05403184] loss: 0.74219143
W: [-0.64193] b: [-0.05276957] loss: 0.74041474
W: [-0.6423588] b: [-0.05150881] loss: 0.7386424
W: [-0.6427871] b: [-0.05024957] loss: 0.7368744
W: [-0.6432149] b: [-0.04899183] loss: 0.7351105
W: [-0.6436421] b: [-0.0477356] loss: 0.7333509
W: [-0.6440689] b: [-0.04648087] loss: 0.7315956
W: [-0.6444951] b: [-0.04522765] loss: 0.72984445
W: [-0.6449209] b: [-0.04397592] loss: 0.72809744
W: [-0.6453461] b: [-0.0427257] loss: 0.72635436
W: [-0.64577085] b: [-0.04147697] loss: 0.7246158
W: [-0.64619505] b: [-0.04022973] loss: 0.72288126
W: [-0.6466188] b: [-0.03898399] loss: 0.7211508
W: [-0.647042] b: [-0.03773975] loss: 0.7194247
W: [-0.6474647] b: [-0.03649699] loss: 0.71770275
W: [-0.6478869] b: [-0.03525572] loss: 0.71598464
W: [-0.6483086] b: [-0.03401593] loss: 0.71427083
W: [-0.64872974] b: [-0.03277764] loss: 0.71256113
W: [-0.64915043] b: [-0.03154082] loss: 0.7108554
W: [-0.6495706] b: [-0.03030549] loss: 0.7091539
W: [-0.64999026] b: [-0.02907163] loss: 0.70745647
W: [-0.6504094] b: [-0.02783925] loss: 0.705763
W: [-0.65082806] b: [-0.02660835] loss: 0.7040735
W: [-0.6512462] b: [-0.02537892] loss: 0.7023883
W: [-0.65166384] b: [-0.02415097] loss: 0.70070684
W: [-0.652081] b: [-0.02292448] loss: 0.6990296
W: [-0.65249765] b: [-0.02169947] loss: 0.6973564
W: [-0.6529138] b: [-0.02047592] loss: 0.6956872
W: [-0.6533295] b: [-0.01925384] loss: 0.694022
W: [-0.65374464] b: [-0.01803321] loss: 0.6923606
W: [-0.6541593] b: [-0.01681405] loss: 0.6907034
W: [-0.65457344] b: [-0.01559636] loss: 0.6890499
W: [-0.6549871] b: [-0.01438012] loss: 0.68740046
W: [-0.6554003] b: [-0.01316533] loss: 0.68575525
W: [-0.655813] b: [-0.01195201] loss: 0.68411374
W: [-0.65622514] b: [-0.01074013] loss: 0.68247616
W: [-0.65663683] b: [-0.00952971] loss: 0.6808426
W: [-0.65704805] b: [-0.00832073] loss: 0.6792127
W: [-0.6574587] b: [-0.0071132] loss: 0.677587
W: [-0.6578689] b: [-0.00590712] loss: 0.6759651
W: [-0.65827864] b: [-0.00470249] loss: 0.6743469
W: [-0.6586879] b: [-0.0034993] loss: 0.6727328
W: [-0.65909666] b: [-0.00229754] loss: 0.6711224
W: [-0.6595049] b: [-0.00109723] loss: 0.66951597
W: [-0.65991265] b: [0.00010165] loss: 0.6679133
W: [-0.6603199] b: [0.00129909] loss: 0.6663146
W: [-0.6607267] b: [0.00249509] loss: 0.66471964
W: [-0.66113305] b: [0.00368966] loss: 0.6631287
W: [-0.66153884] b: [0.00488281] loss: 0.6615412
W: [-0.66194415] b: [0.00607452] loss: 0.6599575
W: [-0.662349] b: [0.00726481] loss: 0.658378
W: [-0.66275334] b: [0.00845367] loss: 0.65680194
W: [-0.6631572] b: [0.00964111] loss: 0.6552299
W: [-0.6635606] b: [0.01082712] loss: 0.6536614
W: [-0.66396356] b: [0.01201172] loss: 0.6520968
W: [-0.664366] b: [0.0131949] loss: 0.6505357
W: [-0.6647679] b: [0.01437666] loss: 0.6489787
W: [-0.66516936] b: [0.015557] loss: 0.64742523
W: [-0.6655703] b: [0.01673593] loss: 0.6458756
W: [-0.6659708] b: [0.01791345] loss: 0.64432937
W: [-0.6663708] b: [0.01908956] loss: 0.64278704
W: [-0.66677034] b: [0.02026426] loss: 0.64124846
W: [-0.6671694] b: [0.02143756] loss: 0.63971364
W: [-0.66756797] b: [0.02260944] loss: 0.6381822
W: [-0.66796607] b: [0.02377993] loss: 0.6366547
W: [-0.6683637] b: [0.02494901] loss: 0.6351309
W: [-0.66876084] b: [0.02611669] loss: 0.6336104
W: [-0.6691575] b: [0.02728298] loss: 0.6320938
W: [-0.6695537] b: [0.02844786] loss: 0.6305808
W: [-0.6699494] b: [0.02961135] loss: 0.62907135
W: [-0.67034465] b: [0.03077345] loss: 0.62756556
W: [-0.6707394] b: [0.03193416] loss: 0.62606347
W: [-0.67113376] b: [0.03309347] loss: 0.6245648
W: [-0.6715276] b: [0.0342514] loss: 0.62306976
W: [-0.671921] b: [0.03540794] loss: 0.6215784
W: [-0.6723139] b: [0.0365631] loss: 0.6200904
W: [-0.67270637] b: [0.03771687] loss: 0.6186061
W: [-0.6730983] b: [0.03886927] loss: 0.61712545
W: [-0.6734898] b: [0.04002028] loss: 0.61564815
W: [-0.6738808] b: [0.04116991] loss: 0.61417454
W: [-0.67427135] b: [0.04231817] loss: 0.6127043
W: [-0.67466146] b: [0.04346505] loss: 0.61123776
W: [-0.6750511] b: [0.04461056] loss: 0.6097746
W: [-0.67544025] b: [0.0457547] loss: 0.608315
W: [-0.67582893] b: [0.04689746] loss: 0.60685885
W: [-0.67621714] b: [0.04803886] loss: 0.60540634
W: [-0.67660487] b: [0.04917889] loss: 0.6039571
W: [-0.6769922] b: [0.05031756] loss: 0.6025114
W: [-0.677379] b: [0.05145487] loss: 0.6010691
W: [-0.67776537] b: [0.05259081] loss: 0.5996305
W: [-0.67815125] b: [0.05372539] loss: 0.5981952
W: [-0.67853665] b: [0.05485861] loss: 0.59676325
W: [-0.67892164] b: [0.05599048] loss: 0.59533477
W: [-0.67930615] b: [0.05712099] loss: 0.5939097
W: [-0.6796902] b: [0.05825014] loss: 0.59248805
W: [-0.6800738] b: [0.05937794] loss: 0.59106976
W: [-0.68045694] b: [0.0605044] loss: 0.58965504
W: [-0.6808396] b: [0.0616295] loss: 0.5882436
W: [-0.6812218] b: [0.06275325] loss: 0.58683544
W: [-0.68160355] b: [0.06387566] loss: 0.58543074
W: [-0.68198484] b: [0.06499673] loss: 0.58402944
W: [-0.6823657] b: [0.06611645] loss: 0.5826315
W: [-0.6827461] b: [0.06723484] loss: 0.5812367
W: [-0.68312603] b: [0.06835188] loss: 0.57984555
W: [-0.68350554] b: [0.06946758] loss: 0.5784575
W: [-0.68388456] b: [0.07058195] loss: 0.57707286
W: [-0.6842631] b: [0.07169499] loss: 0.57569164
W: [-0.68464124] b: [0.07280669] loss: 0.5743134
W: [-0.6850189] b: [0.07391705] loss: 0.5729389
W: [-0.68539613] b: [0.07502609] loss: 0.5715673
W: [-0.6857729] b: [0.07613381] loss: 0.57019913
W: [-0.6861492] b: [0.0772402] loss: 0.56883436
W: [-0.68652505] b: [0.07834526] loss: 0.5674727
W: [-0.68690044] b: [0.079449] loss: 0.56611425
W: [-0.6872754] b: [0.08055142] loss: 0.5647593
W: [-0.6876499] b: [0.08165251] loss: 0.5634073
W: [-0.688024] b: [0.08275229] loss: 0.5620587
W: [-0.6883976] b: [0.08385076] loss: 0.56071347
W: [-0.6887708] b: [0.0849479] loss: 0.5593711
W: [-0.6891435] b: [0.08604373] loss: 0.5580323
W: [-0.68951577] b: [0.08713825] loss: 0.55669636
W: [-0.6898876] b: [0.08823146] loss: 0.555364
W: [-0.690259] b: [0.08932336] loss: 0.5540345
W: [-0.6906299] b: [0.09041395] loss: 0.55270845
W: [-0.6910004] b: [0.09150324] loss: 0.5513852
W: [-0.6913704] b: [0.09259122] loss: 0.5500656
W: [-0.69174004] b: [0.0936779] loss: 0.5487489
W: [-0.69210917] b: [0.09476328] loss: 0.5474353
W: [-0.6924779] b: [0.09584735] loss: 0.5461249
W: [-0.6928462] b: [0.09693013] loss: 0.54481757
W: [-0.693214] b: [0.09801161] loss: 0.54351354
W: [-0.6935814] b: [0.0990918] loss: 0.5422125
W: [-0.6939483] b: [0.10017069] loss: 0.54091454
W: [-0.69431484] b: [0.10124829] loss: 0.53961986
W: [-0.6946809] b: [0.1023246] loss: 0.5383281
W: [-0.69504654] b: [0.10339963] loss: 0.5370395
W: [-0.69541174] b: [0.10447336] loss: 0.5357541
W: [-0.6957765] b: [0.10554581] loss: 0.53447163
W: [-0.6961408] b: [0.10661697] loss: 0.5331923
W: [-0.6965047] b: [0.10768685] loss: 0.5319159
W: [-0.6968682] b: [0.10875545] loss: 0.5306426
W: [-0.6972312] b: [0.10982277] loss: 0.5293726
W: [-0.69759375] b: [0.11088882] loss: 0.5281053
W: [-0.6979559] b: [0.11195358] loss: 0.5268412
W: [-0.69831765] b: [0.11301707] loss: 0.52558017
W: [-0.6986789] b: [0.11407928] loss: 0.5243221
W: [-0.69903976] b: [0.11514023] loss: 0.523067
W: [-0.6994002] b: [0.1161999] loss: 0.52181506
W: [-0.6997602] b: [0.11725831] loss: 0.5205659
W: [-0.70011973] b: [0.11831545] loss: 0.51931983
W: [-0.70047885] b: [0.11937132] loss: 0.5180768
W: [-0.70083755] b: [0.12042593] loss: 0.51683664
W: [-0.70119584] b: [0.12147927] loss: 0.5155995
W: [-0.70155364] b: [0.12253135] loss: 0.5143654
W: [-0.70191103] b: [0.12358218] loss: 0.51313406
W: [-0.702268] b: [0.12463174] loss: 0.5119057
W: [-0.70262456] b: [0.12568004] loss: 0.51068044
W: [-0.7029807] b: [0.12672709] loss: 0.50945807
W: [-0.7033364] b: [0.12777288] loss: 0.50823855
W: [-0.70369166] b: [0.12881742] loss: 0.50702196
W: [-0.7040465] b: [0.12986071] loss: 0.50580835
W: [-0.7044009] b: [0.13090275] loss: 0.50459766
W: [-0.7047549] b: [0.13194355] loss: 0.5033898
W: [-0.70510846] b: [0.1329831] loss: 0.5021849
W: [-0.7054616] b: [0.1340214] loss: 0.5009827
W: [-0.70581436] b: [0.13505846] loss: 0.49978358
W: [-0.7061667] b: [0.13609429] loss: 0.49858728
W: [-0.7065186] b: [0.13712886] loss: 0.49739373
W: [-0.7068701] b: [0.1381622] loss: 0.49620318
W: [-0.7072211] b: [0.1391943] loss: 0.49501544
W: [-0.7075717] b: [0.14022516] loss: 0.4938305
W: [-0.70792186] b: [0.14125478] loss: 0.49264854
W: [-0.7082716] b: [0.14228319] loss: 0.4914692
W: [-0.70862097] b: [0.14331035] loss: 0.49029282
W: [-0.7089699] b: [0.14433628] loss: 0.48911917
W: [-0.7093184] b: [0.14536099] loss: 0.48794842
W: [-0.7096665] b: [0.14638448] loss: 0.48678046
W: [-0.71001416] b: [0.14740673] loss: 0.48561528
W: [-0.7103614] b: [0.14842775] loss: 0.4844528
W: [-0.7107083] b: [0.14944756] loss: 0.4832933
W: [-0.7110548] b: [0.15046614] loss: 0.48213637
W: [-0.71140087] b: [0.1514835] loss: 0.4809822
W: [-0.7117465] b: [0.15249966] loss: 0.4798309
W: [-0.71209174] b: [0.1535146] loss: 0.4786824
W: [-0.71243656] b: [0.1545283] loss: 0.47753656
W: [-0.71278095] b: [0.15554081] loss: 0.47639337
W: [-0.71312493] b: [0.1565521] loss: 0.47525305
W: [-0.7134685] b: [0.15756218] loss: 0.47411555
W: [-0.71381164] b: [0.15857105] loss: 0.4729806
W: [-0.71415436] b: [0.15957871] loss: 0.47184855
W: [-0.7144967] b: [0.16058517] loss: 0.47071898
W: [-0.71483856] b: [0.16159041] loss: 0.4695922
W: [-0.71518004] b: [0.16259447] loss: 0.46846828
W: [-0.7155211] b: [0.16359732] loss: 0.4673468
W: [-0.7158618] b: [0.16459896] loss: 0.46622816
W: [-0.7162021] b: [0.1655994] loss: 0.4651121
W: [-0.71654195] b: [0.16659865] loss: 0.46399876
W: [-0.7168814] b: [0.1675967] loss: 0.46288818
W: [-0.7172204] b: [0.16859356] loss: 0.46178022
W: [-0.7175591] b: [0.16958922] loss: 0.46067476
W: [-0.71789736] b: [0.1705837] loss: 0.45957208
W: [-0.7182352] b: [0.17157698] loss: 0.45847195
W: [-0.7185726] b: [0.17256907] loss: 0.4573745
W: [-0.7189096] b: [0.17355996] loss: 0.4562797
W: [-0.71924627] b: [0.17454968] loss: 0.4551874
W: [-0.7195825] b: [0.17553821] loss: 0.45409796
W: [-0.7199183] b: [0.17652556] loss: 0.45301098
W: [-0.7202537] b: [0.17751172] loss: 0.45192662
W: [-0.72058874] b: [0.1784967] loss: 0.45084473
W: [-0.72092336] b: [0.17948051] loss: 0.44976562
W: [-0.72125757] b: [0.18046314] loss: 0.448689
W: [-0.72159135] b: [0.18144459] loss: 0.44761503
W: [-0.7219248] b: [0.18242486] loss: 0.44654346
W: [-0.7222578] b: [0.18340395] loss: 0.44547462
W: [-0.7225904] b: [0.18438187] loss: 0.4444084
W: [-0.7229226] b: [0.18535863] loss: 0.44334447
W: [-0.72325444] b: [0.18633421] loss: 0.44228327
W: [-0.72358584] b: [0.18730862] loss: 0.4412246
W: [-0.7239169] b: [0.18828188] loss: 0.44016838
W: [-0.7242475] b: [0.18925396] loss: 0.43911487
W: [-0.7245777] b: [0.19022487] loss: 0.43806374
W: [-0.7249076] b: [0.19119462] loss: 0.43701512
W: [-0.725237] b: [0.19216321] loss: 0.43596908
W: [-0.725566] b: [0.19313064] loss: 0.43492562
W: [-0.7258947] b: [0.19409692] loss: 0.4338845
W: [-0.72622293] b: [0.19506204] loss: 0.43284577
W: [-0.7265508] b: [0.196026] loss: 0.43180987
W: [-0.7268783] b: [0.1969888] loss: 0.43077615
W: [-0.72720534] b: [0.19795047] loss: 0.4297449
W: [-0.727532] b: [0.19891097] loss: 0.4287164
W: [-0.7278583] b: [0.19987032] loss: 0.42769012
W: [-0.7281842] b: [0.20082852] loss: 0.42666638
W: [-0.7285097] b: [0.20178558] loss: 0.42564508
W: [-0.72883487] b: [0.20274149] loss: 0.42462614
W: [-0.7291596] b: [0.20369625] loss: 0.4236098
W: [-0.72948396] b: [0.20464987] loss: 0.42259583
W: [-0.7298079] b: [0.20560235] loss: 0.4215843
W: [-0.7301315] b: [0.20655368] loss: 0.42057508
W: [-0.7304547] b: [0.20750389] loss: 0.41956827
W: [-0.7307775] b: [0.20845295] loss: 0.41856405
W: [-0.7310999] b: [0.20940088] loss: 0.41756213
W: [-0.73142195] b: [0.21034767] loss: 0.41656262
W: [-0.7317436] b: [0.21129332] loss: 0.4155654
W: [-0.73206484] b: [0.21223785] loss: 0.41457078
W: [-0.7323857] b: [0.21318124] loss: 0.4135784
W: [-0.7327062] b: [0.2141235] loss: 0.41258845
W: [-0.73302627] b: [0.21506464] loss: 0.41160077
W: [-0.733346] b: [0.21600465] loss: 0.4106156
W: [-0.73366535] b: [0.21694353] loss: 0.4096327
W: [-0.7339843] b: [0.21788129] loss: 0.40865213
W: [-0.7343029] b: [0.21881793] loss: 0.40767398
W: [-0.73462105] b: [0.21975344] loss: 0.40669814
W: [-0.73493886] b: [0.22068784] loss: 0.4057246
W: [-0.7352563] b: [0.22162111] loss: 0.40475336
W: [-0.73557335] b: [0.22255327] loss: 0.40378457
W: [-0.73589003] b: [0.22348431] loss: 0.40281808
W: [-0.7362063] b: [0.22441423] loss: 0.4018539
W: [-0.7365222] b: [0.22534305] loss: 0.4008919
W: [-0.73683774] b: [0.22627075] loss: 0.39993227
W: [-0.7371529] b: [0.22719733] loss: 0.39897504
W: [-0.73746765] b: [0.22812282] loss: 0.3980199
W: [-0.73778206] b: [0.22904718] loss: 0.39706716
W: [-0.73809606] b: [0.22997044] loss: 0.39611676
W: [-0.7384097] b: [0.2308926] loss: 0.3951687
W: [-0.738723] b: [0.23181365] loss: 0.39422268
W: [-0.7390359] b: [0.2327336] loss: 0.39327896
W: [-0.7393484] b: [0.23365246] loss: 0.3923376
W: [-0.73966056] b: [0.2345702] loss: 0.39139858
W: [-0.73997235] b: [0.23548685] loss: 0.39046156
W: [-0.7402837] b: [0.2364024] loss: 0.38952705
W: [-0.74059474] b: [0.23731686] loss: 0.38859463
W: [-0.7409054] b: [0.23823023] loss: 0.3876644
W: [-0.7412157] b: [0.23914249] loss: 0.3867364
W: [-0.7415256] b: [0.24005367] loss: 0.38581073
W: [-0.7418351] b: [0.24096376] loss: 0.38488722
W: [-0.7421443] b: [0.24187274] loss: 0.38396594
W: [-0.7424531] b: [0.24278064] loss: 0.38304687
W: [-0.74276155] b: [0.24368745] loss: 0.3821299
W: [-0.7430696] b: [0.24459319] loss: 0.3812152
W: [-0.74337727] b: [0.24549784] loss: 0.38030282
W: [-0.7436846] b: [0.2464014] loss: 0.37939233
W: [-0.74399155] b: [0.24730387] loss: 0.3784843
W: [-0.74429816] b: [0.24820527] loss: 0.3775782
W: [-0.74460435] b: [0.2491056] loss: 0.37667453
W: [-0.7449102] b: [0.25000486] loss: 0.37577274
W: [-0.74521565] b: [0.250903] loss: 0.37487343
W: [-0.7455208] b: [0.2518001] loss: 0.37397605
W: [-0.7458255] b: [0.2526961] loss: 0.37308085
W: [-0.74612993] b: [0.25359103] loss: 0.37218782
W: [-0.746434] b: [0.2544849] loss: 0.3712969
W: [-0.74673766] b: [0.25537768] loss: 0.37040824
W: [-0.7470409] b: [0.25626943] loss: 0.36952153
W: [-0.74734384] b: [0.2571601] loss: 0.36863706
W: [-0.7476464] b: [0.2580497] loss: 0.36775458
W: [-0.7479486] b: [0.25893822] loss: 0.3668744
W: [-0.7482504] b: [0.25982568] loss: 0.36599618
W: [-0.7485519] b: [0.2607121] loss: 0.3651201
W: [-0.748853] b: [0.26159742] loss: 0.36424607
W: [-0.7491538] b: [0.26248172] loss: 0.36337417
W: [-0.7494542] b: [0.26336494] loss: 0.36250445
W: [-0.74975425] b: [0.26424712] loss: 0.3616367
W: [-0.75005394] b: [0.26512823] loss: 0.36077094
W: [-0.7503533] b: [0.2660083] loss: 0.35990748
W: [-0.75065225] b: [0.26688728] loss: 0.35904586
W: [-0.7509509] b: [0.26776522] loss: 0.3581865
W: [-0.75124913] b: [0.26864213] loss: 0.35732913
W: [-0.75154704] b: [0.269518] loss: 0.35647368
W: [-0.7518446] b: [0.27039278] loss: 0.35562038
W: [-0.7521418] b: [0.27126652] loss: 0.3547691
W: [-0.7524386] b: [0.27213922] loss: 0.35392004
W: [-0.7527351] b: [0.27301088] loss: 0.35307288
W: [-0.7530312] b: [0.2738815] loss: 0.35222763
W: [-0.75332695] b: [0.27475107] loss: 0.35138446
W: [-0.75362235] b: [0.2756196] loss: 0.35054338
W: [-0.7539174] b: [0.27648708] loss: 0.34970436
W: [-0.7542121] b: [0.27735353] loss: 0.3488673
W: [-0.7545064] b: [0.27821892] loss: 0.34803227
W: [-0.7548004] b: [0.2790833] loss: 0.34719908
W: [-0.75509405] b: [0.27994666] loss: 0.34636799
W: [-0.75538737] b: [0.28080896] loss: 0.34553894
W: [-0.7556803] b: [0.28167024] loss: 0.34471184
W: [-0.7559729] b: [0.2825305] loss: 0.34388673
W: [-0.75626516] b: [0.2833897] loss: 0.34306347
W: [-0.75655705] b: [0.28424788] loss: 0.34224236
W: [-0.7568486] b: [0.28510502] loss: 0.34142315
W: [-0.75713974] b: [0.28596115] loss: 0.34060588
W: [-0.75743055] b: [0.28681627] loss: 0.33979064
W: [-0.75772107] b: [0.28767034] loss: 0.33897722
W: [-0.7580112] b: [0.2885234] loss: 0.3381658
W: [-0.758301] b: [0.28937545] loss: 0.3373564
W: [-0.75859046] b: [0.29022646] loss: 0.3365488
W: [-0.75887954] b: [0.29107645] loss: 0.33574322
W: [-0.7591683] b: [0.29192543] loss: 0.33493957
W: [-0.75945675] b: [0.2927734] loss: 0.3341379
W: [-0.7597448] b: [0.29362035] loss: 0.333338
W: [-0.76003253] b: [0.2944663] loss: 0.3325401
W: [-0.7603199] b: [0.2953112] loss: 0.3317441
W: [-0.76060694] b: [0.29615512] loss: 0.33095005
W: [-0.76089364] b: [0.29699802] loss: 0.3301578
W: [-0.76118] b: [0.2978399] loss: 0.3293675
W: [-0.76146597] b: [0.29868078] loss: 0.32857913
W: [-0.76175165] b: [0.29952064] loss: 0.32779267
W: [-0.762037] b: [0.30035952] loss: 0.32700792
W: [-0.76232195] b: [0.30119738] loss: 0.32622513
W: [-0.76260656] b: [0.30203423] loss: 0.32544428
W: [-0.7628909] b: [0.3028701] loss: 0.32466525
W: [-0.76317483] b: [0.30370495] loss: 0.32388815
W: [-0.76345843] b: [0.30453882] loss: 0.32311282
W: [-0.7637417] b: [0.30537167] loss: 0.3223395
W: [-0.7640246] b: [0.30620354] loss: 0.32156783
W: [-0.7643072] b: [0.3070344] loss: 0.32079816
W: [-0.7645894] b: [0.30786428] loss: 0.32003015
W: [-0.76487136] b: [0.30869314] loss: 0.31926417
W: [-0.76515293] b: [0.30952102] loss: 0.31849995
W: [-0.76543415] b: [0.3103479] loss: 0.31773764
W: [-0.76571506] b: [0.31117383] loss: 0.31697705
W: [-0.7659956] b: [0.31199872] loss: 0.31621835
W: [-0.7662759] b: [0.31282264] loss: 0.31546134
W: [-0.7665558] b: [0.31364557] loss: 0.31470624
W: [-0.76683533] b: [0.31446752] loss: 0.3139529
W: [-0.7671146] b: [0.31528848] loss: 0.3132015
W: [-0.76739347] b: [0.31610847] loss: 0.31245172
W: [-0.767672] b: [0.31692746] loss: 0.3117038
W: [-0.76795024] b: [0.31774548] loss: 0.3109577
W: [-0.7682281] b: [0.3185625] loss: 0.3102134
W: [-0.7685057] b: [0.31937858] loss: 0.3094708
W: [-0.7687829] b: [0.32019368] loss: 0.3087301
W: [-0.76905984] b: [0.3210078] loss: 0.30799097
W: [-0.7693364] b: [0.3218209] loss: 0.30725387
W: [-0.7696126] b: [0.3226331] loss: 0.30651826
W: [-0.7698885] b: [0.32344428] loss: 0.30578467
W: [-0.7701641] b: [0.32425448] loss: 0.30505267
W: [-0.7704393] b: [0.32506374] loss: 0.30432245
W: [-0.7707142] b: [0.325872] loss: 0.30359396
W: [-0.7709888] b: [0.32667932] loss: 0.30286726
W: [-0.77126306] b: [0.32748565] loss: 0.3021423
W: [-0.771537] b: [0.32829103] loss: 0.30141905
W: [-0.7718106] b: [0.32909545] loss: 0.30069754
W: [-0.7720839] b: [0.3298989] loss: 0.2999778
W: [-0.7723568] b: [0.33070138] loss: 0.29925978
W: [-0.77262944] b: [0.3315029] loss: 0.29854342
W: [-0.7729017] b: [0.3323035] loss: 0.2978288
W: [-0.7731737] b: [0.3331031] loss: 0.29711595
W: [-0.7734453] b: [0.33390173] loss: 0.29640466
W: [-0.7737166] b: [0.33469942] loss: 0.29569522
W: [-0.7739876] b: [0.33549616] loss: 0.2949874
W: [-0.77425826] b: [0.33629194] loss: 0.29428136
W: [-0.7745286] b: [0.33708677] loss: 0.29357684
W: [-0.77479863] b: [0.33788064] loss: 0.29287416
W: [-0.77506834] b: [0.33867356] loss: 0.29217312
W: [-0.7753377] b: [0.33946553] loss: 0.2914738
W: [-0.77560675] b: [0.34025657] loss: 0.2907761
W: [-0.77587545] b: [0.34104666] loss: 0.29007998
W: [-0.77614385] b: [0.3418358] loss: 0.28938562
W: [-0.77641195] b: [0.34262398] loss: 0.28869295
W: [-0.7766797] b: [0.34341124] loss: 0.2880019
W: [-0.77694714] b: [0.34419754] loss: 0.28731254
W: [-0.7772143] b: [0.3449829] loss: 0.2866248
W: [-0.7774811] b: [0.34576732] loss: 0.28593868
W: [-0.7777476] b: [0.3465508] loss: 0.2852542
W: [-0.7780137] b: [0.34733334] loss: 0.2845715
W: [-0.77827954] b: [0.34811494] loss: 0.2838903
W: [-0.7785451] b: [0.3488956] loss: 0.2832107
W: [-0.77881026] b: [0.34967536] loss: 0.2825328
W: [-0.77907515] b: [0.35045415] loss: 0.28185654
W: [-0.77933973] b: [0.35123202] loss: 0.28118187
W: [-0.779604] b: [0.35200897] loss: 0.28050885
W: [-0.77986795] b: [0.352785] loss: 0.27983728
W: [-0.7801316] b: [0.35356006] loss: 0.27916744
W: [-0.7803949] b: [0.3543342] loss: 0.2784992
W: [-0.7806579] b: [0.35510743] loss: 0.27783254
W: [-0.78092057] b: [0.35587972] loss: 0.27716762
W: [-0.78118294] b: [0.3566511] loss: 0.2765041
W: [-0.78144497] b: [0.35742155] loss: 0.2758423
W: [-0.7817067] b: [0.35819107] loss: 0.27518198
W: [-0.7819681] b: [0.35895967] loss: 0.27452326
W: [-0.78222924] b: [0.35972735] loss: 0.27386615
W: [-0.78249] b: [0.3604941] loss: 0.27321061
W: [-0.7827505] b: [0.36125997] loss: 0.2725566
W: [-0.78301066] b: [0.3620249] loss: 0.27190426
W: [-0.78327054] b: [0.36278892] loss: 0.27125335
W: [-0.78353006] b: [0.363552] loss: 0.2706041
W: [-0.7837893] b: [0.3643142] loss: 0.26995626
W: [-0.7840482] b: [0.36507547] loss: 0.2693102
W: [-0.7843068] b: [0.36583582] loss: 0.26866555
W: [-0.78456515] b: [0.36659527] loss: 0.2680224
W: [-0.7848231] b: [0.3673538] loss: 0.26738077
W: [-0.7850808] b: [0.36811143] loss: 0.26674083
W: [-0.78533816] b: [0.36886814] loss: 0.26610234
W: [-0.78559524] b: [0.36962396] loss: 0.26546532
W: [-0.785852] b: [0.37037888] loss: 0.26482996
W: [-0.7861085] b: [0.37113288] loss: 0.264196
W: [-0.7863646] b: [0.371886] loss: 0.2635636
W: [-0.78662044] b: [0.3726382] loss: 0.26293272
W: [-0.78687596] b: [0.3733895] loss: 0.26230335
W: [-0.7871312] b: [0.3741399] loss: 0.26167542
W: [-0.7873861] b: [0.3748894] loss: 0.2610491
W: [-0.78764075] b: [0.375638] loss: 0.26042423
W: [-0.7878951] b: [0.37638572] loss: 0.25980085
W: [-0.7881491] b: [0.37713253] loss: 0.2591789
W: [-0.7884028] b: [0.37787846] loss: 0.25855857
W: [-0.7886562] b: [0.3786235] loss: 0.2579397
W: [-0.78890926] b: [0.37936762] loss: 0.25732225
W: [-0.78916204] b: [0.38011086] loss: 0.25670627
W: [-0.7894145] b: [0.3808532] loss: 0.25609183
W: [-0.7896667] b: [0.38159466] loss: 0.25547886
W: [-0.7899186] b: [0.38233525] loss: 0.25486726
W: [-0.7901702] b: [0.38307494] loss: 0.25425723
W: [-0.7904215] b: [0.38381374] loss: 0.25364867
W: [-0.7906725] b: [0.38455164] loss: 0.2530415
W: [-0.7909232] b: [0.3852887] loss: 0.25243577
W: [-0.7911736] b: [0.38602483] loss: 0.25183156
W: [-0.7914237] b: [0.38676012] loss: 0.25122875
W: [-0.7916735] b: [0.3874945] loss: 0.25062737
W: [-0.791923] b: [0.38822803] loss: 0.25002733
W: [-0.7921722] b: [0.38896066] loss: 0.2494289
W: [-0.7924211] b: [0.38969243] loss: 0.24883178
W: [-0.7926697] b: [0.3904233] loss: 0.24823621
W: [-0.792918] b: [0.3911533] loss: 0.247642
W: [-0.793166] b: [0.39188245] loss: 0.24704921
W: [-0.7934137] b: [0.3926107] loss: 0.24645792
W: [-0.7936611] b: [0.39333808] loss: 0.24586797
W: [-0.79390824] b: [0.3940646] loss: 0.24527937
W: [-0.79415506] b: [0.39479026] loss: 0.24469219
W: [-0.7944016] b: [0.39551505] loss: 0.24410647
W: [-0.7946478] b: [0.39623895] loss: 0.24352224
W: [-0.79489374] b: [0.396962] loss: 0.24293928
W: [-0.7951394] b: [0.39768416] loss: 0.24235773
W: [-0.7953847] b: [0.39840546] loss: 0.24177769
W: [-0.79562974] b: [0.3991259] loss: 0.24119887
W: [-0.7958745] b: [0.39984548] loss: 0.24062161
W: [-0.7961189] b: [0.4005642] loss: 0.24004559
W: [-0.79636306] b: [0.40128207] loss: 0.23947099
W: [-0.7966069] b: [0.4019991] loss: 0.23889774
W: [-0.79685044] b: [0.40271524] loss: 0.23832592
W: [-0.79709375] b: [0.40343052] loss: 0.23775545
W: [-0.79733676] b: [0.40414494] loss: 0.23718637
W: [-0.79757947] b: [0.40485853] loss: 0.23661861
W: [-0.7978219] b: [0.40557125] loss: 0.23605219
W: [-0.798064] b: [0.4062831] loss: 0.23548715
W: [-0.7983058] b: [0.40699413] loss: 0.23492345
W: [-0.7985473] b: [0.4077043] loss: 0.23436117
W: [-0.79878855] b: [0.40841362] loss: 0.23380014
W: [-0.7990295] b: [0.40912208] loss: 0.23324043
W: [-0.7992702] b: [0.4098297] loss: 0.23268212
W: [-0.7995106] b: [0.41053647] loss: 0.23212521
W: [-0.7997507] b: [0.4112424] loss: 0.23156962
W: [-0.7999905] b: [0.41194746] loss: 0.23101528
W: [-0.80022997] b: [0.4126517] loss: 0.23046237
W: [-0.8004692] b: [0.41335508] loss: 0.22991064
W: [-0.8007082] b: [0.4140576] loss: 0.22936037
W: [-0.80094683] b: [0.4147593] loss: 0.22881135
W: [-0.8011852] b: [0.41546017] loss: 0.22826356
W: [-0.8014233] b: [0.4161602] loss: 0.22771716
W: [-0.80166113] b: [0.4168594] loss: 0.2271721
W: [-0.80189866] b: [0.41755775] loss: 0.22662832
W: [-0.8021359] b: [0.41825527] loss: 0.2260859
W: [-0.8023728] b: [0.41895196] loss: 0.22554466
W: [-0.8026095] b: [0.4196478] loss: 0.22500482
W: [-0.8028459] b: [0.42034283] loss: 0.2244662
W: [-0.803082] b: [0.42103702] loss: 0.22392885
W: [-0.8033178] b: [0.42173037] loss: 0.2233928
W: [-0.80355334] b: [0.4224229] loss: 0.2228581
W: [-0.8037886] b: [0.42311457] loss: 0.22232464
W: [-0.80402356] b: [0.42380542] loss: 0.22179253
W: [-0.8042583] b: [0.42449543] loss: 0.22126159
W: [-0.8044927] b: [0.42518464] loss: 0.22073199
W: [-0.80472684] b: [0.425873] loss: 0.22020358
W: [-0.80496067] b: [0.42656055] loss: 0.21967654
W: [-0.80519426] b: [0.4272473] loss: 0.21915066
W: [-0.80542755] b: [0.4279332] loss: 0.21862608
W: [-0.80566055] b: [0.42861828] loss: 0.2181027
W: [-0.8058933] b: [0.42930254] loss: 0.21758062
W: [-0.80612576] b: [0.429986] loss: 0.21705985
W: [-0.8063579] b: [0.43066862] loss: 0.21654026
W: [-0.80658984] b: [0.43135044] loss: 0.21602194
W: [-0.80682147] b: [0.43203142] loss: 0.21550485
W: [-0.8070528] b: [0.4327116] loss: 0.214989
W: [-0.8072839] b: [0.43339097] loss: 0.21447442
W: [-0.80751467] b: [0.4340695] loss: 0.21396105
W: [-0.80774516] b: [0.43474725] loss: 0.21344884
W: [-0.8079754] b: [0.43542418] loss: 0.21293786
W: [-0.80820537] b: [0.4361003] loss: 0.2124282
W: [-0.808435] b: [0.4367756] loss: 0.21191975
W: [-0.80866444] b: [0.43745008] loss: 0.2114125
W: [-0.80889356] b: [0.43812376] loss: 0.21090642
W: [-0.80912244] b: [0.43879664] loss: 0.21040154
W: [-0.809351] b: [0.4394687] loss: 0.20989789
W: [-0.8095793] b: [0.44013998] loss: 0.20939553
W: [-0.80980736] b: [0.44081044] loss: 0.20889428
W: [-0.8100351] b: [0.4414801] loss: 0.20839427
W: [-0.8102626] b: [0.44214895] loss: 0.20789543
W: [-0.81048983] b: [0.442817] loss: 0.2073978
W: [-0.8107168] b: [0.44348428] loss: 0.20690136
W: [-0.8109435] b: [0.44415075] loss: 0.20640607
W: [-0.81116986] b: [0.4448164] loss: 0.20591202
W: [-0.811396] b: [0.44548127] loss: 0.20541915
W: [-0.81162184] b: [0.44614533] loss: 0.20492744
W: [-0.81184745] b: [0.4468086] loss: 0.2044369
W: [-0.81207275] b: [0.44747108] loss: 0.20394756
W: [-0.8122978] b: [0.44813278] loss: 0.20345935
W: [-0.8125226] b: [0.44879368] loss: 0.20297234
W: [-0.8127471] b: [0.44945377] loss: 0.2024865
W: [-0.81297135] b: [0.4501131] loss: 0.20200181
W: [-0.81319535] b: [0.4507716] loss: 0.20151828
W: [-0.81341904] b: [0.45142934] loss: 0.20103592
W: [-0.8136425] b: [0.45208627] loss: 0.2005547
W: [-0.81386566] b: [0.45274243] loss: 0.2000746
W: [-0.8140886] b: [0.4533978] loss: 0.1995957
W: [-0.8143112] b: [0.4540524] loss: 0.19911799
W: [-0.8145336] b: [0.4547062] loss: 0.19864133
W: [-0.8147557] b: [0.45535922] loss: 0.19816585
W: [-0.8149775] b: [0.45601147] loss: 0.19769149
W: [-0.8151991] b: [0.45666292] loss: 0.19721828
W: [-0.8154204] b: [0.4573136] loss: 0.1967462
W: [-0.81564146] b: [0.4579635] loss: 0.19627526
W: [-0.81586224] b: [0.45861262] loss: 0.19580548
W: [-0.8160828] b: [0.45926097] loss: 0.19533671
W: [-0.816303] b: [0.45990855] loss: 0.19486915
W: [-0.816523] b: [0.46055534] loss: 0.19440268
W: [-0.8167427] b: [0.46120137] loss: 0.19393739
W: [-0.8169622] b: [0.46184662] loss: 0.19347312
W: [-0.8171814] b: [0.4624911] loss: 0.19300994
W: [-0.81740034] b: [0.4631348] loss: 0.19254799
W: [-0.817619] b: [0.46377772] loss: 0.19208713
W: [-0.8178374] b: [0.46441987] loss: 0.19162731
W: [-0.81805557] b: [0.46506125] loss: 0.19116858
W: [-0.8182735] b: [0.46570188] loss: 0.19071096
W: [-0.8184911] b: [0.46634173] loss: 0.19025451
W: [-0.8187085] b: [0.46698081] loss: 0.18979906
W: [-0.81892556] b: [0.46761915] loss: 0.18934478
W: [-0.8191424] b: [0.4682567] loss: 0.18889154
W: [-0.819359] b: [0.4688935] loss: 0.1884394
W: [-0.8195753] b: [0.46952954] loss: 0.18798837
W: [-0.8197914] b: [0.4701648] loss: 0.18753836
W: [-0.8200072] b: [0.47079933] loss: 0.18708947
W: [-0.82022274] b: [0.47143307] loss: 0.18664165
W: [-0.820438] b: [0.47206607] loss: 0.18619487
W: [-0.8206531] b: [0.4726983] loss: 0.1857491
W: [-0.82086784] b: [0.47332978] loss: 0.18530451
W: [-0.82108235] b: [0.4739605] loss: 0.18486094
W: [-0.82129663] b: [0.47459045] loss: 0.18441853
W: [-0.8215107] b: [0.47521967] loss: 0.18397701
W: [-0.8217244] b: [0.4758481] loss: 0.18353668
W: [-0.8219379] b: [0.4764758] loss: 0.18309727
W: [-0.8221512] b: [0.47710276] loss: 0.18265903
W: [-0.82236415] b: [0.47772896] loss: 0.18222184
W: [-0.8225769] b: [0.47835442] loss: 0.18178561
W: [-0.8227894] b: [0.47897914] loss: 0.18135047
W: [-0.82300156] b: [0.47960308] loss: 0.18091638
W: [-0.8232135] b: [0.48022628] loss: 0.18048334
W: [-0.82342523] b: [0.48084873] loss: 0.18005136
W: [-0.8236367] b: [0.48147044] loss: 0.1796203
W: [-0.8238479] b: [0.4820914] loss: 0.1791904
W: [-0.82405883] b: [0.4827116] loss: 0.17876142
W: [-0.82426953] b: [0.48333108] loss: 0.17833364
W: [-0.82448] b: [0.48394984] loss: 0.17790675
W: [-0.8246902] b: [0.48456785] loss: 0.17748083
W: [-0.82490015] b: [0.48518512] loss: 0.17705601
W: [-0.82510984] b: [0.48580164] loss: 0.1766322
W: [-0.8253193] b: [0.4864174] loss: 0.17620936
W: [-0.8255285] b: [0.48703247] loss: 0.17578757
W: [-0.8257374] b: [0.4876468] loss: 0.1753668
W: [-0.8259461] b: [0.48826036] loss: 0.174947
W: [-0.82615453] b: [0.48887318] loss: 0.17452833
W: [-0.8263627] b: [0.4894853] loss: 0.1741105
W: [-0.8265707] b: [0.49009666] loss: 0.1736937
W: [-0.82677835] b: [0.4907073] loss: 0.17327802
W: [-0.8269858] b: [0.4913172] loss: 0.17286326
W: [-0.82719296] b: [0.4919264] loss: 0.17244944
W: [-0.8273999] b: [0.49253485] loss: 0.17203665
W: [-0.8276066] b: [0.49314258] loss: 0.17162484
W: [-0.8278131] b: [0.49374956] loss: 0.17121404
W: [-0.8280193] b: [0.49435583] loss: 0.17080422
W: [-0.82822526] b: [0.49496138] loss: 0.17039527
W: [-0.82843095] b: [0.4955662] loss: 0.16998741
W: [-0.8286364] b: [0.49617028] loss: 0.16958055
W: [-0.8288416] b: [0.49677366] loss: 0.16917467
W: [-0.8290466] b: [0.4973763] loss: 0.16876963
W: [-0.82925135] b: [0.4979782] loss: 0.16836569
W: [-0.82945585] b: [0.4985794] loss: 0.16796273
W: [-0.8296601] b: [0.4991799] loss: 0.16756058
W: [-0.8298641] b: [0.49977967] loss: 0.16715953
W: [-0.8300678] b: [0.5003787] loss: 0.16675943
W: [-0.8302713] b: [0.50097704] loss: 0.16636024
W: [-0.83047456] b: [0.50157464] loss: 0.16596207
W: [-0.83067757] b: [0.5021715] loss: 0.16556479
W: [-0.83088034] b: [0.5027677] loss: 0.16516852
W: [-0.8310829] b: [0.50336313] loss: 0.16477312
W: [-0.8312852] b: [0.50395787] loss: 0.16437876
W: [-0.83148724] b: [0.5045519] loss: 0.16398527
W: [-0.83168906] b: [0.5051452] loss: 0.16359279
W: [-0.83189064] b: [0.50573784] loss: 0.1632011
W: [-0.832092] b: [0.5063298] loss: 0.16281046
W: [-0.8322931] b: [0.506921] loss: 0.16242076
W: [-0.8324939] b: [0.5075115] loss: 0.16203198
W: [-0.8326945] b: [0.5081013] loss: 0.16164406
W: [-0.8328948] b: [0.50869036] loss: 0.16125718
W: [-0.8330949] b: [0.5092787] loss: 0.16087124
W: [-0.83329475] b: [0.50986636] loss: 0.16048609
W: [-0.83349437] b: [0.51045334] loss: 0.16010202
W: [-0.83369374] b: [0.5110396] loss: 0.15971878
W: [-0.8338929] b: [0.5116252] loss: 0.15933639
W: [-0.8340918] b: [0.51221] loss: 0.15895501
W: [-0.83429044] b: [0.5127942] loss: 0.15857458
W: [-0.8344889] b: [0.51337767] loss: 0.15819496
W: [-0.8346872] b: [0.5139604] loss: 0.15781623
W: [-0.8348852] b: [0.51454246] loss: 0.15743847
W: [-0.8350829] b: [0.51512384] loss: 0.15706167
W: [-0.8352804] b: [0.5157045] loss: 0.15668574
W: [-0.8354777] b: [0.51628447] loss: 0.15631065
W: [-0.83567476] b: [0.51686376] loss: 0.15593646
W: [-0.8358716] b: [0.51744235] loss: 0.15556316
W: [-0.83606815] b: [0.5180202] loss: 0.15519083
W: [-0.8362645] b: [0.5185974] loss: 0.15481935
W: [-0.8364606] b: [0.5191739] loss: 0.15444876
W: [-0.83665645] b: [0.51974976] loss: 0.154079
W: [-0.8368521] b: [0.5203249] loss: 0.15371025
W: [-0.83704746] b: [0.52089936] loss: 0.15334228
W: [-0.8372426] b: [0.5214731] loss: 0.15297523
W: [-0.8374375] b: [0.52204615] loss: 0.15260907
W: [-0.8376322] b: [0.52261853] loss: 0.15224378
W: [-0.8378266] b: [0.5231902] loss: 0.15187937
W: [-0.8380208] b: [0.5237612] loss: 0.15151581
W: [-0.83821476] b: [0.5243315] loss: 0.15115316
W: [-0.8384085] b: [0.52490115] loss: 0.15079133
W: [-0.83860207] b: [0.52547014] loss: 0.15043041
W: [-0.83879536] b: [0.5260384] loss: 0.15007028
W: [-0.8389884] b: [0.526606] loss: 0.14971106
W: [-0.83918124] b: [0.5271729] loss: 0.14935265
W: [-0.8393738] b: [0.52773917] loss: 0.14899516
W: [-0.8395662] b: [0.52830476] loss: 0.14863858
W: [-0.8397583] b: [0.5288696] loss: 0.14828275
The size of the loss captured was:  1000
