unload bsc/commands (PATH, MANPATH) 
unload CUDA/9.1 (PATH, MANPATH, LD_LIBRARY_PATH, LIBRARY_PATH, C_INCLUDE_PATH,
CPLUS_INCLUDE_PATH, CUDA_HOME, CUDA_VERSION, CUDA_INC, CUDA_INSTALL_PATH) 
unload OPENMPI/3.0.0 (PATH, MANPATH, LD_LIBRARY_PATH, LIBRARY_PATH,
PKG_CONFIG_PATH, C_INCLUDE_PATH, CPLUS_INCLUDE_PATH, MPI, MPI_V) 
unload GCC/6.4.0 (PATH, MANPATH, INFOPATH, LD_LIBRARY_PATH, LIBRARY_PATH,
C_INCLUDE_PATH, CPLUS_INCLUDE_PATH, STD COMP VARS) 
load FFMPEG/4.0.2 (PATH, LIBRARY_PATH, PKG_CONFIG_PATH, C_INCLUDE_PATH,
CPLUS_INCLUDE_PATH) 
load GCC/6.4.0 (PATH, MANPATH, INFOPATH, LD_LIBRARY_PATH, LIBRARY_PATH,
C_INCLUDE_PATH, CPLUS_INCLUDE_PATH, STD COMP VARS) 
load CUDA/9.1 (PATH, MANPATH, LD_LIBRARY_PATH, LIBRARY_PATH, C_INCLUDE_PATH,
CPLUS_INCLUDE_PATH, CUDA_HOME, CUDA_VERSION, CUDA_INC, CUDA_INSTALL_PATH) 
load CUDNN/7.1.3 (LD_LIBRARY_PATH, LIBRARY_PATH, C_INCLUDE_PATH,
CPLUS_INCLUDE_PATH) 
load OPENMPI/3.0.0 (PATH, MANPATH, LD_LIBRARY_PATH, LIBRARY_PATH,
PKG_CONFIG_PATH, C_INCLUDE_PATH, CPLUS_INCLUDE_PATH, MPI, MPI_V) 
load ATLAS/3.10.3 (LD_LIBRARY_PATH, LIBRARY_PATH, C_INCLUDE_PATH,
CPLUS_INCLUDE_PATH) 
load SCALAPACK/2.0.2 (LD_LIBRARY_PATH, LIBRARY_PATH, PKG_CONFIG_PATH) 
load FFTW/3.3.7 (PATH, MANPATH, LD_LIBRARY_PATH, LIBRARY_PATH, C_INCLUDE_PATH,
CPLUS_INCLUDE_PATH) 
load SZIP/2.1.1 (LD_LIBRARY_PATH, LIBRARY_PATH, C_INCLUDE_PATH,
CPLUS_INCLUDE_PATH) 
load OPENCV/3.4.1 (PATH, LD_LIBRARY_PATH, LIBRARY_PATH, PKG_CONFIG_PATH,
C_INCLUDE_PATH, CPLUS_INCLUDE_PATH, PYTHONPATH) 
load PYTHON/3.6.5_ML (PATH, MANPATH, LD_LIBRARY_PATH, LIBRARY_PATH,
PKG_CONFIG_PATH, C_INCLUDE_PATH, CPLUS_INCLUDE_PATH, PYTHONHOME, PYTHONPATH) 
WARNING:tensorflow:From /apps/PYTHON/3.6.5_ML/lib/python3.6/site-packages/tensorflow/python/framework/op_def_library.py:263: colocate_with (from tensorflow.python.framework.ops) is deprecated and will be removed in a future version.
Instructions for updating:
Colocations handled automatically by placer.
WARNING:tensorflow:From multilayer_modified.py:105: calling dropout (from tensorflow.python.ops.nn_ops) with keep_prob is deprecated and will be removed in a future version.
Instructions for updating:
Please use `rate` instead of `keep_prob`. Rate should be set to `rate = 1 - keep_prob`.
WARNING:tensorflow:From multilayer_modified.py:115: softmax_cross_entropy_with_logits (from tensorflow.python.ops.nn_ops) is deprecated and will be removed in a future version.
Instructions for updating:

Future major versions of TensorFlow will allow gradients to flow
into the labels input on backprop by default.

See `tf.nn.softmax_cross_entropy_with_logits_v2`.

2023-01-07 06:35:48.712430: W tensorflow/core/platform/profile_utils/cpu_utils.cc:98] Failed to find bogomips in /proc/cpuinfo; cannot determine CPU frequency
2023-01-07 06:35:48.715946: I tensorflow/compiler/xla/service/service.cc:150] XLA service 0x24491c90 executing computations on platform Host. Devices:
2023-01-07 06:35:48.715989: I tensorflow/compiler/xla/service/service.cc:158]   StreamExecutor device (0): <undefined>, <undefined>
2023-01-07 06:35:49.195759: I tensorflow/compiler/xla/service/service.cc:150] XLA service 0x245649d0 executing computations on platform CUDA. Devices:
2023-01-07 06:35:49.195883: I tensorflow/compiler/xla/service/service.cc:158]   StreamExecutor device (0): Tesla V100-SXM2-16GB, Compute Capability 7.0
2023-01-07 06:35:49.195900: I tensorflow/compiler/xla/service/service.cc:158]   StreamExecutor device (1): Tesla V100-SXM2-16GB, Compute Capability 7.0
2023-01-07 06:35:49.195913: I tensorflow/compiler/xla/service/service.cc:158]   StreamExecutor device (2): Tesla V100-SXM2-16GB, Compute Capability 7.0
2023-01-07 06:35:49.195925: I tensorflow/compiler/xla/service/service.cc:158]   StreamExecutor device (3): Tesla V100-SXM2-16GB, Compute Capability 7.0
2023-01-07 06:35:49.197312: I tensorflow/core/common_runtime/gpu/gpu_device.cc:1433] Found device 0 with properties: 
name: Tesla V100-SXM2-16GB major: 7 minor: 0 memoryClockRate(GHz): 1.53
pciBusID: 0004:04:00.0
totalMemory: 15.78GiB freeMemory: 15.47GiB
2023-01-07 06:35:49.197576: I tensorflow/core/common_runtime/gpu/gpu_device.cc:1433] Found device 1 with properties: 
name: Tesla V100-SXM2-16GB major: 7 minor: 0 memoryClockRate(GHz): 1.53
pciBusID: 0004:05:00.0
totalMemory: 15.78GiB freeMemory: 15.47GiB
2023-01-07 06:35:49.197617: I tensorflow/core/common_runtime/gpu/gpu_device.cc:1433] Found device 2 with properties: 
name: Tesla V100-SXM2-16GB major: 7 minor: 0 memoryClockRate(GHz): 1.53
pciBusID: 0035:03:00.0
totalMemory: 15.78GiB freeMemory: 15.47GiB
2023-01-07 06:35:49.197655: I tensorflow/core/common_runtime/gpu/gpu_device.cc:1433] Found device 3 with properties: 
name: Tesla V100-SXM2-16GB major: 7 minor: 0 memoryClockRate(GHz): 1.53
pciBusID: 0035:04:00.0
totalMemory: 15.78GiB freeMemory: 15.47GiB
2023-01-07 06:35:49.197718: I tensorflow/core/common_runtime/gpu/gpu_device.cc:1512] Adding visible gpu devices: 0, 1, 2, 3
2023-01-07 06:35:49.211284: I tensorflow/core/common_runtime/gpu/gpu_device.cc:984] Device interconnect StreamExecutor with strength 1 edge matrix:
2023-01-07 06:35:49.211343: I tensorflow/core/common_runtime/gpu/gpu_device.cc:990]      0 1 2 3 
2023-01-07 06:35:49.211358: I tensorflow/core/common_runtime/gpu/gpu_device.cc:1003] 0:   N Y Y Y 
2023-01-07 06:35:49.211370: I tensorflow/core/common_runtime/gpu/gpu_device.cc:1003] 1:   Y N Y Y 
2023-01-07 06:35:49.211382: I tensorflow/core/common_runtime/gpu/gpu_device.cc:1003] 2:   Y Y N Y 
2023-01-07 06:35:49.211393: I tensorflow/core/common_runtime/gpu/gpu_device.cc:1003] 3:   Y Y Y N 
2023-01-07 06:35:49.211592: I tensorflow/core/common_runtime/gpu/gpu_device.cc:1115] Created TensorFlow device (/job:localhost/replica:0/task:0/device:GPU:0 with 15050 MB memory) -> physical GPU (device: 0, name: Tesla V100-SXM2-16GB, pci bus id: 0004:04:00.0, compute capability: 7.0)
2023-01-07 06:35:49.212525: I tensorflow/core/common_runtime/gpu/gpu_device.cc:1115] Created TensorFlow device (/job:localhost/replica:0/task:0/device:GPU:1 with 15050 MB memory) -> physical GPU (device: 1, name: Tesla V100-SXM2-16GB, pci bus id: 0004:05:00.0, compute capability: 7.0)
2023-01-07 06:35:49.214292: I tensorflow/core/common_runtime/gpu/gpu_device.cc:1115] Created TensorFlow device (/job:localhost/replica:0/task:0/device:GPU:2 with 15050 MB memory) -> physical GPU (device: 2, name: Tesla V100-SXM2-16GB, pci bus id: 0035:03:00.0, compute capability: 7.0)
2023-01-07 06:35:49.215280: I tensorflow/core/common_runtime/gpu/gpu_device.cc:1115] Created TensorFlow device (/job:localhost/replica:0/task:0/device:GPU:3 with 15050 MB memory) -> physical GPU (device: 3, name: Tesla V100-SXM2-16GB, pci bus id: 0035:04:00.0, compute capability: 7.0)
2023-01-07 06:35:49.226247: I tensorflow/core/common_runtime/direct_session.cc:317] Device mapping:
/job:localhost/replica:0/task:0/device:XLA_CPU:0 -> device: XLA_CPU device
/job:localhost/replica:0/task:0/device:XLA_GPU:0 -> device: XLA_GPU device
/job:localhost/replica:0/task:0/device:XLA_GPU:1 -> device: XLA_GPU device
/job:localhost/replica:0/task:0/device:XLA_GPU:2 -> device: XLA_GPU device
/job:localhost/replica:0/task:0/device:XLA_GPU:3 -> device: XLA_GPU device
/job:localhost/replica:0/task:0/device:GPU:0 -> device: 0, name: Tesla V100-SXM2-16GB, pci bus id: 0004:04:00.0, compute capability: 7.0
/job:localhost/replica:0/task:0/device:GPU:1 -> device: 1, name: Tesla V100-SXM2-16GB, pci bus id: 0004:05:00.0, compute capability: 7.0
/job:localhost/replica:0/task:0/device:GPU:2 -> device: 2, name: Tesla V100-SXM2-16GB, pci bus id: 0035:03:00.0, compute capability: 7.0
/job:localhost/replica:0/task:0/device:GPU:3 -> device: 3, name: Tesla V100-SXM2-16GB, pci bus id: 0035:04:00.0, compute capability: 7.0

2023-01-07 06:35:49.235537: I tensorflow/core/common_runtime/placer.cc:1059] zeros: (Fill)/job:localhost/replica:0/task:0/device:GPU:0
2023-01-07 06:35:49.235565: I tensorflow/core/common_runtime/placer.cc:1059] Variable: (VariableV2)/job:localhost/replica:0/task:0/device:GPU:0
2023-01-07 06:35:49.235581: I tensorflow/core/common_runtime/placer.cc:1059] Variable/Assign: (Assign)/job:localhost/replica:0/task:0/device:GPU:0
2023-01-07 06:35:49.235594: I tensorflow/core/common_runtime/placer.cc:1059] Variable/read: (Identity)/job:localhost/replica:0/task:0/device:GPU:0
2023-01-07 06:35:49.235615: I tensorflow/core/common_runtime/placer.cc:1059] truncated_normal/TruncatedNormal: (TruncatedNormal)/job:localhost/replica:0/task:0/device:GPU:0
2023-01-07 06:35:49.235635: I tensorflow/core/common_runtime/placer.cc:1059] truncated_normal/mul: (Mul)/job:localhost/replica:0/task:0/device:GPU:0
2023-01-07 06:35:49.235655: I tensorflow/core/common_runtime/placer.cc:1059] truncated_normal: (Add)/job:localhost/replica:0/task:0/device:GPU:0
2023-01-07 06:35:49.235672: I tensorflow/core/common_runtime/placer.cc:1059] Variable_1: (VariableV2)/job:localhost/replica:0/task:0/device:GPU:0
2023-01-07 06:35:49.235684: I tensorflow/core/common_runtime/placer.cc:1059] Variable_1/Assign: (Assign)/job:localhost/replica:0/task:0/device:GPU:0
2023-01-07 06:35:49.235697: I tensorflow/core/common_runtime/placer.cc:1059] Variable_1/read: (Identity)/job:localhost/replica:0/task:0/device:GPU:0
2023-01-07 06:35:49.235713: I tensorflow/core/common_runtime/placer.cc:1059] Variable_2: (VariableV2)/job:localhost/replica:0/task:0/device:GPU:0
2023-01-07 06:35:49.235725: I tensorflow/core/common_runtime/placer.cc:1059] Variable_2/Assign: (Assign)/job:localhost/replica:0/task:0/device:GPU:0
2023-01-07 06:35:49.235737: I tensorflow/core/common_runtime/placer.cc:1059] Variable_2/read: (Identity)/job:localhost/replica:0/task:0/device:GPU:0
2023-01-07 06:35:49.235757: I tensorflow/core/common_runtime/placer.cc:1059] Reshape: (Reshape)/job:localhost/replica:0/task:0/device:GPU:0
2023-01-07 06:35:49.235776: I tensorflow/core/common_runtime/placer.cc:1059] Conv2D: (Conv2D)/job:localhost/replica:0/task:0/device:GPU:0
2023-01-07 06:35:49.235794: I tensorflow/core/common_runtime/placer.cc:1059] add: (Add)/job:localhost/replica:0/task:0/device:GPU:0
2023-01-07 06:35:49.235813: I tensorflow/core/common_runtime/placer.cc:1059] Relu: (Relu)/job:localhost/replica:0/task:0/device:GPU:0
2023-01-07 06:35:49.235832: I tensorflow/core/common_runtime/placer.cc:1059] MaxPool: (MaxPool)/job:localhost/replica:0/task:0/device:GPU:0
2023-01-07 06:35:49.235850: I tensorflow/core/common_runtime/placer.cc:1059] truncated_normal_1/TruncatedNormal: (TruncatedNormal)/job:localhost/replica:0/task:0/device:GPU:0
2023-01-07 06:35:49.235869: I tensorflow/core/common_runtime/placer.cc:1059] truncated_normal_1/mul: (Mul)/job:localhost/replica:0/task:0/device:GPU:0
2023-01-07 06:35:49.235888: I tensorflow/core/common_runtime/placer.cc:1059] truncated_normal_1: (Add)/job:localhost/replica:0/task:0/device:GPU:0
2023-01-07 06:35:49.235903: I tensorflow/core/common_runtime/placer.cc:1059] Variable_3: (VariableV2)/job:localhost/replica:0/task:0/device:GPU:0
2023-01-07 06:35:49.235916: I tensorflow/core/common_runtime/placer.cc:1059] Variable_3/Assign: (Assign)/job:localhost/replica:0/task:0/device:GPU:0
2023-01-07 06:35:49.235928: I tensorflow/core/common_runtime/placer.cc:1059] Variable_3/read: (Identity)/job:localhost/replica:0/task:0/device:GPU:0
2023-01-07 06:35:49.235943: I tensorflow/core/common_runtime/placer.cc:1059] Variable_4: (VariableV2)/job:localhost/replica:0/task:0/device:GPU:0
2023-01-07 06:35:49.235956: I tensorflow/core/common_runtime/placer.cc:1059] Variable_4/Assign: (Assign)/job:localhost/replica:0/task:0/device:GPU:0
2023-01-07 06:35:49.235967: I tensorflow/core/common_runtime/placer.cc:1059] Variable_4/read: (Identity)/job:localhost/replica:0/task:0/device:GPU:0
2023-01-07 06:35:49.235986: I tensorflow/core/common_runtime/placer.cc:1059] Conv2D_1: (Conv2D)/job:localhost/replica:0/task:0/device:GPU:0
2023-01-07 06:35:49.236005: I tensorflow/core/common_runtime/placer.cc:1059] add_1: (Add)/job:localhost/replica:0/task:0/device:GPU:0
2023-01-07 06:35:49.236023: I tensorflow/core/common_runtime/placer.cc:1059] Relu_1: (Relu)/job:localhost/replica:0/task:0/device:GPU:0
2023-01-07 06:35:49.236042: I tensorflow/core/common_runtime/placer.cc:1059] MaxPool_1: (MaxPool)/job:localhost/replica:0/task:0/device:GPU:0
2023-01-07 06:35:49.236060: I tensorflow/core/common_runtime/placer.cc:1059] truncated_normal_2/TruncatedNormal: (TruncatedNormal)/job:localhost/replica:0/task:0/device:GPU:0
2023-01-07 06:35:49.236079: I tensorflow/core/common_runtime/placer.cc:1059] truncated_normal_2/mul: (Mul)/job:localhost/replica:0/task:0/device:GPU:0
2023-01-07 06:35:49.236098: I tensorflow/core/common_runtime/placer.cc:1059] truncated_normal_2: (Add)/job:localhost/replica:0/task:0/device:GPU:0
2023-01-07 06:35:49.236114: I tensorflow/core/common_runtime/placer.cc:1059] Variable_5: (VariableV2)/job:localhost/replica:0/task:0/device:GPU:0
2023-01-07 06:35:49.236126: I tensorflow/core/common_runtime/placer.cc:1059] Variable_5/Assign: (Assign)/job:localhost/replica:0/task:0/device:GPU:0
2023-01-07 06:35:49.236138: I tensorflow/core/common_runtime/placer.cc:1059] Variable_5/read: (Identity)/job:localhost/replica:0/task:0/device:GPU:0
2023-01-07 06:35:49.236154: I tensorflow/core/common_runtime/placer.cc:1059] Variable_6: (VariableV2)/job:localhost/replica:0/task:0/device:GPU:0
2023-01-07 06:35:49.236166: I tensorflow/core/common_runtime/placer.cc:1059] Variable_6/Assign: (Assign)/job:localhost/replica:0/task:0/device:GPU:0
2023-01-07 06:35:49.236178: I tensorflow/core/common_runtime/placer.cc:1059] Variable_6/read: (Identity)/job:localhost/replica:0/task:0/device:GPU:0
2023-01-07 06:35:49.236196: I tensorflow/core/common_runtime/placer.cc:1059] Reshape_1: (Reshape)/job:localhost/replica:0/task:0/device:GPU:0
2023-01-07 06:35:49.236215: I tensorflow/core/common_runtime/placer.cc:1059] MatMul: (MatMul)/job:localhost/replica:0/task:0/device:GPU:0
2023-01-07 06:35:49.236233: I tensorflow/core/common_runtime/placer.cc:1059] add_2: (Add)/job:localhost/replica:0/task:0/device:GPU:0
2023-01-07 06:35:49.236251: I tensorflow/core/common_runtime/placer.cc:1059] Relu_2: (Relu)/job:localhost/replica:0/task:0/device:GPU:0
2023-01-07 06:35:49.236270: I tensorflow/core/common_runtime/placer.cc:1059] PlaceholderWithDefault: (PlaceholderWithDefault)/job:localhost/replica:0/task:0/device:GPU:0
2023-01-07 06:35:49.236288: I tensorflow/core/common_runtime/placer.cc:1059] sub: (Sub)/job:localhost/replica:0/task:0/device:GPU:0
2023-01-07 06:35:49.236307: I tensorflow/core/common_runtime/placer.cc:1059] dropout/Shape: (Shape)/job:localhost/replica:0/task:0/device:GPU:0
2023-01-07 06:35:49.236325: I tensorflow/core/common_runtime/placer.cc:1059] dropout/sub: (Sub)/job:localhost/replica:0/task:0/device:GPU:0
2023-01-07 06:35:49.236344: I tensorflow/core/common_runtime/placer.cc:1059] dropout/random_uniform/RandomUniform: (RandomUniform)/job:localhost/replica:0/task:0/device:GPU:0
2023-01-07 06:35:49.236362: I tensorflow/core/common_runtime/placer.cc:1059] dropout/random_uniform/sub: (Sub)/job:localhost/replica:0/task:0/device:GPU:0
2023-01-07 06:35:49.236381: I tensorflow/core/common_runtime/placer.cc:1059] dropout/random_uniform/mul: (Mul)/job:localhost/replica:0/task:0/device:GPU:0
2023-01-07 06:35:49.236399: I tensorflow/core/common_runtime/placer.cc:1059] dropout/random_uniform: (Add)/job:localhost/replica:0/task:0/device:GPU:0
2023-01-07 06:35:49.236418: I tensorflow/core/common_runtime/placer.cc:1059] dropout/add: (Add)/job:localhost/replica:0/task:0/device:GPU:0
2023-01-07 06:35:49.236436: I tensorflow/core/common_runtime/placer.cc:1059] dropout/Floor: (Floor)/job:localhost/replica:0/task:0/device:GPU:0
2023-01-07 06:35:49.236454: I tensorflow/core/common_runtime/placer.cc:1059] dropout/truediv: (RealDiv)/job:localhost/replica:0/task:0/device:GPU:0
2023-01-07 06:35:49.236473: I tensorflow/core/common_runtime/placer.cc:1059] dropout/mul: (Mul)/job:localhost/replica:0/task:0/device:GPU:0
2023-01-07 06:35:49.236491: I tensorflow/core/common_runtime/placer.cc:1059] truncated_normal_3/TruncatedNormal: (TruncatedNormal)/job:localhost/replica:0/task:0/device:GPU:0
2023-01-07 06:35:49.236510: I tensorflow/core/common_runtime/placer.cc:1059] truncated_normal_3/mul: (Mul)/job:localhost/replica:0/task:0/device:GPU:0
2023-01-07 06:35:49.236528: I tensorflow/core/common_runtime/placer.cc:1059] truncated_normal_3: (Add)/job:localhost/replica:0/task:0/device:GPU:0
2023-01-07 06:35:49.236544: I tensorflow/core/common_runtime/placer.cc:1059] Variable_7: (VariableV2)/job:localhost/replica:0/task:0/device:GPU:0
2023-01-07 06:35:49.236556: I tensorflow/core/common_runtime/placer.cc:1059] Variable_7/Assign: (Assign)/job:localhost/replica:0/task:0/device:GPU:0
2023-01-07 06:35:49.236568: I tensorflow/core/common_runtime/placer.cc:1059] Variable_7/read: (Identity)/job:localhost/replica:0/task:0/device:GPU:0
2023-01-07 06:35:49.236583: I tensorflow/core/common_runtime/placer.cc:1059] Variable_8: (VariableV2)/job:localhost/replica:0/task:0/device:GPU:0
2023-01-07 06:35:49.236595: I tensorflow/core/common_runtime/placer.cc:1059] Variable_8/Assign: (Assign)/job:localhost/replica:0/task:0/device:GPU:0
2023-01-07 06:35:49.236607: I tensorflow/core/common_runtime/placer.cc:1059] Variable_8/read: (Identity)/job:localhost/replica:0/task:0/device:GPU:0
2023-01-07 06:35:49.236625: I tensorflow/core/common_runtime/placer.cc:1059] MatMul_1: (MatMul)/job:localhost/replica:0/task:0/device:GPU:0
2023-01-07 06:35:49.236644: I tensorflow/core/common_runtime/placer.cc:1059] add_3: (Add)/job:localhost/replica:0/task:0/device:GPU:0
2023-01-07 06:35:49.236662: I tensorflow/core/common_runtime/placer.cc:1059] softmax_cross_entropy_with_logits_sg/labels_stop_gradient: (StopGradient)/job:localhost/replica:0/task:0/device:GPU:0
2023-01-07 06:35:49.236681: I tensorflow/core/common_runtime/placer.cc:1059] softmax_cross_entropy_with_logits_sg/Shape: (Shape)/job:localhost/replica:0/task:0/device:GPU:0
2023-01-07 06:35:49.236699: I tensorflow/core/common_runtime/placer.cc:1059] softmax_cross_entropy_with_logits_sg/Shape_1: (Shape)/job:localhost/replica:0/task:0/device:GPU:0
2023-01-07 06:35:49.236718: I tensorflow/core/common_runtime/placer.cc:1059] softmax_cross_entropy_with_logits_sg/Sub: (Sub)/job:localhost/replica:0/task:0/device:GPU:0
2023-01-07 06:35:49.236736: I tensorflow/core/common_runtime/placer.cc:1059] softmax_cross_entropy_with_logits_sg/Slice/begin: (Pack)/job:localhost/replica:0/task:0/device:GPU:0
2023-01-07 06:35:49.236754: I tensorflow/core/common_runtime/placer.cc:1059] softmax_cross_entropy_with_logits_sg/Slice: (Slice)/job:localhost/replica:0/task:0/device:GPU:0
2023-01-07 06:35:49.236773: I tensorflow/core/common_runtime/placer.cc:1059] softmax_cross_entropy_with_logits_sg/concat: (ConcatV2)/job:localhost/replica:0/task:0/device:GPU:0
2023-01-07 06:35:49.236791: I tensorflow/core/common_runtime/placer.cc:1059] softmax_cross_entropy_with_logits_sg/Reshape: (Reshape)/job:localhost/replica:0/task:0/device:GPU:0
2023-01-07 06:35:49.236809: I tensorflow/core/common_runtime/placer.cc:1059] softmax_cross_entropy_with_logits_sg/Shape_2: (Shape)/job:localhost/replica:0/task:0/device:GPU:0
2023-01-07 06:35:49.236827: I tensorflow/core/common_runtime/placer.cc:1059] softmax_cross_entropy_with_logits_sg/Sub_1: (Sub)/job:localhost/replica:0/task:0/device:GPU:0
2023-01-07 06:35:49.236845: I tensorflow/core/common_runtime/placer.cc:1059] softmax_cross_entropy_with_logits_sg/Slice_1/begin: (Pack)/job:localhost/replica:0/task:0/device:GPU:0
2023-01-07 06:35:49.236863: I tensorflow/core/common_runtime/placer.cc:1059] softmax_cross_entropy_with_logits_sg/Slice_1: (Slice)/job:localhost/replica:0/task:0/device:GPU:0
2023-01-07 06:35:49.236882: I tensorflow/core/common_runtime/placer.cc:1059] softmax_cross_entropy_with_logits_sg/concat_1: (ConcatV2)/job:localhost/replica:0/task:0/device:GPU:0
2023-01-07 06:35:49.236900: I tensorflow/core/common_runtime/placer.cc:1059] softmax_cross_entropy_with_logits_sg/Reshape_1: (Reshape)/job:localhost/replica:0/task:0/device:GPU:0
2023-01-07 06:35:49.236919: I tensorflow/core/common_runtime/placer.cc:1059] softmax_cross_entropy_with_logits_sg: (SoftmaxCrossEntropyWithLogits)/job:localhost/replica:0/task:0/device:GPU:0
2023-01-07 06:35:49.236937: I tensorflow/core/common_runtime/placer.cc:1059] softmax_cross_entropy_with_logits_sg/Sub_2: (Sub)/job:localhost/replica:0/task:0/device:GPU:0
2023-01-07 06:35:49.236955: I tensorflow/core/common_runtime/placer.cc:1059] softmax_cross_entropy_with_logits_sg/Slice_2/size: (Pack)/job:localhost/replica:0/task:0/device:GPU:0
2023-01-07 06:35:49.236974: I tensorflow/core/common_runtime/placer.cc:1059] softmax_cross_entropy_with_logits_sg/Slice_2: (Slice)/job:localhost/replica:0/task:0/device:GPU:0
2023-01-07 06:35:49.236992: I tensorflow/core/common_runtime/placer.cc:1059] softmax_cross_entropy_with_logits_sg/Reshape_2: (Reshape)/job:localhost/replica:0/task:0/device:GPU:0
2023-01-07 06:35:49.237010: I tensorflow/core/common_runtime/placer.cc:1059] Mean: (Mean)/job:localhost/replica:0/task:0/device:GPU:0
2023-01-07 06:35:49.237024: I tensorflow/core/common_runtime/placer.cc:1059] Variable_9: (VariableV2)/job:localhost/replica:0/task:0/device:CPU:0
2023-01-07 06:35:49.237036: I tensorflow/core/common_runtime/placer.cc:1059] Variable_9/Assign: (Assign)/job:localhost/replica:0/task:0/device:CPU:0
2023-01-07 06:35:49.237048: I tensorflow/core/common_runtime/placer.cc:1059] Variable_9/read: (Identity)/job:localhost/replica:0/task:0/device:CPU:0
2023-01-07 06:35:49.237066: I tensorflow/core/common_runtime/placer.cc:1059] mul: (Mul)/job:localhost/replica:0/task:0/device:GPU:0
2023-01-07 06:35:49.237084: I tensorflow/core/common_runtime/placer.cc:1059] ExponentialDecay/Cast: (Cast)/job:localhost/replica:0/task:0/device:GPU:0
2023-01-07 06:35:49.240094: I tensorflow/core/common_runtime/placer.cc:1059] ExponentialDecay/Cast_2: (Cast)/job:localhost/replica:0/task:0/device:GPU:0
2023-01-07 06:35:49.240115: I tensorflow/core/common_runtime/placer.cc:1059] ExponentialDecay/truediv: (RealDiv)/job:localhost/replica:0/task:0/device:GPU:0
2023-01-07 06:35:49.240134: I tensorflow/core/common_runtime/placer.cc:1059] ExponentialDecay/Floor: (Floor)/job:localhost/replica:0/task:0/device:GPU:0
2023-01-07 06:35:49.240152: I tensorflow/core/common_runtime/placer.cc:1059] ExponentialDecay/Pow: (Pow)/job:localhost/replica:0/task:0/device:GPU:0
2023-01-07 06:35:49.240170: I tensorflow/core/common_runtime/placer.cc:1059] ExponentialDecay: (Mul)/job:localhost/replica:0/task:0/device:GPU:0
2023-01-07 06:35:49.240189: I tensorflow/core/common_runtime/placer.cc:1059] gradients/Fill: (Fill)/job:localhost/replica:0/task:0/device:GPU:0
2023-01-07 06:35:49.240207: I tensorflow/core/common_runtime/placer.cc:1059] gradients/Mean_grad/Reshape: (Reshape)/job:localhost/replica:0/task:0/device:GPU:0
2023-01-07 06:35:49.240225: I tensorflow/core/common_runtime/placer.cc:1059] gradients/Mean_grad/Shape: (Shape)/job:localhost/replica:0/task:0/device:GPU:0
2023-01-07 06:35:49.240243: I tensorflow/core/common_runtime/placer.cc:1059] gradients/Mean_grad/Tile: (Tile)/job:localhost/replica:0/task:0/device:GPU:0
2023-01-07 06:35:49.240262: I tensorflow/core/common_runtime/placer.cc:1059] gradients/Mean_grad/Shape_1: (Shape)/job:localhost/replica:0/task:0/device:GPU:0
2023-01-07 06:35:49.240280: I tensorflow/core/common_runtime/placer.cc:1059] gradients/Mean_grad/Prod: (Prod)/job:localhost/replica:0/task:0/device:GPU:0
2023-01-07 06:35:49.240298: I tensorflow/core/common_runtime/placer.cc:1059] gradients/Mean_grad/Prod_1: (Prod)/job:localhost/replica:0/task:0/device:GPU:0
2023-01-07 06:35:49.240317: I tensorflow/core/common_runtime/placer.cc:1059] gradients/Mean_grad/Maximum: (Maximum)/job:localhost/replica:0/task:0/device:GPU:0
2023-01-07 06:35:49.240335: I tensorflow/core/common_runtime/placer.cc:1059] gradients/Mean_grad/floordiv: (FloorDiv)/job:localhost/replica:0/task:0/device:GPU:0
2023-01-07 06:35:49.240353: I tensorflow/core/common_runtime/placer.cc:1059] gradients/Mean_grad/Cast: (Cast)/job:localhost/replica:0/task:0/device:GPU:0
2023-01-07 06:35:49.240371: I tensorflow/core/common_runtime/placer.cc:1059] gradients/Mean_grad/truediv: (RealDiv)/job:localhost/replica:0/task:0/device:GPU:0
2023-01-07 06:35:49.240389: I tensorflow/core/common_runtime/placer.cc:1059] gradients/softmax_cross_entropy_with_logits_sg/Reshape_2_grad/Shape: (Shape)/job:localhost/replica:0/task:0/device:GPU:0
2023-01-07 06:35:49.240408: I tensorflow/core/common_runtime/placer.cc:1059] gradients/softmax_cross_entropy_with_logits_sg/Reshape_2_grad/Reshape: (Reshape)/job:localhost/replica:0/task:0/device:GPU:0
2023-01-07 06:35:49.240426: I tensorflow/core/common_runtime/placer.cc:1059] gradients/zeros_like: (ZerosLike)/job:localhost/replica:0/task:0/device:GPU:0
2023-01-07 06:35:49.240444: I tensorflow/core/common_runtime/placer.cc:1059] gradients/softmax_cross_entropy_with_logits_sg_grad/ExpandDims: (ExpandDims)/job:localhost/replica:0/task:0/device:GPU:0
2023-01-07 06:35:49.240462: I tensorflow/core/common_runtime/placer.cc:1059] gradients/softmax_cross_entropy_with_logits_sg_grad/mul: (Mul)/job:localhost/replica:0/task:0/device:GPU:0
2023-01-07 06:35:49.240481: I tensorflow/core/common_runtime/placer.cc:1059] gradients/softmax_cross_entropy_with_logits_sg_grad/LogSoftmax: (LogSoftmax)/job:localhost/replica:0/task:0/device:GPU:0
2023-01-07 06:35:49.240499: I tensorflow/core/common_runtime/placer.cc:1059] gradients/softmax_cross_entropy_with_logits_sg_grad/Neg: (Neg)/job:localhost/replica:0/task:0/device:GPU:0
2023-01-07 06:35:49.240517: I tensorflow/core/common_runtime/placer.cc:1059] gradients/softmax_cross_entropy_with_logits_sg_grad/ExpandDims_1: (ExpandDims)/job:localhost/replica:0/task:0/device:GPU:0
2023-01-07 06:35:49.240535: I tensorflow/core/common_runtime/placer.cc:1059] gradients/softmax_cross_entropy_with_logits_sg_grad/mul_1: (Mul)/job:localhost/replica:0/task:0/device:GPU:0
2023-01-07 06:35:49.240554: I tensorflow/core/common_runtime/placer.cc:1059] gradients/softmax_cross_entropy_with_logits_sg_grad/tuple/group_deps: (NoOp)/job:localhost/replica:0/task:0/device:GPU:0
2023-01-07 06:35:49.240566: I tensorflow/core/common_runtime/placer.cc:1059] gradients/softmax_cross_entropy_with_logits_sg_grad/tuple/control_dependency: (Identity)/job:localhost/replica:0/task:0/device:GPU:0
2023-01-07 06:35:49.240578: I tensorflow/core/common_runtime/placer.cc:1059] gradients/softmax_cross_entropy_with_logits_sg_grad/tuple/control_dependency_1: (Identity)/job:localhost/replica:0/task:0/device:GPU:0
2023-01-07 06:35:49.240596: I tensorflow/core/common_runtime/placer.cc:1059] gradients/softmax_cross_entropy_with_logits_sg/Reshape_grad/Shape: (Shape)/job:localhost/replica:0/task:0/device:GPU:0
2023-01-07 06:35:49.240614: I tensorflow/core/common_runtime/placer.cc:1059] gradients/softmax_cross_entropy_with_logits_sg/Reshape_grad/Reshape: (Reshape)/job:localhost/replica:0/task:0/device:GPU:0
2023-01-07 06:35:49.240632: I tensorflow/core/common_runtime/placer.cc:1059] gradients/add_3_grad/Shape: (Shape)/job:localhost/replica:0/task:0/device:GPU:0
2023-01-07 06:35:49.240651: I tensorflow/core/common_runtime/placer.cc:1059] gradients/add_3_grad/BroadcastGradientArgs: (BroadcastGradientArgs)/job:localhost/replica:0/task:0/device:GPU:0
2023-01-07 06:35:49.240669: I tensorflow/core/common_runtime/placer.cc:1059] gradients/add_3_grad/Sum: (Sum)/job:localhost/replica:0/task:0/device:GPU:0
2023-01-07 06:35:49.240687: I tensorflow/core/common_runtime/placer.cc:1059] gradients/add_3_grad/Reshape: (Reshape)/job:localhost/replica:0/task:0/device:GPU:0
2023-01-07 06:35:49.240705: I tensorflow/core/common_runtime/placer.cc:1059] gradients/add_3_grad/Sum_1: (Sum)/job:localhost/replica:0/task:0/device:GPU:0
2023-01-07 06:35:49.240723: I tensorflow/core/common_runtime/placer.cc:1059] gradients/add_3_grad/Reshape_1: (Reshape)/job:localhost/replica:0/task:0/device:GPU:0
2023-01-07 06:35:49.240742: I tensorflow/core/common_runtime/placer.cc:1059] gradients/add_3_grad/tuple/group_deps: (NoOp)/job:localhost/replica:0/task:0/device:GPU:0
2023-01-07 06:35:49.240754: I tensorflow/core/common_runtime/placer.cc:1059] gradients/add_3_grad/tuple/control_dependency: (Identity)/job:localhost/replica:0/task:0/device:GPU:0
2023-01-07 06:35:49.240766: I tensorflow/core/common_runtime/placer.cc:1059] gradients/add_3_grad/tuple/control_dependency_1: (Identity)/job:localhost/replica:0/task:0/device:GPU:0
2023-01-07 06:35:49.240784: I tensorflow/core/common_runtime/placer.cc:1059] gradients/MatMul_1_grad/MatMul: (MatMul)/job:localhost/replica:0/task:0/device:GPU:0
2023-01-07 06:35:49.240802: I tensorflow/core/common_runtime/placer.cc:1059] gradients/MatMul_1_grad/MatMul_1: (MatMul)/job:localhost/replica:0/task:0/device:GPU:0
2023-01-07 06:35:49.240821: I tensorflow/core/common_runtime/placer.cc:1059] gradients/MatMul_1_grad/tuple/group_deps: (NoOp)/job:localhost/replica:0/task:0/device:GPU:0
2023-01-07 06:35:49.240833: I tensorflow/core/common_runtime/placer.cc:1059] gradients/MatMul_1_grad/tuple/control_dependency: (Identity)/job:localhost/replica:0/task:0/device:GPU:0
2023-01-07 06:35:49.240845: I tensorflow/core/common_runtime/placer.cc:1059] gradients/MatMul_1_grad/tuple/control_dependency_1: (Identity)/job:localhost/replica:0/task:0/device:GPU:0
2023-01-07 06:35:49.240863: I tensorflow/core/common_runtime/placer.cc:1059] gradients/dropout/mul_grad/Shape: (Shape)/job:localhost/replica:0/task:0/device:GPU:0
2023-01-07 06:35:49.240881: I tensorflow/core/common_runtime/placer.cc:1059] gradients/dropout/mul_grad/Shape_1: (Shape)/job:localhost/replica:0/task:0/device:GPU:0
2023-01-07 06:35:49.240900: I tensorflow/core/common_runtime/placer.cc:1059] gradients/dropout/mul_grad/BroadcastGradientArgs: (BroadcastGradientArgs)/job:localhost/replica:0/task:0/device:GPU:0
2023-01-07 06:35:49.240918: I tensorflow/core/common_runtime/placer.cc:1059] gradients/dropout/mul_grad/Mul: (Mul)/job:localhost/replica:0/task:0/device:GPU:0
2023-01-07 06:35:49.240936: I tensorflow/core/common_runtime/placer.cc:1059] gradients/dropout/mul_grad/Sum: (Sum)/job:localhost/replica:0/task:0/device:GPU:0
2023-01-07 06:35:49.240954: I tensorflow/core/common_runtime/placer.cc:1059] gradients/dropout/mul_grad/Reshape: (Reshape)/job:localhost/replica:0/task:0/device:GPU:0
2023-01-07 06:35:49.240972: I tensorflow/core/common_runtime/placer.cc:1059] gradients/dropout/mul_grad/Mul_1: (Mul)/job:localhost/replica:0/task:0/device:GPU:0
2023-01-07 06:35:49.240990: I tensorflow/core/common_runtime/placer.cc:1059] gradients/dropout/mul_grad/Sum_1: (Sum)/job:localhost/replica:0/task:0/device:GPU:0
2023-01-07 06:35:49.241008: I tensorflow/core/common_runtime/placer.cc:1059] gradients/dropout/mul_grad/Reshape_1: (Reshape)/job:localhost/replica:0/task:0/device:GPU:0
2023-01-07 06:35:49.241026: I tensorflow/core/common_runtime/placer.cc:1059] gradients/dropout/mul_grad/tuple/group_deps: (NoOp)/job:localhost/replica:0/task:0/device:GPU:0
2023-01-07 06:35:49.241038: I tensorflow/core/common_runtime/placer.cc:1059] gradients/dropout/mul_grad/tuple/control_dependency: (Identity)/job:localhost/replica:0/task:0/device:GPU:0
2023-01-07 06:35:49.241050: I tensorflow/core/common_runtime/placer.cc:1059] gradients/dropout/mul_grad/tuple/control_dependency_1: (Identity)/job:localhost/replica:0/task:0/device:GPU:0
2023-01-07 06:35:49.241068: I tensorflow/core/common_runtime/placer.cc:1059] gradients/dropout/truediv_grad/Shape: (Shape)/job:localhost/replica:0/task:0/device:GPU:0
2023-01-07 06:35:49.241087: I tensorflow/core/common_runtime/placer.cc:1059] gradients/dropout/truediv_grad/BroadcastGradientArgs: (BroadcastGradientArgs)/job:localhost/replica:0/task:0/device:GPU:0
2023-01-07 06:35:49.241105: I tensorflow/core/common_runtime/placer.cc:1059] gradients/dropout/truediv_grad/RealDiv: (RealDiv)/job:localhost/replica:0/task:0/device:GPU:0
2023-01-07 06:35:49.241123: I tensorflow/core/common_runtime/placer.cc:1059] gradients/dropout/truediv_grad/Sum: (Sum)/job:localhost/replica:0/task:0/device:GPU:0
2023-01-07 06:35:49.241141: I tensorflow/core/common_runtime/placer.cc:1059] gradients/dropout/truediv_grad/Reshape: (Reshape)/job:localhost/replica:0/task:0/device:GPU:0
2023-01-07 06:35:49.241159: I tensorflow/core/common_runtime/placer.cc:1059] gradients/dropout/truediv_grad/Neg: (Neg)/job:localhost/replica:0/task:0/device:GPU:0
2023-01-07 06:35:49.241184: I tensorflow/core/common_runtime/placer.cc:1059] gradients/dropout/truediv_grad/RealDiv_1: (RealDiv)/job:localhost/replica:0/task:0/device:GPU:0
2023-01-07 06:35:49.241202: I tensorflow/core/common_runtime/placer.cc:1059] gradients/dropout/truediv_grad/RealDiv_2: (RealDiv)/job:localhost/replica:0/task:0/device:GPU:0
2023-01-07 06:35:49.241220: I tensorflow/core/common_runtime/placer.cc:1059] gradients/dropout/truediv_grad/mul: (Mul)/job:localhost/replica:0/task:0/device:GPU:0
2023-01-07 06:35:49.241238: I tensorflow/core/common_runtime/placer.cc:1059] gradients/dropout/truediv_grad/Sum_1: (Sum)/job:localhost/replica:0/task:0/device:GPU:0
2023-01-07 06:35:49.241256: I tensorflow/core/common_runtime/placer.cc:1059] gradients/dropout/truediv_grad/Reshape_1: (Reshape)/job:localhost/replica:0/task:0/device:GPU:0
2023-01-07 06:35:49.241274: I tensorflow/core/common_runtime/placer.cc:1059] gradients/dropout/truediv_grad/tuple/group_deps: (NoOp)/job:localhost/replica:0/task:0/device:GPU:0
2023-01-07 06:35:49.241286: I tensorflow/core/common_runtime/placer.cc:1059] gradients/dropout/truediv_grad/tuple/control_dependency: (Identity)/job:localhost/replica:0/task:0/device:GPU:0
2023-01-07 06:35:49.241298: I tensorflow/core/common_runtime/placer.cc:1059] gradients/dropout/truediv_grad/tuple/control_dependency_1: (Identity)/job:localhost/replica:0/task:0/device:GPU:0
2023-01-07 06:35:49.241316: I tensorflow/core/common_runtime/placer.cc:1059] gradients/Relu_2_grad/ReluGrad: (ReluGrad)/job:localhost/replica:0/task:0/device:GPU:0
2023-01-07 06:35:49.241334: I tensorflow/core/common_runtime/placer.cc:1059] gradients/add_2_grad/Shape: (Shape)/job:localhost/replica:0/task:0/device:GPU:0
2023-01-07 06:35:49.241352: I tensorflow/core/common_runtime/placer.cc:1059] gradients/add_2_grad/BroadcastGradientArgs: (BroadcastGradientArgs)/job:localhost/replica:0/task:0/device:GPU:0
2023-01-07 06:35:49.241370: I tensorflow/core/common_runtime/placer.cc:1059] gradients/add_2_grad/Sum: (Sum)/job:localhost/replica:0/task:0/device:GPU:0
2023-01-07 06:35:49.241388: I tensorflow/core/common_runtime/placer.cc:1059] gradients/add_2_grad/Reshape: (Reshape)/job:localhost/replica:0/task:0/device:GPU:0
2023-01-07 06:35:49.241406: I tensorflow/core/common_runtime/placer.cc:1059] gradients/add_2_grad/Sum_1: (Sum)/job:localhost/replica:0/task:0/device:GPU:0
2023-01-07 06:35:49.241424: I tensorflow/core/common_runtime/placer.cc:1059] gradients/add_2_grad/Reshape_1: (Reshape)/job:localhost/replica:0/task:0/device:GPU:0
2023-01-07 06:35:49.241442: I tensorflow/core/common_runtime/placer.cc:1059] gradients/add_2_grad/tuple/group_deps: (NoOp)/job:localhost/replica:0/task:0/device:GPU:0
2023-01-07 06:35:49.241455: I tensorflow/core/common_runtime/placer.cc:1059] gradients/add_2_grad/tuple/control_dependency: (Identity)/job:localhost/replica:0/task:0/device:GPU:0
2023-01-07 06:35:49.241467: I tensorflow/core/common_runtime/placer.cc:1059] gradients/add_2_grad/tuple/control_dependency_1: (Identity)/job:localhost/replica:0/task:0/device:GPU:0
2023-01-07 06:35:49.241485: I tensorflow/core/common_runtime/placer.cc:1059] gradients/MatMul_grad/MatMul: (MatMul)/job:localhost/replica:0/task:0/device:GPU:0
2023-01-07 06:35:49.241503: I tensorflow/core/common_runtime/placer.cc:1059] gradients/MatMul_grad/MatMul_1: (MatMul)/job:localhost/replica:0/task:0/device:GPU:0
2023-01-07 06:35:49.241521: I tensorflow/core/common_runtime/placer.cc:1059] gradients/MatMul_grad/tuple/group_deps: (NoOp)/job:localhost/replica:0/task:0/device:GPU:0
2023-01-07 06:35:49.241533: I tensorflow/core/common_runtime/placer.cc:1059] gradients/MatMul_grad/tuple/control_dependency: (Identity)/job:localhost/replica:0/task:0/device:GPU:0
2023-01-07 06:35:49.241545: I tensorflow/core/common_runtime/placer.cc:1059] gradients/MatMul_grad/tuple/control_dependency_1: (Identity)/job:localhost/replica:0/task:0/device:GPU:0
2023-01-07 06:35:49.241569: I tensorflow/core/common_runtime/placer.cc:1059] gradients/Reshape_1_grad/Shape: (Shape)/job:localhost/replica:0/task:0/device:GPU:0
2023-01-07 06:35:49.241587: I tensorflow/core/common_runtime/placer.cc:1059] gradients/Reshape_1_grad/Reshape: (Reshape)/job:localhost/replica:0/task:0/device:GPU:0
2023-01-07 06:35:49.241606: I tensorflow/core/common_runtime/placer.cc:1059] gradients/MaxPool_1_grad/MaxPoolGrad: (MaxPoolGrad)/job:localhost/replica:0/task:0/device:GPU:0
2023-01-07 06:35:49.241624: I tensorflow/core/common_runtime/placer.cc:1059] gradients/Relu_1_grad/ReluGrad: (ReluGrad)/job:localhost/replica:0/task:0/device:GPU:0
2023-01-07 06:35:49.241642: I tensorflow/core/common_runtime/placer.cc:1059] gradients/add_1_grad/Shape: (Shape)/job:localhost/replica:0/task:0/device:GPU:0
2023-01-07 06:35:49.241660: I tensorflow/core/common_runtime/placer.cc:1059] gradients/add_1_grad/BroadcastGradientArgs: (BroadcastGradientArgs)/job:localhost/replica:0/task:0/device:GPU:0
2023-01-07 06:35:49.241678: I tensorflow/core/common_runtime/placer.cc:1059] gradients/add_1_grad/Sum: (Sum)/job:localhost/replica:0/task:0/device:GPU:0
2023-01-07 06:35:49.241696: I tensorflow/core/common_runtime/placer.cc:1059] gradients/add_1_grad/Reshape: (Reshape)/job:localhost/replica:0/task:0/device:GPU:0
2023-01-07 06:35:49.241715: I tensorflow/core/common_runtime/placer.cc:1059] gradients/add_1_grad/Sum_1: (Sum)/job:localhost/replica:0/task:0/device:GPU:0
2023-01-07 06:35:49.241733: I tensorflow/core/common_runtime/placer.cc:1059] gradients/add_1_grad/Reshape_1: (Reshape)/job:localhost/replica:0/task:0/device:GPU:0
2023-01-07 06:35:49.241752: I tensorflow/core/common_runtime/placer.cc:1059] gradients/add_1_grad/tuple/group_deps: (NoOp)/job:localhost/replica:0/task:0/device:GPU:0
2023-01-07 06:35:49.241764: I tensorflow/core/common_runtime/placer.cc:1059] gradients/add_1_grad/tuple/control_dependency: (Identity)/job:localhost/replica:0/task:0/device:GPU:0
2023-01-07 06:35:49.241776: I tensorflow/core/common_runtime/placer.cc:1059] gradients/add_1_grad/tuple/control_dependency_1: (Identity)/job:localhost/replica:0/task:0/device:GPU:0
2023-01-07 06:35:49.241793: I tensorflow/core/common_runtime/placer.cc:1059] gradients/Conv2D_1_grad/ShapeN: (ShapeN)/job:localhost/replica:0/task:0/device:GPU:0
2023-01-07 06:35:49.241812: I tensorflow/core/common_runtime/placer.cc:1059] gradients/Conv2D_1_grad/Conv2DBackpropInput: (Conv2DBackpropInput)/job:localhost/replica:0/task:0/device:GPU:0
2023-01-07 06:35:49.241830: I tensorflow/core/common_runtime/placer.cc:1059] gradients/Conv2D_1_grad/Conv2DBackpropFilter: (Conv2DBackpropFilter)/job:localhost/replica:0/task:0/device:GPU:0
2023-01-07 06:35:49.241847: I tensorflow/core/common_runtime/placer.cc:1059] gradients/Conv2D_1_grad/tuple/group_deps: (NoOp)/job:localhost/replica:0/task:0/device:GPU:0
2023-01-07 06:35:49.241859: I tensorflow/core/common_runtime/placer.cc:1059] gradients/Conv2D_1_grad/tuple/control_dependency: (Identity)/job:localhost/replica:0/task:0/device:GPU:0
2023-01-07 06:35:49.241871: I tensorflow/core/common_runtime/placer.cc:1059] gradients/Conv2D_1_grad/tuple/control_dependency_1: (Identity)/job:localhost/replica:0/task:0/device:GPU:0
2023-01-07 06:35:49.241889: I tensorflow/core/common_runtime/placer.cc:1059] gradients/MaxPool_grad/MaxPoolGrad: (MaxPoolGrad)/job:localhost/replica:0/task:0/device:GPU:0
2023-01-07 06:35:49.241907: I tensorflow/core/common_runtime/placer.cc:1059] gradients/Relu_grad/ReluGrad: (ReluGrad)/job:localhost/replica:0/task:0/device:GPU:0
2023-01-07 06:35:49.241926: I tensorflow/core/common_runtime/placer.cc:1059] gradients/add_grad/Shape: (Shape)/job:localhost/replica:0/task:0/device:GPU:0
2023-01-07 06:35:49.241944: I tensorflow/core/common_runtime/placer.cc:1059] gradients/add_grad/BroadcastGradientArgs: (BroadcastGradientArgs)/job:localhost/replica:0/task:0/device:GPU:0
2023-01-07 06:35:49.241962: I tensorflow/core/common_runtime/placer.cc:1059] gradients/add_grad/Sum: (Sum)/job:localhost/replica:0/task:0/device:GPU:0
2023-01-07 06:35:49.241980: I tensorflow/core/common_runtime/placer.cc:1059] gradients/add_grad/Reshape: (Reshape)/job:localhost/replica:0/task:0/device:GPU:0
2023-01-07 06:35:49.241998: I tensorflow/core/common_runtime/placer.cc:1059] gradients/add_grad/Sum_1: (Sum)/job:localhost/replica:0/task:0/device:GPU:0
2023-01-07 06:35:49.242016: I tensorflow/core/common_runtime/placer.cc:1059] gradients/add_grad/Reshape_1: (Reshape)/job:localhost/replica:0/task:0/device:GPU:0
2023-01-07 06:35:49.242035: I tensorflow/core/common_runtime/placer.cc:1059] gradients/add_grad/tuple/group_deps: (NoOp)/job:localhost/replica:0/task:0/device:GPU:0
2023-01-07 06:35:49.242047: I tensorflow/core/common_runtime/placer.cc:1059] gradients/add_grad/tuple/control_dependency: (Identity)/job:localhost/replica:0/task:0/device:GPU:0
2023-01-07 06:35:49.242059: I tensorflow/core/common_runtime/placer.cc:1059] gradients/add_grad/tuple/control_dependency_1: (Identity)/job:localhost/replica:0/task:0/device:GPU:0
2023-01-07 06:35:49.242077: I tensorflow/core/common_runtime/placer.cc:1059] gradients/Conv2D_grad/ShapeN: (ShapeN)/job:localhost/replica:0/task:0/device:GPU:0
2023-01-07 06:35:49.242095: I tensorflow/core/common_runtime/placer.cc:1059] gradients/Conv2D_grad/Conv2DBackpropInput: (Conv2DBackpropInput)/job:localhost/replica:0/task:0/device:GPU:0
2023-01-07 06:35:49.242113: I tensorflow/core/common_runtime/placer.cc:1059] gradients/Conv2D_grad/Conv2DBackpropFilter: (Conv2DBackpropFilter)/job:localhost/replica:0/task:0/device:GPU:0
2023-01-07 06:35:49.242132: I tensorflow/core/common_runtime/placer.cc:1059] gradients/Conv2D_grad/tuple/group_deps: (NoOp)/job:localhost/replica:0/task:0/device:GPU:0
2023-01-07 06:35:49.242144: I tensorflow/core/common_runtime/placer.cc:1059] gradients/Conv2D_grad/tuple/control_dependency: (Identity)/job:localhost/replica:0/task:0/device:GPU:0
2023-01-07 06:35:49.242156: I tensorflow/core/common_runtime/placer.cc:1059] gradients/Conv2D_grad/tuple/control_dependency_1: (Identity)/job:localhost/replica:0/task:0/device:GPU:0
2023-01-07 06:35:49.242168: I tensorflow/core/common_runtime/placer.cc:1059] beta1_power: (VariableV2)/job:localhost/replica:0/task:0/device:GPU:0
2023-01-07 06:35:49.242180: I tensorflow/core/common_runtime/placer.cc:1059] beta1_power/Assign: (Assign)/job:localhost/replica:0/task:0/device:GPU:0
2023-01-07 06:35:49.242192: I tensorflow/core/common_runtime/placer.cc:1059] beta1_power/read: (Identity)/job:localhost/replica:0/task:0/device:GPU:0
2023-01-07 06:35:49.242204: I tensorflow/core/common_runtime/placer.cc:1059] beta2_power: (VariableV2)/job:localhost/replica:0/task:0/device:GPU:0
2023-01-07 06:35:49.242215: I tensorflow/core/common_runtime/placer.cc:1059] beta2_power/Assign: (Assign)/job:localhost/replica:0/task:0/device:GPU:0
2023-01-07 06:35:49.242227: I tensorflow/core/common_runtime/placer.cc:1059] beta2_power/read: (Identity)/job:localhost/replica:0/task:0/device:GPU:0
2023-01-07 06:35:49.242239: I tensorflow/core/common_runtime/placer.cc:1059] Variable_1/Adam: (VariableV2)/job:localhost/replica:0/task:0/device:GPU:0
2023-01-07 06:35:49.242251: I tensorflow/core/common_runtime/placer.cc:1059] Variable_1/Adam/Assign: (Assign)/job:localhost/replica:0/task:0/device:GPU:0
2023-01-07 06:35:49.242262: I tensorflow/core/common_runtime/placer.cc:1059] Variable_1/Adam/read: (Identity)/job:localhost/replica:0/task:0/device:GPU:0
2023-01-07 06:35:49.242274: I tensorflow/core/common_runtime/placer.cc:1059] Variable_1/Adam_1: (VariableV2)/job:localhost/replica:0/task:0/device:GPU:0
2023-01-07 06:35:49.242286: I tensorflow/core/common_runtime/placer.cc:1059] Variable_1/Adam_1/Assign: (Assign)/job:localhost/replica:0/task:0/device:GPU:0
2023-01-07 06:35:49.242298: I tensorflow/core/common_runtime/placer.cc:1059] Variable_1/Adam_1/read: (Identity)/job:localhost/replica:0/task:0/device:GPU:0
2023-01-07 06:35:49.242310: I tensorflow/core/common_runtime/placer.cc:1059] Variable_2/Adam: (VariableV2)/job:localhost/replica:0/task:0/device:GPU:0
2023-01-07 06:35:49.242322: I tensorflow/core/common_runtime/placer.cc:1059] Variable_2/Adam/Assign: (Assign)/job:localhost/replica:0/task:0/device:GPU:0
2023-01-07 06:35:49.242334: I tensorflow/core/common_runtime/placer.cc:1059] Variable_2/Adam/read: (Identity)/job:localhost/replica:0/task:0/device:GPU:0
2023-01-07 06:35:49.242346: I tensorflow/core/common_runtime/placer.cc:1059] Variable_2/Adam_1: (VariableV2)/job:localhost/replica:0/task:0/device:GPU:0
2023-01-07 06:35:49.242358: I tensorflow/core/common_runtime/placer.cc:1059] Variable_2/Adam_1/Assign: (Assign)/job:localhost/replica:0/task:0/device:GPU:0
2023-01-07 06:35:49.242369: I tensorflow/core/common_runtime/placer.cc:1059] Variable_2/Adam_1/read: (Identity)/job:localhost/replica:0/task:0/device:GPU:0
2023-01-07 06:35:49.242381: I tensorflow/core/common_runtime/placer.cc:1059] Variable_3/Adam/Initializer/zeros: (Fill)/job:localhost/replica:0/task:0/device:GPU:0
2023-01-07 06:35:49.242393: I tensorflow/core/common_runtime/placer.cc:1059] Variable_3/Adam: (VariableV2)/job:localhost/replica:0/task:0/device:GPU:0
2023-01-07 06:35:49.242405: I tensorflow/core/common_runtime/placer.cc:1059] Variable_3/Adam/Assign: (Assign)/job:localhost/replica:0/task:0/device:GPU:0
2023-01-07 06:35:49.242417: I tensorflow/core/common_runtime/placer.cc:1059] Variable_3/Adam/read: (Identity)/job:localhost/replica:0/task:0/device:GPU:0
2023-01-07 06:35:49.242428: I tensorflow/core/common_runtime/placer.cc:1059] Variable_3/Adam_1/Initializer/zeros: (Fill)/job:localhost/replica:0/task:0/device:GPU:0
2023-01-07 06:35:49.242440: I tensorflow/core/common_runtime/placer.cc:1059] Variable_3/Adam_1: (VariableV2)/job:localhost/replica:0/task:0/device:GPU:0
2023-01-07 06:35:49.242452: I tensorflow/core/common_runtime/placer.cc:1059] Variable_3/Adam_1/Assign: (Assign)/job:localhost/replica:0/task:0/device:GPU:0
2023-01-07 06:35:49.242464: I tensorflow/core/common_runtime/placer.cc:1059] Variable_3/Adam_1/read: (Identity)/job:localhost/replica:0/task:0/device:GPU:0
2023-01-07 06:35:49.242475: I tensorflow/core/common_runtime/placer.cc:1059] Variable_4/Adam: (VariableV2)/job:localhost/replica:0/task:0/device:GPU:0
2023-01-07 06:35:49.242487: I tensorflow/core/common_runtime/placer.cc:1059] Variable_4/Adam/Assign: (Assign)/job:localhost/replica:0/task:0/device:GPU:0
2023-01-07 06:35:49.242499: I tensorflow/core/common_runtime/placer.cc:1059] Variable_4/Adam/read: (Identity)/job:localhost/replica:0/task:0/device:GPU:0
2023-01-07 06:35:49.242510: I tensorflow/core/common_runtime/placer.cc:1059] Variable_4/Adam_1: (VariableV2)/job:localhost/replica:0/task:0/device:GPU:0
2023-01-07 06:35:49.242522: I tensorflow/core/common_runtime/placer.cc:1059] Variable_4/Adam_1/Assign: (Assign)/job:localhost/replica:0/task:0/device:GPU:0
2023-01-07 06:35:49.242534: I tensorflow/core/common_runtime/placer.cc:1059] Variable_4/Adam_1/read: (Identity)/job:localhost/replica:0/task:0/device:GPU:0
2023-01-07 06:35:49.242546: I tensorflow/core/common_runtime/placer.cc:1059] Variable_5/Adam/Initializer/zeros: (Fill)/job:localhost/replica:0/task:0/device:GPU:0
2023-01-07 06:35:49.242557: I tensorflow/core/common_runtime/placer.cc:1059] Variable_5/Adam: (VariableV2)/job:localhost/replica:0/task:0/device:GPU:0
2023-01-07 06:35:49.242569: I tensorflow/core/common_runtime/placer.cc:1059] Variable_5/Adam/Assign: (Assign)/job:localhost/replica:0/task:0/device:GPU:0
2023-01-07 06:35:49.242581: I tensorflow/core/common_runtime/placer.cc:1059] Variable_5/Adam/read: (Identity)/job:localhost/replica:0/task:0/device:GPU:0
2023-01-07 06:35:49.242593: I tensorflow/core/common_runtime/placer.cc:1059] Variable_5/Adam_1/Initializer/zeros: (Fill)/job:localhost/replica:0/task:0/device:GPU:0
2023-01-07 06:35:49.242604: I tensorflow/core/common_runtime/placer.cc:1059] Variable_5/Adam_1: (VariableV2)/job:localhost/replica:0/task:0/device:GPU:0
2023-01-07 06:35:49.242616: I tensorflow/core/common_runtime/placer.cc:1059] Variable_5/Adam_1/Assign: (Assign)/job:localhost/replica:0/task:0/device:GPU:0
2023-01-07 06:35:49.242627: I tensorflow/core/common_runtime/placer.cc:1059] Variable_5/Adam_1/read: (Identity)/job:localhost/replica:0/task:0/device:GPU:0
2023-01-07 06:35:49.242639: I tensorflow/core/common_runtime/placer.cc:1059] Variable_6/Adam/Initializer/zeros: (Fill)/job:localhost/replica:0/task:0/device:GPU:0
2023-01-07 06:35:49.242651: I tensorflow/core/common_runtime/placer.cc:1059] Variable_6/Adam: (VariableV2)/job:localhost/replica:0/task:0/device:GPU:0
2023-01-07 06:35:49.242662: I tensorflow/core/common_runtime/placer.cc:1059] Variable_6/Adam/Assign: (Assign)/job:localhost/replica:0/task:0/device:GPU:0
2023-01-07 06:35:49.242674: I tensorflow/core/common_runtime/placer.cc:1059] Variable_6/Adam/read: (Identity)/job:localhost/replica:0/task:0/device:GPU:0
2023-01-07 06:35:49.242686: I tensorflow/core/common_runtime/placer.cc:1059] Variable_6/Adam_1/Initializer/zeros: (Fill)/job:localhost/replica:0/task:0/device:GPU:0
2023-01-07 06:35:49.242697: I tensorflow/core/common_runtime/placer.cc:1059] Variable_6/Adam_1: (VariableV2)/job:localhost/replica:0/task:0/device:GPU:0
2023-01-07 06:35:49.242709: I tensorflow/core/common_runtime/placer.cc:1059] Variable_6/Adam_1/Assign: (Assign)/job:localhost/replica:0/task:0/device:GPU:0
2023-01-07 06:35:49.242721: I tensorflow/core/common_runtime/placer.cc:1059] Variable_6/Adam_1/read: (Identity)/job:localhost/replica:0/task:0/device:GPU:0
2023-01-07 06:35:49.242732: I tensorflow/core/common_runtime/placer.cc:1059] Variable_7/Adam/Initializer/zeros: (Fill)/job:localhost/replica:0/task:0/device:GPU:0
2023-01-07 06:35:49.242744: I tensorflow/core/common_runtime/placer.cc:1059] Variable_7/Adam: (VariableV2)/job:localhost/replica:0/task:0/device:GPU:0
2023-01-07 06:35:49.242756: I tensorflow/core/common_runtime/placer.cc:1059] Variable_7/Adam/Assign: (Assign)/job:localhost/replica:0/task:0/device:GPU:0
2023-01-07 06:35:49.242767: I tensorflow/core/common_runtime/placer.cc:1059] Variable_7/Adam/read: (Identity)/job:localhost/replica:0/task:0/device:GPU:0
2023-01-07 06:35:49.242779: I tensorflow/core/common_runtime/placer.cc:1059] Variable_7/Adam_1/Initializer/zeros: (Fill)/job:localhost/replica:0/task:0/device:GPU:0
2023-01-07 06:35:49.242791: I tensorflow/core/common_runtime/placer.cc:1059] Variable_7/Adam_1: (VariableV2)/job:localhost/replica:0/task:0/device:GPU:0
2023-01-07 06:35:49.242802: I tensorflow/core/common_runtime/placer.cc:1059] Variable_7/Adam_1/Assign: (Assign)/job:localhost/replica:0/task:0/device:GPU:0
2023-01-07 06:35:49.242814: I tensorflow/core/common_runtime/placer.cc:1059] Variable_7/Adam_1/read: (Identity)/job:localhost/replica:0/task:0/device:GPU:0
2023-01-07 06:35:49.242825: I tensorflow/core/common_runtime/placer.cc:1059] Variable_8/Adam: (VariableV2)/job:localhost/replica:0/task:0/device:GPU:0
2023-01-07 06:35:49.242837: I tensorflow/core/common_runtime/placer.cc:1059] Variable_8/Adam/Assign: (Assign)/job:localhost/replica:0/task:0/device:GPU:0
2023-01-07 06:35:49.242849: I tensorflow/core/common_runtime/placer.cc:1059] Variable_8/Adam/read: (Identity)/job:localhost/replica:0/task:0/device:GPU:0
2023-01-07 06:35:49.242861: I tensorflow/core/common_runtime/placer.cc:1059] Variable_8/Adam_1: (VariableV2)/job:localhost/replica:0/task:0/device:GPU:0
2023-01-07 06:35:49.242878: I tensorflow/core/common_runtime/placer.cc:1059] Variable_8/Adam_1/Assign: (Assign)/job:localhost/replica:0/task:0/device:GPU:0
2023-01-07 06:35:49.242890: I tensorflow/core/common_runtime/placer.cc:1059] Variable_8/Adam_1/read: (Identity)/job:localhost/replica:0/task:0/device:GPU:0
2023-01-07 06:35:49.242902: I tensorflow/core/common_runtime/placer.cc:1059] Adam/update_Variable_1/ApplyAdam: (ApplyAdam)/job:localhost/replica:0/task:0/device:GPU:0
2023-01-07 06:35:49.242914: I tensorflow/core/common_runtime/placer.cc:1059] Adam/update_Variable_2/ApplyAdam: (ApplyAdam)/job:localhost/replica:0/task:0/device:GPU:0
2023-01-07 06:35:49.242925: I tensorflow/core/common_runtime/placer.cc:1059] Adam/update_Variable_3/ApplyAdam: (ApplyAdam)/job:localhost/replica:0/task:0/device:GPU:0
2023-01-07 06:35:49.242937: I tensorflow/core/common_runtime/placer.cc:1059] Adam/update_Variable_4/ApplyAdam: (ApplyAdam)/job:localhost/replica:0/task:0/device:GPU:0
2023-01-07 06:35:49.242948: I tensorflow/core/common_runtime/placer.cc:1059] Adam/update_Variable_5/ApplyAdam: (ApplyAdam)/job:localhost/replica:0/task:0/device:GPU:0
2023-01-07 06:35:49.242960: I tensorflow/core/common_runtime/placer.cc:1059] Adam/update_Variable_6/ApplyAdam: (ApplyAdam)/job:localhost/replica:0/task:0/device:GPU:0
2023-01-07 06:35:49.242971: I tensorflow/core/common_runtime/placer.cc:1059] Adam/update_Variable_7/ApplyAdam: (ApplyAdam)/job:localhost/replica:0/task:0/device:GPU:0
2023-01-07 06:35:49.242983: I tensorflow/core/common_runtime/placer.cc:1059] Adam/update_Variable_8/ApplyAdam: (ApplyAdam)/job:localhost/replica:0/task:0/device:GPU:0
2023-01-07 06:35:49.242995: I tensorflow/core/common_runtime/placer.cc:1059] Adam/mul: (Mul)/job:localhost/replica:0/task:0/device:GPU:0
2023-01-07 06:35:49.243006: I tensorflow/core/common_runtime/placer.cc:1059] Adam/Assign: (Assign)/job:localhost/replica:0/task:0/device:GPU:0
2023-01-07 06:35:49.243018: I tensorflow/core/common_runtime/placer.cc:1059] Adam/mul_1: (Mul)/job:localhost/replica:0/task:0/device:GPU:0
2023-01-07 06:35:49.243029: I tensorflow/core/common_runtime/placer.cc:1059] Adam/Assign_1: (Assign)/job:localhost/replica:0/task:0/device:GPU:0
2023-01-07 06:35:49.243048: I tensorflow/core/common_runtime/placer.cc:1059] Adam: (NoOp)/job:localhost/replica:0/task:0/device:GPU:0
2023-01-07 06:35:49.243066: I tensorflow/core/common_runtime/placer.cc:1059] ArgMax: (ArgMax)/job:localhost/replica:0/task:0/device:GPU:0
2023-01-07 06:35:49.243085: I tensorflow/core/common_runtime/placer.cc:1059] ArgMax_1: (ArgMax)/job:localhost/replica:0/task:0/device:GPU:0
2023-01-07 06:35:49.243103: I tensorflow/core/common_runtime/placer.cc:1059] Equal: (Equal)/job:localhost/replica:0/task:0/device:GPU:0
2023-01-07 06:35:49.243121: I tensorflow/core/common_runtime/placer.cc:1059] Cast: (Cast)/job:localhost/replica:0/task:0/device:GPU:0
2023-01-07 06:35:49.243139: I tensorflow/core/common_runtime/placer.cc:1059] Mean_1: (Mean)/job:localhost/replica:0/task:0/device:GPU:0
2023-01-07 06:35:49.243158: I tensorflow/core/common_runtime/placer.cc:1059] init: (NoOp)/job:localhost/replica:0/task:0/device:GPU:0
2023-01-07 06:35:49.243176: I tensorflow/core/common_runtime/placer.cc:1059] Placeholder: (Placeholder)/job:localhost/replica:0/task:0/device:GPU:0
2023-01-07 06:35:49.243194: I tensorflow/core/common_runtime/placer.cc:1059] zeros/shape_as_tensor: (Const)/job:localhost/replica:0/task:0/device:GPU:0
2023-01-07 06:35:49.243212: I tensorflow/core/common_runtime/placer.cc:1059] zeros/Const: (Const)/job:localhost/replica:0/task:0/device:GPU:0
2023-01-07 06:35:49.243231: I tensorflow/core/common_runtime/placer.cc:1059] Placeholder_1: (Placeholder)/job:localhost/replica:0/task:0/device:GPU:0
2023-01-07 06:35:49.243249: I tensorflow/core/common_runtime/placer.cc:1059] truncated_normal/shape: (Const)/job:localhost/replica:0/task:0/device:GPU:0
2023-01-07 06:35:49.243267: I tensorflow/core/common_runtime/placer.cc:1059] truncated_normal/mean: (Const)/job:localhost/replica:0/task:0/device:GPU:0
2023-01-07 06:35:49.243285: I tensorflow/core/common_runtime/placer.cc:1059] truncated_normal/stddev: (Const)/job:localhost/replica:0/task:0/device:GPU:0
2023-01-07 06:35:49.243304: I tensorflow/core/common_runtime/placer.cc:1059] Const: (Const)/job:localhost/replica:0/task:0/device:GPU:0
2023-01-07 06:35:49.243322: I tensorflow/core/common_runtime/placer.cc:1059] Reshape/shape: (Const)/job:localhost/replica:0/task:0/device:GPU:0
2023-01-07 06:35:49.243340: I tensorflow/core/common_runtime/placer.cc:1059] truncated_normal_1/shape: (Const)/job:localhost/replica:0/task:0/device:GPU:0
2023-01-07 06:35:49.243359: I tensorflow/core/common_runtime/placer.cc:1059] truncated_normal_1/mean: (Const)/job:localhost/replica:0/task:0/device:GPU:0
2023-01-07 06:35:49.243376: I tensorflow/core/common_runtime/placer.cc:1059] truncated_normal_1/stddev: (Const)/job:localhost/replica:0/task:0/device:GPU:0
2023-01-07 06:35:49.243395: I tensorflow/core/common_runtime/placer.cc:1059] Const_1: (Const)/job:localhost/replica:0/task:0/device:GPU:0
2023-01-07 06:35:49.243413: I tensorflow/core/common_runtime/placer.cc:1059] truncated_normal_2/shape: (Const)/job:localhost/replica:0/task:0/device:GPU:0
2023-01-07 06:35:49.243431: I tensorflow/core/common_runtime/placer.cc:1059] truncated_normal_2/mean: (Const)/job:localhost/replica:0/task:0/device:GPU:0
2023-01-07 06:35:49.243450: I tensorflow/core/common_runtime/placer.cc:1059] truncated_normal_2/stddev: (Const)/job:localhost/replica:0/task:0/device:GPU:0
2023-01-07 06:35:49.243468: I tensorflow/core/common_runtime/placer.cc:1059] Const_2: (Const)/job:localhost/replica:0/task:0/device:GPU:0
2023-01-07 06:35:49.243486: I tensorflow/core/common_runtime/placer.cc:1059] Reshape_1/shape: (Const)/job:localhost/replica:0/task:0/device:GPU:0
2023-01-07 06:35:49.243504: I tensorflow/core/common_runtime/placer.cc:1059] PlaceholderWithDefault/input: (Const)/job:localhost/replica:0/task:0/device:GPU:0
2023-01-07 06:35:49.243522: I tensorflow/core/common_runtime/placer.cc:1059] sub/x: (Const)/job:localhost/replica:0/task:0/device:GPU:0
2023-01-07 06:35:49.243540: I tensorflow/core/common_runtime/placer.cc:1059] dropout/sub/x: (Const)/job:localhost/replica:0/task:0/device:GPU:0
2023-01-07 06:35:49.243559: I tensorflow/core/common_runtime/placer.cc:1059] dropout/random_uniform/min: (Const)/job:localhost/replica:0/task:0/device:GPU:0
2023-01-07 06:35:49.243577: I tensorflow/core/common_runtime/placer.cc:1059] dropout/random_uniform/max: (Const)/job:localhost/replica:0/task:0/device:GPU:0
2023-01-07 06:35:49.243595: I tensorflow/core/common_runtime/placer.cc:1059] truncated_normal_3/shape: (Const)/job:localhost/replica:0/task:0/device:GPU:0
2023-01-07 06:35:49.243613: I tensorflow/core/common_runtime/placer.cc:1059] truncated_normal_3/mean: (Const)/job:localhost/replica:0/task:0/device:GPU:0
2023-01-07 06:35:49.243631: I tensorflow/core/common_runtime/placer.cc:1059] truncated_normal_3/stddev: (Const)/job:localhost/replica:0/task:0/device:GPU:0
2023-01-07 06:35:49.243649: I tensorflow/core/common_runtime/placer.cc:1059] Const_3: (Const)/job:localhost/replica:0/task:0/device:GPU:0
2023-01-07 06:35:49.243668: I tensorflow/core/common_runtime/placer.cc:1059] softmax_cross_entropy_with_logits_sg/Rank: (Const)/job:localhost/replica:0/task:0/device:GPU:0
2023-01-07 06:35:49.243686: I tensorflow/core/common_runtime/placer.cc:1059] softmax_cross_entropy_with_logits_sg/Rank_1: (Const)/job:localhost/replica:0/task:0/device:GPU:0
2023-01-07 06:35:49.243704: I tensorflow/core/common_runtime/placer.cc:1059] softmax_cross_entropy_with_logits_sg/Sub/y: (Const)/job:localhost/replica:0/task:0/device:GPU:0
2023-01-07 06:35:49.243722: I tensorflow/core/common_runtime/placer.cc:1059] softmax_cross_entropy_with_logits_sg/Slice/size: (Const)/job:localhost/replica:0/task:0/device:GPU:0
2023-01-07 06:35:49.243740: I tensorflow/core/common_runtime/placer.cc:1059] softmax_cross_entropy_with_logits_sg/concat/values_0: (Const)/job:localhost/replica:0/task:0/device:GPU:0
2023-01-07 06:35:49.243758: I tensorflow/core/common_runtime/placer.cc:1059] softmax_cross_entropy_with_logits_sg/concat/axis: (Const)/job:localhost/replica:0/task:0/device:GPU:0
2023-01-07 06:35:49.243776: I tensorflow/core/common_runtime/placer.cc:1059] softmax_cross_entropy_with_logits_sg/Rank_2: (Const)/job:localhost/replica:0/task:0/device:GPU:0
2023-01-07 06:35:49.243795: I tensorflow/core/common_runtime/placer.cc:1059] softmax_cross_entropy_with_logits_sg/Sub_1/y: (Const)/job:localhost/replica:0/task:0/device:GPU:0
2023-01-07 06:35:49.243813: I tensorflow/core/common_runtime/placer.cc:1059] softmax_cross_entropy_with_logits_sg/Slice_1/size: (Const)/job:localhost/replica:0/task:0/device:GPU:0
2023-01-07 06:35:49.243831: I tensorflow/core/common_runtime/placer.cc:1059] softmax_cross_entropy_with_logits_sg/concat_1/values_0: (Const)/job:localhost/replica:0/task:0/device:GPU:0
2023-01-07 06:35:49.243849: I tensorflow/core/common_runtime/placer.cc:1059] softmax_cross_entropy_with_logits_sg/concat_1/axis: (Const)/job:localhost/replica:0/task:0/device:GPU:0
2023-01-07 06:35:49.243868: I tensorflow/core/common_runtime/placer.cc:1059] softmax_cross_entropy_with_logits_sg/Sub_2/y: (Const)/job:localhost/replica:0/task:0/device:GPU:0
2023-01-07 06:35:49.243886: I tensorflow/core/common_runtime/placer.cc:1059] softmax_cross_entropy_with_logits_sg/Slice_2/begin: (Const)/job:localhost/replica:0/task:0/device:GPU:0
2023-01-07 06:35:49.243904: I tensorflow/core/common_runtime/placer.cc:1059] Const_4: (Const)/job:localhost/replica:0/task:0/device:GPU:0
2023-01-07 06:35:49.243922: I tensorflow/core/common_runtime/placer.cc:1059] Variable_9/initial_value: (Const)/job:localhost/replica:0/task:0/device:CPU:0
2023-01-07 06:35:49.243940: I tensorflow/core/common_runtime/placer.cc:1059] mul/y: (Const)/job:localhost/replica:0/task:0/device:GPU:0
2023-01-07 06:35:49.243958: I tensorflow/core/common_runtime/placer.cc:1059] ExponentialDecay/learning_rate: (Const)/job:localhost/replica:0/task:0/device:GPU:0
2023-01-07 06:35:49.243976: I tensorflow/core/common_runtime/placer.cc:1059] ExponentialDecay/Cast/x: (Const)/job:localhost/replica:0/task:0/device:GPU:0
2023-01-07 06:35:49.243994: I tensorflow/core/common_runtime/placer.cc:1059] ExponentialDecay/Cast_1/x: (Const)/job:localhost/replica:0/task:0/device:GPU:0
2023-01-07 06:35:49.244012: I tensorflow/core/common_runtime/placer.cc:1059] gradients/Shape: (Const)/job:localhost/replica:0/task:0/device:GPU:0
2023-01-07 06:35:49.244030: I tensorflow/core/common_runtime/placer.cc:1059] gradients/grad_ys_0: (Const)/job:localhost/replica:0/task:0/device:GPU:0
2023-01-07 06:35:49.244049: I tensorflow/core/common_runtime/placer.cc:1059] gradients/Mean_grad/Reshape/shape: (Const)/job:localhost/replica:0/task:0/device:GPU:0
2023-01-07 06:35:49.244067: I tensorflow/core/common_runtime/placer.cc:1059] gradients/Mean_grad/Shape_2: (Const)/job:localhost/replica:0/task:0/device:GPU:0
2023-01-07 06:35:49.244085: I tensorflow/core/common_runtime/placer.cc:1059] gradients/Mean_grad/Const: (Const)/job:localhost/replica:0/task:0/device:GPU:0
2023-01-07 06:35:49.244103: I tensorflow/core/common_runtime/placer.cc:1059] gradients/Mean_grad/Const_1: (Const)/job:localhost/replica:0/task:0/device:GPU:0
2023-01-07 06:35:49.244122: I tensorflow/core/common_runtime/placer.cc:1059] gradients/Mean_grad/Maximum/y: (Const)/job:localhost/replica:0/task:0/device:GPU:0
2023-01-07 06:35:49.244140: I tensorflow/core/common_runtime/placer.cc:1059] gradients/softmax_cross_entropy_with_logits_sg_grad/ExpandDims/dim: (Const)/job:localhost/replica:0/task:0/device:GPU:0
2023-01-07 06:35:49.244158: I tensorflow/core/common_runtime/placer.cc:1059] gradients/softmax_cross_entropy_with_logits_sg_grad/ExpandDims_1/dim: (Const)/job:localhost/replica:0/task:0/device:GPU:0
2023-01-07 06:35:49.244177: I tensorflow/core/common_runtime/placer.cc:1059] gradients/add_3_grad/Shape_1: (Const)/job:localhost/replica:0/task:0/device:GPU:0
2023-01-07 06:35:49.244195: I tensorflow/core/common_runtime/placer.cc:1059] gradients/dropout/truediv_grad/Shape_1: (Const)/job:localhost/replica:0/task:0/device:GPU:0
2023-01-07 06:35:49.244213: I tensorflow/core/common_runtime/placer.cc:1059] gradients/add_2_grad/Shape_1: (Const)/job:localhost/replica:0/task:0/device:GPU:0
2023-01-07 06:35:49.244232: I tensorflow/core/common_runtime/placer.cc:1059] gradients/add_1_grad/Shape_1: (Const)/job:localhost/replica:0/task:0/device:GPU:0
2023-01-07 06:35:49.244250: I tensorflow/core/common_runtime/placer.cc:1059] gradients/add_grad/Shape_1: (Const)/job:localhost/replica:0/task:0/device:GPU:0
2023-01-07 06:35:49.244262: I tensorflow/core/common_runtime/placer.cc:1059] beta1_power/initial_value: (Const)/job:localhost/replica:0/task:0/device:GPU:0
2023-01-07 06:35:49.244274: I tensorflow/core/common_runtime/placer.cc:1059] beta2_power/initial_value: (Const)/job:localhost/replica:0/task:0/device:GPU:0
2023-01-07 06:35:49.244286: I tensorflow/core/common_runtime/placer.cc:1059] Variable_1/Adam/Initializer/zeros: (Const)/job:localhost/replica:0/task:0/device:GPU:0
2023-01-07 06:35:49.244297: I tensorflow/core/common_runtime/placer.cc:1059] Variable_1/Adam_1/Initializer/zeros: (Const)/job:localhost/replica:0/task:0/device:GPU:0
2023-01-07 06:35:49.244309: I tensorflow/core/common_runtime/placer.cc:1059] Variable_2/Adam/Initializer/zeros: (Const)/job:localhost/replica:0/task:0/device:GPU:0
2023-01-07 06:35:49.244321: I tensorflow/core/common_runtime/placer.cc:1059] Variable_2/Adam_1/Initializer/zeros: (Const)/job:localhost/replica:0/task:0/device:GPU:0
2023-01-07 06:35:49.244333: I tensorflow/core/common_runtime/placer.cc:1059] Variable_3/Adam/Initializer/zeros/shape_as_tensor: (Const)/job:localhost/replica:0/task:0/device:GPU:0
2023-01-07 06:35:49.244344: I tensorflow/core/common_runtime/placer.cc:1059] Variable_3/Adam/Initializer/zeros/Const: (Const)/job:localhost/replica:0/task:0/device:GPU:0
2023-01-07 06:35:49.244356: I tensorflow/core/common_runtime/placer.cc:1059] Variable_3/Adam_1/Initializer/zeros/shape_as_tensor: (Const)/job:localhost/replica:0/task:0/device:GPU:0
2023-01-07 06:35:49.244367: I tensorflow/core/common_runtime/placer.cc:1059] Variable_3/Adam_1/Initializer/zeros/Const: (Const)/job:localhost/replica:0/task:0/device:GPU:0
2023-01-07 06:35:49.244379: I tensorflow/core/common_runtime/placer.cc:1059] Variable_4/Adam/Initializer/zeros: (Const)/job:localhost/replica:0/task:0/device:GPU:0
2023-01-07 06:35:49.244390: I tensorflow/core/common_runtime/placer.cc:1059] Variable_4/Adam_1/Initializer/zeros: (Const)/job:localhost/replica:0/task:0/device:GPU:0
2023-01-07 06:35:49.244402: I tensorflow/core/common_runtime/placer.cc:1059] Variable_5/Adam/Initializer/zeros/shape_as_tensor: (Const)/job:localhost/replica:0/task:0/device:GPU:0
2023-01-07 06:35:49.244414: I tensorflow/core/common_runtime/placer.cc:1059] Variable_5/Adam/Initializer/zeros/Const: (Const)/job:localhost/replica:0/task:0/device:GPU:0
2023-01-07 06:35:49.244426: I tensorflow/core/common_runtime/placer.cc:1059] Variable_5/Adam_1/Initializer/zeros/shape_as_tensor: (Const)/job:localhost/replica:0/task:0/device:GPU:0
2023-01-07 06:35:49.244437: I tensorflow/core/common_runtime/placer.cc:1059] Variable_5/Adam_1/Initializer/zeros/Const: (Const)/job:localhost/replica:0/task:0/device:GPU:0
2023-01-07 06:35:49.244455: I tensorflow/core/common_runtime/placer.cc:1059] Variable_6/Adam/Initializer/zeros/shape_as_tensor: (Const)/job:localhost/replica:0/task:0/device:GPU:0
2023-01-07 06:35:49.244467: I tensorflow/core/common_runtime/placer.cc:1059] Variable_6/Adam/Initializer/zeros/Const: (Const)/job:localhost/replica:0/task:0/device:GPU:0
2023-01-07 06:35:49.244479: I tensorflow/core/common_runtime/placer.cc:1059] Variable_6/Adam_1/Initializer/zeros/shape_as_tensor: (Const)/job:localhost/replica:0/task:0/device:GPU:0
2023-01-07 06:35:49.244491: I tensorflow/core/common_runtime/placer.cc:1059] Variable_6/Adam_1/Initializer/zeros/Const: (Const)/job:localhost/replica:0/task:0/device:GPU:0
2023-01-07 06:35:49.244503: I tensorflow/core/common_runtime/placer.cc:1059] Variable_7/Adam/Initializer/zeros/shape_as_tensor: (Const)/job:localhost/replica:0/task:0/device:GPU:0
2023-01-07 06:35:49.244514: I tensorflow/core/common_runtime/placer.cc:1059] Variable_7/Adam/Initializer/zeros/Const: (Const)/job:localhost/replica:0/task:0/device:GPU:0
2023-01-07 06:35:49.244526: I tensorflow/core/common_runtime/placer.cc:1059] Variable_7/Adam_1/Initializer/zeros/shape_as_tensor: (Const)/job:localhost/replica:0/task:0/device:GPU:0
2023-01-07 06:35:49.244538: I tensorflow/core/common_runtime/placer.cc:1059] Variable_7/Adam_1/Initializer/zeros/Const: (Const)/job:localhost/replica:0/task:0/device:GPU:0
2023-01-07 06:35:49.244549: I tensorflow/core/common_runtime/placer.cc:1059] Variable_8/Adam/Initializer/zeros: (Const)/job:localhost/replica:0/task:0/device:GPU:0
2023-01-07 06:35:49.244561: I tensorflow/core/common_runtime/placer.cc:1059] Variable_8/Adam_1/Initializer/zeros: (Const)/job:localhost/replica:0/task:0/device:GPU:0
2023-01-07 06:35:49.244580: I tensorflow/core/common_runtime/placer.cc:1059] Adam/beta1: (Const)/job:localhost/replica:0/task:0/device:GPU:0
2023-01-07 06:35:49.244598: I tensorflow/core/common_runtime/placer.cc:1059] Adam/beta2: (Const)/job:localhost/replica:0/task:0/device:GPU:0
2023-01-07 06:35:49.244616: I tensorflow/core/common_runtime/placer.cc:1059] Adam/epsilon: (Const)/job:localhost/replica:0/task:0/device:GPU:0
2023-01-07 06:35:49.244634: I tensorflow/core/common_runtime/placer.cc:1059] ArgMax/dimension: (Const)/job:localhost/replica:0/task:0/device:GPU:0
2023-01-07 06:35:49.244653: I tensorflow/core/common_runtime/placer.cc:1059] ArgMax_1/dimension: (Const)/job:localhost/replica:0/task:0/device:GPU:0
2023-01-07 06:35:49.244671: I tensorflow/core/common_runtime/placer.cc:1059] Const_5: (Const)/job:localhost/replica:0/task:0/device:GPU:0
2023-01-07 06:35:50.332582: I tensorflow/stream_executor/dso_loader.cc:152] successfully opened CUDA library libcublas.so.9.1 locally
