unload bsc/commands (PATH, MANPATH) 
unload CUDA/9.1 (PATH, MANPATH, LD_LIBRARY_PATH, LIBRARY_PATH, C_INCLUDE_PATH,
CPLUS_INCLUDE_PATH, CUDA_HOME, CUDA_VERSION, CUDA_INC, CUDA_INSTALL_PATH) 
unload OPENMPI/3.0.0 (PATH, MANPATH, LD_LIBRARY_PATH, LIBRARY_PATH,
PKG_CONFIG_PATH, C_INCLUDE_PATH, CPLUS_INCLUDE_PATH, MPI, MPI_V) 
unload GCC/6.4.0 (PATH, MANPATH, INFOPATH, LD_LIBRARY_PATH, LIBRARY_PATH,
C_INCLUDE_PATH, CPLUS_INCLUDE_PATH, STD COMP VARS) 
load FFMPEG/4.0.2 (PATH, LIBRARY_PATH, PKG_CONFIG_PATH, C_INCLUDE_PATH,
CPLUS_INCLUDE_PATH) 
load GCC/6.4.0 (PATH, MANPATH, INFOPATH, LD_LIBRARY_PATH, LIBRARY_PATH,
C_INCLUDE_PATH, CPLUS_INCLUDE_PATH, STD COMP VARS) 
load CUDA/9.1 (PATH, MANPATH, LD_LIBRARY_PATH, LIBRARY_PATH, C_INCLUDE_PATH,
CPLUS_INCLUDE_PATH, CUDA_HOME, CUDA_VERSION, CUDA_INC, CUDA_INSTALL_PATH) 
load CUDNN/7.1.3 (LD_LIBRARY_PATH, LIBRARY_PATH, C_INCLUDE_PATH,
CPLUS_INCLUDE_PATH) 
load OPENMPI/3.0.0 (PATH, MANPATH, LD_LIBRARY_PATH, LIBRARY_PATH,
PKG_CONFIG_PATH, C_INCLUDE_PATH, CPLUS_INCLUDE_PATH, MPI, MPI_V) 
load ATLAS/3.10.3 (LD_LIBRARY_PATH, LIBRARY_PATH, C_INCLUDE_PATH,
CPLUS_INCLUDE_PATH) 
load SCALAPACK/2.0.2 (LD_LIBRARY_PATH, LIBRARY_PATH, PKG_CONFIG_PATH) 
load FFTW/3.3.7 (PATH, MANPATH, LD_LIBRARY_PATH, LIBRARY_PATH, C_INCLUDE_PATH,
CPLUS_INCLUDE_PATH) 
load SZIP/2.1.1 (LD_LIBRARY_PATH, LIBRARY_PATH, C_INCLUDE_PATH,
CPLUS_INCLUDE_PATH) 
load OPENCV/3.4.1 (PATH, LD_LIBRARY_PATH, LIBRARY_PATH, PKG_CONFIG_PATH,
C_INCLUDE_PATH, CPLUS_INCLUDE_PATH, PYTHONPATH) 
load PYTHON/3.6.5_ML (PATH, MANPATH, LD_LIBRARY_PATH, LIBRARY_PATH,
PKG_CONFIG_PATH, C_INCLUDE_PATH, CPLUS_INCLUDE_PATH, PYTHONHOME, PYTHONPATH) 
2023-01-07 16:18:37.279165: W tensorflow/core/platform/profile_utils/cpu_utils.cc:98] Failed to find bogomips in /proc/cpuinfo; cannot determine CPU frequency
2023-01-07 16:18:37.282853: I tensorflow/compiler/xla/service/service.cc:150] XLA service 0x1a8db7f0 executing computations on platform Host. Devices:
2023-01-07 16:18:37.282893: I tensorflow/compiler/xla/service/service.cc:158]   StreamExecutor device (0): <undefined>, <undefined>
2023-01-07 16:18:37.718582: I tensorflow/compiler/xla/service/service.cc:150] XLA service 0x1a9ae4a0 executing computations on platform CUDA. Devices:
2023-01-07 16:18:37.718668: I tensorflow/compiler/xla/service/service.cc:158]   StreamExecutor device (0): Tesla V100-SXM2-16GB, Compute Capability 7.0
2023-01-07 16:18:37.718683: I tensorflow/compiler/xla/service/service.cc:158]   StreamExecutor device (1): Tesla V100-SXM2-16GB, Compute Capability 7.0
2023-01-07 16:18:37.718695: I tensorflow/compiler/xla/service/service.cc:158]   StreamExecutor device (2): Tesla V100-SXM2-16GB, Compute Capability 7.0
2023-01-07 16:18:37.718707: I tensorflow/compiler/xla/service/service.cc:158]   StreamExecutor device (3): Tesla V100-SXM2-16GB, Compute Capability 7.0
2023-01-07 16:18:37.720118: I tensorflow/core/common_runtime/gpu/gpu_device.cc:1433] Found device 0 with properties: 
name: Tesla V100-SXM2-16GB major: 7 minor: 0 memoryClockRate(GHz): 1.53
pciBusID: 0004:04:00.0
totalMemory: 15.78GiB freeMemory: 15.47GiB
2023-01-07 16:18:37.720163: I tensorflow/core/common_runtime/gpu/gpu_device.cc:1433] Found device 1 with properties: 
name: Tesla V100-SXM2-16GB major: 7 minor: 0 memoryClockRate(GHz): 1.53
pciBusID: 0004:05:00.0
totalMemory: 15.78GiB freeMemory: 15.47GiB
2023-01-07 16:18:37.720204: I tensorflow/core/common_runtime/gpu/gpu_device.cc:1433] Found device 2 with properties: 
name: Tesla V100-SXM2-16GB major: 7 minor: 0 memoryClockRate(GHz): 1.53
pciBusID: 0035:03:00.0
totalMemory: 15.78GiB freeMemory: 15.47GiB
2023-01-07 16:18:37.720242: I tensorflow/core/common_runtime/gpu/gpu_device.cc:1433] Found device 3 with properties: 
name: Tesla V100-SXM2-16GB major: 7 minor: 0 memoryClockRate(GHz): 1.53
pciBusID: 0035:04:00.0
totalMemory: 15.78GiB freeMemory: 15.47GiB
2023-01-07 16:18:37.720304: I tensorflow/core/common_runtime/gpu/gpu_device.cc:1512] Adding visible gpu devices: 0, 1, 2, 3
2023-01-07 16:18:37.744650: I tensorflow/core/common_runtime/gpu/gpu_device.cc:984] Device interconnect StreamExecutor with strength 1 edge matrix:
2023-01-07 16:18:37.744698: I tensorflow/core/common_runtime/gpu/gpu_device.cc:990]      0 1 2 3 
2023-01-07 16:18:37.744713: I tensorflow/core/common_runtime/gpu/gpu_device.cc:1003] 0:   N Y Y Y 
2023-01-07 16:18:37.744725: I tensorflow/core/common_runtime/gpu/gpu_device.cc:1003] 1:   Y N Y Y 
2023-01-07 16:18:37.744737: I tensorflow/core/common_runtime/gpu/gpu_device.cc:1003] 2:   Y Y N Y 
2023-01-07 16:18:37.744749: I tensorflow/core/common_runtime/gpu/gpu_device.cc:1003] 3:   Y Y Y N 
2023-01-07 16:18:37.744965: I tensorflow/core/common_runtime/gpu/gpu_device.cc:1115] Created TensorFlow device (/job:localhost/replica:0/task:0/device:GPU:0 with 15050 MB memory) -> physical GPU (device: 0, name: Tesla V100-SXM2-16GB, pci bus id: 0004:04:00.0, compute capability: 7.0)
2023-01-07 16:18:37.746719: I tensorflow/core/common_runtime/gpu/gpu_device.cc:1115] Created TensorFlow device (/job:localhost/replica:0/task:0/device:GPU:1 with 15050 MB memory) -> physical GPU (device: 1, name: Tesla V100-SXM2-16GB, pci bus id: 0004:05:00.0, compute capability: 7.0)
2023-01-07 16:18:37.748521: I tensorflow/core/common_runtime/gpu/gpu_device.cc:1115] Created TensorFlow device (/job:localhost/replica:0/task:0/device:GPU:2 with 15050 MB memory) -> physical GPU (device: 2, name: Tesla V100-SXM2-16GB, pci bus id: 0035:03:00.0, compute capability: 7.0)
2023-01-07 16:18:37.749508: I tensorflow/core/common_runtime/gpu/gpu_device.cc:1115] Created TensorFlow device (/job:localhost/replica:0/task:0/device:GPU:3 with 15050 MB memory) -> physical GPU (device: 3, name: Tesla V100-SXM2-16GB, pci bus id: 0035:04:00.0, compute capability: 7.0)
WARNING:tensorflow:From /apps/PYTHON/3.6.5_ML/lib/python3.6/site-packages/tensorflow/python/framework/op_def_library.py:263: colocate_with (from tensorflow.python.framework.ops) is deprecated and will be removed in a future version.
Instructions for updating:
Colocations handled automatically by placer.
WARNING:tensorflow:From multilayer_modified.py:108: calling dropout (from tensorflow.python.ops.nn_ops) with keep_prob is deprecated and will be removed in a future version.
Instructions for updating:
Please use `rate` instead of `keep_prob`. Rate should be set to `rate = 1 - keep_prob`.
WARNING:tensorflow:From multilayer_modified.py:118: softmax_cross_entropy_with_logits (from tensorflow.python.ops.nn_ops) is deprecated and will be removed in a future version.
Instructions for updating:

Future major versions of TensorFlow will allow gradients to flow
into the labels input on backprop by default.

See `tf.nn.softmax_cross_entropy_with_logits_v2`.

2023-01-07 16:18:39.275013: I tensorflow/core/common_runtime/gpu/gpu_device.cc:1512] Adding visible gpu devices: 0, 1, 2, 3
2023-01-07 16:18:39.275156: I tensorflow/core/common_runtime/gpu/gpu_device.cc:984] Device interconnect StreamExecutor with strength 1 edge matrix:
2023-01-07 16:18:39.275174: I tensorflow/core/common_runtime/gpu/gpu_device.cc:990]      0 1 2 3 
2023-01-07 16:18:39.275189: I tensorflow/core/common_runtime/gpu/gpu_device.cc:1003] 0:   N Y Y Y 
2023-01-07 16:18:39.275203: I tensorflow/core/common_runtime/gpu/gpu_device.cc:1003] 1:   Y N Y Y 
2023-01-07 16:18:39.275217: I tensorflow/core/common_runtime/gpu/gpu_device.cc:1003] 2:   Y Y N Y 
2023-01-07 16:18:39.275230: I tensorflow/core/common_runtime/gpu/gpu_device.cc:1003] 3:   Y Y Y N 
2023-01-07 16:18:39.275540: I tensorflow/core/common_runtime/gpu/gpu_device.cc:1115] Created TensorFlow device (/job:localhost/replica:0/task:0/device:GPU:0 with 15050 MB memory) -> physical GPU (device: 0, name: Tesla V100-SXM2-16GB, pci bus id: 0004:04:00.0, compute capability: 7.0)
2023-01-07 16:18:39.276457: I tensorflow/core/common_runtime/gpu/gpu_device.cc:1115] Created TensorFlow device (/job:localhost/replica:0/task:0/device:GPU:1 with 15050 MB memory) -> physical GPU (device: 1, name: Tesla V100-SXM2-16GB, pci bus id: 0004:05:00.0, compute capability: 7.0)
2023-01-07 16:18:39.277381: I tensorflow/core/common_runtime/gpu/gpu_device.cc:1115] Created TensorFlow device (/job:localhost/replica:0/task:0/device:GPU:2 with 15050 MB memory) -> physical GPU (device: 2, name: Tesla V100-SXM2-16GB, pci bus id: 0035:03:00.0, compute capability: 7.0)
2023-01-07 16:18:39.278367: I tensorflow/core/common_runtime/gpu/gpu_device.cc:1115] Created TensorFlow device (/job:localhost/replica:0/task:0/device:GPU:3 with 15050 MB memory) -> physical GPU (device: 3, name: Tesla V100-SXM2-16GB, pci bus id: 0035:04:00.0, compute capability: 7.0)
2023-01-07 16:18:39.278634: I tensorflow/core/common_runtime/direct_session.cc:317] Device mapping:
/job:localhost/replica:0/task:0/device:XLA_CPU:0 -> device: XLA_CPU device
/job:localhost/replica:0/task:0/device:XLA_GPU:0 -> device: XLA_GPU device
/job:localhost/replica:0/task:0/device:XLA_GPU:1 -> device: XLA_GPU device
/job:localhost/replica:0/task:0/device:XLA_GPU:2 -> device: XLA_GPU device
/job:localhost/replica:0/task:0/device:XLA_GPU:3 -> device: XLA_GPU device
/job:localhost/replica:0/task:0/device:GPU:0 -> device: 0, name: Tesla V100-SXM2-16GB, pci bus id: 0004:04:00.0, compute capability: 7.0
/job:localhost/replica:0/task:0/device:GPU:1 -> device: 1, name: Tesla V100-SXM2-16GB, pci bus id: 0004:05:00.0, compute capability: 7.0
/job:localhost/replica:0/task:0/device:GPU:2 -> device: 2, name: Tesla V100-SXM2-16GB, pci bus id: 0035:03:00.0, compute capability: 7.0
/job:localhost/replica:0/task:0/device:GPU:3 -> device: 3, name: Tesla V100-SXM2-16GB, pci bus id: 0035:04:00.0, compute capability: 7.0

2023-01-07 16:18:39.289496: I tensorflow/core/common_runtime/placer.cc:1059] zeros: (Fill)/job:localhost/replica:0/task:0/device:GPU:0
2023-01-07 16:18:39.289524: I tensorflow/core/common_runtime/placer.cc:1059] Variable: (VariableV2)/job:localhost/replica:0/task:0/device:GPU:0
2023-01-07 16:18:39.289541: I tensorflow/core/common_runtime/placer.cc:1059] Variable/Assign: (Assign)/job:localhost/replica:0/task:0/device:GPU:0
2023-01-07 16:18:39.289556: I tensorflow/core/common_runtime/placer.cc:1059] Variable/read: (Identity)/job:localhost/replica:0/task:0/device:GPU:0
2023-01-07 16:18:39.289580: I tensorflow/core/common_runtime/placer.cc:1059] truncated_normal/TruncatedNormal: (TruncatedNormal)/job:localhost/replica:0/task:0/device:GPU:0
2023-01-07 16:18:39.289603: I tensorflow/core/common_runtime/placer.cc:1059] truncated_normal/mul: (Mul)/job:localhost/replica:0/task:0/device:GPU:0
2023-01-07 16:18:39.289626: I tensorflow/core/common_runtime/placer.cc:1059] truncated_normal: (Add)/job:localhost/replica:0/task:0/device:GPU:0
2023-01-07 16:18:39.289646: I tensorflow/core/common_runtime/placer.cc:1059] Variable_1: (VariableV2)/job:localhost/replica:0/task:0/device:GPU:0
2023-01-07 16:18:39.289660: I tensorflow/core/common_runtime/placer.cc:1059] Variable_1/Assign: (Assign)/job:localhost/replica:0/task:0/device:GPU:0
2023-01-07 16:18:39.289675: I tensorflow/core/common_runtime/placer.cc:1059] Variable_1/read: (Identity)/job:localhost/replica:0/task:0/device:GPU:0
2023-01-07 16:18:39.289694: I tensorflow/core/common_runtime/placer.cc:1059] Variable_2: (VariableV2)/job:localhost/replica:0/task:0/device:GPU:0
2023-01-07 16:18:39.289708: I tensorflow/core/common_runtime/placer.cc:1059] Variable_2/Assign: (Assign)/job:localhost/replica:0/task:0/device:GPU:0
2023-01-07 16:18:39.289722: I tensorflow/core/common_runtime/placer.cc:1059] Variable_2/read: (Identity)/job:localhost/replica:0/task:0/device:GPU:0
2023-01-07 16:18:39.289745: I tensorflow/core/common_runtime/placer.cc:1059] Reshape: (Reshape)/job:localhost/replica:0/task:0/device:GPU:0
2023-01-07 16:18:39.289767: I tensorflow/core/common_runtime/placer.cc:1059] Conv2D: (Conv2D)/job:localhost/replica:0/task:0/device:GPU:0
2023-01-07 16:18:39.289790: I tensorflow/core/common_runtime/placer.cc:1059] add: (Add)/job:localhost/replica:0/task:0/device:GPU:0
2023-01-07 16:18:39.289812: I tensorflow/core/common_runtime/placer.cc:1059] Relu: (Relu)/job:localhost/replica:0/task:0/device:GPU:0
2023-01-07 16:18:39.289834: I tensorflow/core/common_runtime/placer.cc:1059] MaxPool: (MaxPool)/job:localhost/replica:0/task:0/device:GPU:0
2023-01-07 16:18:39.289857: I tensorflow/core/common_runtime/placer.cc:1059] truncated_normal_1/TruncatedNormal: (TruncatedNormal)/job:localhost/replica:0/task:0/device:GPU:0
2023-01-07 16:18:39.289879: I tensorflow/core/common_runtime/placer.cc:1059] truncated_normal_1/mul: (Mul)/job:localhost/replica:0/task:0/device:GPU:0
2023-01-07 16:18:39.289902: I tensorflow/core/common_runtime/placer.cc:1059] truncated_normal_1: (Add)/job:localhost/replica:0/task:0/device:GPU:0
2023-01-07 16:18:39.289921: I tensorflow/core/common_runtime/placer.cc:1059] Variable_3: (VariableV2)/job:localhost/replica:0/task:0/device:GPU:0
2023-01-07 16:18:39.289935: I tensorflow/core/common_runtime/placer.cc:1059] Variable_3/Assign: (Assign)/job:localhost/replica:0/task:0/device:GPU:0
2023-01-07 16:18:39.289949: I tensorflow/core/common_runtime/placer.cc:1059] Variable_3/read: (Identity)/job:localhost/replica:0/task:0/device:GPU:0
2023-01-07 16:18:39.289968: I tensorflow/core/common_runtime/placer.cc:1059] Variable_4: (VariableV2)/job:localhost/replica:0/task:0/device:GPU:0
2023-01-07 16:18:39.289982: I tensorflow/core/common_runtime/placer.cc:1059] Variable_4/Assign: (Assign)/job:localhost/replica:0/task:0/device:GPU:0
2023-01-07 16:18:39.289996: I tensorflow/core/common_runtime/placer.cc:1059] Variable_4/read: (Identity)/job:localhost/replica:0/task:0/device:GPU:0
2023-01-07 16:18:39.290019: I tensorflow/core/common_runtime/placer.cc:1059] Conv2D_1: (Conv2D)/job:localhost/replica:0/task:0/device:GPU:0
2023-01-07 16:18:39.290041: I tensorflow/core/common_runtime/placer.cc:1059] add_1: (Add)/job:localhost/replica:0/task:0/device:GPU:0
2023-01-07 16:18:39.290063: I tensorflow/core/common_runtime/placer.cc:1059] Relu_1: (Relu)/job:localhost/replica:0/task:0/device:GPU:0
2023-01-07 16:18:39.290086: I tensorflow/core/common_runtime/placer.cc:1059] MaxPool_1: (MaxPool)/job:localhost/replica:0/task:0/device:GPU:0
2023-01-07 16:18:39.290108: I tensorflow/core/common_runtime/placer.cc:1059] truncated_normal_2/TruncatedNormal: (TruncatedNormal)/job:localhost/replica:0/task:0/device:GPU:0
2023-01-07 16:18:39.290130: I tensorflow/core/common_runtime/placer.cc:1059] truncated_normal_2/mul: (Mul)/job:localhost/replica:0/task:0/device:GPU:0
2023-01-07 16:18:39.290153: I tensorflow/core/common_runtime/placer.cc:1059] truncated_normal_2: (Add)/job:localhost/replica:0/task:0/device:GPU:0
2023-01-07 16:18:39.290172: I tensorflow/core/common_runtime/placer.cc:1059] Variable_5: (VariableV2)/job:localhost/replica:0/task:0/device:GPU:0
2023-01-07 16:18:39.290186: I tensorflow/core/common_runtime/placer.cc:1059] Variable_5/Assign: (Assign)/job:localhost/replica:0/task:0/device:GPU:0
2023-01-07 16:18:39.290200: I tensorflow/core/common_runtime/placer.cc:1059] Variable_5/read: (Identity)/job:localhost/replica:0/task:0/device:GPU:0
2023-01-07 16:18:39.290218: I tensorflow/core/common_runtime/placer.cc:1059] Variable_6: (VariableV2)/job:localhost/replica:0/task:0/device:GPU:0
2023-01-07 16:18:39.290233: I tensorflow/core/common_runtime/placer.cc:1059] Variable_6/Assign: (Assign)/job:localhost/replica:0/task:0/device:GPU:0
2023-01-07 16:18:39.290246: I tensorflow/core/common_runtime/placer.cc:1059] Variable_6/read: (Identity)/job:localhost/replica:0/task:0/device:GPU:0
2023-01-07 16:18:39.290268: I tensorflow/core/common_runtime/placer.cc:1059] Reshape_1: (Reshape)/job:localhost/replica:0/task:0/device:GPU:0
2023-01-07 16:18:39.290291: I tensorflow/core/common_runtime/placer.cc:1059] MatMul: (MatMul)/job:localhost/replica:0/task:0/device:GPU:0
2023-01-07 16:18:39.290313: I tensorflow/core/common_runtime/placer.cc:1059] add_2: (Add)/job:localhost/replica:0/task:0/device:GPU:0
2023-01-07 16:18:39.290335: I tensorflow/core/common_runtime/placer.cc:1059] Relu_2: (Relu)/job:localhost/replica:0/task:0/device:GPU:0
2023-01-07 16:18:39.290358: I tensorflow/core/common_runtime/placer.cc:1059] PlaceholderWithDefault: (PlaceholderWithDefault)/job:localhost/replica:0/task:0/device:GPU:0
2023-01-07 16:18:39.290380: I tensorflow/core/common_runtime/placer.cc:1059] sub: (Sub)/job:localhost/replica:0/task:0/device:GPU:0
2023-01-07 16:18:39.290403: I tensorflow/core/common_runtime/placer.cc:1059] dropout/Shape: (Shape)/job:localhost/replica:0/task:0/device:GPU:0
2023-01-07 16:18:39.290426: I tensorflow/core/common_runtime/placer.cc:1059] dropout/sub: (Sub)/job:localhost/replica:0/task:0/device:GPU:0
2023-01-07 16:18:39.290448: I tensorflow/core/common_runtime/placer.cc:1059] dropout/random_uniform/RandomUniform: (RandomUniform)/job:localhost/replica:0/task:0/device:GPU:0
2023-01-07 16:18:39.290471: I tensorflow/core/common_runtime/placer.cc:1059] dropout/random_uniform/sub: (Sub)/job:localhost/replica:0/task:0/device:GPU:0
2023-01-07 16:18:39.290493: I tensorflow/core/common_runtime/placer.cc:1059] dropout/random_uniform/mul: (Mul)/job:localhost/replica:0/task:0/device:GPU:0
2023-01-07 16:18:39.290515: I tensorflow/core/common_runtime/placer.cc:1059] dropout/random_uniform: (Add)/job:localhost/replica:0/task:0/device:GPU:0
2023-01-07 16:18:39.290537: I tensorflow/core/common_runtime/placer.cc:1059] dropout/add: (Add)/job:localhost/replica:0/task:0/device:GPU:0
2023-01-07 16:18:39.290559: I tensorflow/core/common_runtime/placer.cc:1059] dropout/Floor: (Floor)/job:localhost/replica:0/task:0/device:GPU:0
2023-01-07 16:18:39.290582: I tensorflow/core/common_runtime/placer.cc:1059] dropout/truediv: (RealDiv)/job:localhost/replica:0/task:0/device:GPU:0
2023-01-07 16:18:39.290604: I tensorflow/core/common_runtime/placer.cc:1059] dropout/mul: (Mul)/job:localhost/replica:0/task:0/device:GPU:0
2023-01-07 16:18:39.290626: I tensorflow/core/common_runtime/placer.cc:1059] truncated_normal_3/TruncatedNormal: (TruncatedNormal)/job:localhost/replica:0/task:0/device:GPU:0
2023-01-07 16:18:39.290649: I tensorflow/core/common_runtime/placer.cc:1059] truncated_normal_3/mul: (Mul)/job:localhost/replica:0/task:0/device:GPU:0
2023-01-07 16:18:39.290671: I tensorflow/core/common_runtime/placer.cc:1059] truncated_normal_3: (Add)/job:localhost/replica:0/task:0/device:GPU:0
2023-01-07 16:18:39.290691: I tensorflow/core/common_runtime/placer.cc:1059] Variable_7: (VariableV2)/job:localhost/replica:0/task:0/device:GPU:0
2023-01-07 16:18:39.290705: I tensorflow/core/common_runtime/placer.cc:1059] Variable_7/Assign: (Assign)/job:localhost/replica:0/task:0/device:GPU:0
2023-01-07 16:18:39.290719: I tensorflow/core/common_runtime/placer.cc:1059] Variable_7/read: (Identity)/job:localhost/replica:0/task:0/device:GPU:0
2023-01-07 16:18:39.290738: I tensorflow/core/common_runtime/placer.cc:1059] Variable_8: (VariableV2)/job:localhost/replica:0/task:0/device:GPU:0
2023-01-07 16:18:39.290752: I tensorflow/core/common_runtime/placer.cc:1059] Variable_8/Assign: (Assign)/job:localhost/replica:0/task:0/device:GPU:0
2023-01-07 16:18:39.290766: I tensorflow/core/common_runtime/placer.cc:1059] Variable_8/read: (Identity)/job:localhost/replica:0/task:0/device:GPU:0
2023-01-07 16:18:39.290788: I tensorflow/core/common_runtime/placer.cc:1059] MatMul_1: (MatMul)/job:localhost/replica:0/task:0/device:GPU:0
2023-01-07 16:18:39.290810: I tensorflow/core/common_runtime/placer.cc:1059] add_3: (Add)/job:localhost/replica:0/task:0/device:GPU:0
2023-01-07 16:18:39.290833: I tensorflow/core/common_runtime/placer.cc:1059] softmax_cross_entropy_with_logits_sg/labels_stop_gradient: (StopGradient)/job:localhost/replica:0/task:0/device:GPU:0
2023-01-07 16:18:39.290856: I tensorflow/core/common_runtime/placer.cc:1059] softmax_cross_entropy_with_logits_sg/Shape: (Shape)/job:localhost/replica:0/task:0/device:GPU:0
2023-01-07 16:18:39.290878: I tensorflow/core/common_runtime/placer.cc:1059] softmax_cross_entropy_with_logits_sg/Shape_1: (Shape)/job:localhost/replica:0/task:0/device:GPU:0
2023-01-07 16:18:39.290900: I tensorflow/core/common_runtime/placer.cc:1059] softmax_cross_entropy_with_logits_sg/Sub: (Sub)/job:localhost/replica:0/task:0/device:GPU:0
2023-01-07 16:18:39.290923: I tensorflow/core/common_runtime/placer.cc:1059] softmax_cross_entropy_with_logits_sg/Slice/begin: (Pack)/job:localhost/replica:0/task:0/device:GPU:0
2023-01-07 16:18:39.290945: I tensorflow/core/common_runtime/placer.cc:1059] softmax_cross_entropy_with_logits_sg/Slice: (Slice)/job:localhost/replica:0/task:0/device:GPU:0
2023-01-07 16:18:39.290968: I tensorflow/core/common_runtime/placer.cc:1059] softmax_cross_entropy_with_logits_sg/concat: (ConcatV2)/job:localhost/replica:0/task:0/device:GPU:0
2023-01-07 16:18:39.290990: I tensorflow/core/common_runtime/placer.cc:1059] softmax_cross_entropy_with_logits_sg/Reshape: (Reshape)/job:localhost/replica:0/task:0/device:GPU:0
2023-01-07 16:18:39.291012: I tensorflow/core/common_runtime/placer.cc:1059] softmax_cross_entropy_with_logits_sg/Shape_2: (Shape)/job:localhost/replica:0/task:0/device:GPU:0
2023-01-07 16:18:39.291035: I tensorflow/core/common_runtime/placer.cc:1059] softmax_cross_entropy_with_logits_sg/Sub_1: (Sub)/job:localhost/replica:0/task:0/device:GPU:0
2023-01-07 16:18:39.291057: I tensorflow/core/common_runtime/placer.cc:1059] softmax_cross_entropy_with_logits_sg/Slice_1/begin: (Pack)/job:localhost/replica:0/task:0/device:GPU:0
2023-01-07 16:18:39.291079: I tensorflow/core/common_runtime/placer.cc:1059] softmax_cross_entropy_with_logits_sg/Slice_1: (Slice)/job:localhost/replica:0/task:0/device:GPU:0
2023-01-07 16:18:39.291102: I tensorflow/core/common_runtime/placer.cc:1059] softmax_cross_entropy_with_logits_sg/concat_1: (ConcatV2)/job:localhost/replica:0/task:0/device:GPU:0
2023-01-07 16:18:39.291124: I tensorflow/core/common_runtime/placer.cc:1059] softmax_cross_entropy_with_logits_sg/Reshape_1: (Reshape)/job:localhost/replica:0/task:0/device:GPU:0
2023-01-07 16:18:39.291146: I tensorflow/core/common_runtime/placer.cc:1059] softmax_cross_entropy_with_logits_sg: (SoftmaxCrossEntropyWithLogits)/job:localhost/replica:0/task:0/device:GPU:0
2023-01-07 16:18:39.291169: I tensorflow/core/common_runtime/placer.cc:1059] softmax_cross_entropy_with_logits_sg/Sub_2: (Sub)/job:localhost/replica:0/task:0/device:GPU:0
2023-01-07 16:18:39.291191: I tensorflow/core/common_runtime/placer.cc:1059] softmax_cross_entropy_with_logits_sg/Slice_2/size: (Pack)/job:localhost/replica:0/task:0/device:GPU:0
2023-01-07 16:18:39.291215: I tensorflow/core/common_runtime/placer.cc:1059] softmax_cross_entropy_with_logits_sg/Slice_2: (Slice)/job:localhost/replica:0/task:0/device:GPU:0
2023-01-07 16:18:39.291237: I tensorflow/core/common_runtime/placer.cc:1059] softmax_cross_entropy_with_logits_sg/Reshape_2: (Reshape)/job:localhost/replica:0/task:0/device:GPU:0
2023-01-07 16:18:39.291259: I tensorflow/core/common_runtime/placer.cc:1059] Mean: (Mean)/job:localhost/replica:0/task:0/device:GPU:0
2023-01-07 16:18:39.291276: I tensorflow/core/common_runtime/placer.cc:1059] Variable_9: (VariableV2)/job:localhost/replica:0/task:0/device:CPU:0
2023-01-07 16:18:39.291291: I tensorflow/core/common_runtime/placer.cc:1059] Variable_9/Assign: (Assign)/job:localhost/replica:0/task:0/device:CPU:0
2023-01-07 16:18:39.291305: I tensorflow/core/common_runtime/placer.cc:1059] Variable_9/read: (Identity)/job:localhost/replica:0/task:0/device:CPU:0
2023-01-07 16:18:39.291327: I tensorflow/core/common_runtime/placer.cc:1059] mul: (Mul)/job:localhost/replica:0/task:0/device:GPU:0
2023-01-07 16:18:39.291350: I tensorflow/core/common_runtime/placer.cc:1059] ExponentialDecay/Cast: (Cast)/job:localhost/replica:0/task:0/device:GPU:0
2023-01-07 16:18:39.292304: I tensorflow/core/common_runtime/placer.cc:1059] ExponentialDecay/Cast_2: (Cast)/job:localhost/replica:0/task:0/device:GPU:0
2023-01-07 16:18:39.292328: I tensorflow/core/common_runtime/placer.cc:1059] ExponentialDecay/truediv: (RealDiv)/job:localhost/replica:0/task:0/device:GPU:0
2023-01-07 16:18:39.292350: I tensorflow/core/common_runtime/placer.cc:1059] ExponentialDecay/Floor: (Floor)/job:localhost/replica:0/task:0/device:GPU:0
2023-01-07 16:18:39.292373: I tensorflow/core/common_runtime/placer.cc:1059] ExponentialDecay/Pow: (Pow)/job:localhost/replica:0/task:0/device:GPU:0
2023-01-07 16:18:39.292395: I tensorflow/core/common_runtime/placer.cc:1059] ExponentialDecay: (Mul)/job:localhost/replica:0/task:0/device:GPU:0
2023-01-07 16:18:39.292417: I tensorflow/core/common_runtime/placer.cc:1059] gradients/Fill: (Fill)/job:localhost/replica:0/task:0/device:GPU:0
2023-01-07 16:18:39.292439: I tensorflow/core/common_runtime/placer.cc:1059] gradients/Mean_grad/Reshape: (Reshape)/job:localhost/replica:0/task:0/device:GPU:0
2023-01-07 16:18:39.292462: I tensorflow/core/common_runtime/placer.cc:1059] gradients/Mean_grad/Shape: (Shape)/job:localhost/replica:0/task:0/device:GPU:0
2023-01-07 16:18:39.292484: I tensorflow/core/common_runtime/placer.cc:1059] gradients/Mean_grad/Tile: (Tile)/job:localhost/replica:0/task:0/device:GPU:0
2023-01-07 16:18:39.292506: I tensorflow/core/common_runtime/placer.cc:1059] gradients/Mean_grad/Shape_1: (Shape)/job:localhost/replica:0/task:0/device:GPU:0
2023-01-07 16:18:39.292528: I tensorflow/core/common_runtime/placer.cc:1059] gradients/Mean_grad/Prod: (Prod)/job:localhost/replica:0/task:0/device:GPU:0
2023-01-07 16:18:39.292550: I tensorflow/core/common_runtime/placer.cc:1059] gradients/Mean_grad/Prod_1: (Prod)/job:localhost/replica:0/task:0/device:GPU:0
2023-01-07 16:18:39.292573: I tensorflow/core/common_runtime/placer.cc:1059] gradients/Mean_grad/Maximum: (Maximum)/job:localhost/replica:0/task:0/device:GPU:0
2023-01-07 16:18:39.292595: I tensorflow/core/common_runtime/placer.cc:1059] gradients/Mean_grad/floordiv: (FloorDiv)/job:localhost/replica:0/task:0/device:GPU:0
2023-01-07 16:18:39.292617: I tensorflow/core/common_runtime/placer.cc:1059] gradients/Mean_grad/Cast: (Cast)/job:localhost/replica:0/task:0/device:GPU:0
2023-01-07 16:18:39.292639: I tensorflow/core/common_runtime/placer.cc:1059] gradients/Mean_grad/truediv: (RealDiv)/job:localhost/replica:0/task:0/device:GPU:0
2023-01-07 16:18:39.292662: I tensorflow/core/common_runtime/placer.cc:1059] gradients/softmax_cross_entropy_with_logits_sg/Reshape_2_grad/Shape: (Shape)/job:localhost/replica:0/task:0/device:GPU:0
2023-01-07 16:18:39.292684: I tensorflow/core/common_runtime/placer.cc:1059] gradients/softmax_cross_entropy_with_logits_sg/Reshape_2_grad/Reshape: (Reshape)/job:localhost/replica:0/task:0/device:GPU:0
2023-01-07 16:18:39.292707: I tensorflow/core/common_runtime/placer.cc:1059] gradients/zeros_like: (ZerosLike)/job:localhost/replica:0/task:0/device:GPU:0
2023-01-07 16:18:39.292729: I tensorflow/core/common_runtime/placer.cc:1059] gradients/softmax_cross_entropy_with_logits_sg_grad/ExpandDims: (ExpandDims)/job:localhost/replica:0/task:0/device:GPU:0
2023-01-07 16:18:39.292751: I tensorflow/core/common_runtime/placer.cc:1059] gradients/softmax_cross_entropy_with_logits_sg_grad/mul: (Mul)/job:localhost/replica:0/task:0/device:GPU:0
2023-01-07 16:18:39.292773: I tensorflow/core/common_runtime/placer.cc:1059] gradients/softmax_cross_entropy_with_logits_sg_grad/LogSoftmax: (LogSoftmax)/job:localhost/replica:0/task:0/device:GPU:0
2023-01-07 16:18:39.292795: I tensorflow/core/common_runtime/placer.cc:1059] gradients/softmax_cross_entropy_with_logits_sg_grad/Neg: (Neg)/job:localhost/replica:0/task:0/device:GPU:0
2023-01-07 16:18:39.292817: I tensorflow/core/common_runtime/placer.cc:1059] gradients/softmax_cross_entropy_with_logits_sg_grad/ExpandDims_1: (ExpandDims)/job:localhost/replica:0/task:0/device:GPU:0
2023-01-07 16:18:39.292840: I tensorflow/core/common_runtime/placer.cc:1059] gradients/softmax_cross_entropy_with_logits_sg_grad/mul_1: (Mul)/job:localhost/replica:0/task:0/device:GPU:0
2023-01-07 16:18:39.292862: I tensorflow/core/common_runtime/placer.cc:1059] gradients/softmax_cross_entropy_with_logits_sg_grad/tuple/group_deps: (NoOp)/job:localhost/replica:0/task:0/device:GPU:0
2023-01-07 16:18:39.292876: I tensorflow/core/common_runtime/placer.cc:1059] gradients/softmax_cross_entropy_with_logits_sg_grad/tuple/control_dependency: (Identity)/job:localhost/replica:0/task:0/device:GPU:0
2023-01-07 16:18:39.292891: I tensorflow/core/common_runtime/placer.cc:1059] gradients/softmax_cross_entropy_with_logits_sg_grad/tuple/control_dependency_1: (Identity)/job:localhost/replica:0/task:0/device:GPU:0
2023-01-07 16:18:39.292913: I tensorflow/core/common_runtime/placer.cc:1059] gradients/softmax_cross_entropy_with_logits_sg/Reshape_grad/Shape: (Shape)/job:localhost/replica:0/task:0/device:GPU:0
2023-01-07 16:18:39.292935: I tensorflow/core/common_runtime/placer.cc:1059] gradients/softmax_cross_entropy_with_logits_sg/Reshape_grad/Reshape: (Reshape)/job:localhost/replica:0/task:0/device:GPU:0
2023-01-07 16:18:39.292957: I tensorflow/core/common_runtime/placer.cc:1059] gradients/add_3_grad/Shape: (Shape)/job:localhost/replica:0/task:0/device:GPU:0
2023-01-07 16:18:39.292980: I tensorflow/core/common_runtime/placer.cc:1059] gradients/add_3_grad/BroadcastGradientArgs: (BroadcastGradientArgs)/job:localhost/replica:0/task:0/device:GPU:0
2023-01-07 16:18:39.293002: I tensorflow/core/common_runtime/placer.cc:1059] gradients/add_3_grad/Sum: (Sum)/job:localhost/replica:0/task:0/device:GPU:0
2023-01-07 16:18:39.293024: I tensorflow/core/common_runtime/placer.cc:1059] gradients/add_3_grad/Reshape: (Reshape)/job:localhost/replica:0/task:0/device:GPU:0
2023-01-07 16:18:39.293046: I tensorflow/core/common_runtime/placer.cc:1059] gradients/add_3_grad/Sum_1: (Sum)/job:localhost/replica:0/task:0/device:GPU:0
2023-01-07 16:18:39.293068: I tensorflow/core/common_runtime/placer.cc:1059] gradients/add_3_grad/Reshape_1: (Reshape)/job:localhost/replica:0/task:0/device:GPU:0
2023-01-07 16:18:39.293091: I tensorflow/core/common_runtime/placer.cc:1059] gradients/add_3_grad/tuple/group_deps: (NoOp)/job:localhost/replica:0/task:0/device:GPU:0
2023-01-07 16:18:39.293105: I tensorflow/core/common_runtime/placer.cc:1059] gradients/add_3_grad/tuple/control_dependency: (Identity)/job:localhost/replica:0/task:0/device:GPU:0
2023-01-07 16:18:39.293119: I tensorflow/core/common_runtime/placer.cc:1059] gradients/add_3_grad/tuple/control_dependency_1: (Identity)/job:localhost/replica:0/task:0/device:GPU:0
2023-01-07 16:18:39.293141: I tensorflow/core/common_runtime/placer.cc:1059] gradients/MatMul_1_grad/MatMul: (MatMul)/job:localhost/replica:0/task:0/device:GPU:0
2023-01-07 16:18:39.293163: I tensorflow/core/common_runtime/placer.cc:1059] gradients/MatMul_1_grad/MatMul_1: (MatMul)/job:localhost/replica:0/task:0/device:GPU:0
2023-01-07 16:18:39.293185: I tensorflow/core/common_runtime/placer.cc:1059] gradients/MatMul_1_grad/tuple/group_deps: (NoOp)/job:localhost/replica:0/task:0/device:GPU:0
2023-01-07 16:18:39.293200: I tensorflow/core/common_runtime/placer.cc:1059] gradients/MatMul_1_grad/tuple/control_dependency: (Identity)/job:localhost/replica:0/task:0/device:GPU:0
2023-01-07 16:18:39.293214: I tensorflow/core/common_runtime/placer.cc:1059] gradients/MatMul_1_grad/tuple/control_dependency_1: (Identity)/job:localhost/replica:0/task:0/device:GPU:0
2023-01-07 16:18:39.293236: I tensorflow/core/common_runtime/placer.cc:1059] gradients/dropout/mul_grad/Shape: (Shape)/job:localhost/replica:0/task:0/device:GPU:0
2023-01-07 16:18:39.293258: I tensorflow/core/common_runtime/placer.cc:1059] gradients/dropout/mul_grad/Shape_1: (Shape)/job:localhost/replica:0/task:0/device:GPU:0
2023-01-07 16:18:39.293281: I tensorflow/core/common_runtime/placer.cc:1059] gradients/dropout/mul_grad/BroadcastGradientArgs: (BroadcastGradientArgs)/job:localhost/replica:0/task:0/device:GPU:0
2023-01-07 16:18:39.293303: I tensorflow/core/common_runtime/placer.cc:1059] gradients/dropout/mul_grad/Mul: (Mul)/job:localhost/replica:0/task:0/device:GPU:0
2023-01-07 16:18:39.293325: I tensorflow/core/common_runtime/placer.cc:1059] gradients/dropout/mul_grad/Sum: (Sum)/job:localhost/replica:0/task:0/device:GPU:0
2023-01-07 16:18:39.293347: I tensorflow/core/common_runtime/placer.cc:1059] gradients/dropout/mul_grad/Reshape: (Reshape)/job:localhost/replica:0/task:0/device:GPU:0
2023-01-07 16:18:39.293369: I tensorflow/core/common_runtime/placer.cc:1059] gradients/dropout/mul_grad/Mul_1: (Mul)/job:localhost/replica:0/task:0/device:GPU:0
2023-01-07 16:18:39.293391: I tensorflow/core/common_runtime/placer.cc:1059] gradients/dropout/mul_grad/Sum_1: (Sum)/job:localhost/replica:0/task:0/device:GPU:0
2023-01-07 16:18:39.293413: I tensorflow/core/common_runtime/placer.cc:1059] gradients/dropout/mul_grad/Reshape_1: (Reshape)/job:localhost/replica:0/task:0/device:GPU:0
2023-01-07 16:18:39.293435: I tensorflow/core/common_runtime/placer.cc:1059] gradients/dropout/mul_grad/tuple/group_deps: (NoOp)/job:localhost/replica:0/task:0/device:GPU:0
2023-01-07 16:18:39.293450: I tensorflow/core/common_runtime/placer.cc:1059] gradients/dropout/mul_grad/tuple/control_dependency: (Identity)/job:localhost/replica:0/task:0/device:GPU:0
2023-01-07 16:18:39.293464: I tensorflow/core/common_runtime/placer.cc:1059] gradients/dropout/mul_grad/tuple/control_dependency_1: (Identity)/job:localhost/replica:0/task:0/device:GPU:0
2023-01-07 16:18:39.293486: I tensorflow/core/common_runtime/placer.cc:1059] gradients/dropout/truediv_grad/Shape: (Shape)/job:localhost/replica:0/task:0/device:GPU:0
2023-01-07 16:18:39.293508: I tensorflow/core/common_runtime/placer.cc:1059] gradients/dropout/truediv_grad/BroadcastGradientArgs: (BroadcastGradientArgs)/job:localhost/replica:0/task:0/device:GPU:0
2023-01-07 16:18:39.293530: I tensorflow/core/common_runtime/placer.cc:1059] gradients/dropout/truediv_grad/RealDiv: (RealDiv)/job:localhost/replica:0/task:0/device:GPU:0
2023-01-07 16:18:39.293552: I tensorflow/core/common_runtime/placer.cc:1059] gradients/dropout/truediv_grad/Sum: (Sum)/job:localhost/replica:0/task:0/device:GPU:0
2023-01-07 16:18:39.293574: I tensorflow/core/common_runtime/placer.cc:1059] gradients/dropout/truediv_grad/Reshape: (Reshape)/job:localhost/replica:0/task:0/device:GPU:0
2023-01-07 16:18:39.293596: I tensorflow/core/common_runtime/placer.cc:1059] gradients/dropout/truediv_grad/Neg: (Neg)/job:localhost/replica:0/task:0/device:GPU:0
2023-01-07 16:18:39.293618: I tensorflow/core/common_runtime/placer.cc:1059] gradients/dropout/truediv_grad/RealDiv_1: (RealDiv)/job:localhost/replica:0/task:0/device:GPU:0
2023-01-07 16:18:39.293640: I tensorflow/core/common_runtime/placer.cc:1059] gradients/dropout/truediv_grad/RealDiv_2: (RealDiv)/job:localhost/replica:0/task:0/device:GPU:0
2023-01-07 16:18:39.293663: I tensorflow/core/common_runtime/placer.cc:1059] gradients/dropout/truediv_grad/mul: (Mul)/job:localhost/replica:0/task:0/device:GPU:0
2023-01-07 16:18:39.293685: I tensorflow/core/common_runtime/placer.cc:1059] gradients/dropout/truediv_grad/Sum_1: (Sum)/job:localhost/replica:0/task:0/device:GPU:0
2023-01-07 16:18:39.293707: I tensorflow/core/common_runtime/placer.cc:1059] gradients/dropout/truediv_grad/Reshape_1: (Reshape)/job:localhost/replica:0/task:0/device:GPU:0
2023-01-07 16:18:39.293729: I tensorflow/core/common_runtime/placer.cc:1059] gradients/dropout/truediv_grad/tuple/group_deps: (NoOp)/job:localhost/replica:0/task:0/device:GPU:0
2023-01-07 16:18:39.293743: I tensorflow/core/common_runtime/placer.cc:1059] gradients/dropout/truediv_grad/tuple/control_dependency: (Identity)/job:localhost/replica:0/task:0/device:GPU:0
2023-01-07 16:18:39.293757: I tensorflow/core/common_runtime/placer.cc:1059] gradients/dropout/truediv_grad/tuple/control_dependency_1: (Identity)/job:localhost/replica:0/task:0/device:GPU:0
2023-01-07 16:18:39.293779: I tensorflow/core/common_runtime/placer.cc:1059] gradients/Relu_2_grad/ReluGrad: (ReluGrad)/job:localhost/replica:0/task:0/device:GPU:0
2023-01-07 16:18:39.293802: I tensorflow/core/common_runtime/placer.cc:1059] gradients/add_2_grad/Shape: (Shape)/job:localhost/replica:0/task:0/device:GPU:0
2023-01-07 16:18:39.293824: I tensorflow/core/common_runtime/placer.cc:1059] gradients/add_2_grad/BroadcastGradientArgs: (BroadcastGradientArgs)/job:localhost/replica:0/task:0/device:GPU:0
2023-01-07 16:18:39.293846: I tensorflow/core/common_runtime/placer.cc:1059] gradients/add_2_grad/Sum: (Sum)/job:localhost/replica:0/task:0/device:GPU:0
2023-01-07 16:18:39.293868: I tensorflow/core/common_runtime/placer.cc:1059] gradients/add_2_grad/Reshape: (Reshape)/job:localhost/replica:0/task:0/device:GPU:0
2023-01-07 16:18:39.293890: I tensorflow/core/common_runtime/placer.cc:1059] gradients/add_2_grad/Sum_1: (Sum)/job:localhost/replica:0/task:0/device:GPU:0
2023-01-07 16:18:39.293912: I tensorflow/core/common_runtime/placer.cc:1059] gradients/add_2_grad/Reshape_1: (Reshape)/job:localhost/replica:0/task:0/device:GPU:0
2023-01-07 16:18:39.293934: I tensorflow/core/common_runtime/placer.cc:1059] gradients/add_2_grad/tuple/group_deps: (NoOp)/job:localhost/replica:0/task:0/device:GPU:0
2023-01-07 16:18:39.293949: I tensorflow/core/common_runtime/placer.cc:1059] gradients/add_2_grad/tuple/control_dependency: (Identity)/job:localhost/replica:0/task:0/device:GPU:0
2023-01-07 16:18:39.293963: I tensorflow/core/common_runtime/placer.cc:1059] gradients/add_2_grad/tuple/control_dependency_1: (Identity)/job:localhost/replica:0/task:0/device:GPU:0
2023-01-07 16:18:39.293985: I tensorflow/core/common_runtime/placer.cc:1059] gradients/MatMul_grad/MatMul: (MatMul)/job:localhost/replica:0/task:0/device:GPU:0
2023-01-07 16:18:39.294007: I tensorflow/core/common_runtime/placer.cc:1059] gradients/MatMul_grad/MatMul_1: (MatMul)/job:localhost/replica:0/task:0/device:GPU:0
2023-01-07 16:18:39.294028: I tensorflow/core/common_runtime/placer.cc:1059] gradients/MatMul_grad/tuple/group_deps: (NoOp)/job:localhost/replica:0/task:0/device:GPU:0
2023-01-07 16:18:39.294043: I tensorflow/core/common_runtime/placer.cc:1059] gradients/MatMul_grad/tuple/control_dependency: (Identity)/job:localhost/replica:0/task:0/device:GPU:0
2023-01-07 16:18:39.294057: I tensorflow/core/common_runtime/placer.cc:1059] gradients/MatMul_grad/tuple/control_dependency_1: (Identity)/job:localhost/replica:0/task:0/device:GPU:0
2023-01-07 16:18:39.294087: I tensorflow/core/common_runtime/placer.cc:1059] gradients/Reshape_1_grad/Shape: (Shape)/job:localhost/replica:0/task:0/device:GPU:0
2023-01-07 16:18:39.294109: I tensorflow/core/common_runtime/placer.cc:1059] gradients/Reshape_1_grad/Reshape: (Reshape)/job:localhost/replica:0/task:0/device:GPU:0
2023-01-07 16:18:39.294131: I tensorflow/core/common_runtime/placer.cc:1059] gradients/MaxPool_1_grad/MaxPoolGrad: (MaxPoolGrad)/job:localhost/replica:0/task:0/device:GPU:0
2023-01-07 16:18:39.294153: I tensorflow/core/common_runtime/placer.cc:1059] gradients/Relu_1_grad/ReluGrad: (ReluGrad)/job:localhost/replica:0/task:0/device:GPU:0
2023-01-07 16:18:39.294176: I tensorflow/core/common_runtime/placer.cc:1059] gradients/add_1_grad/Shape: (Shape)/job:localhost/replica:0/task:0/device:GPU:0
2023-01-07 16:18:39.294198: I tensorflow/core/common_runtime/placer.cc:1059] gradients/add_1_grad/BroadcastGradientArgs: (BroadcastGradientArgs)/job:localhost/replica:0/task:0/device:GPU:0
2023-01-07 16:18:39.294220: I tensorflow/core/common_runtime/placer.cc:1059] gradients/add_1_grad/Sum: (Sum)/job:localhost/replica:0/task:0/device:GPU:0
2023-01-07 16:18:39.294242: I tensorflow/core/common_runtime/placer.cc:1059] gradients/add_1_grad/Reshape: (Reshape)/job:localhost/replica:0/task:0/device:GPU:0
2023-01-07 16:18:39.294264: I tensorflow/core/common_runtime/placer.cc:1059] gradients/add_1_grad/Sum_1: (Sum)/job:localhost/replica:0/task:0/device:GPU:0
2023-01-07 16:18:39.294286: I tensorflow/core/common_runtime/placer.cc:1059] gradients/add_1_grad/Reshape_1: (Reshape)/job:localhost/replica:0/task:0/device:GPU:0
2023-01-07 16:18:39.294308: I tensorflow/core/common_runtime/placer.cc:1059] gradients/add_1_grad/tuple/group_deps: (NoOp)/job:localhost/replica:0/task:0/device:GPU:0
2023-01-07 16:18:39.294322: I tensorflow/core/common_runtime/placer.cc:1059] gradients/add_1_grad/tuple/control_dependency: (Identity)/job:localhost/replica:0/task:0/device:GPU:0
2023-01-07 16:18:39.294336: I tensorflow/core/common_runtime/placer.cc:1059] gradients/add_1_grad/tuple/control_dependency_1: (Identity)/job:localhost/replica:0/task:0/device:GPU:0
2023-01-07 16:18:39.294358: I tensorflow/core/common_runtime/placer.cc:1059] gradients/Conv2D_1_grad/ShapeN: (ShapeN)/job:localhost/replica:0/task:0/device:GPU:0
2023-01-07 16:18:39.294380: I tensorflow/core/common_runtime/placer.cc:1059] gradients/Conv2D_1_grad/Conv2DBackpropInput: (Conv2DBackpropInput)/job:localhost/replica:0/task:0/device:GPU:0
2023-01-07 16:18:39.294402: I tensorflow/core/common_runtime/placer.cc:1059] gradients/Conv2D_1_grad/Conv2DBackpropFilter: (Conv2DBackpropFilter)/job:localhost/replica:0/task:0/device:GPU:0
2023-01-07 16:18:39.294424: I tensorflow/core/common_runtime/placer.cc:1059] gradients/Conv2D_1_grad/tuple/group_deps: (NoOp)/job:localhost/replica:0/task:0/device:GPU:0
2023-01-07 16:18:39.294439: I tensorflow/core/common_runtime/placer.cc:1059] gradients/Conv2D_1_grad/tuple/control_dependency: (Identity)/job:localhost/replica:0/task:0/device:GPU:0
2023-01-07 16:18:39.294453: I tensorflow/core/common_runtime/placer.cc:1059] gradients/Conv2D_1_grad/tuple/control_dependency_1: (Identity)/job:localhost/replica:0/task:0/device:GPU:0
2023-01-07 16:18:39.294475: I tensorflow/core/common_runtime/placer.cc:1059] gradients/MaxPool_grad/MaxPoolGrad: (MaxPoolGrad)/job:localhost/replica:0/task:0/device:GPU:0
2023-01-07 16:18:39.294497: I tensorflow/core/common_runtime/placer.cc:1059] gradients/Relu_grad/ReluGrad: (ReluGrad)/job:localhost/replica:0/task:0/device:GPU:0
2023-01-07 16:18:39.294519: I tensorflow/core/common_runtime/placer.cc:1059] gradients/add_grad/Shape: (Shape)/job:localhost/replica:0/task:0/device:GPU:0
2023-01-07 16:18:39.294542: I tensorflow/core/common_runtime/placer.cc:1059] gradients/add_grad/BroadcastGradientArgs: (BroadcastGradientArgs)/job:localhost/replica:0/task:0/device:GPU:0
2023-01-07 16:18:39.294564: I tensorflow/core/common_runtime/placer.cc:1059] gradients/add_grad/Sum: (Sum)/job:localhost/replica:0/task:0/device:GPU:0
2023-01-07 16:18:39.294586: I tensorflow/core/common_runtime/placer.cc:1059] gradients/add_grad/Reshape: (Reshape)/job:localhost/replica:0/task:0/device:GPU:0
2023-01-07 16:18:39.294608: I tensorflow/core/common_runtime/placer.cc:1059] gradients/add_grad/Sum_1: (Sum)/job:localhost/replica:0/task:0/device:GPU:0
2023-01-07 16:18:39.294630: I tensorflow/core/common_runtime/placer.cc:1059] gradients/add_grad/Reshape_1: (Reshape)/job:localhost/replica:0/task:0/device:GPU:0
2023-01-07 16:18:39.294652: I tensorflow/core/common_runtime/placer.cc:1059] gradients/add_grad/tuple/group_deps: (NoOp)/job:localhost/replica:0/task:0/device:GPU:0
2023-01-07 16:18:39.294667: I tensorflow/core/common_runtime/placer.cc:1059] gradients/add_grad/tuple/control_dependency: (Identity)/job:localhost/replica:0/task:0/device:GPU:0
2023-01-07 16:18:39.294681: I tensorflow/core/common_runtime/placer.cc:1059] gradients/add_grad/tuple/control_dependency_1: (Identity)/job:localhost/replica:0/task:0/device:GPU:0
2023-01-07 16:18:39.294703: I tensorflow/core/common_runtime/placer.cc:1059] gradients/Conv2D_grad/ShapeN: (ShapeN)/job:localhost/replica:0/task:0/device:GPU:0
2023-01-07 16:18:39.294725: I tensorflow/core/common_runtime/placer.cc:1059] gradients/Conv2D_grad/Conv2DBackpropInput: (Conv2DBackpropInput)/job:localhost/replica:0/task:0/device:GPU:0
2023-01-07 16:18:39.294748: I tensorflow/core/common_runtime/placer.cc:1059] gradients/Conv2D_grad/Conv2DBackpropFilter: (Conv2DBackpropFilter)/job:localhost/replica:0/task:0/device:GPU:0
2023-01-07 16:18:39.294770: I tensorflow/core/common_runtime/placer.cc:1059] gradients/Conv2D_grad/tuple/group_deps: (NoOp)/job:localhost/replica:0/task:0/device:GPU:0
2023-01-07 16:18:39.294784: I tensorflow/core/common_runtime/placer.cc:1059] gradients/Conv2D_grad/tuple/control_dependency: (Identity)/job:localhost/replica:0/task:0/device:GPU:0
2023-01-07 16:18:39.294803: I tensorflow/core/common_runtime/placer.cc:1059] gradients/Conv2D_grad/tuple/control_dependency_1: (Identity)/job:localhost/replica:0/task:0/device:GPU:0
2023-01-07 16:18:39.294818: I tensorflow/core/common_runtime/placer.cc:1059] beta1_power: (VariableV2)/job:localhost/replica:0/task:0/device:GPU:0
2023-01-07 16:18:39.294832: I tensorflow/core/common_runtime/placer.cc:1059] beta1_power/Assign: (Assign)/job:localhost/replica:0/task:0/device:GPU:0
2023-01-07 16:18:39.294846: I tensorflow/core/common_runtime/placer.cc:1059] beta1_power/read: (Identity)/job:localhost/replica:0/task:0/device:GPU:0
2023-01-07 16:18:39.294860: I tensorflow/core/common_runtime/placer.cc:1059] beta2_power: (VariableV2)/job:localhost/replica:0/task:0/device:GPU:0
2023-01-07 16:18:39.294874: I tensorflow/core/common_runtime/placer.cc:1059] beta2_power/Assign: (Assign)/job:localhost/replica:0/task:0/device:GPU:0
2023-01-07 16:18:39.294888: I tensorflow/core/common_runtime/placer.cc:1059] beta2_power/read: (Identity)/job:localhost/replica:0/task:0/device:GPU:0
2023-01-07 16:18:39.294902: I tensorflow/core/common_runtime/placer.cc:1059] Variable_1/Adam: (VariableV2)/job:localhost/replica:0/task:0/device:GPU:0
2023-01-07 16:18:39.294916: I tensorflow/core/common_runtime/placer.cc:1059] Variable_1/Adam/Assign: (Assign)/job:localhost/replica:0/task:0/device:GPU:0
2023-01-07 16:18:39.294930: I tensorflow/core/common_runtime/placer.cc:1059] Variable_1/Adam/read: (Identity)/job:localhost/replica:0/task:0/device:GPU:0
2023-01-07 16:18:39.294944: I tensorflow/core/common_runtime/placer.cc:1059] Variable_1/Adam_1: (VariableV2)/job:localhost/replica:0/task:0/device:GPU:0
2023-01-07 16:18:39.294958: I tensorflow/core/common_runtime/placer.cc:1059] Variable_1/Adam_1/Assign: (Assign)/job:localhost/replica:0/task:0/device:GPU:0
2023-01-07 16:18:39.294972: I tensorflow/core/common_runtime/placer.cc:1059] Variable_1/Adam_1/read: (Identity)/job:localhost/replica:0/task:0/device:GPU:0
2023-01-07 16:18:39.294986: I tensorflow/core/common_runtime/placer.cc:1059] Variable_2/Adam: (VariableV2)/job:localhost/replica:0/task:0/device:GPU:0
2023-01-07 16:18:39.295000: I tensorflow/core/common_runtime/placer.cc:1059] Variable_2/Adam/Assign: (Assign)/job:localhost/replica:0/task:0/device:GPU:0
2023-01-07 16:18:39.295014: I tensorflow/core/common_runtime/placer.cc:1059] Variable_2/Adam/read: (Identity)/job:localhost/replica:0/task:0/device:GPU:0
2023-01-07 16:18:39.295028: I tensorflow/core/common_runtime/placer.cc:1059] Variable_2/Adam_1: (VariableV2)/job:localhost/replica:0/task:0/device:GPU:0
2023-01-07 16:18:39.295042: I tensorflow/core/common_runtime/placer.cc:1059] Variable_2/Adam_1/Assign: (Assign)/job:localhost/replica:0/task:0/device:GPU:0
2023-01-07 16:18:39.295056: I tensorflow/core/common_runtime/placer.cc:1059] Variable_2/Adam_1/read: (Identity)/job:localhost/replica:0/task:0/device:GPU:0
2023-01-07 16:18:39.295070: I tensorflow/core/common_runtime/placer.cc:1059] Variable_3/Adam/Initializer/zeros: (Fill)/job:localhost/replica:0/task:0/device:GPU:0
2023-01-07 16:18:39.295084: I tensorflow/core/common_runtime/placer.cc:1059] Variable_3/Adam: (VariableV2)/job:localhost/replica:0/task:0/device:GPU:0
2023-01-07 16:18:39.295098: I tensorflow/core/common_runtime/placer.cc:1059] Variable_3/Adam/Assign: (Assign)/job:localhost/replica:0/task:0/device:GPU:0
2023-01-07 16:18:39.295112: I tensorflow/core/common_runtime/placer.cc:1059] Variable_3/Adam/read: (Identity)/job:localhost/replica:0/task:0/device:GPU:0
2023-01-07 16:18:39.295126: I tensorflow/core/common_runtime/placer.cc:1059] Variable_3/Adam_1/Initializer/zeros: (Fill)/job:localhost/replica:0/task:0/device:GPU:0
2023-01-07 16:18:39.295140: I tensorflow/core/common_runtime/placer.cc:1059] Variable_3/Adam_1: (VariableV2)/job:localhost/replica:0/task:0/device:GPU:0
2023-01-07 16:18:39.295154: I tensorflow/core/common_runtime/placer.cc:1059] Variable_3/Adam_1/Assign: (Assign)/job:localhost/replica:0/task:0/device:GPU:0
2023-01-07 16:18:39.295168: I tensorflow/core/common_runtime/placer.cc:1059] Variable_3/Adam_1/read: (Identity)/job:localhost/replica:0/task:0/device:GPU:0
2023-01-07 16:18:39.295182: I tensorflow/core/common_runtime/placer.cc:1059] Variable_4/Adam: (VariableV2)/job:localhost/replica:0/task:0/device:GPU:0
2023-01-07 16:18:39.295196: I tensorflow/core/common_runtime/placer.cc:1059] Variable_4/Adam/Assign: (Assign)/job:localhost/replica:0/task:0/device:GPU:0
2023-01-07 16:18:39.295210: I tensorflow/core/common_runtime/placer.cc:1059] Variable_4/Adam/read: (Identity)/job:localhost/replica:0/task:0/device:GPU:0
2023-01-07 16:18:39.295224: I tensorflow/core/common_runtime/placer.cc:1059] Variable_4/Adam_1: (VariableV2)/job:localhost/replica:0/task:0/device:GPU:0
2023-01-07 16:18:39.295238: I tensorflow/core/common_runtime/placer.cc:1059] Variable_4/Adam_1/Assign: (Assign)/job:localhost/replica:0/task:0/device:GPU:0
2023-01-07 16:18:39.295252: I tensorflow/core/common_runtime/placer.cc:1059] Variable_4/Adam_1/read: (Identity)/job:localhost/replica:0/task:0/device:GPU:0
2023-01-07 16:18:39.295266: I tensorflow/core/common_runtime/placer.cc:1059] Variable_5/Adam/Initializer/zeros: (Fill)/job:localhost/replica:0/task:0/device:GPU:0
2023-01-07 16:18:39.295280: I tensorflow/core/common_runtime/placer.cc:1059] Variable_5/Adam: (VariableV2)/job:localhost/replica:0/task:0/device:GPU:0
2023-01-07 16:18:39.295294: I tensorflow/core/common_runtime/placer.cc:1059] Variable_5/Adam/Assign: (Assign)/job:localhost/replica:0/task:0/device:GPU:0
2023-01-07 16:18:39.295308: I tensorflow/core/common_runtime/placer.cc:1059] Variable_5/Adam/read: (Identity)/job:localhost/replica:0/task:0/device:GPU:0
2023-01-07 16:18:39.295322: I tensorflow/core/common_runtime/placer.cc:1059] Variable_5/Adam_1/Initializer/zeros: (Fill)/job:localhost/replica:0/task:0/device:GPU:0
2023-01-07 16:18:39.295337: I tensorflow/core/common_runtime/placer.cc:1059] Variable_5/Adam_1: (VariableV2)/job:localhost/replica:0/task:0/device:GPU:0
2023-01-07 16:18:39.295350: I tensorflow/core/common_runtime/placer.cc:1059] Variable_5/Adam_1/Assign: (Assign)/job:localhost/replica:0/task:0/device:GPU:0
2023-01-07 16:18:39.295364: I tensorflow/core/common_runtime/placer.cc:1059] Variable_5/Adam_1/read: (Identity)/job:localhost/replica:0/task:0/device:GPU:0
2023-01-07 16:18:39.295379: I tensorflow/core/common_runtime/placer.cc:1059] Variable_6/Adam/Initializer/zeros: (Fill)/job:localhost/replica:0/task:0/device:GPU:0
2023-01-07 16:18:39.295392: I tensorflow/core/common_runtime/placer.cc:1059] Variable_6/Adam: (VariableV2)/job:localhost/replica:0/task:0/device:GPU:0
2023-01-07 16:18:39.295406: I tensorflow/core/common_runtime/placer.cc:1059] Variable_6/Adam/Assign: (Assign)/job:localhost/replica:0/task:0/device:GPU:0
2023-01-07 16:18:39.295420: I tensorflow/core/common_runtime/placer.cc:1059] Variable_6/Adam/read: (Identity)/job:localhost/replica:0/task:0/device:GPU:0
2023-01-07 16:18:39.295434: I tensorflow/core/common_runtime/placer.cc:1059] Variable_6/Adam_1/Initializer/zeros: (Fill)/job:localhost/replica:0/task:0/device:GPU:0
2023-01-07 16:18:39.295448: I tensorflow/core/common_runtime/placer.cc:1059] Variable_6/Adam_1: (VariableV2)/job:localhost/replica:0/task:0/device:GPU:0
2023-01-07 16:18:39.295462: I tensorflow/core/common_runtime/placer.cc:1059] Variable_6/Adam_1/Assign: (Assign)/job:localhost/replica:0/task:0/device:GPU:0
2023-01-07 16:18:39.295476: I tensorflow/core/common_runtime/placer.cc:1059] Variable_6/Adam_1/read: (Identity)/job:localhost/replica:0/task:0/device:GPU:0
2023-01-07 16:18:39.295490: I tensorflow/core/common_runtime/placer.cc:1059] Variable_7/Adam/Initializer/zeros: (Fill)/job:localhost/replica:0/task:0/device:GPU:0
2023-01-07 16:18:39.295504: I tensorflow/core/common_runtime/placer.cc:1059] Variable_7/Adam: (VariableV2)/job:localhost/replica:0/task:0/device:GPU:0
2023-01-07 16:18:39.295518: I tensorflow/core/common_runtime/placer.cc:1059] Variable_7/Adam/Assign: (Assign)/job:localhost/replica:0/task:0/device:GPU:0
2023-01-07 16:18:39.295532: I tensorflow/core/common_runtime/placer.cc:1059] Variable_7/Adam/read: (Identity)/job:localhost/replica:0/task:0/device:GPU:0
2023-01-07 16:18:39.295546: I tensorflow/core/common_runtime/placer.cc:1059] Variable_7/Adam_1/Initializer/zeros: (Fill)/job:localhost/replica:0/task:0/device:GPU:0
2023-01-07 16:18:39.295560: I tensorflow/core/common_runtime/placer.cc:1059] Variable_7/Adam_1: (VariableV2)/job:localhost/replica:0/task:0/device:GPU:0
2023-01-07 16:18:39.295574: I tensorflow/core/common_runtime/placer.cc:1059] Variable_7/Adam_1/Assign: (Assign)/job:localhost/replica:0/task:0/device:GPU:0
2023-01-07 16:18:39.295587: I tensorflow/core/common_runtime/placer.cc:1059] Variable_7/Adam_1/read: (Identity)/job:localhost/replica:0/task:0/device:GPU:0
2023-01-07 16:18:39.295601: I tensorflow/core/common_runtime/placer.cc:1059] Variable_8/Adam: (VariableV2)/job:localhost/replica:0/task:0/device:GPU:0
2023-01-07 16:18:39.295615: I tensorflow/core/common_runtime/placer.cc:1059] Variable_8/Adam/Assign: (Assign)/job:localhost/replica:0/task:0/device:GPU:0
2023-01-07 16:18:39.295629: I tensorflow/core/common_runtime/placer.cc:1059] Variable_8/Adam/read: (Identity)/job:localhost/replica:0/task:0/device:GPU:0
2023-01-07 16:18:39.295643: I tensorflow/core/common_runtime/placer.cc:1059] Variable_8/Adam_1: (VariableV2)/job:localhost/replica:0/task:0/device:GPU:0
2023-01-07 16:18:39.295664: I tensorflow/core/common_runtime/placer.cc:1059] Variable_8/Adam_1/Assign: (Assign)/job:localhost/replica:0/task:0/device:GPU:0
2023-01-07 16:18:39.295678: I tensorflow/core/common_runtime/placer.cc:1059] Variable_8/Adam_1/read: (Identity)/job:localhost/replica:0/task:0/device:GPU:0
2023-01-07 16:18:39.295692: I tensorflow/core/common_runtime/placer.cc:1059] Adam/update_Variable_1/ApplyAdam: (ApplyAdam)/job:localhost/replica:0/task:0/device:GPU:0
2023-01-07 16:18:39.295707: I tensorflow/core/common_runtime/placer.cc:1059] Adam/update_Variable_2/ApplyAdam: (ApplyAdam)/job:localhost/replica:0/task:0/device:GPU:0
2023-01-07 16:18:39.295720: I tensorflow/core/common_runtime/placer.cc:1059] Adam/update_Variable_3/ApplyAdam: (ApplyAdam)/job:localhost/replica:0/task:0/device:GPU:0
2023-01-07 16:18:39.295734: I tensorflow/core/common_runtime/placer.cc:1059] Adam/update_Variable_4/ApplyAdam: (ApplyAdam)/job:localhost/replica:0/task:0/device:GPU:0
2023-01-07 16:18:39.295748: I tensorflow/core/common_runtime/placer.cc:1059] Adam/update_Variable_5/ApplyAdam: (ApplyAdam)/job:localhost/replica:0/task:0/device:GPU:0
2023-01-07 16:18:39.295762: I tensorflow/core/common_runtime/placer.cc:1059] Adam/update_Variable_6/ApplyAdam: (ApplyAdam)/job:localhost/replica:0/task:0/device:GPU:0
2023-01-07 16:18:39.295776: I tensorflow/core/common_runtime/placer.cc:1059] Adam/update_Variable_7/ApplyAdam: (ApplyAdam)/job:localhost/replica:0/task:0/device:GPU:0
2023-01-07 16:18:39.295790: I tensorflow/core/common_runtime/placer.cc:1059] Adam/update_Variable_8/ApplyAdam: (ApplyAdam)/job:localhost/replica:0/task:0/device:GPU:0
2023-01-07 16:18:39.295804: I tensorflow/core/common_runtime/placer.cc:1059] Adam/mul: (Mul)/job:localhost/replica:0/task:0/device:GPU:0
2023-01-07 16:18:39.295818: I tensorflow/core/common_runtime/placer.cc:1059] Adam/Assign: (Assign)/job:localhost/replica:0/task:0/device:GPU:0
2023-01-07 16:18:39.295832: I tensorflow/core/common_runtime/placer.cc:1059] Adam/mul_1: (Mul)/job:localhost/replica:0/task:0/device:GPU:0
2023-01-07 16:18:39.295846: I tensorflow/core/common_runtime/placer.cc:1059] Adam/Assign_1: (Assign)/job:localhost/replica:0/task:0/device:GPU:0
2023-01-07 16:18:39.295868: I tensorflow/core/common_runtime/placer.cc:1059] Adam: (NoOp)/job:localhost/replica:0/task:0/device:GPU:0
2023-01-07 16:18:39.295891: I tensorflow/core/common_runtime/placer.cc:1059] ArgMax: (ArgMax)/job:localhost/replica:0/task:0/device:GPU:0
2023-01-07 16:18:39.295913: I tensorflow/core/common_runtime/placer.cc:1059] ArgMax_1: (ArgMax)/job:localhost/replica:0/task:0/device:GPU:0
2023-01-07 16:18:39.295935: I tensorflow/core/common_runtime/placer.cc:1059] Equal: (Equal)/job:localhost/replica:0/task:0/device:GPU:0
2023-01-07 16:18:39.295957: I tensorflow/core/common_runtime/placer.cc:1059] Cast: (Cast)/job:localhost/replica:0/task:0/device:GPU:0
2023-01-07 16:18:39.295979: I tensorflow/core/common_runtime/placer.cc:1059] Mean_1: (Mean)/job:localhost/replica:0/task:0/device:GPU:0
2023-01-07 16:18:39.296001: I tensorflow/core/common_runtime/placer.cc:1059] init: (NoOp)/job:localhost/replica:0/task:0/device:GPU:0
2023-01-07 16:18:39.296024: I tensorflow/core/common_runtime/placer.cc:1059] Placeholder: (Placeholder)/job:localhost/replica:0/task:0/device:GPU:0
2023-01-07 16:18:39.296046: I tensorflow/core/common_runtime/placer.cc:1059] zeros/shape_as_tensor: (Const)/job:localhost/replica:0/task:0/device:GPU:0
2023-01-07 16:18:39.296068: I tensorflow/core/common_runtime/placer.cc:1059] zeros/Const: (Const)/job:localhost/replica:0/task:0/device:GPU:0
2023-01-07 16:18:39.296091: I tensorflow/core/common_runtime/placer.cc:1059] Placeholder_1: (Placeholder)/job:localhost/replica:0/task:0/device:GPU:0
2023-01-07 16:18:39.296113: I tensorflow/core/common_runtime/placer.cc:1059] truncated_normal/shape: (Const)/job:localhost/replica:0/task:0/device:GPU:0
2023-01-07 16:18:39.296135: I tensorflow/core/common_runtime/placer.cc:1059] truncated_normal/mean: (Const)/job:localhost/replica:0/task:0/device:GPU:0
2023-01-07 16:18:39.296158: I tensorflow/core/common_runtime/placer.cc:1059] truncated_normal/stddev: (Const)/job:localhost/replica:0/task:0/device:GPU:0
2023-01-07 16:18:39.296180: I tensorflow/core/common_runtime/placer.cc:1059] Const: (Const)/job:localhost/replica:0/task:0/device:GPU:0
2023-01-07 16:18:39.296202: I tensorflow/core/common_runtime/placer.cc:1059] Reshape/shape: (Const)/job:localhost/replica:0/task:0/device:GPU:0
2023-01-07 16:18:39.296224: I tensorflow/core/common_runtime/placer.cc:1059] truncated_normal_1/shape: (Const)/job:localhost/replica:0/task:0/device:GPU:0
2023-01-07 16:18:39.296246: I tensorflow/core/common_runtime/placer.cc:1059] truncated_normal_1/mean: (Const)/job:localhost/replica:0/task:0/device:GPU:0
2023-01-07 16:18:39.296269: I tensorflow/core/common_runtime/placer.cc:1059] truncated_normal_1/stddev: (Const)/job:localhost/replica:0/task:0/device:GPU:0
2023-01-07 16:18:39.296291: I tensorflow/core/common_runtime/placer.cc:1059] Const_1: (Const)/job:localhost/replica:0/task:0/device:GPU:0
2023-01-07 16:18:39.296313: I tensorflow/core/common_runtime/placer.cc:1059] truncated_normal_2/shape: (Const)/job:localhost/replica:0/task:0/device:GPU:0
2023-01-07 16:18:39.296335: I tensorflow/core/common_runtime/placer.cc:1059] truncated_normal_2/mean: (Const)/job:localhost/replica:0/task:0/device:GPU:0
2023-01-07 16:18:39.296358: I tensorflow/core/common_runtime/placer.cc:1059] truncated_normal_2/stddev: (Const)/job:localhost/replica:0/task:0/device:GPU:0
2023-01-07 16:18:39.296380: I tensorflow/core/common_runtime/placer.cc:1059] Const_2: (Const)/job:localhost/replica:0/task:0/device:GPU:0
2023-01-07 16:18:39.296402: I tensorflow/core/common_runtime/placer.cc:1059] Reshape_1/shape: (Const)/job:localhost/replica:0/task:0/device:GPU:0
2023-01-07 16:18:39.296424: I tensorflow/core/common_runtime/placer.cc:1059] PlaceholderWithDefault/input: (Const)/job:localhost/replica:0/task:0/device:GPU:0
2023-01-07 16:18:39.296446: I tensorflow/core/common_runtime/placer.cc:1059] sub/x: (Const)/job:localhost/replica:0/task:0/device:GPU:0
2023-01-07 16:18:39.296468: I tensorflow/core/common_runtime/placer.cc:1059] dropout/sub/x: (Const)/job:localhost/replica:0/task:0/device:GPU:0
2023-01-07 16:18:39.296491: I tensorflow/core/common_runtime/placer.cc:1059] dropout/random_uniform/min: (Const)/job:localhost/replica:0/task:0/device:GPU:0
2023-01-07 16:18:39.296513: I tensorflow/core/common_runtime/placer.cc:1059] dropout/random_uniform/max: (Const)/job:localhost/replica:0/task:0/device:GPU:0
2023-01-07 16:18:39.296535: I tensorflow/core/common_runtime/placer.cc:1059] truncated_normal_3/shape: (Const)/job:localhost/replica:0/task:0/device:GPU:0
2023-01-07 16:18:39.296557: I tensorflow/core/common_runtime/placer.cc:1059] truncated_normal_3/mean: (Const)/job:localhost/replica:0/task:0/device:GPU:0
2023-01-07 16:18:39.296579: I tensorflow/core/common_runtime/placer.cc:1059] truncated_normal_3/stddev: (Const)/job:localhost/replica:0/task:0/device:GPU:0
2023-01-07 16:18:39.296601: I tensorflow/core/common_runtime/placer.cc:1059] Const_3: (Const)/job:localhost/replica:0/task:0/device:GPU:0
2023-01-07 16:18:39.296623: I tensorflow/core/common_runtime/placer.cc:1059] softmax_cross_entropy_with_logits_sg/Rank: (Const)/job:localhost/replica:0/task:0/device:GPU:0
2023-01-07 16:18:39.296646: I tensorflow/core/common_runtime/placer.cc:1059] softmax_cross_entropy_with_logits_sg/Rank_1: (Const)/job:localhost/replica:0/task:0/device:GPU:0
2023-01-07 16:18:39.296668: I tensorflow/core/common_runtime/placer.cc:1059] softmax_cross_entropy_with_logits_sg/Sub/y: (Const)/job:localhost/replica:0/task:0/device:GPU:0
2023-01-07 16:18:39.296690: I tensorflow/core/common_runtime/placer.cc:1059] softmax_cross_entropy_with_logits_sg/Slice/size: (Const)/job:localhost/replica:0/task:0/device:GPU:0
2023-01-07 16:18:39.296712: I tensorflow/core/common_runtime/placer.cc:1059] softmax_cross_entropy_with_logits_sg/concat/values_0: (Const)/job:localhost/replica:0/task:0/device:GPU:0
2023-01-07 16:18:39.296734: I tensorflow/core/common_runtime/placer.cc:1059] softmax_cross_entropy_with_logits_sg/concat/axis: (Const)/job:localhost/replica:0/task:0/device:GPU:0
2023-01-07 16:18:39.296757: I tensorflow/core/common_runtime/placer.cc:1059] softmax_cross_entropy_with_logits_sg/Rank_2: (Const)/job:localhost/replica:0/task:0/device:GPU:0
2023-01-07 16:18:39.296779: I tensorflow/core/common_runtime/placer.cc:1059] softmax_cross_entropy_with_logits_sg/Sub_1/y: (Const)/job:localhost/replica:0/task:0/device:GPU:0
2023-01-07 16:18:39.296801: I tensorflow/core/common_runtime/placer.cc:1059] softmax_cross_entropy_with_logits_sg/Slice_1/size: (Const)/job:localhost/replica:0/task:0/device:GPU:0
2023-01-07 16:18:39.296823: I tensorflow/core/common_runtime/placer.cc:1059] softmax_cross_entropy_with_logits_sg/concat_1/values_0: (Const)/job:localhost/replica:0/task:0/device:GPU:0
2023-01-07 16:18:39.296845: I tensorflow/core/common_runtime/placer.cc:1059] softmax_cross_entropy_with_logits_sg/concat_1/axis: (Const)/job:localhost/replica:0/task:0/device:GPU:0
2023-01-07 16:18:39.296868: I tensorflow/core/common_runtime/placer.cc:1059] softmax_cross_entropy_with_logits_sg/Sub_2/y: (Const)/job:localhost/replica:0/task:0/device:GPU:0
2023-01-07 16:18:39.296890: I tensorflow/core/common_runtime/placer.cc:1059] softmax_cross_entropy_with_logits_sg/Slice_2/begin: (Const)/job:localhost/replica:0/task:0/device:GPU:0
2023-01-07 16:18:39.296912: I tensorflow/core/common_runtime/placer.cc:1059] Const_4: (Const)/job:localhost/replica:0/task:0/device:GPU:0
2023-01-07 16:18:39.296934: I tensorflow/core/common_runtime/placer.cc:1059] Variable_9/initial_value: (Const)/job:localhost/replica:0/task:0/device:CPU:0
2023-01-07 16:18:39.296957: I tensorflow/core/common_runtime/placer.cc:1059] mul/y: (Const)/job:localhost/replica:0/task:0/device:GPU:0
2023-01-07 16:18:39.296979: I tensorflow/core/common_runtime/placer.cc:1059] ExponentialDecay/learning_rate: (Const)/job:localhost/replica:0/task:0/device:GPU:0
2023-01-07 16:18:39.297001: I tensorflow/core/common_runtime/placer.cc:1059] ExponentialDecay/Cast/x: (Const)/job:localhost/replica:0/task:0/device:GPU:0
2023-01-07 16:18:39.297023: I tensorflow/core/common_runtime/placer.cc:1059] ExponentialDecay/Cast_1/x: (Const)/job:localhost/replica:0/task:0/device:GPU:0
2023-01-07 16:18:39.297045: I tensorflow/core/common_runtime/placer.cc:1059] gradients/Shape: (Const)/job:localhost/replica:0/task:0/device:GPU:0
2023-01-07 16:18:39.297068: I tensorflow/core/common_runtime/placer.cc:1059] gradients/grad_ys_0: (Const)/job:localhost/replica:0/task:0/device:GPU:0
2023-01-07 16:18:39.297090: I tensorflow/core/common_runtime/placer.cc:1059] gradients/Mean_grad/Reshape/shape: (Const)/job:localhost/replica:0/task:0/device:GPU:0
2023-01-07 16:18:39.297112: I tensorflow/core/common_runtime/placer.cc:1059] gradients/Mean_grad/Shape_2: (Const)/job:localhost/replica:0/task:0/device:GPU:0
2023-01-07 16:18:39.297134: I tensorflow/core/common_runtime/placer.cc:1059] gradients/Mean_grad/Const: (Const)/job:localhost/replica:0/task:0/device:GPU:0
2023-01-07 16:18:39.297156: I tensorflow/core/common_runtime/placer.cc:1059] gradients/Mean_grad/Const_1: (Const)/job:localhost/replica:0/task:0/device:GPU:0
2023-01-07 16:18:39.297178: I tensorflow/core/common_runtime/placer.cc:1059] gradients/Mean_grad/Maximum/y: (Const)/job:localhost/replica:0/task:0/device:GPU:0
2023-01-07 16:18:39.297201: I tensorflow/core/common_runtime/placer.cc:1059] gradients/softmax_cross_entropy_with_logits_sg_grad/ExpandDims/dim: (Const)/job:localhost/replica:0/task:0/device:GPU:0
2023-01-07 16:18:39.297223: I tensorflow/core/common_runtime/placer.cc:1059] gradients/softmax_cross_entropy_with_logits_sg_grad/ExpandDims_1/dim: (Const)/job:localhost/replica:0/task:0/device:GPU:0
2023-01-07 16:18:39.297246: I tensorflow/core/common_runtime/placer.cc:1059] gradients/add_3_grad/Shape_1: (Const)/job:localhost/replica:0/task:0/device:GPU:0
2023-01-07 16:18:39.297268: I tensorflow/core/common_runtime/placer.cc:1059] gradients/dropout/truediv_grad/Shape_1: (Const)/job:localhost/replica:0/task:0/device:GPU:0
2023-01-07 16:18:39.297290: I tensorflow/core/common_runtime/placer.cc:1059] gradients/add_2_grad/Shape_1: (Const)/job:localhost/replica:0/task:0/device:GPU:0
2023-01-07 16:18:39.297313: I tensorflow/core/common_runtime/placer.cc:1059] gradients/add_1_grad/Shape_1: (Const)/job:localhost/replica:0/task:0/device:GPU:0
2023-01-07 16:18:39.297335: I tensorflow/core/common_runtime/placer.cc:1059] gradients/add_grad/Shape_1: (Const)/job:localhost/replica:0/task:0/device:GPU:0
2023-01-07 16:18:39.297349: I tensorflow/core/common_runtime/placer.cc:1059] beta1_power/initial_value: (Const)/job:localhost/replica:0/task:0/device:GPU:0
2023-01-07 16:18:39.297363: I tensorflow/core/common_runtime/placer.cc:1059] beta2_power/initial_value: (Const)/job:localhost/replica:0/task:0/device:GPU:0
2023-01-07 16:18:39.297377: I tensorflow/core/common_runtime/placer.cc:1059] Variable_1/Adam/Initializer/zeros: (Const)/job:localhost/replica:0/task:0/device:GPU:0
2023-01-07 16:18:39.297392: I tensorflow/core/common_runtime/placer.cc:1059] Variable_1/Adam_1/Initializer/zeros: (Const)/job:localhost/replica:0/task:0/device:GPU:0
2023-01-07 16:18:39.297406: I tensorflow/core/common_runtime/placer.cc:1059] Variable_2/Adam/Initializer/zeros: (Const)/job:localhost/replica:0/task:0/device:GPU:0
2023-01-07 16:18:39.297420: I tensorflow/core/common_runtime/placer.cc:1059] Variable_2/Adam_1/Initializer/zeros: (Const)/job:localhost/replica:0/task:0/device:GPU:0
2023-01-07 16:18:39.297434: I tensorflow/core/common_runtime/placer.cc:1059] Variable_3/Adam/Initializer/zeros/shape_as_tensor: (Const)/job:localhost/replica:0/task:0/device:GPU:0
2023-01-07 16:18:39.297448: I tensorflow/core/common_runtime/placer.cc:1059] Variable_3/Adam/Initializer/zeros/Const: (Const)/job:localhost/replica:0/task:0/device:GPU:0
2023-01-07 16:18:39.297462: I tensorflow/core/common_runtime/placer.cc:1059] Variable_3/Adam_1/Initializer/zeros/shape_as_tensor: (Const)/job:localhost/replica:0/task:0/device:GPU:0
2023-01-07 16:18:39.297476: I tensorflow/core/common_runtime/placer.cc:1059] Variable_3/Adam_1/Initializer/zeros/Const: (Const)/job:localhost/replica:0/task:0/device:GPU:0
2023-01-07 16:18:39.297490: I tensorflow/core/common_runtime/placer.cc:1059] Variable_4/Adam/Initializer/zeros: (Const)/job:localhost/replica:0/task:0/device:GPU:0
2023-01-07 16:18:39.297504: I tensorflow/core/common_runtime/placer.cc:1059] Variable_4/Adam_1/Initializer/zeros: (Const)/job:localhost/replica:0/task:0/device:GPU:0
2023-01-07 16:18:39.297518: I tensorflow/core/common_runtime/placer.cc:1059] Variable_5/Adam/Initializer/zeros/shape_as_tensor: (Const)/job:localhost/replica:0/task:0/device:GPU:0
2023-01-07 16:18:39.297532: I tensorflow/core/common_runtime/placer.cc:1059] Variable_5/Adam/Initializer/zeros/Const: (Const)/job:localhost/replica:0/task:0/device:GPU:0
2023-01-07 16:18:39.297545: I tensorflow/core/common_runtime/placer.cc:1059] Variable_5/Adam_1/Initializer/zeros/shape_as_tensor: (Const)/job:localhost/replica:0/task:0/device:GPU:0
2023-01-07 16:18:39.297559: I tensorflow/core/common_runtime/placer.cc:1059] Variable_5/Adam_1/Initializer/zeros/Const: (Const)/job:localhost/replica:0/task:0/device:GPU:0
2023-01-07 16:18:39.297581: I tensorflow/core/common_runtime/placer.cc:1059] Variable_6/Adam/Initializer/zeros/shape_as_tensor: (Const)/job:localhost/replica:0/task:0/device:GPU:0
2023-01-07 16:18:39.297594: I tensorflow/core/common_runtime/placer.cc:1059] Variable_6/Adam/Initializer/zeros/Const: (Const)/job:localhost/replica:0/task:0/device:GPU:0
2023-01-07 16:18:39.297608: I tensorflow/core/common_runtime/placer.cc:1059] Variable_6/Adam_1/Initializer/zeros/shape_as_tensor: (Const)/job:localhost/replica:0/task:0/device:GPU:0
2023-01-07 16:18:39.297622: I tensorflow/core/common_runtime/placer.cc:1059] Variable_6/Adam_1/Initializer/zeros/Const: (Const)/job:localhost/replica:0/task:0/device:GPU:0
2023-01-07 16:18:39.297636: I tensorflow/core/common_runtime/placer.cc:1059] Variable_7/Adam/Initializer/zeros/shape_as_tensor: (Const)/job:localhost/replica:0/task:0/device:GPU:0
2023-01-07 16:18:39.297650: I tensorflow/core/common_runtime/placer.cc:1059] Variable_7/Adam/Initializer/zeros/Const: (Const)/job:localhost/replica:0/task:0/device:GPU:0
2023-01-07 16:18:39.297664: I tensorflow/core/common_runtime/placer.cc:1059] Variable_7/Adam_1/Initializer/zeros/shape_as_tensor: (Const)/job:localhost/replica:0/task:0/device:GPU:0
2023-01-07 16:18:39.297678: I tensorflow/core/common_runtime/placer.cc:1059] Variable_7/Adam_1/Initializer/zeros/Const: (Const)/job:localhost/replica:0/task:0/device:GPU:0
2023-01-07 16:18:39.297692: I tensorflow/core/common_runtime/placer.cc:1059] Variable_8/Adam/Initializer/zeros: (Const)/job:localhost/replica:0/task:0/device:GPU:0
2023-01-07 16:18:39.297706: I tensorflow/core/common_runtime/placer.cc:1059] Variable_8/Adam_1/Initializer/zeros: (Const)/job:localhost/replica:0/task:0/device:GPU:0
2023-01-07 16:18:39.297728: I tensorflow/core/common_runtime/placer.cc:1059] Adam/beta1: (Const)/job:localhost/replica:0/task:0/device:GPU:0
2023-01-07 16:18:39.297751: I tensorflow/core/common_runtime/placer.cc:1059] Adam/beta2: (Const)/job:localhost/replica:0/task:0/device:GPU:0
2023-01-07 16:18:39.297773: I tensorflow/core/common_runtime/placer.cc:1059] Adam/epsilon: (Const)/job:localhost/replica:0/task:0/device:GPU:0
2023-01-07 16:18:39.297795: I tensorflow/core/common_runtime/placer.cc:1059] ArgMax/dimension: (Const)/job:localhost/replica:0/task:0/device:GPU:0
2023-01-07 16:18:39.297818: I tensorflow/core/common_runtime/placer.cc:1059] ArgMax_1/dimension: (Const)/job:localhost/replica:0/task:0/device:GPU:0
2023-01-07 16:18:39.297840: I tensorflow/core/common_runtime/placer.cc:1059] Const_5: (Const)/job:localhost/replica:0/task:0/device:GPU:0
2023-01-07 16:18:40.543301: I tensorflow/stream_executor/dso_loader.cc:152] successfully opened CUDA library libcublas.so.9.1 locally
