[1673064102.579719] [p9r3n03:156851:0]         mxm.c:196  MXM  WARN  The 'ulimit -s' on the system is set to 'unlimited'. This may have negative performance implications. Please set the stack size to the default value (10240) 
[1673064102.609671] [p9r3n03:156851:0]         mxm.c:196  MXM  WARN  The 'ulimit -s' on the system is set to 'unlimited'. This may have negative performance implications. Please set the stack size to the default value (10240) 
Device mapping:
/job:localhost/replica:0/task:0/device:XLA_CPU:0 -> device: XLA_CPU device
/job:localhost/replica:0/task:0/device:XLA_GPU:0 -> device: XLA_GPU device
/job:localhost/replica:0/task:0/device:XLA_GPU:1 -> device: XLA_GPU device
/job:localhost/replica:0/task:0/device:XLA_GPU:2 -> device: XLA_GPU device
/job:localhost/replica:0/task:0/device:XLA_GPU:3 -> device: XLA_GPU device
/job:localhost/replica:0/task:0/device:GPU:0 -> device: 0, name: Tesla V100-SXM2-16GB, pci bus id: 0004:04:00.0, compute capability: 7.0
/job:localhost/replica:0/task:0/device:GPU:1 -> device: 1, name: Tesla V100-SXM2-16GB, pci bus id: 0004:05:00.0, compute capability: 7.0
/job:localhost/replica:0/task:0/device:GPU:2 -> device: 2, name: Tesla V100-SXM2-16GB, pci bus id: 0035:03:00.0, compute capability: 7.0
/job:localhost/replica:0/task:0/device:GPU:3 -> device: 3, name: Tesla V100-SXM2-16GB, pci bus id: 0035:04:00.0, compute capability: 7.0
zeros: (Fill): /job:localhost/replica:0/task:0/device:GPU:0
Variable: (VariableV2): /job:localhost/replica:0/task:0/device:GPU:0
Variable/Assign: (Assign): /job:localhost/replica:0/task:0/device:GPU:0
Variable/read: (Identity): /job:localhost/replica:0/task:0/device:GPU:0
truncated_normal/TruncatedNormal: (TruncatedNormal): /job:localhost/replica:0/task:0/device:GPU:0
truncated_normal/mul: (Mul): /job:localhost/replica:0/task:0/device:GPU:0
truncated_normal: (Add): /job:localhost/replica:0/task:0/device:GPU:0
Variable_1: (VariableV2): /job:localhost/replica:0/task:0/device:GPU:0
Variable_1/Assign: (Assign): /job:localhost/replica:0/task:0/device:GPU:0
Variable_1/read: (Identity): /job:localhost/replica:0/task:0/device:GPU:0
Variable_2: (VariableV2): /job:localhost/replica:0/task:0/device:GPU:0
Variable_2/Assign: (Assign): /job:localhost/replica:0/task:0/device:GPU:0
Variable_2/read: (Identity): /job:localhost/replica:0/task:0/device:GPU:0
Reshape: (Reshape): /job:localhost/replica:0/task:0/device:GPU:0
Conv2D: (Conv2D): /job:localhost/replica:0/task:0/device:GPU:0
add: (Add): /job:localhost/replica:0/task:0/device:GPU:0
Relu: (Relu): /job:localhost/replica:0/task:0/device:GPU:0
MaxPool: (MaxPool): /job:localhost/replica:0/task:0/device:GPU:0
truncated_normal_1/TruncatedNormal: (TruncatedNormal): /job:localhost/replica:0/task:0/device:GPU:0
truncated_normal_1/mul: (Mul): /job:localhost/replica:0/task:0/device:GPU:0
truncated_normal_1: (Add): /job:localhost/replica:0/task:0/device:GPU:0
Variable_3: (VariableV2): /job:localhost/replica:0/task:0/device:GPU:0
Variable_3/Assign: (Assign): /job:localhost/replica:0/task:0/device:GPU:0
Variable_3/read: (Identity): /job:localhost/replica:0/task:0/device:GPU:0
Variable_4: (VariableV2): /job:localhost/replica:0/task:0/device:GPU:0
Variable_4/Assign: (Assign): /job:localhost/replica:0/task:0/device:GPU:0
Variable_4/read: (Identity): /job:localhost/replica:0/task:0/device:GPU:0
Conv2D_1: (Conv2D): /job:localhost/replica:0/task:0/device:GPU:0
add_1: (Add): /job:localhost/replica:0/task:0/device:GPU:0
Relu_1: (Relu): /job:localhost/replica:0/task:0/device:GPU:0
MaxPool_1: (MaxPool): /job:localhost/replica:0/task:0/device:GPU:0
truncated_normal_2/TruncatedNormal: (TruncatedNormal): /job:localhost/replica:0/task:0/device:GPU:0
truncated_normal_2/mul: (Mul): /job:localhost/replica:0/task:0/device:GPU:0
truncated_normal_2: (Add): /job:localhost/replica:0/task:0/device:GPU:0
Variable_5: (VariableV2): /job:localhost/replica:0/task:0/device:GPU:0
Variable_5/Assign: (Assign): /job:localhost/replica:0/task:0/device:GPU:0
Variable_5/read: (Identity): /job:localhost/replica:0/task:0/device:GPU:0
Variable_6: (VariableV2): /job:localhost/replica:0/task:0/device:GPU:0
Variable_6/Assign: (Assign): /job:localhost/replica:0/task:0/device:GPU:0
Variable_6/read: (Identity): /job:localhost/replica:0/task:0/device:GPU:0
Reshape_1: (Reshape): /job:localhost/replica:0/task:0/device:GPU:0
MatMul: (MatMul): /job:localhost/replica:0/task:0/device:GPU:0
add_2: (Add): /job:localhost/replica:0/task:0/device:GPU:0
Relu_2: (Relu): /job:localhost/replica:0/task:0/device:GPU:0
PlaceholderWithDefault: (PlaceholderWithDefault): /job:localhost/replica:0/task:0/device:GPU:0
sub: (Sub): /job:localhost/replica:0/task:0/device:GPU:0
dropout/Shape: (Shape): /job:localhost/replica:0/task:0/device:GPU:0
dropout/sub: (Sub): /job:localhost/replica:0/task:0/device:GPU:0
dropout/random_uniform/RandomUniform: (RandomUniform): /job:localhost/replica:0/task:0/device:GPU:0
dropout/random_uniform/sub: (Sub): /job:localhost/replica:0/task:0/device:GPU:0
dropout/random_uniform/mul: (Mul): /job:localhost/replica:0/task:0/device:GPU:0
dropout/random_uniform: (Add): /job:localhost/replica:0/task:0/device:GPU:0
dropout/add: (Add): /job:localhost/replica:0/task:0/device:GPU:0
dropout/Floor: (Floor): /job:localhost/replica:0/task:0/device:GPU:0
dropout/truediv: (RealDiv): /job:localhost/replica:0/task:0/device:GPU:0
dropout/mul: (Mul): /job:localhost/replica:0/task:0/device:GPU:0
truncated_normal_3/TruncatedNormal: (TruncatedNormal): /job:localhost/replica:0/task:0/device:GPU:0
truncated_normal_3/mul: (Mul): /job:localhost/replica:0/task:0/device:GPU:0
truncated_normal_3: (Add): /job:localhost/replica:0/task:0/device:GPU:0
Variable_7: (VariableV2): /job:localhost/replica:0/task:0/device:GPU:0
Variable_7/Assign: (Assign): /job:localhost/replica:0/task:0/device:GPU:0
Variable_7/read: (Identity): /job:localhost/replica:0/task:0/device:GPU:0
Variable_8: (VariableV2): /job:localhost/replica:0/task:0/device:GPU:0
Variable_8/Assign: (Assign): /job:localhost/replica:0/task:0/device:GPU:0
Variable_8/read: (Identity): /job:localhost/replica:0/task:0/device:GPU:0
MatMul_1: (MatMul): /job:localhost/replica:0/task:0/device:GPU:0
add_3: (Add): /job:localhost/replica:0/task:0/device:GPU:0
softmax_cross_entropy_with_logits_sg/labels_stop_gradient: (StopGradient): /job:localhost/replica:0/task:0/device:GPU:0
softmax_cross_entropy_with_logits_sg/Shape: (Shape): /job:localhost/replica:0/task:0/device:GPU:0
softmax_cross_entropy_with_logits_sg/Shape_1: (Shape): /job:localhost/replica:0/task:0/device:GPU:0
softmax_cross_entropy_with_logits_sg/Sub: (Sub): /job:localhost/replica:0/task:0/device:GPU:0
softmax_cross_entropy_with_logits_sg/Slice/begin: (Pack): /job:localhost/replica:0/task:0/device:GPU:0
softmax_cross_entropy_with_logits_sg/Slice: (Slice): /job:localhost/replica:0/task:0/device:GPU:0
softmax_cross_entropy_with_logits_sg/concat: (ConcatV2): /job:localhost/replica:0/task:0/device:GPU:0
softmax_cross_entropy_with_logits_sg/Reshape: (Reshape): /job:localhost/replica:0/task:0/device:GPU:0
softmax_cross_entropy_with_logits_sg/Shape_2: (Shape): /job:localhost/replica:0/task:0/device:GPU:0
softmax_cross_entropy_with_logits_sg/Sub_1: (Sub): /job:localhost/replica:0/task:0/device:GPU:0
softmax_cross_entropy_with_logits_sg/Slice_1/begin: (Pack): /job:localhost/replica:0/task:0/device:GPU:0
softmax_cross_entropy_with_logits_sg/Slice_1: (Slice): /job:localhost/replica:0/task:0/device:GPU:0
softmax_cross_entropy_with_logits_sg/concat_1: (ConcatV2): /job:localhost/replica:0/task:0/device:GPU:0
softmax_cross_entropy_with_logits_sg/Reshape_1: (Reshape): /job:localhost/replica:0/task:0/device:GPU:0
softmax_cross_entropy_with_logits_sg: (SoftmaxCrossEntropyWithLogits): /job:localhost/replica:0/task:0/device:GPU:0
softmax_cross_entropy_with_logits_sg/Sub_2: (Sub): /job:localhost/replica:0/task:0/device:GPU:0
softmax_cross_entropy_with_logits_sg/Slice_2/size: (Pack): /job:localhost/replica:0/task:0/device:GPU:0
softmax_cross_entropy_with_logits_sg/Slice_2: (Slice): /job:localhost/replica:0/task:0/device:GPU:0
softmax_cross_entropy_with_logits_sg/Reshape_2: (Reshape): /job:localhost/replica:0/task:0/device:GPU:0
Mean: (Mean): /job:localhost/replica:0/task:0/device:GPU:0
Variable_9: (VariableV2): /job:localhost/replica:0/task:0/device:CPU:0
Variable_9/Assign: (Assign): /job:localhost/replica:0/task:0/device:CPU:0
Variable_9/read: (Identity): /job:localhost/replica:0/task:0/device:CPU:0
mul: (Mul): /job:localhost/replica:0/task:0/device:GPU:0
ExponentialDecay/Cast: (Cast): /job:localhost/replica:0/task:0/device:GPU:0
ExponentialDecay/Cast_2: (Cast): /job:localhost/replica:0/task:0/device:GPU:0
ExponentialDecay/truediv: (RealDiv): /job:localhost/replica:0/task:0/device:GPU:0
ExponentialDecay/Floor: (Floor): /job:localhost/replica:0/task:0/device:GPU:0
ExponentialDecay/Pow: (Pow): /job:localhost/replica:0/task:0/device:GPU:0
ExponentialDecay: (Mul): /job:localhost/replica:0/task:0/device:GPU:0
gradients/Fill: (Fill): /job:localhost/replica:0/task:0/device:GPU:0
gradients/Mean_grad/Reshape: (Reshape): /job:localhost/replica:0/task:0/device:GPU:0
gradients/Mean_grad/Shape: (Shape): /job:localhost/replica:0/task:0/device:GPU:0
gradients/Mean_grad/Tile: (Tile): /job:localhost/replica:0/task:0/device:GPU:0
gradients/Mean_grad/Shape_1: (Shape): /job:localhost/replica:0/task:0/device:GPU:0
gradients/Mean_grad/Prod: (Prod): /job:localhost/replica:0/task:0/device:GPU:0
gradients/Mean_grad/Prod_1: (Prod): /job:localhost/replica:0/task:0/device:GPU:0
gradients/Mean_grad/Maximum: (Maximum): /job:localhost/replica:0/task:0/device:GPU:0
gradients/Mean_grad/floordiv: (FloorDiv): /job:localhost/replica:0/task:0/device:GPU:0
gradients/Mean_grad/Cast: (Cast): /job:localhost/replica:0/task:0/device:GPU:0
gradients/Mean_grad/truediv: (RealDiv): /job:localhost/replica:0/task:0/device:GPU:0
gradients/softmax_cross_entropy_with_logits_sg/Reshape_2_grad/Shape: (Shape): /job:localhost/replica:0/task:0/device:GPU:0
gradients/softmax_cross_entropy_with_logits_sg/Reshape_2_grad/Reshape: (Reshape): /job:localhost/replica:0/task:0/device:GPU:0
gradients/zeros_like: (ZerosLike): /job:localhost/replica:0/task:0/device:GPU:0
gradients/softmax_cross_entropy_with_logits_sg_grad/ExpandDims: (ExpandDims): /job:localhost/replica:0/task:0/device:GPU:0
gradients/softmax_cross_entropy_with_logits_sg_grad/mul: (Mul): /job:localhost/replica:0/task:0/device:GPU:0
gradients/softmax_cross_entropy_with_logits_sg_grad/LogSoftmax: (LogSoftmax): /job:localhost/replica:0/task:0/device:GPU:0
gradients/softmax_cross_entropy_with_logits_sg_grad/Neg: (Neg): /job:localhost/replica:0/task:0/device:GPU:0
gradients/softmax_cross_entropy_with_logits_sg_grad/ExpandDims_1: (ExpandDims): /job:localhost/replica:0/task:0/device:GPU:0
gradients/softmax_cross_entropy_with_logits_sg_grad/mul_1: (Mul): /job:localhost/replica:0/task:0/device:GPU:0
gradients/softmax_cross_entropy_with_logits_sg_grad/tuple/group_deps: (NoOp): /job:localhost/replica:0/task:0/device:GPU:0
gradients/softmax_cross_entropy_with_logits_sg_grad/tuple/control_dependency: (Identity): /job:localhost/replica:0/task:0/device:GPU:0
gradients/softmax_cross_entropy_with_logits_sg_grad/tuple/control_dependency_1: (Identity): /job:localhost/replica:0/task:0/device:GPU:0
gradients/softmax_cross_entropy_with_logits_sg/Reshape_grad/Shape: (Shape): /job:localhost/replica:0/task:0/device:GPU:0
gradients/softmax_cross_entropy_with_logits_sg/Reshape_grad/Reshape: (Reshape): /job:localhost/replica:0/task:0/device:GPU:0
gradients/add_3_grad/Shape: (Shape): /job:localhost/replica:0/task:0/device:GPU:0
gradients/add_3_grad/BroadcastGradientArgs: (BroadcastGradientArgs): /job:localhost/replica:0/task:0/device:GPU:0
gradients/add_3_grad/Sum: (Sum): /job:localhost/replica:0/task:0/device:GPU:0
gradients/add_3_grad/Reshape: (Reshape): /job:localhost/replica:0/task:0/device:GPU:0
gradients/add_3_grad/Sum_1: (Sum): /job:localhost/replica:0/task:0/device:GPU:0
gradients/add_3_grad/Reshape_1: (Reshape): /job:localhost/replica:0/task:0/device:GPU:0
gradients/add_3_grad/tuple/group_deps: (NoOp): /job:localhost/replica:0/task:0/device:GPU:0
gradients/add_3_grad/tuple/control_dependency: (Identity): /job:localhost/replica:0/task:0/device:GPU:0
gradients/add_3_grad/tuple/control_dependency_1: (Identity): /job:localhost/replica:0/task:0/device:GPU:0
gradients/MatMul_1_grad/MatMul: (MatMul): /job:localhost/replica:0/task:0/device:GPU:0
gradients/MatMul_1_grad/MatMul_1: (MatMul): /job:localhost/replica:0/task:0/device:GPU:0
gradients/MatMul_1_grad/tuple/group_deps: (NoOp): /job:localhost/replica:0/task:0/device:GPU:0
gradients/MatMul_1_grad/tuple/control_dependency: (Identity): /job:localhost/replica:0/task:0/device:GPU:0
gradients/MatMul_1_grad/tuple/control_dependency_1: (Identity): /job:localhost/replica:0/task:0/device:GPU:0
gradients/dropout/mul_grad/Shape: (Shape): /job:localhost/replica:0/task:0/device:GPU:0
gradients/dropout/mul_grad/Shape_1: (Shape): /job:localhost/replica:0/task:0/device:GPU:0
gradients/dropout/mul_grad/BroadcastGradientArgs: (BroadcastGradientArgs): /job:localhost/replica:0/task:0/device:GPU:0
gradients/dropout/mul_grad/Mul: (Mul): /job:localhost/replica:0/task:0/device:GPU:0
gradients/dropout/mul_grad/Sum: (Sum): /job:localhost/replica:0/task:0/device:GPU:0
gradients/dropout/mul_grad/Reshape: (Reshape): /job:localhost/replica:0/task:0/device:GPU:0
gradients/dropout/mul_grad/Mul_1: (Mul): /job:localhost/replica:0/task:0/device:GPU:0
gradients/dropout/mul_grad/Sum_1: (Sum): /job:localhost/replica:0/task:0/device:GPU:0
gradients/dropout/mul_grad/Reshape_1: (Reshape): /job:localhost/replica:0/task:0/device:GPU:0
gradients/dropout/mul_grad/tuple/group_deps: (NoOp): /job:localhost/replica:0/task:0/device:GPU:0
gradients/dropout/mul_grad/tuple/control_dependency: (Identity): /job:localhost/replica:0/task:0/device:GPU:0
gradients/dropout/mul_grad/tuple/control_dependency_1: (Identity): /job:localhost/replica:0/task:0/device:GPU:0
gradients/dropout/truediv_grad/Shape: (Shape): /job:localhost/replica:0/task:0/device:GPU:0
gradients/dropout/truediv_grad/BroadcastGradientArgs: (BroadcastGradientArgs): /job:localhost/replica:0/task:0/device:GPU:0
gradients/dropout/truediv_grad/RealDiv: (RealDiv): /job:localhost/replica:0/task:0/device:GPU:0
gradients/dropout/truediv_grad/Sum: (Sum): /job:localhost/replica:0/task:0/device:GPU:0
gradients/dropout/truediv_grad/Reshape: (Reshape): /job:localhost/replica:0/task:0/device:GPU:0
gradients/dropout/truediv_grad/Neg: (Neg): /job:localhost/replica:0/task:0/device:GPU:0
gradients/dropout/truediv_grad/RealDiv_1: (RealDiv): /job:localhost/replica:0/task:0/device:GPU:0
gradients/dropout/truediv_grad/RealDiv_2: (RealDiv): /job:localhost/replica:0/task:0/device:GPU:0
gradients/dropout/truediv_grad/mul: (Mul): /job:localhost/replica:0/task:0/device:GPU:0
gradients/dropout/truediv_grad/Sum_1: (Sum): /job:localhost/replica:0/task:0/device:GPU:0
gradients/dropout/truediv_grad/Reshape_1: (Reshape): /job:localhost/replica:0/task:0/device:GPU:0
gradients/dropout/truediv_grad/tuple/group_deps: (NoOp): /job:localhost/replica:0/task:0/device:GPU:0
gradients/dropout/truediv_grad/tuple/control_dependency: (Identity): /job:localhost/replica:0/task:0/device:GPU:0
gradients/dropout/truediv_grad/tuple/control_dependency_1: (Identity): /job:localhost/replica:0/task:0/device:GPU:0
gradients/Relu_2_grad/ReluGrad: (ReluGrad): /job:localhost/replica:0/task:0/device:GPU:0
gradients/add_2_grad/Shape: (Shape): /job:localhost/replica:0/task:0/device:GPU:0
gradients/add_2_grad/BroadcastGradientArgs: (BroadcastGradientArgs): /job:localhost/replica:0/task:0/device:GPU:0
gradients/add_2_grad/Sum: (Sum): /job:localhost/replica:0/task:0/device:GPU:0
gradients/add_2_grad/Reshape: (Reshape): /job:localhost/replica:0/task:0/device:GPU:0
gradients/add_2_grad/Sum_1: (Sum): /job:localhost/replica:0/task:0/device:GPU:0
gradients/add_2_grad/Reshape_1: (Reshape): /job:localhost/replica:0/task:0/device:GPU:0
gradients/add_2_grad/tuple/group_deps: (NoOp): /job:localhost/replica:0/task:0/device:GPU:0
gradients/add_2_grad/tuple/control_dependency: (Identity): /job:localhost/replica:0/task:0/device:GPU:0
gradients/add_2_grad/tuple/control_dependency_1: (Identity): /job:localhost/replica:0/task:0/device:GPU:0
gradients/MatMul_grad/MatMul: (MatMul): /job:localhost/replica:0/task:0/device:GPU:0
gradients/MatMul_grad/MatMul_1: (MatMul): /job:localhost/replica:0/task:0/device:GPU:0
gradients/MatMul_grad/tuple/group_deps: (NoOp): /job:localhost/replica:0/task:0/device:GPU:0
gradients/MatMul_grad/tuple/control_dependency: (Identity): /job:localhost/replica:0/task:0/device:GPU:0
gradients/MatMul_grad/tuple/control_dependency_1: (Identity): /job:localhost/replica:0/task:0/device:GPU:0
gradients/Reshape_1_grad/Shape: (Shape): /job:localhost/replica:0/task:0/device:GPU:0
gradients/Reshape_1_grad/Reshape: (Reshape): /job:localhost/replica:0/task:0/device:GPU:0
gradients/MaxPool_1_grad/MaxPoolGrad: (MaxPoolGrad): /job:localhost/replica:0/task:0/device:GPU:0
gradients/Relu_1_grad/ReluGrad: (ReluGrad): /job:localhost/replica:0/task:0/device:GPU:0
gradients/add_1_grad/Shape: (Shape): /job:localhost/replica:0/task:0/device:GPU:0
gradients/add_1_grad/BroadcastGradientArgs: (BroadcastGradientArgs): /job:localhost/replica:0/task:0/device:GPU:0
gradients/add_1_grad/Sum: (Sum): /job:localhost/replica:0/task:0/device:GPU:0
gradients/add_1_grad/Reshape: (Reshape): /job:localhost/replica:0/task:0/device:GPU:0
gradients/add_1_grad/Sum_1: (Sum): /job:localhost/replica:0/task:0/device:GPU:0
gradients/add_1_grad/Reshape_1: (Reshape): /job:localhost/replica:0/task:0/device:GPU:0
gradients/add_1_grad/tuple/group_deps: (NoOp): /job:localhost/replica:0/task:0/device:GPU:0
gradients/add_1_grad/tuple/control_dependency: (Identity): /job:localhost/replica:0/task:0/device:GPU:0
gradients/add_1_grad/tuple/control_dependency_1: (Identity): /job:localhost/replica:0/task:0/device:GPU:0
gradients/Conv2D_1_grad/ShapeN: (ShapeN): /job:localhost/replica:0/task:0/device:GPU:0
gradients/Conv2D_1_grad/Conv2DBackpropInput: (Conv2DBackpropInput): /job:localhost/replica:0/task:0/device:GPU:0
gradients/Conv2D_1_grad/Conv2DBackpropFilter: (Conv2DBackpropFilter): /job:localhost/replica:0/task:0/device:GPU:0
gradients/Conv2D_1_grad/tuple/group_deps: (NoOp): /job:localhost/replica:0/task:0/device:GPU:0
gradients/Conv2D_1_grad/tuple/control_dependency: (Identity): /job:localhost/replica:0/task:0/device:GPU:0
gradients/Conv2D_1_grad/tuple/control_dependency_1: (Identity): /job:localhost/replica:0/task:0/device:GPU:0
gradients/MaxPool_grad/MaxPoolGrad: (MaxPoolGrad): /job:localhost/replica:0/task:0/device:GPU:0
gradients/Relu_grad/ReluGrad: (ReluGrad): /job:localhost/replica:0/task:0/device:GPU:0
gradients/add_grad/Shape: (Shape): /job:localhost/replica:0/task:0/device:GPU:0
gradients/add_grad/BroadcastGradientArgs: (BroadcastGradientArgs): /job:localhost/replica:0/task:0/device:GPU:0
gradients/add_grad/Sum: (Sum): /job:localhost/replica:0/task:0/device:GPU:0
gradients/add_grad/Reshape: (Reshape): /job:localhost/replica:0/task:0/device:GPU:0
gradients/add_grad/Sum_1: (Sum): /job:localhost/replica:0/task:0/device:GPU:0
gradients/add_grad/Reshape_1: (Reshape): /job:localhost/replica:0/task:0/device:GPU:0
gradients/add_grad/tuple/group_deps: (NoOp): /job:localhost/replica:0/task:0/device:GPU:0
gradients/add_grad/tuple/control_dependency: (Identity): /job:localhost/replica:0/task:0/device:GPU:0
gradients/add_grad/tuple/control_dependency_1: (Identity): /job:localhost/replica:0/task:0/device:GPU:0
gradients/Conv2D_grad/ShapeN: (ShapeN): /job:localhost/replica:0/task:0/device:GPU:0
gradients/Conv2D_grad/Conv2DBackpropInput: (Conv2DBackpropInput): /job:localhost/replica:0/task:0/device:GPU:0
gradients/Conv2D_grad/Conv2DBackpropFilter: (Conv2DBackpropFilter): /job:localhost/replica:0/task:0/device:GPU:0
gradients/Conv2D_grad/tuple/group_deps: (NoOp): /job:localhost/replica:0/task:0/device:GPU:0
gradients/Conv2D_grad/tuple/control_dependency: (Identity): /job:localhost/replica:0/task:0/device:GPU:0
gradients/Conv2D_grad/tuple/control_dependency_1: (Identity): /job:localhost/replica:0/task:0/device:GPU:0
beta1_power: (VariableV2): /job:localhost/replica:0/task:0/device:GPU:0
beta1_power/Assign: (Assign): /job:localhost/replica:0/task:0/device:GPU:0
beta1_power/read: (Identity): /job:localhost/replica:0/task:0/device:GPU:0
beta2_power: (VariableV2): /job:localhost/replica:0/task:0/device:GPU:0
beta2_power/Assign: (Assign): /job:localhost/replica:0/task:0/device:GPU:0
beta2_power/read: (Identity): /job:localhost/replica:0/task:0/device:GPU:0
Variable_1/Adam: (VariableV2): /job:localhost/replica:0/task:0/device:GPU:0
Variable_1/Adam/Assign: (Assign): /job:localhost/replica:0/task:0/device:GPU:0
Variable_1/Adam/read: (Identity): /job:localhost/replica:0/task:0/device:GPU:0
Variable_1/Adam_1: (VariableV2): /job:localhost/replica:0/task:0/device:GPU:0
Variable_1/Adam_1/Assign: (Assign): /job:localhost/replica:0/task:0/device:GPU:0
Variable_1/Adam_1/read: (Identity): /job:localhost/replica:0/task:0/device:GPU:0
Variable_2/Adam: (VariableV2): /job:localhost/replica:0/task:0/device:GPU:0
Variable_2/Adam/Assign: (Assign): /job:localhost/replica:0/task:0/device:GPU:0
Variable_2/Adam/read: (Identity): /job:localhost/replica:0/task:0/device:GPU:0
Variable_2/Adam_1: (VariableV2): /job:localhost/replica:0/task:0/device:GPU:0
Variable_2/Adam_1/Assign: (Assign): /job:localhost/replica:0/task:0/device:GPU:0
Variable_2/Adam_1/read: (Identity): /job:localhost/replica:0/task:0/device:GPU:0
Variable_3/Adam/Initializer/zeros: (Fill): /job:localhost/replica:0/task:0/device:GPU:0
Variable_3/Adam: (VariableV2): /job:localhost/replica:0/task:0/device:GPU:0
Variable_3/Adam/Assign: (Assign): /job:localhost/replica:0/task:0/device:GPU:0
Variable_3/Adam/read: (Identity): /job:localhost/replica:0/task:0/device:GPU:0
Variable_3/Adam_1/Initializer/zeros: (Fill): /job:localhost/replica:0/task:0/device:GPU:0
Variable_3/Adam_1: (VariableV2): /job:localhost/replica:0/task:0/device:GPU:0
Variable_3/Adam_1/Assign: (Assign): /job:localhost/replica:0/task:0/device:GPU:0
Variable_3/Adam_1/read: (Identity): /job:localhost/replica:0/task:0/device:GPU:0
Variable_4/Adam: (VariableV2): /job:localhost/replica:0/task:0/device:GPU:0
Variable_4/Adam/Assign: (Assign): /job:localhost/replica:0/task:0/device:GPU:0
Variable_4/Adam/read: (Identity): /job:localhost/replica:0/task:0/device:GPU:0
Variable_4/Adam_1: (VariableV2): /job:localhost/replica:0/task:0/device:GPU:0
Variable_4/Adam_1/Assign: (Assign): /job:localhost/replica:0/task:0/device:GPU:0
Variable_4/Adam_1/read: (Identity): /job:localhost/replica:0/task:0/device:GPU:0
Variable_5/Adam/Initializer/zeros: (Fill): /job:localhost/replica:0/task:0/device:GPU:0
Variable_5/Adam: (VariableV2): /job:localhost/replica:0/task:0/device:GPU:0
Variable_5/Adam/Assign: (Assign): /job:localhost/replica:0/task:0/device:GPU:0
Variable_5/Adam/read: (Identity): /job:localhost/replica:0/task:0/device:GPU:0
Variable_5/Adam_1/Initializer/zeros: (Fill): /job:localhost/replica:0/task:0/device:GPU:0
Variable_5/Adam_1: (VariableV2): /job:localhost/replica:0/task:0/device:GPU:0
Variable_5/Adam_1/Assign: (Assign): /job:localhost/replica:0/task:0/device:GPU:0
Variable_5/Adam_1/read: (Identity): /job:localhost/replica:0/task:0/device:GPU:0
Variable_6/Adam/Initializer/zeros: (Fill): /job:localhost/replica:0/task:0/device:GPU:0
Variable_6/Adam: (VariableV2): /job:localhost/replica:0/task:0/device:GPU:0
Variable_6/Adam/Assign: (Assign): /job:localhost/replica:0/task:0/device:GPU:0
Variable_6/Adam/read: (Identity): /job:localhost/replica:0/task:0/device:GPU:0
Variable_6/Adam_1/Initializer/zeros: (Fill): /job:localhost/replica:0/task:0/device:GPU:0
Variable_6/Adam_1: (VariableV2): /job:localhost/replica:0/task:0/device:GPU:0
Variable_6/Adam_1/Assign: (Assign): /job:localhost/replica:0/task:0/device:GPU:0
Variable_6/Adam_1/read: (Identity): /job:localhost/replica:0/task:0/device:GPU:0
Variable_7/Adam/Initializer/zeros: (Fill): /job:localhost/replica:0/task:0/device:GPU:0
Variable_7/Adam: (VariableV2): /job:localhost/replica:0/task:0/device:GPU:0
Variable_7/Adam/Assign: (Assign): /job:localhost/replica:0/task:0/device:GPU:0
Variable_7/Adam/read: (Identity): /job:localhost/replica:0/task:0/device:GPU:0
Variable_7/Adam_1/Initializer/zeros: (Fill): /job:localhost/replica:0/task:0/device:GPU:0
Variable_7/Adam_1: (VariableV2): /job:localhost/replica:0/task:0/device:GPU:0
Variable_7/Adam_1/Assign: (Assign): /job:localhost/replica:0/task:0/device:GPU:0
Variable_7/Adam_1/read: (Identity): /job:localhost/replica:0/task:0/device:GPU:0
Variable_8/Adam: (VariableV2): /job:localhost/replica:0/task:0/device:GPU:0
Variable_8/Adam/Assign: (Assign): /job:localhost/replica:0/task:0/device:GPU:0
Variable_8/Adam/read: (Identity): /job:localhost/replica:0/task:0/device:GPU:0
Variable_8/Adam_1: (VariableV2): /job:localhost/replica:0/task:0/device:GPU:0
Variable_8/Adam_1/Assign: (Assign): /job:localhost/replica:0/task:0/device:GPU:0
Variable_8/Adam_1/read: (Identity): /job:localhost/replica:0/task:0/device:GPU:0
Adam/update_Variable_1/ApplyAdam: (ApplyAdam): /job:localhost/replica:0/task:0/device:GPU:0
Adam/update_Variable_2/ApplyAdam: (ApplyAdam): /job:localhost/replica:0/task:0/device:GPU:0
Adam/update_Variable_3/ApplyAdam: (ApplyAdam): /job:localhost/replica:0/task:0/device:GPU:0
Adam/update_Variable_4/ApplyAdam: (ApplyAdam): /job:localhost/replica:0/task:0/device:GPU:0
Adam/update_Variable_5/ApplyAdam: (ApplyAdam): /job:localhost/replica:0/task:0/device:GPU:0
Adam/update_Variable_6/ApplyAdam: (ApplyAdam): /job:localhost/replica:0/task:0/device:GPU:0
Adam/update_Variable_7/ApplyAdam: (ApplyAdam): /job:localhost/replica:0/task:0/device:GPU:0
Adam/update_Variable_8/ApplyAdam: (ApplyAdam): /job:localhost/replica:0/task:0/device:GPU:0
Adam/mul: (Mul): /job:localhost/replica:0/task:0/device:GPU:0
Adam/Assign: (Assign): /job:localhost/replica:0/task:0/device:GPU:0
Adam/mul_1: (Mul): /job:localhost/replica:0/task:0/device:GPU:0
Adam/Assign_1: (Assign): /job:localhost/replica:0/task:0/device:GPU:0
Adam: (NoOp): /job:localhost/replica:0/task:0/device:GPU:0
ArgMax: (ArgMax): /job:localhost/replica:0/task:0/device:GPU:0
ArgMax_1: (ArgMax): /job:localhost/replica:0/task:0/device:GPU:0
Equal: (Equal): /job:localhost/replica:0/task:0/device:GPU:0
Cast: (Cast): /job:localhost/replica:0/task:0/device:GPU:0
Mean_1: (Mean): /job:localhost/replica:0/task:0/device:GPU:0
init: (NoOp): /job:localhost/replica:0/task:0/device:GPU:0
Placeholder: (Placeholder): /job:localhost/replica:0/task:0/device:GPU:0
zeros/shape_as_tensor: (Const): /job:localhost/replica:0/task:0/device:GPU:0
zeros/Const: (Const): /job:localhost/replica:0/task:0/device:GPU:0
Placeholder_1: (Placeholder): /job:localhost/replica:0/task:0/device:GPU:0
truncated_normal/shape: (Const): /job:localhost/replica:0/task:0/device:GPU:0
truncated_normal/mean: (Const): /job:localhost/replica:0/task:0/device:GPU:0
truncated_normal/stddev: (Const): /job:localhost/replica:0/task:0/device:GPU:0
Const: (Const): /job:localhost/replica:0/task:0/device:GPU:0
Reshape/shape: (Const): /job:localhost/replica:0/task:0/device:GPU:0
truncated_normal_1/shape: (Const): /job:localhost/replica:0/task:0/device:GPU:0
truncated_normal_1/mean: (Const): /job:localhost/replica:0/task:0/device:GPU:0
truncated_normal_1/stddev: (Const): /job:localhost/replica:0/task:0/device:GPU:0
Const_1: (Const): /job:localhost/replica:0/task:0/device:GPU:0
truncated_normal_2/shape: (Const): /job:localhost/replica:0/task:0/device:GPU:0
truncated_normal_2/mean: (Const): /job:localhost/replica:0/task:0/device:GPU:0
truncated_normal_2/stddev: (Const): /job:localhost/replica:0/task:0/device:GPU:0
Const_2: (Const): /job:localhost/replica:0/task:0/device:GPU:0
Reshape_1/shape: (Const): /job:localhost/replica:0/task:0/device:GPU:0
PlaceholderWithDefault/input: (Const): /job:localhost/replica:0/task:0/device:GPU:0
sub/x: (Const): /job:localhost/replica:0/task:0/device:GPU:0
dropout/sub/x: (Const): /job:localhost/replica:0/task:0/device:GPU:0
dropout/random_uniform/min: (Const): /job:localhost/replica:0/task:0/device:GPU:0
dropout/random_uniform/max: (Const): /job:localhost/replica:0/task:0/device:GPU:0
truncated_normal_3/shape: (Const): /job:localhost/replica:0/task:0/device:GPU:0
truncated_normal_3/mean: (Const): /job:localhost/replica:0/task:0/device:GPU:0
truncated_normal_3/stddev: (Const): /job:localhost/replica:0/task:0/device:GPU:0
Const_3: (Const): /job:localhost/replica:0/task:0/device:GPU:0
softmax_cross_entropy_with_logits_sg/Rank: (Const): /job:localhost/replica:0/task:0/device:GPU:0
softmax_cross_entropy_with_logits_sg/Rank_1: (Const): /job:localhost/replica:0/task:0/device:GPU:0
softmax_cross_entropy_with_logits_sg/Sub/y: (Const): /job:localhost/replica:0/task:0/device:GPU:0
softmax_cross_entropy_with_logits_sg/Slice/size: (Const): /job:localhost/replica:0/task:0/device:GPU:0
softmax_cross_entropy_with_logits_sg/concat/values_0: (Const): /job:localhost/replica:0/task:0/device:GPU:0
softmax_cross_entropy_with_logits_sg/concat/axis: (Const): /job:localhost/replica:0/task:0/device:GPU:0
softmax_cross_entropy_with_logits_sg/Rank_2: (Const): /job:localhost/replica:0/task:0/device:GPU:0
softmax_cross_entropy_with_logits_sg/Sub_1/y: (Const): /job:localhost/replica:0/task:0/device:GPU:0
softmax_cross_entropy_with_logits_sg/Slice_1/size: (Const): /job:localhost/replica:0/task:0/device:GPU:0
softmax_cross_entropy_with_logits_sg/concat_1/values_0: (Const): /job:localhost/replica:0/task:0/device:GPU:0
softmax_cross_entropy_with_logits_sg/concat_1/axis: (Const): /job:localhost/replica:0/task:0/device:GPU:0
softmax_cross_entropy_with_logits_sg/Sub_2/y: (Const): /job:localhost/replica:0/task:0/device:GPU:0
softmax_cross_entropy_with_logits_sg/Slice_2/begin: (Const): /job:localhost/replica:0/task:0/device:GPU:0
Const_4: (Const): /job:localhost/replica:0/task:0/device:GPU:0
Variable_9/initial_value: (Const): /job:localhost/replica:0/task:0/device:CPU:0
mul/y: (Const): /job:localhost/replica:0/task:0/device:GPU:0
ExponentialDecay/learning_rate: (Const): /job:localhost/replica:0/task:0/device:GPU:0
ExponentialDecay/Cast/x: (Const): /job:localhost/replica:0/task:0/device:GPU:0
ExponentialDecay/Cast_1/x: (Const): /job:localhost/replica:0/task:0/device:GPU:0
gradients/Shape: (Const): /job:localhost/replica:0/task:0/device:GPU:0
gradients/grad_ys_0: (Const): /job:localhost/replica:0/task:0/device:GPU:0
gradients/Mean_grad/Reshape/shape: (Const): /job:localhost/replica:0/task:0/device:GPU:0
gradients/Mean_grad/Shape_2: (Const): /job:localhost/replica:0/task:0/device:GPU:0
gradients/Mean_grad/Const: (Const): /job:localhost/replica:0/task:0/device:GPU:0
gradients/Mean_grad/Const_1: (Const): /job:localhost/replica:0/task:0/device:GPU:0
gradients/Mean_grad/Maximum/y: (Const): /job:localhost/replica:0/task:0/device:GPU:0
gradients/softmax_cross_entropy_with_logits_sg_grad/ExpandDims/dim: (Const): /job:localhost/replica:0/task:0/device:GPU:0
gradients/softmax_cross_entropy_with_logits_sg_grad/ExpandDims_1/dim: (Const): /job:localhost/replica:0/task:0/device:GPU:0
gradients/add_3_grad/Shape_1: (Const): /job:localhost/replica:0/task:0/device:GPU:0
gradients/dropout/truediv_grad/Shape_1: (Const): /job:localhost/replica:0/task:0/device:GPU:0
gradients/add_2_grad/Shape_1: (Const): /job:localhost/replica:0/task:0/device:GPU:0
gradients/add_1_grad/Shape_1: (Const): /job:localhost/replica:0/task:0/device:GPU:0
gradients/add_grad/Shape_1: (Const): /job:localhost/replica:0/task:0/device:GPU:0
beta1_power/initial_value: (Const): /job:localhost/replica:0/task:0/device:GPU:0
beta2_power/initial_value: (Const): /job:localhost/replica:0/task:0/device:GPU:0
Variable_1/Adam/Initializer/zeros: (Const): /job:localhost/replica:0/task:0/device:GPU:0
Variable_1/Adam_1/Initializer/zeros: (Const): /job:localhost/replica:0/task:0/device:GPU:0
Variable_2/Adam/Initializer/zeros: (Const): /job:localhost/replica:0/task:0/device:GPU:0
Variable_2/Adam_1/Initializer/zeros: (Const): /job:localhost/replica:0/task:0/device:GPU:0
Variable_3/Adam/Initializer/zeros/shape_as_tensor: (Const): /job:localhost/replica:0/task:0/device:GPU:0
Variable_3/Adam/Initializer/zeros/Const: (Const): /job:localhost/replica:0/task:0/device:GPU:0
Variable_3/Adam_1/Initializer/zeros/shape_as_tensor: (Const): /job:localhost/replica:0/task:0/device:GPU:0
Variable_3/Adam_1/Initializer/zeros/Const: (Const): /job:localhost/replica:0/task:0/device:GPU:0
Variable_4/Adam/Initializer/zeros: (Const): /job:localhost/replica:0/task:0/device:GPU:0
Variable_4/Adam_1/Initializer/zeros: (Const): /job:localhost/replica:0/task:0/device:GPU:0
Variable_5/Adam/Initializer/zeros/shape_as_tensor: (Const): /job:localhost/replica:0/task:0/device:GPU:0
Variable_5/Adam/Initializer/zeros/Const: (Const): /job:localhost/replica:0/task:0/device:GPU:0
Variable_5/Adam_1/Initializer/zeros/shape_as_tensor: (Const): /job:localhost/replica:0/task:0/device:GPU:0
Variable_5/Adam_1/Initializer/zeros/Const: (Const): /job:localhost/replica:0/task:0/device:GPU:0
Variable_6/Adam/Initializer/zeros/shape_as_tensor: (Const): /job:localhost/replica:0/task:0/device:GPU:0
Variable_6/Adam/Initializer/zeros/Const: (Const): /job:localhost/replica:0/task:0/device:GPU:0
Variable_6/Adam_1/Initializer/zeros/shape_as_tensor: (Const): /job:localhost/replica:0/task:0/device:GPU:0
Variable_6/Adam_1/Initializer/zeros/Const: (Const): /job:localhost/replica:0/task:0/device:GPU:0
Variable_7/Adam/Initializer/zeros/shape_as_tensor: (Const): /job:localhost/replica:0/task:0/device:GPU:0
Variable_7/Adam/Initializer/zeros/Const: (Const): /job:localhost/replica:0/task:0/device:GPU:0
Variable_7/Adam_1/Initializer/zeros/shape_as_tensor: (Const): /job:localhost/replica:0/task:0/device:GPU:0
Variable_7/Adam_1/Initializer/zeros/Const: (Const): /job:localhost/replica:0/task:0/device:GPU:0
Variable_8/Adam/Initializer/zeros: (Const): /job:localhost/replica:0/task:0/device:GPU:0
Variable_8/Adam_1/Initializer/zeros: (Const): /job:localhost/replica:0/task:0/device:GPU:0
Adam/beta1: (Const): /job:localhost/replica:0/task:0/device:GPU:0
Adam/beta2: (Const): /job:localhost/replica:0/task:0/device:GPU:0
Adam/epsilon: (Const): /job:localhost/replica:0/task:0/device:GPU:0
ArgMax/dimension: (Const): /job:localhost/replica:0/task:0/device:GPU:0
ArgMax_1/dimension: (Const): /job:localhost/replica:0/task:0/device:GPU:0
Const_5: (Const): /job:localhost/replica:0/task:0/device:GPU:0
50000
50000
TRAINING
step 0, training accuracy 0 Batch [0,8]
step 10, training accuracy 0.375 Batch [80,88]
step 20, training accuracy 0 Batch [160,168]
step 30, training accuracy 0.25 Batch [240,248]
step 40, training accuracy 0.625 Batch [320,328]
step 50, training accuracy 0.5 Batch [400,408]
step 60, training accuracy 0.625 Batch [480,488]
step 70, training accuracy 0.5 Batch [560,568]
step 80, training accuracy 0.5 Batch [640,648]
step 90, training accuracy 0.375 Batch [720,728]
step 100, training accuracy 0.625 Batch [800,808]
step 110, training accuracy 0.75 Batch [880,888]
step 120, training accuracy 0.75 Batch [960,968]
step 130, training accuracy 0.75 Batch [1040,1048]
step 140, training accuracy 0.625 Batch [1120,1128]
step 150, training accuracy 0.75 Batch [1200,1208]
step 160, training accuracy 0.5 Batch [1280,1288]
step 170, training accuracy 0.375 Batch [1360,1368]
step 180, training accuracy 0.75 Batch [1440,1448]
step 190, training accuracy 0.625 Batch [1520,1528]
step 200, training accuracy 0.75 Batch [1600,1608]
step 210, training accuracy 1 Batch [1680,1688]
step 220, training accuracy 1 Batch [1760,1768]
step 230, training accuracy 0.875 Batch [1840,1848]
step 240, training accuracy 1 Batch [1920,1928]
step 250, training accuracy 0.875 Batch [2000,2008]
step 260, training accuracy 0.875 Batch [2080,2088]
step 270, training accuracy 1 Batch [2160,2168]
step 280, training accuracy 0.875 Batch [2240,2248]
step 290, training accuracy 0.75 Batch [2320,2328]
step 300, training accuracy 0.875 Batch [2400,2408]
step 310, training accuracy 0.875 Batch [2480,2488]
step 320, training accuracy 0.75 Batch [2560,2568]
step 330, training accuracy 1 Batch [2640,2648]
step 340, training accuracy 0.875 Batch [2720,2728]
step 350, training accuracy 0.875 Batch [2800,2808]
step 360, training accuracy 0.875 Batch [2880,2888]
step 370, training accuracy 0.875 Batch [2960,2968]
step 380, training accuracy 0.875 Batch [3040,3048]
step 390, training accuracy 1 Batch [3120,3128]
step 400, training accuracy 0.75 Batch [3200,3208]
step 410, training accuracy 1 Batch [3280,3288]
step 420, training accuracy 0.875 Batch [3360,3368]
step 430, training accuracy 1 Batch [3440,3448]
step 440, training accuracy 0.75 Batch [3520,3528]
step 450, training accuracy 1 Batch [3600,3608]
step 460, training accuracy 0.875 Batch [3680,3688]
step 470, training accuracy 0.875 Batch [3760,3768]
step 480, training accuracy 0.875 Batch [3840,3848]
step 490, training accuracy 1 Batch [3920,3928]
step 500, training accuracy 0.75 Batch [4000,4008]
step 510, training accuracy 1 Batch [4080,4088]
step 520, training accuracy 0.75 Batch [4160,4168]
step 530, training accuracy 1 Batch [4240,4248]
step 540, training accuracy 0.875 Batch [4320,4328]
step 550, training accuracy 0.875 Batch [4400,4408]
step 560, training accuracy 1 Batch [4480,4488]
step 570, training accuracy 1 Batch [4560,4568]
step 580, training accuracy 0.875 Batch [4640,4648]
step 590, training accuracy 0.875 Batch [4720,4728]
step 600, training accuracy 0.875 Batch [4800,4808]
step 610, training accuracy 1 Batch [4880,4888]
step 620, training accuracy 1 Batch [4960,4968]
step 630, training accuracy 0.875 Batch [5040,5048]
step 640, training accuracy 0.875 Batch [5120,5128]
step 650, training accuracy 1 Batch [5200,5208]
step 660, training accuracy 0.875 Batch [5280,5288]
step 670, training accuracy 0.75 Batch [5360,5368]
step 680, training accuracy 1 Batch [5440,5448]
step 690, training accuracy 1 Batch [5520,5528]
step 700, training accuracy 1 Batch [5600,5608]
step 710, training accuracy 0.875 Batch [5680,5688]
step 720, training accuracy 1 Batch [5760,5768]
step 730, training accuracy 0.875 Batch [5840,5848]
step 740, training accuracy 1 Batch [5920,5928]
step 750, training accuracy 1 Batch [6000,6008]
step 760, training accuracy 0.875 Batch [6080,6088]
step 770, training accuracy 1 Batch [6160,6168]
step 780, training accuracy 1 Batch [6240,6248]
step 790, training accuracy 1 Batch [6320,6328]
step 800, training accuracy 0.875 Batch [6400,6408]
step 810, training accuracy 1 Batch [6480,6488]
step 820, training accuracy 0.875 Batch [6560,6568]
step 830, training accuracy 0.875 Batch [6640,6648]
step 840, training accuracy 1 Batch [6720,6728]
step 850, training accuracy 1 Batch [6800,6808]
step 860, training accuracy 0.875 Batch [6880,6888]
step 870, training accuracy 0.875 Batch [6960,6968]
step 880, training accuracy 0.875 Batch [7040,7048]
step 890, training accuracy 1 Batch [7120,7128]
step 900, training accuracy 0.875 Batch [7200,7208]
step 910, training accuracy 0.75 Batch [7280,7288]
step 920, training accuracy 1 Batch [7360,7368]
step 930, training accuracy 0.875 Batch [7440,7448]
step 940, training accuracy 1 Batch [7520,7528]
step 950, training accuracy 0.875 Batch [7600,7608]
step 960, training accuracy 1 Batch [7680,7688]
step 970, training accuracy 0.75 Batch [7760,7768]
step 980, training accuracy 0.75 Batch [7840,7848]
step 990, training accuracy 0.75 Batch [7920,7928]
step 1000, training accuracy 1 Batch [8000,8008]
step 1010, training accuracy 1 Batch [8080,8088]
step 1020, training accuracy 1 Batch [8160,8168]
step 1030, training accuracy 1 Batch [8240,8248]
step 1040, training accuracy 1 Batch [8320,8328]
step 1050, training accuracy 1 Batch [8400,8408]
step 1060, training accuracy 0.875 Batch [8480,8488]
step 1070, training accuracy 0.875 Batch [8560,8568]
step 1080, training accuracy 0.75 Batch [8640,8648]
step 1090, training accuracy 0.875 Batch [8720,8728]
step 1100, training accuracy 1 Batch [8800,8808]
step 1110, training accuracy 0.875 Batch [8880,8888]
step 1120, training accuracy 0.875 Batch [8960,8968]
step 1130, training accuracy 1 Batch [9040,9048]
step 1140, training accuracy 1 Batch [9120,9128]
step 1150, training accuracy 1 Batch [9200,9208]
step 1160, training accuracy 0.875 Batch [9280,9288]
step 1170, training accuracy 1 Batch [9360,9368]
step 1180, training accuracy 0.875 Batch [9440,9448]
step 1190, training accuracy 0.875 Batch [9520,9528]
step 1200, training accuracy 1 Batch [9600,9608]
step 1210, training accuracy 1 Batch [9680,9688]
step 1220, training accuracy 0.875 Batch [9760,9768]
step 1230, training accuracy 1 Batch [9840,9848]
step 1240, training accuracy 0.875 Batch [9920,9928]
step 1250, training accuracy 1 Batch [10000,10008]
step 1260, training accuracy 0.875 Batch [10080,10088]
step 1270, training accuracy 0.875 Batch [10160,10168]
step 1280, training accuracy 1 Batch [10240,10248]
step 1290, training accuracy 1 Batch [10320,10328]
step 1300, training accuracy 1 Batch [10400,10408]
step 1310, training accuracy 1 Batch [10480,10488]
step 1320, training accuracy 1 Batch [10560,10568]
step 1330, training accuracy 0.875 Batch [10640,10648]
step 1340, training accuracy 0.875 Batch [10720,10728]
step 1350, training accuracy 0.875 Batch [10800,10808]
step 1360, training accuracy 1 Batch [10880,10888]
step 1370, training accuracy 1 Batch [10960,10968]
step 1380, training accuracy 0.875 Batch [11040,11048]
step 1390, training accuracy 0.875 Batch [11120,11128]
step 1400, training accuracy 0.875 Batch [11200,11208]
step 1410, training accuracy 1 Batch [11280,11288]
step 1420, training accuracy 0.875 Batch [11360,11368]
step 1430, training accuracy 1 Batch [11440,11448]
step 1440, training accuracy 1 Batch [11520,11528]
step 1450, training accuracy 0.875 Batch [11600,11608]
step 1460, training accuracy 1 Batch [11680,11688]
step 1470, training accuracy 0.875 Batch [11760,11768]
step 1480, training accuracy 0.875 Batch [11840,11848]
step 1490, training accuracy 1 Batch [11920,11928]
step 1500, training accuracy 1 Batch [12000,12008]
step 1510, training accuracy 1 Batch [12080,12088]
step 1520, training accuracy 1 Batch [12160,12168]
step 1530, training accuracy 1 Batch [12240,12248]
step 1540, training accuracy 1 Batch [12320,12328]
step 1550, training accuracy 1 Batch [12400,12408]
step 1560, training accuracy 0.875 Batch [12480,12488]
step 1570, training accuracy 0.875 Batch [12560,12568]
step 1580, training accuracy 0.875 Batch [12640,12648]
step 1590, training accuracy 1 Batch [12720,12728]
step 1600, training accuracy 1 Batch [12800,12808]
step 1610, training accuracy 1 Batch [12880,12888]
step 1620, training accuracy 0.875 Batch [12960,12968]
step 1630, training accuracy 1 Batch [13040,13048]
step 1640, training accuracy 0.875 Batch [13120,13128]
step 1650, training accuracy 1 Batch [13200,13208]
step 1660, training accuracy 1 Batch [13280,13288]
step 1670, training accuracy 0.875 Batch [13360,13368]
step 1680, training accuracy 1 Batch [13440,13448]
step 1690, training accuracy 0.875 Batch [13520,13528]
step 1700, training accuracy 1 Batch [13600,13608]
step 1710, training accuracy 1 Batch [13680,13688]
step 1720, training accuracy 1 Batch [13760,13768]
step 1730, training accuracy 1 Batch [13840,13848]
step 1740, training accuracy 0.75 Batch [13920,13928]
step 1750, training accuracy 1 Batch [14000,14008]
step 1760, training accuracy 1 Batch [14080,14088]
step 1770, training accuracy 1 Batch [14160,14168]
step 1780, training accuracy 1 Batch [14240,14248]
step 1790, training accuracy 1 Batch [14320,14328]
step 1800, training accuracy 0.75 Batch [14400,14408]
step 1810, training accuracy 0.75 Batch [14480,14488]
step 1820, training accuracy 1 Batch [14560,14568]
step 1830, training accuracy 1 Batch [14640,14648]
step 1840, training accuracy 0.875 Batch [14720,14728]
step 1850, training accuracy 1 Batch [14800,14808]
step 1860, training accuracy 1 Batch [14880,14888]
step 1870, training accuracy 1 Batch [14960,14968]
step 1880, training accuracy 1 Batch [15040,15048]
step 1890, training accuracy 1 Batch [15120,15128]
step 1900, training accuracy 0.875 Batch [15200,15208]
step 1910, training accuracy 1 Batch [15280,15288]
step 1920, training accuracy 0.875 Batch [15360,15368]
step 1930, training accuracy 1 Batch [15440,15448]
step 1940, training accuracy 0.875 Batch [15520,15528]
step 1950, training accuracy 1 Batch [15600,15608]
step 1960, training accuracy 1 Batch [15680,15688]
step 1970, training accuracy 1 Batch [15760,15768]
step 1980, training accuracy 0.875 Batch [15840,15848]
step 1990, training accuracy 0.875 Batch [15920,15928]
step 2000, training accuracy 1 Batch [16000,16008]
step 2010, training accuracy 1 Batch [16080,16088]
step 2020, training accuracy 1 Batch [16160,16168]
step 2030, training accuracy 1 Batch [16240,16248]
step 2040, training accuracy 1 Batch [16320,16328]
step 2050, training accuracy 1 Batch [16400,16408]
step 2060, training accuracy 1 Batch [16480,16488]
step 2070, training accuracy 0.875 Batch [16560,16568]
step 2080, training accuracy 0.875 Batch [16640,16648]
step 2090, training accuracy 1 Batch [16720,16728]
step 2100, training accuracy 0.875 Batch [16800,16808]
step 2110, training accuracy 0.875 Batch [16880,16888]
step 2120, training accuracy 1 Batch [16960,16968]
step 2130, training accuracy 1 Batch [17040,17048]
step 2140, training accuracy 1 Batch [17120,17128]
step 2150, training accuracy 1 Batch [17200,17208]
step 2160, training accuracy 0.875 Batch [17280,17288]
step 2170, training accuracy 1 Batch [17360,17368]
step 2180, training accuracy 0.875 Batch [17440,17448]
step 2190, training accuracy 1 Batch [17520,17528]
step 2200, training accuracy 0.875 Batch [17600,17608]
step 2210, training accuracy 0.875 Batch [17680,17688]
step 2220, training accuracy 0.875 Batch [17760,17768]
step 2230, training accuracy 1 Batch [17840,17848]
step 2240, training accuracy 1 Batch [17920,17928]
step 2250, training accuracy 0.875 Batch [18000,18008]
step 2260, training accuracy 1 Batch [18080,18088]
step 2270, training accuracy 0.875 Batch [18160,18168]
step 2280, training accuracy 0.875 Batch [18240,18248]
step 2290, training accuracy 0.875 Batch [18320,18328]
step 2300, training accuracy 1 Batch [18400,18408]
step 2310, training accuracy 0.875 Batch [18480,18488]
step 2320, training accuracy 1 Batch [18560,18568]
step 2330, training accuracy 1 Batch [18640,18648]
step 2340, training accuracy 0.875 Batch [18720,18728]
step 2350, training accuracy 1 Batch [18800,18808]
step 2360, training accuracy 1 Batch [18880,18888]
step 2370, training accuracy 1 Batch [18960,18968]
step 2380, training accuracy 1 Batch [19040,19048]
step 2390, training accuracy 0.875 Batch [19120,19128]
step 2400, training accuracy 1 Batch [19200,19208]
step 2410, training accuracy 0.875 Batch [19280,19288]
step 2420, training accuracy 0.875 Batch [19360,19368]
step 2430, training accuracy 1 Batch [19440,19448]
step 2440, training accuracy 1 Batch [19520,19528]
step 2450, training accuracy 1 Batch [19600,19608]
step 2460, training accuracy 1 Batch [19680,19688]
step 2470, training accuracy 1 Batch [19760,19768]
step 2480, training accuracy 1 Batch [19840,19848]
step 2490, training accuracy 1 Batch [19920,19928]
step 2500, training accuracy 1 Batch [20000,20008]
step 2510, training accuracy 1 Batch [20080,20088]
step 2520, training accuracy 0.875 Batch [20160,20168]
step 2530, training accuracy 1 Batch [20240,20248]
step 2540, training accuracy 1 Batch [20320,20328]
step 2550, training accuracy 1 Batch [20400,20408]
step 2560, training accuracy 1 Batch [20480,20488]
step 2570, training accuracy 1 Batch [20560,20568]
step 2580, training accuracy 0.875 Batch [20640,20648]
step 2590, training accuracy 0.875 Batch [20720,20728]
step 2600, training accuracy 1 Batch [20800,20808]
step 2610, training accuracy 0.875 Batch [20880,20888]
step 2620, training accuracy 0.75 Batch [20960,20968]
step 2630, training accuracy 0.875 Batch [21040,21048]
step 2640, training accuracy 1 Batch [21120,21128]
step 2650, training accuracy 0.875 Batch [21200,21208]
step 2660, training accuracy 1 Batch [21280,21288]
step 2670, training accuracy 1 Batch [21360,21368]
step 2680, training accuracy 1 Batch [21440,21448]
step 2690, training accuracy 1 Batch [21520,21528]
step 2700, training accuracy 0.875 Batch [21600,21608]
step 2710, training accuracy 1 Batch [21680,21688]
step 2720, training accuracy 1 Batch [21760,21768]
step 2730, training accuracy 1 Batch [21840,21848]
step 2740, training accuracy 1 Batch [21920,21928]
step 2750, training accuracy 0.875 Batch [22000,22008]
step 2760, training accuracy 1 Batch [22080,22088]
step 2770, training accuracy 1 Batch [22160,22168]
step 2780, training accuracy 1 Batch [22240,22248]
step 2790, training accuracy 0.875 Batch [22320,22328]
step 2800, training accuracy 0.875 Batch [22400,22408]
step 2810, training accuracy 0.875 Batch [22480,22488]
step 2820, training accuracy 0.75 Batch [22560,22568]
step 2830, training accuracy 0.875 Batch [22640,22648]
step 2840, training accuracy 1 Batch [22720,22728]
step 2850, training accuracy 0.875 Batch [22800,22808]
step 2860, training accuracy 0.875 Batch [22880,22888]
step 2870, training accuracy 1 Batch [22960,22968]
step 2880, training accuracy 1 Batch [23040,23048]
step 2890, training accuracy 1 Batch [23120,23128]
step 2900, training accuracy 0.875 Batch [23200,23208]
step 2910, training accuracy 1 Batch [23280,23288]
step 2920, training accuracy 1 Batch [23360,23368]
step 2930, training accuracy 1 Batch [23440,23448]
step 2940, training accuracy 1 Batch [23520,23528]
step 2950, training accuracy 1 Batch [23600,23608]
step 2960, training accuracy 1 Batch [23680,23688]
step 2970, training accuracy 1 Batch [23760,23768]
step 2980, training accuracy 1 Batch [23840,23848]
step 2990, training accuracy 1 Batch [23920,23928]
step 3000, training accuracy 1 Batch [24000,24008]
step 3010, training accuracy 0.875 Batch [24080,24088]
step 3020, training accuracy 0.875 Batch [24160,24168]
step 3030, training accuracy 1 Batch [24240,24248]
step 3040, training accuracy 1 Batch [24320,24328]
step 3050, training accuracy 1 Batch [24400,24408]
step 3060, training accuracy 1 Batch [24480,24488]
step 3070, training accuracy 0.875 Batch [24560,24568]
step 3080, training accuracy 1 Batch [24640,24648]
step 3090, training accuracy 1 Batch [24720,24728]
step 3100, training accuracy 1 Batch [24800,24808]
step 3110, training accuracy 1 Batch [24880,24888]
step 3120, training accuracy 1 Batch [24960,24968]
step 3130, training accuracy 1 Batch [25040,25048]
step 3140, training accuracy 1 Batch [25120,25128]
step 3150, training accuracy 1 Batch [25200,25208]
step 3160, training accuracy 1 Batch [25280,25288]
step 3170, training accuracy 1 Batch [25360,25368]
step 3180, training accuracy 1 Batch [25440,25448]
step 3190, training accuracy 1 Batch [25520,25528]
step 3200, training accuracy 1 Batch [25600,25608]
step 3210, training accuracy 1 Batch [25680,25688]
step 3220, training accuracy 1 Batch [25760,25768]
step 3230, training accuracy 1 Batch [25840,25848]
step 3240, training accuracy 1 Batch [25920,25928]
step 3250, training accuracy 1 Batch [26000,26008]
step 3260, training accuracy 1 Batch [26080,26088]
step 3270, training accuracy 1 Batch [26160,26168]
step 3280, training accuracy 1 Batch [26240,26248]
step 3290, training accuracy 1 Batch [26320,26328]
step 3300, training accuracy 0.875 Batch [26400,26408]
step 3310, training accuracy 1 Batch [26480,26488]
step 3320, training accuracy 0.875 Batch [26560,26568]
step 3330, training accuracy 0.75 Batch [26640,26648]
step 3340, training accuracy 1 Batch [26720,26728]
step 3350, training accuracy 0.875 Batch [26800,26808]
step 3360, training accuracy 0.875 Batch [26880,26888]
step 3370, training accuracy 1 Batch [26960,26968]
step 3380, training accuracy 1 Batch [27040,27048]
step 3390, training accuracy 0.875 Batch [27120,27128]
step 3400, training accuracy 1 Batch [27200,27208]
step 3410, training accuracy 0.875 Batch [27280,27288]
step 3420, training accuracy 1 Batch [27360,27368]
step 3430, training accuracy 1 Batch [27440,27448]
step 3440, training accuracy 0.875 Batch [27520,27528]
step 3450, training accuracy 0.875 Batch [27600,27608]
step 3460, training accuracy 1 Batch [27680,27688]
step 3470, training accuracy 1 Batch [27760,27768]
step 3480, training accuracy 0.875 Batch [27840,27848]
step 3490, training accuracy 1 Batch [27920,27928]
step 3500, training accuracy 1 Batch [28000,28008]
step 3510, training accuracy 1 Batch [28080,28088]
step 3520, training accuracy 0.875 Batch [28160,28168]
step 3530, training accuracy 1 Batch [28240,28248]
step 3540, training accuracy 1 Batch [28320,28328]
step 3550, training accuracy 1 Batch [28400,28408]
step 3560, training accuracy 1 Batch [28480,28488]
step 3570, training accuracy 1 Batch [28560,28568]
step 3580, training accuracy 0.875 Batch [28640,28648]
step 3590, training accuracy 1 Batch [28720,28728]
step 3600, training accuracy 1 Batch [28800,28808]
step 3610, training accuracy 1 Batch [28880,28888]
step 3620, training accuracy 1 Batch [28960,28968]
step 3630, training accuracy 1 Batch [29040,29048]
step 3640, training accuracy 1 Batch [29120,29128]
step 3650, training accuracy 0.875 Batch [29200,29208]
step 3660, training accuracy 1 Batch [29280,29288]
step 3670, training accuracy 1 Batch [29360,29368]
step 3680, training accuracy 0.875 Batch [29440,29448]
step 3690, training accuracy 1 Batch [29520,29528]
step 3700, training accuracy 1 Batch [29600,29608]
step 3710, training accuracy 1 Batch [29680,29688]
step 3720, training accuracy 1 Batch [29760,29768]
step 3730, training accuracy 1 Batch [29840,29848]
step 3740, training accuracy 0.75 Batch [29920,29928]
step 3750, training accuracy 1 Batch [30000,30008]
step 3760, training accuracy 1 Batch [30080,30088]
step 3770, training accuracy 1 Batch [30160,30168]
step 3780, training accuracy 1 Batch [30240,30248]
step 3790, training accuracy 1 Batch [30320,30328]
step 3800, training accuracy 1 Batch [30400,30408]
step 3810, training accuracy 0.75 Batch [30480,30488]
step 3820, training accuracy 0.875 Batch [30560,30568]
step 3830, training accuracy 1 Batch [30640,30648]
step 3840, training accuracy 0.875 Batch [30720,30728]
step 3850, training accuracy 1 Batch [30800,30808]
step 3860, training accuracy 1 Batch [30880,30888]
step 3870, training accuracy 0.875 Batch [30960,30968]
step 3880, training accuracy 1 Batch [31040,31048]
step 3890, training accuracy 0.875 Batch [31120,31128]
step 3900, training accuracy 1 Batch [31200,31208]
step 3910, training accuracy 1 Batch [31280,31288]
step 3920, training accuracy 0.875 Batch [31360,31368]
step 3930, training accuracy 0.875 Batch [31440,31448]
step 3940, training accuracy 1 Batch [31520,31528]
step 3950, training accuracy 0.875 Batch [31600,31608]
step 3960, training accuracy 1 Batch [31680,31688]
step 3970, training accuracy 1 Batch [31760,31768]
step 3980, training accuracy 1 Batch [31840,31848]
step 3990, training accuracy 1 Batch [31920,31928]
step 4000, training accuracy 1 Batch [32000,32008]
step 4010, training accuracy 1 Batch [32080,32088]
step 4020, training accuracy 1 Batch [32160,32168]
step 4030, training accuracy 0.875 Batch [32240,32248]
step 4040, training accuracy 1 Batch [32320,32328]
step 4050, training accuracy 1 Batch [32400,32408]
step 4060, training accuracy 0.875 Batch [32480,32488]
step 4070, training accuracy 1 Batch [32560,32568]
step 4080, training accuracy 1 Batch [32640,32648]
step 4090, training accuracy 1 Batch [32720,32728]
step 4100, training accuracy 1 Batch [32800,32808]
step 4110, training accuracy 0.875 Batch [32880,32888]
step 4120, training accuracy 1 Batch [32960,32968]
step 4130, training accuracy 1 Batch [33040,33048]
step 4140, training accuracy 1 Batch [33120,33128]
step 4150, training accuracy 1 Batch [33200,33208]
step 4160, training accuracy 1 Batch [33280,33288]
step 4170, training accuracy 1 Batch [33360,33368]
step 4180, training accuracy 1 Batch [33440,33448]
step 4190, training accuracy 1 Batch [33520,33528]
step 4200, training accuracy 1 Batch [33600,33608]
step 4210, training accuracy 1 Batch [33680,33688]
step 4220, training accuracy 1 Batch [33760,33768]
step 4230, training accuracy 1 Batch [33840,33848]
step 4240, training accuracy 1 Batch [33920,33928]
step 4250, training accuracy 1 Batch [34000,34008]
step 4260, training accuracy 1 Batch [34080,34088]
step 4270, training accuracy 1 Batch [34160,34168]
step 4280, training accuracy 1 Batch [34240,34248]
step 4290, training accuracy 1 Batch [34320,34328]
step 4300, training accuracy 0.75 Batch [34400,34408]
step 4310, training accuracy 1 Batch [34480,34488]
step 4320, training accuracy 1 Batch [34560,34568]
step 4330, training accuracy 1 Batch [34640,34648]
step 4340, training accuracy 1 Batch [34720,34728]
step 4350, training accuracy 1 Batch [34800,34808]
step 4360, training accuracy 1 Batch [34880,34888]
step 4370, training accuracy 1 Batch [34960,34968]
step 4380, training accuracy 1 Batch [35040,35048]
step 4390, training accuracy 1 Batch [35120,35128]
step 4400, training accuracy 1 Batch [35200,35208]
step 4410, training accuracy 1 Batch [35280,35288]
step 4420, training accuracy 0.875 Batch [35360,35368]
step 4430, training accuracy 0.875 Batch [35440,35448]
step 4440, training accuracy 1 Batch [35520,35528]
step 4450, training accuracy 1 Batch [35600,35608]
step 4460, training accuracy 1 Batch [35680,35688]
step 4470, training accuracy 0.75 Batch [35760,35768]
step 4480, training accuracy 0.75 Batch [35840,35848]
step 4490, training accuracy 1 Batch [35920,35928]
step 4500, training accuracy 1 Batch [36000,36008]
step 4510, training accuracy 1 Batch [36080,36088]
step 4520, training accuracy 1 Batch [36160,36168]
step 4530, training accuracy 1 Batch [36240,36248]
step 4540, training accuracy 1 Batch [36320,36328]
step 4550, training accuracy 1 Batch [36400,36408]
step 4560, training accuracy 1 Batch [36480,36488]
step 4570, training accuracy 1 Batch [36560,36568]
step 4580, training accuracy 1 Batch [36640,36648]
step 4590, training accuracy 1 Batch [36720,36728]
step 4600, training accuracy 1 Batch [36800,36808]
step 4610, training accuracy 1 Batch [36880,36888]
step 4620, training accuracy 1 Batch [36960,36968]
step 4630, training accuracy 1 Batch [37040,37048]
step 4640, training accuracy 1 Batch [37120,37128]
step 4650, training accuracy 1 Batch [37200,37208]
step 4660, training accuracy 0.875 Batch [37280,37288]
step 4670, training accuracy 1 Batch [37360,37368]
step 4680, training accuracy 0.875 Batch [37440,37448]
step 4690, training accuracy 1 Batch [37520,37528]
step 4700, training accuracy 1 Batch [37600,37608]
step 4710, training accuracy 0.875 Batch [37680,37688]
step 4720, training accuracy 1 Batch [37760,37768]
step 4730, training accuracy 1 Batch [37840,37848]
step 4740, training accuracy 1 Batch [37920,37928]
step 4750, training accuracy 1 Batch [38000,38008]
step 4760, training accuracy 1 Batch [38080,38088]
step 4770, training accuracy 1 Batch [38160,38168]
step 4780, training accuracy 1 Batch [38240,38248]
step 4790, training accuracy 1 Batch [38320,38328]
step 4800, training accuracy 1 Batch [38400,38408]
step 4810, training accuracy 1 Batch [38480,38488]
step 4820, training accuracy 1 Batch [38560,38568]
step 4830, training accuracy 0.875 Batch [38640,38648]
step 4840, training accuracy 1 Batch [38720,38728]
step 4850, training accuracy 1 Batch [38800,38808]
step 4860, training accuracy 1 Batch [38880,38888]
step 4870, training accuracy 1 Batch [38960,38968]
step 4880, training accuracy 1 Batch [39040,39048]
step 4890, training accuracy 1 Batch [39120,39128]
step 4900, training accuracy 1 Batch [39200,39208]
step 4910, training accuracy 0.75 Batch [39280,39288]
step 4920, training accuracy 1 Batch [39360,39368]
step 4930, training accuracy 1 Batch [39440,39448]
step 4940, training accuracy 0.875 Batch [39520,39528]
step 4950, training accuracy 0.875 Batch [39600,39608]
step 4960, training accuracy 0.875 Batch [39680,39688]
step 4970, training accuracy 1 Batch [39760,39768]
step 4980, training accuracy 1 Batch [39840,39848]
step 4990, training accuracy 1 Batch [39920,39928]
step 5000, training accuracy 1 Batch [40000,40008]
step 5010, training accuracy 1 Batch [40080,40088]
step 5020, training accuracy 1 Batch [40160,40168]
step 5030, training accuracy 0.875 Batch [40240,40248]
step 5040, training accuracy 1 Batch [40320,40328]
step 5050, training accuracy 1 Batch [40400,40408]
step 5060, training accuracy 1 Batch [40480,40488]
step 5070, training accuracy 1 Batch [40560,40568]
step 5080, training accuracy 0.875 Batch [40640,40648]
step 5090, training accuracy 0.875 Batch [40720,40728]
step 5100, training accuracy 1 Batch [40800,40808]
step 5110, training accuracy 0.875 Batch [40880,40888]
step 5120, training accuracy 1 Batch [40960,40968]
step 5130, training accuracy 1 Batch [41040,41048]
step 5140, training accuracy 1 Batch [41120,41128]
step 5150, training accuracy 0.875 Batch [41200,41208]
step 5160, training accuracy 0.875 Batch [41280,41288]
step 5170, training accuracy 1 Batch [41360,41368]
step 5180, training accuracy 1 Batch [41440,41448]
step 5190, training accuracy 1 Batch [41520,41528]
step 5200, training accuracy 1 Batch [41600,41608]
step 5210, training accuracy 1 Batch [41680,41688]
step 5220, training accuracy 1 Batch [41760,41768]
step 5230, training accuracy 1 Batch [41840,41848]
step 5240, training accuracy 1 Batch [41920,41928]
step 5250, training accuracy 0.875 Batch [42000,42008]
step 5260, training accuracy 1 Batch [42080,42088]
step 5270, training accuracy 1 Batch [42160,42168]
step 5280, training accuracy 1 Batch [42240,42248]
step 5290, training accuracy 1 Batch [42320,42328]
step 5300, training accuracy 1 Batch [42400,42408]
step 5310, training accuracy 1 Batch [42480,42488]
step 5320, training accuracy 0.875 Batch [42560,42568]
step 5330, training accuracy 1 Batch [42640,42648]
step 5340, training accuracy 1 Batch [42720,42728]
step 5350, training accuracy 1 Batch [42800,42808]
step 5360, training accuracy 0.875 Batch [42880,42888]
step 5370, training accuracy 0.875 Batch [42960,42968]
step 5380, training accuracy 1 Batch [43040,43048]
step 5390, training accuracy 1 Batch [43120,43128]
step 5400, training accuracy 0.875 Batch [43200,43208]
step 5410, training accuracy 1 Batch [43280,43288]
step 5420, training accuracy 1 Batch [43360,43368]
step 5430, training accuracy 1 Batch [43440,43448]
step 5440, training accuracy 1 Batch [43520,43528]
step 5450, training accuracy 1 Batch [43600,43608]
step 5460, training accuracy 1 Batch [43680,43688]
step 5470, training accuracy 1 Batch [43760,43768]
step 5480, training accuracy 1 Batch [43840,43848]
step 5490, training accuracy 1 Batch [43920,43928]
step 5500, training accuracy 1 Batch [44000,44008]
step 5510, training accuracy 1 Batch [44080,44088]
step 5520, training accuracy 1 Batch [44160,44168]
step 5530, training accuracy 1 Batch [44240,44248]
step 5540, training accuracy 1 Batch [44320,44328]
step 5550, training accuracy 1 Batch [44400,44408]
step 5560, training accuracy 0.875 Batch [44480,44488]
step 5570, training accuracy 1 Batch [44560,44568]
step 5580, training accuracy 1 Batch [44640,44648]
step 5590, training accuracy 1 Batch [44720,44728]
step 5600, training accuracy 1 Batch [44800,44808]
step 5610, training accuracy 1 Batch [44880,44888]
step 5620, training accuracy 0.875 Batch [44960,44968]
step 5630, training accuracy 1 Batch [45040,45048]
step 5640, training accuracy 1 Batch [45120,45128]
step 5650, training accuracy 0.875 Batch [45200,45208]
step 5660, training accuracy 1 Batch [45280,45288]
step 5670, training accuracy 1 Batch [45360,45368]
step 5680, training accuracy 0.875 Batch [45440,45448]
step 5690, training accuracy 0.875 Batch [45520,45528]
step 5700, training accuracy 1 Batch [45600,45608]
step 5710, training accuracy 1 Batch [45680,45688]
step 5720, training accuracy 0.875 Batch [45760,45768]
step 5730, training accuracy 1 Batch [45840,45848]
step 5740, training accuracy 1 Batch [45920,45928]
step 5750, training accuracy 1 Batch [46000,46008]
step 5760, training accuracy 1 Batch [46080,46088]
step 5770, training accuracy 0.875 Batch [46160,46168]
step 5780, training accuracy 0.75 Batch [46240,46248]
step 5790, training accuracy 0.75 Batch [46320,46328]
step 5800, training accuracy 0.875 Batch [46400,46408]
step 5810, training accuracy 1 Batch [46480,46488]
step 5820, training accuracy 1 Batch [46560,46568]
step 5830, training accuracy 1 Batch [46640,46648]
step 5840, training accuracy 0.875 Batch [46720,46728]
step 5850, training accuracy 0.875 Batch [46800,46808]
step 5860, training accuracy 0.875 Batch [46880,46888]
step 5870, training accuracy 1 Batch [46960,46968]
step 5880, training accuracy 1 Batch [47040,47048]
step 5890, training accuracy 1 Batch [47120,47128]
step 5900, training accuracy 1 Batch [47200,47208]
step 5910, training accuracy 1 Batch [47280,47288]
step 5920, training accuracy 1 Batch [47360,47368]
step 5930, training accuracy 0.875 Batch [47440,47448]
step 5940, training accuracy 1 Batch [47520,47528]
step 5950, training accuracy 0.875 Batch [47600,47608]
step 5960, training accuracy 1 Batch [47680,47688]
step 5970, training accuracy 0.875 Batch [47760,47768]
step 5980, training accuracy 0.875 Batch [47840,47848]
step 5990, training accuracy 0.875 Batch [47920,47928]
step 6000, training accuracy 1 Batch [48000,48008]
step 6010, training accuracy 1 Batch [48080,48088]
step 6020, training accuracy 0.875 Batch [48160,48168]
step 6030, training accuracy 1 Batch [48240,48248]
step 6040, training accuracy 1 Batch [48320,48328]
step 6050, training accuracy 1 Batch [48400,48408]
step 6060, training accuracy 0.875 Batch [48480,48488]
step 6070, training accuracy 1 Batch [48560,48568]
step 6080, training accuracy 1 Batch [48640,48648]
step 6090, training accuracy 0.875 Batch [48720,48728]
step 6100, training accuracy 0.875 Batch [48800,48808]
step 6110, training accuracy 1 Batch [48880,48888]
step 6120, training accuracy 0.875 Batch [48960,48968]
step 6130, training accuracy 1 Batch [49040,49048]
step 6140, training accuracy 0.875 Batch [49120,49128]
step 6150, training accuracy 1 Batch [49200,49208]
step 6160, training accuracy 1 Batch [49280,49288]
step 6170, training accuracy 1 Batch [49360,49368]
step 6180, training accuracy 1 Batch [49440,49448]
step 6190, training accuracy 1 Batch [49520,49528]
step 6200, training accuracy 1 Batch [49600,49608]
step 6210, training accuracy 1 Batch [49680,49688]
step 6220, training accuracy 1 Batch [49760,49768]
step 6230, training accuracy 1 Batch [49840,49848]
step 6240, training accuracy 1 Batch [49920,49928]
Training Time: 16.639 seconds
TESTING
test accuracy 0.976
