unload bsc/commands (PATH, MANPATH) 
unload CUDA/9.1 (PATH, MANPATH, LD_LIBRARY_PATH, LIBRARY_PATH, C_INCLUDE_PATH,
CPLUS_INCLUDE_PATH, CUDA_HOME, CUDA_VERSION, CUDA_INC, CUDA_INSTALL_PATH) 
unload OPENMPI/3.0.0 (PATH, MANPATH, LD_LIBRARY_PATH, LIBRARY_PATH,
PKG_CONFIG_PATH, C_INCLUDE_PATH, CPLUS_INCLUDE_PATH, MPI, MPI_V) 
unload GCC/6.4.0 (PATH, MANPATH, INFOPATH, LD_LIBRARY_PATH, LIBRARY_PATH,
C_INCLUDE_PATH, CPLUS_INCLUDE_PATH, STD COMP VARS) 
load FFMPEG/4.0.2 (PATH, LIBRARY_PATH, PKG_CONFIG_PATH, C_INCLUDE_PATH,
CPLUS_INCLUDE_PATH) 
load GCC/6.4.0 (PATH, MANPATH, INFOPATH, LD_LIBRARY_PATH, LIBRARY_PATH,
C_INCLUDE_PATH, CPLUS_INCLUDE_PATH, STD COMP VARS) 
load CUDA/9.1 (PATH, MANPATH, LD_LIBRARY_PATH, LIBRARY_PATH, C_INCLUDE_PATH,
CPLUS_INCLUDE_PATH, CUDA_HOME, CUDA_VERSION, CUDA_INC, CUDA_INSTALL_PATH) 
load CUDNN/7.1.3 (LD_LIBRARY_PATH, LIBRARY_PATH, C_INCLUDE_PATH,
CPLUS_INCLUDE_PATH) 
load OPENMPI/3.0.0 (PATH, MANPATH, LD_LIBRARY_PATH, LIBRARY_PATH,
PKG_CONFIG_PATH, C_INCLUDE_PATH, CPLUS_INCLUDE_PATH, MPI, MPI_V) 
load ATLAS/3.10.3 (LD_LIBRARY_PATH, LIBRARY_PATH, C_INCLUDE_PATH,
CPLUS_INCLUDE_PATH) 
load SCALAPACK/2.0.2 (LD_LIBRARY_PATH, LIBRARY_PATH, PKG_CONFIG_PATH) 
load FFTW/3.3.7 (PATH, MANPATH, LD_LIBRARY_PATH, LIBRARY_PATH, C_INCLUDE_PATH,
CPLUS_INCLUDE_PATH) 
load SZIP/2.1.1 (LD_LIBRARY_PATH, LIBRARY_PATH, C_INCLUDE_PATH,
CPLUS_INCLUDE_PATH) 
load OPENCV/3.4.1 (PATH, LD_LIBRARY_PATH, LIBRARY_PATH, PKG_CONFIG_PATH,
C_INCLUDE_PATH, CPLUS_INCLUDE_PATH, PYTHONPATH) 
load PYTHON/3.6.5_ML (PATH, MANPATH, LD_LIBRARY_PATH, LIBRARY_PATH,
PKG_CONFIG_PATH, C_INCLUDE_PATH, CPLUS_INCLUDE_PATH, PYTHONHOME, PYTHONPATH) 
2023-01-07 18:17:03.654892: W tensorflow/core/platform/profile_utils/cpu_utils.cc:98] Failed to find bogomips in /proc/cpuinfo; cannot determine CPU frequency
2023-01-07 18:17:03.656973: I tensorflow/compiler/xla/service/service.cc:150] XLA service 0x31b76040 executing computations on platform Host. Devices:
2023-01-07 18:17:03.657004: I tensorflow/compiler/xla/service/service.cc:158]   StreamExecutor device (0): <undefined>, <undefined>
2023-01-07 18:17:03.904543: I tensorflow/compiler/xla/service/service.cc:150] XLA service 0x328aa420 executing computations on platform CUDA. Devices:
2023-01-07 18:17:03.904663: I tensorflow/compiler/xla/service/service.cc:158]   StreamExecutor device (0): Tesla V100-SXM2-16GB, Compute Capability 7.0
2023-01-07 18:17:03.904679: I tensorflow/compiler/xla/service/service.cc:158]   StreamExecutor device (1): Tesla V100-SXM2-16GB, Compute Capability 7.0
2023-01-07 18:17:03.904957: I tensorflow/core/common_runtime/gpu/gpu_device.cc:1433] Found device 0 with properties: 
name: Tesla V100-SXM2-16GB major: 7 minor: 0 memoryClockRate(GHz): 1.53
pciBusID: 0004:05:00.0
totalMemory: 15.78GiB freeMemory: 15.47GiB
2023-01-07 18:17:03.905002: I tensorflow/core/common_runtime/gpu/gpu_device.cc:1433] Found device 1 with properties: 
name: Tesla V100-SXM2-16GB major: 7 minor: 0 memoryClockRate(GHz): 1.53
pciBusID: 0035:03:00.0
totalMemory: 15.78GiB freeMemory: 15.47GiB
2023-01-07 18:17:03.905040: I tensorflow/core/common_runtime/gpu/gpu_device.cc:1512] Adding visible gpu devices: 0, 1
2023-01-07 18:17:03.920450: I tensorflow/core/common_runtime/gpu/gpu_device.cc:984] Device interconnect StreamExecutor with strength 1 edge matrix:
2023-01-07 18:17:03.920504: I tensorflow/core/common_runtime/gpu/gpu_device.cc:990]      0 1 
2023-01-07 18:17:03.920519: I tensorflow/core/common_runtime/gpu/gpu_device.cc:1003] 0:   N Y 
2023-01-07 18:17:03.920533: I tensorflow/core/common_runtime/gpu/gpu_device.cc:1003] 1:   Y N 
2023-01-07 18:17:03.920669: I tensorflow/core/common_runtime/gpu/gpu_device.cc:1115] Created TensorFlow device (/job:localhost/replica:0/task:0/device:GPU:0 with 15052 MB memory) -> physical GPU (device: 0, name: Tesla V100-SXM2-16GB, pci bus id: 0004:05:00.0, compute capability: 7.0)
2023-01-07 18:17:03.921888: I tensorflow/core/common_runtime/gpu/gpu_device.cc:1115] Created TensorFlow device (/job:localhost/replica:0/task:0/device:GPU:1 with 15052 MB memory) -> physical GPU (device: 1, name: Tesla V100-SXM2-16GB, pci bus id: 0035:03:00.0, compute capability: 7.0)
WARNING:tensorflow:From /apps/PYTHON/3.6.5_ML/lib/python3.6/site-packages/tensorflow/python/framework/op_def_library.py:263: colocate_with (from tensorflow.python.framework.ops) is deprecated and will be removed in a future version.
Instructions for updating:
Colocations handled automatically by placer.
WARNING:tensorflow:From multilayer_modified.py:108: calling dropout (from tensorflow.python.ops.nn_ops) with keep_prob is deprecated and will be removed in a future version.
Instructions for updating:
Please use `rate` instead of `keep_prob`. Rate should be set to `rate = 1 - keep_prob`.
WARNING:tensorflow:From multilayer_modified.py:118: softmax_cross_entropy_with_logits (from tensorflow.python.ops.nn_ops) is deprecated and will be removed in a future version.
Instructions for updating:

Future major versions of TensorFlow will allow gradients to flow
into the labels input on backprop by default.

See `tf.nn.softmax_cross_entropy_with_logits_v2`.

2023-01-07 18:17:05.376302: I tensorflow/core/common_runtime/gpu/gpu_device.cc:1512] Adding visible gpu devices: 0, 1
2023-01-07 18:17:05.376399: I tensorflow/core/common_runtime/gpu/gpu_device.cc:984] Device interconnect StreamExecutor with strength 1 edge matrix:
2023-01-07 18:17:05.376415: I tensorflow/core/common_runtime/gpu/gpu_device.cc:990]      0 1 
2023-01-07 18:17:05.376428: I tensorflow/core/common_runtime/gpu/gpu_device.cc:1003] 0:   N Y 
2023-01-07 18:17:05.376440: I tensorflow/core/common_runtime/gpu/gpu_device.cc:1003] 1:   Y N 
2023-01-07 18:17:05.376594: I tensorflow/core/common_runtime/gpu/gpu_device.cc:1115] Created TensorFlow device (/job:localhost/replica:0/task:0/device:GPU:0 with 15052 MB memory) -> physical GPU (device: 0, name: Tesla V100-SXM2-16GB, pci bus id: 0004:05:00.0, compute capability: 7.0)
2023-01-07 18:17:05.377516: I tensorflow/core/common_runtime/gpu/gpu_device.cc:1115] Created TensorFlow device (/job:localhost/replica:0/task:0/device:GPU:1 with 15052 MB memory) -> physical GPU (device: 1, name: Tesla V100-SXM2-16GB, pci bus id: 0035:03:00.0, compute capability: 7.0)
2023-01-07 18:17:05.377679: I tensorflow/core/common_runtime/direct_session.cc:317] Device mapping:
/job:localhost/replica:0/task:0/device:XLA_CPU:0 -> device: XLA_CPU device
/job:localhost/replica:0/task:0/device:XLA_GPU:0 -> device: XLA_GPU device
/job:localhost/replica:0/task:0/device:XLA_GPU:1 -> device: XLA_GPU device
/job:localhost/replica:0/task:0/device:GPU:0 -> device: 0, name: Tesla V100-SXM2-16GB, pci bus id: 0004:05:00.0, compute capability: 7.0
/job:localhost/replica:0/task:0/device:GPU:1 -> device: 1, name: Tesla V100-SXM2-16GB, pci bus id: 0035:03:00.0, compute capability: 7.0

2023-01-07 18:17:05.386271: I tensorflow/core/common_runtime/placer.cc:1059] zeros: (Fill)/job:localhost/replica:0/task:0/device:GPU:0
2023-01-07 18:17:05.386296: I tensorflow/core/common_runtime/placer.cc:1059] Variable: (VariableV2)/job:localhost/replica:0/task:0/device:GPU:0
2023-01-07 18:17:05.386311: I tensorflow/core/common_runtime/placer.cc:1059] Variable/Assign: (Assign)/job:localhost/replica:0/task:0/device:GPU:0
2023-01-07 18:17:05.386324: I tensorflow/core/common_runtime/placer.cc:1059] Variable/read: (Identity)/job:localhost/replica:0/task:0/device:GPU:0
2023-01-07 18:17:05.386343: I tensorflow/core/common_runtime/placer.cc:1059] truncated_normal/TruncatedNormal: (TruncatedNormal)/job:localhost/replica:0/task:0/device:GPU:0
2023-01-07 18:17:05.386361: I tensorflow/core/common_runtime/placer.cc:1059] truncated_normal/mul: (Mul)/job:localhost/replica:0/task:0/device:GPU:0
2023-01-07 18:17:05.386378: I tensorflow/core/common_runtime/placer.cc:1059] truncated_normal: (Add)/job:localhost/replica:0/task:0/device:GPU:0
2023-01-07 18:17:05.386392: I tensorflow/core/common_runtime/placer.cc:1059] Variable_1: (VariableV2)/job:localhost/replica:0/task:0/device:GPU:0
2023-01-07 18:17:05.386405: I tensorflow/core/common_runtime/placer.cc:1059] Variable_1/Assign: (Assign)/job:localhost/replica:0/task:0/device:GPU:0
2023-01-07 18:17:05.386417: I tensorflow/core/common_runtime/placer.cc:1059] Variable_1/read: (Identity)/job:localhost/replica:0/task:0/device:GPU:0
2023-01-07 18:17:05.386432: I tensorflow/core/common_runtime/placer.cc:1059] Variable_2: (VariableV2)/job:localhost/replica:0/task:0/device:GPU:0
2023-01-07 18:17:05.386444: I tensorflow/core/common_runtime/placer.cc:1059] Variable_2/Assign: (Assign)/job:localhost/replica:0/task:0/device:GPU:0
2023-01-07 18:17:05.386455: I tensorflow/core/common_runtime/placer.cc:1059] Variable_2/read: (Identity)/job:localhost/replica:0/task:0/device:GPU:0
2023-01-07 18:17:05.386472: I tensorflow/core/common_runtime/placer.cc:1059] Reshape: (Reshape)/job:localhost/replica:0/task:0/device:GPU:0
2023-01-07 18:17:05.386488: I tensorflow/core/common_runtime/placer.cc:1059] Conv2D: (Conv2D)/job:localhost/replica:0/task:0/device:GPU:0
2023-01-07 18:17:05.386504: I tensorflow/core/common_runtime/placer.cc:1059] add: (Add)/job:localhost/replica:0/task:0/device:GPU:0
2023-01-07 18:17:05.386520: I tensorflow/core/common_runtime/placer.cc:1059] Relu: (Relu)/job:localhost/replica:0/task:0/device:GPU:0
2023-01-07 18:17:05.386537: I tensorflow/core/common_runtime/placer.cc:1059] MaxPool: (MaxPool)/job:localhost/replica:0/task:0/device:GPU:0
2023-01-07 18:17:05.386553: I tensorflow/core/common_runtime/placer.cc:1059] truncated_normal_1/TruncatedNormal: (TruncatedNormal)/job:localhost/replica:0/task:0/device:GPU:0
2023-01-07 18:17:05.386569: I tensorflow/core/common_runtime/placer.cc:1059] truncated_normal_1/mul: (Mul)/job:localhost/replica:0/task:0/device:GPU:0
2023-01-07 18:17:05.386585: I tensorflow/core/common_runtime/placer.cc:1059] truncated_normal_1: (Add)/job:localhost/replica:0/task:0/device:GPU:0
2023-01-07 18:17:05.386599: I tensorflow/core/common_runtime/placer.cc:1059] Variable_3: (VariableV2)/job:localhost/replica:0/task:0/device:GPU:0
2023-01-07 18:17:05.386611: I tensorflow/core/common_runtime/placer.cc:1059] Variable_3/Assign: (Assign)/job:localhost/replica:0/task:0/device:GPU:0
2023-01-07 18:17:05.386623: I tensorflow/core/common_runtime/placer.cc:1059] Variable_3/read: (Identity)/job:localhost/replica:0/task:0/device:GPU:0
2023-01-07 18:17:05.386637: I tensorflow/core/common_runtime/placer.cc:1059] Variable_4: (VariableV2)/job:localhost/replica:0/task:0/device:GPU:0
2023-01-07 18:17:05.386649: I tensorflow/core/common_runtime/placer.cc:1059] Variable_4/Assign: (Assign)/job:localhost/replica:0/task:0/device:GPU:0
2023-01-07 18:17:05.386661: I tensorflow/core/common_runtime/placer.cc:1059] Variable_4/read: (Identity)/job:localhost/replica:0/task:0/device:GPU:0
2023-01-07 18:17:05.386676: I tensorflow/core/common_runtime/placer.cc:1059] Conv2D_1: (Conv2D)/job:localhost/replica:0/task:0/device:GPU:0
2023-01-07 18:17:05.386692: I tensorflow/core/common_runtime/placer.cc:1059] add_1: (Add)/job:localhost/replica:0/task:0/device:GPU:0
2023-01-07 18:17:05.386708: I tensorflow/core/common_runtime/placer.cc:1059] Relu_1: (Relu)/job:localhost/replica:0/task:0/device:GPU:0
2023-01-07 18:17:05.386724: I tensorflow/core/common_runtime/placer.cc:1059] MaxPool_1: (MaxPool)/job:localhost/replica:0/task:0/device:GPU:0
2023-01-07 18:17:05.386741: I tensorflow/core/common_runtime/placer.cc:1059] truncated_normal_2/TruncatedNormal: (TruncatedNormal)/job:localhost/replica:0/task:0/device:GPU:0
2023-01-07 18:17:05.386757: I tensorflow/core/common_runtime/placer.cc:1059] truncated_normal_2/mul: (Mul)/job:localhost/replica:0/task:0/device:GPU:0
2023-01-07 18:17:05.386772: I tensorflow/core/common_runtime/placer.cc:1059] truncated_normal_2: (Add)/job:localhost/replica:0/task:0/device:GPU:0
2023-01-07 18:17:05.386787: I tensorflow/core/common_runtime/placer.cc:1059] Variable_5: (VariableV2)/job:localhost/replica:0/task:0/device:GPU:0
2023-01-07 18:17:05.386798: I tensorflow/core/common_runtime/placer.cc:1059] Variable_5/Assign: (Assign)/job:localhost/replica:0/task:0/device:GPU:0
2023-01-07 18:17:05.386810: I tensorflow/core/common_runtime/placer.cc:1059] Variable_5/read: (Identity)/job:localhost/replica:0/task:0/device:GPU:0
2023-01-07 18:17:05.386824: I tensorflow/core/common_runtime/placer.cc:1059] Variable_6: (VariableV2)/job:localhost/replica:0/task:0/device:GPU:0
2023-01-07 18:17:05.386836: I tensorflow/core/common_runtime/placer.cc:1059] Variable_6/Assign: (Assign)/job:localhost/replica:0/task:0/device:GPU:0
2023-01-07 18:17:05.386848: I tensorflow/core/common_runtime/placer.cc:1059] Variable_6/read: (Identity)/job:localhost/replica:0/task:0/device:GPU:0
2023-01-07 18:17:05.386864: I tensorflow/core/common_runtime/placer.cc:1059] Reshape_1: (Reshape)/job:localhost/replica:0/task:0/device:GPU:0
2023-01-07 18:17:05.386880: I tensorflow/core/common_runtime/placer.cc:1059] MatMul: (MatMul)/job:localhost/replica:0/task:0/device:GPU:0
2023-01-07 18:17:05.386896: I tensorflow/core/common_runtime/placer.cc:1059] add_2: (Add)/job:localhost/replica:0/task:0/device:GPU:0
2023-01-07 18:17:05.386912: I tensorflow/core/common_runtime/placer.cc:1059] Relu_2: (Relu)/job:localhost/replica:0/task:0/device:GPU:0
2023-01-07 18:17:05.386927: I tensorflow/core/common_runtime/placer.cc:1059] PlaceholderWithDefault: (PlaceholderWithDefault)/job:localhost/replica:0/task:0/device:GPU:0
2023-01-07 18:17:05.386943: I tensorflow/core/common_runtime/placer.cc:1059] sub: (Sub)/job:localhost/replica:0/task:0/device:GPU:0
2023-01-07 18:17:05.386960: I tensorflow/core/common_runtime/placer.cc:1059] dropout/Shape: (Shape)/job:localhost/replica:0/task:0/device:GPU:0
2023-01-07 18:17:05.386976: I tensorflow/core/common_runtime/placer.cc:1059] dropout/sub: (Sub)/job:localhost/replica:0/task:0/device:GPU:0
2023-01-07 18:17:05.386992: I tensorflow/core/common_runtime/placer.cc:1059] dropout/random_uniform/RandomUniform: (RandomUniform)/job:localhost/replica:0/task:0/device:GPU:0
2023-01-07 18:17:05.387008: I tensorflow/core/common_runtime/placer.cc:1059] dropout/random_uniform/sub: (Sub)/job:localhost/replica:0/task:0/device:GPU:0
2023-01-07 18:17:05.387024: I tensorflow/core/common_runtime/placer.cc:1059] dropout/random_uniform/mul: (Mul)/job:localhost/replica:0/task:0/device:GPU:0
2023-01-07 18:17:05.387039: I tensorflow/core/common_runtime/placer.cc:1059] dropout/random_uniform: (Add)/job:localhost/replica:0/task:0/device:GPU:0
2023-01-07 18:17:05.387055: I tensorflow/core/common_runtime/placer.cc:1059] dropout/add: (Add)/job:localhost/replica:0/task:0/device:GPU:0
2023-01-07 18:17:05.387071: I tensorflow/core/common_runtime/placer.cc:1059] dropout/Floor: (Floor)/job:localhost/replica:0/task:0/device:GPU:0
2023-01-07 18:17:05.387087: I tensorflow/core/common_runtime/placer.cc:1059] dropout/truediv: (RealDiv)/job:localhost/replica:0/task:0/device:GPU:0
2023-01-07 18:17:05.387102: I tensorflow/core/common_runtime/placer.cc:1059] dropout/mul: (Mul)/job:localhost/replica:0/task:0/device:GPU:0
2023-01-07 18:17:05.387118: I tensorflow/core/common_runtime/placer.cc:1059] truncated_normal_3/TruncatedNormal: (TruncatedNormal)/job:localhost/replica:0/task:0/device:GPU:0
2023-01-07 18:17:05.387134: I tensorflow/core/common_runtime/placer.cc:1059] truncated_normal_3/mul: (Mul)/job:localhost/replica:0/task:0/device:GPU:0
2023-01-07 18:17:05.387150: I tensorflow/core/common_runtime/placer.cc:1059] truncated_normal_3: (Add)/job:localhost/replica:0/task:0/device:GPU:0
2023-01-07 18:17:05.387164: I tensorflow/core/common_runtime/placer.cc:1059] Variable_7: (VariableV2)/job:localhost/replica:0/task:0/device:GPU:0
2023-01-07 18:17:05.387176: I tensorflow/core/common_runtime/placer.cc:1059] Variable_7/Assign: (Assign)/job:localhost/replica:0/task:0/device:GPU:0
2023-01-07 18:17:05.387188: I tensorflow/core/common_runtime/placer.cc:1059] Variable_7/read: (Identity)/job:localhost/replica:0/task:0/device:GPU:0
2023-01-07 18:17:05.387202: I tensorflow/core/common_runtime/placer.cc:1059] Variable_8: (VariableV2)/job:localhost/replica:0/task:0/device:GPU:0
2023-01-07 18:17:05.387213: I tensorflow/core/common_runtime/placer.cc:1059] Variable_8/Assign: (Assign)/job:localhost/replica:0/task:0/device:GPU:0
2023-01-07 18:17:05.387225: I tensorflow/core/common_runtime/placer.cc:1059] Variable_8/read: (Identity)/job:localhost/replica:0/task:0/device:GPU:0
2023-01-07 18:17:05.387240: I tensorflow/core/common_runtime/placer.cc:1059] MatMul_1: (MatMul)/job:localhost/replica:0/task:0/device:GPU:0
2023-01-07 18:17:05.387256: I tensorflow/core/common_runtime/placer.cc:1059] add_3: (Add)/job:localhost/replica:0/task:0/device:GPU:0
2023-01-07 18:17:05.387272: I tensorflow/core/common_runtime/placer.cc:1059] softmax_cross_entropy_with_logits_sg/labels_stop_gradient: (StopGradient)/job:localhost/replica:0/task:0/device:GPU:0
2023-01-07 18:17:05.387288: I tensorflow/core/common_runtime/placer.cc:1059] softmax_cross_entropy_with_logits_sg/Shape: (Shape)/job:localhost/replica:0/task:0/device:GPU:0
2023-01-07 18:17:05.387304: I tensorflow/core/common_runtime/placer.cc:1059] softmax_cross_entropy_with_logits_sg/Shape_1: (Shape)/job:localhost/replica:0/task:0/device:GPU:0
2023-01-07 18:17:05.387320: I tensorflow/core/common_runtime/placer.cc:1059] softmax_cross_entropy_with_logits_sg/Sub: (Sub)/job:localhost/replica:0/task:0/device:GPU:0
2023-01-07 18:17:05.387336: I tensorflow/core/common_runtime/placer.cc:1059] softmax_cross_entropy_with_logits_sg/Slice/begin: (Pack)/job:localhost/replica:0/task:0/device:GPU:0
2023-01-07 18:17:05.387351: I tensorflow/core/common_runtime/placer.cc:1059] softmax_cross_entropy_with_logits_sg/Slice: (Slice)/job:localhost/replica:0/task:0/device:GPU:0
2023-01-07 18:17:05.387367: I tensorflow/core/common_runtime/placer.cc:1059] softmax_cross_entropy_with_logits_sg/concat: (ConcatV2)/job:localhost/replica:0/task:0/device:GPU:0
2023-01-07 18:17:05.387383: I tensorflow/core/common_runtime/placer.cc:1059] softmax_cross_entropy_with_logits_sg/Reshape: (Reshape)/job:localhost/replica:0/task:0/device:GPU:0
2023-01-07 18:17:05.387399: I tensorflow/core/common_runtime/placer.cc:1059] softmax_cross_entropy_with_logits_sg/Shape_2: (Shape)/job:localhost/replica:0/task:0/device:GPU:0
2023-01-07 18:17:05.387414: I tensorflow/core/common_runtime/placer.cc:1059] softmax_cross_entropy_with_logits_sg/Sub_1: (Sub)/job:localhost/replica:0/task:0/device:GPU:0
2023-01-07 18:17:05.387430: I tensorflow/core/common_runtime/placer.cc:1059] softmax_cross_entropy_with_logits_sg/Slice_1/begin: (Pack)/job:localhost/replica:0/task:0/device:GPU:0
2023-01-07 18:17:05.387446: I tensorflow/core/common_runtime/placer.cc:1059] softmax_cross_entropy_with_logits_sg/Slice_1: (Slice)/job:localhost/replica:0/task:0/device:GPU:0
2023-01-07 18:17:05.387462: I tensorflow/core/common_runtime/placer.cc:1059] softmax_cross_entropy_with_logits_sg/concat_1: (ConcatV2)/job:localhost/replica:0/task:0/device:GPU:0
2023-01-07 18:17:05.387478: I tensorflow/core/common_runtime/placer.cc:1059] softmax_cross_entropy_with_logits_sg/Reshape_1: (Reshape)/job:localhost/replica:0/task:0/device:GPU:0
2023-01-07 18:17:05.387493: I tensorflow/core/common_runtime/placer.cc:1059] softmax_cross_entropy_with_logits_sg: (SoftmaxCrossEntropyWithLogits)/job:localhost/replica:0/task:0/device:GPU:0
2023-01-07 18:17:05.387509: I tensorflow/core/common_runtime/placer.cc:1059] softmax_cross_entropy_with_logits_sg/Sub_2: (Sub)/job:localhost/replica:0/task:0/device:GPU:0
2023-01-07 18:17:05.387525: I tensorflow/core/common_runtime/placer.cc:1059] softmax_cross_entropy_with_logits_sg/Slice_2/size: (Pack)/job:localhost/replica:0/task:0/device:GPU:0
2023-01-07 18:17:05.387540: I tensorflow/core/common_runtime/placer.cc:1059] softmax_cross_entropy_with_logits_sg/Slice_2: (Slice)/job:localhost/replica:0/task:0/device:GPU:0
2023-01-07 18:17:05.387556: I tensorflow/core/common_runtime/placer.cc:1059] softmax_cross_entropy_with_logits_sg/Reshape_2: (Reshape)/job:localhost/replica:0/task:0/device:GPU:0
2023-01-07 18:17:05.387572: I tensorflow/core/common_runtime/placer.cc:1059] Mean: (Mean)/job:localhost/replica:0/task:0/device:GPU:0
2023-01-07 18:17:05.387586: I tensorflow/core/common_runtime/placer.cc:1059] Variable_9: (VariableV2)/job:localhost/replica:0/task:0/device:CPU:0
2023-01-07 18:17:05.387598: I tensorflow/core/common_runtime/placer.cc:1059] Variable_9/Assign: (Assign)/job:localhost/replica:0/task:0/device:CPU:0
2023-01-07 18:17:05.387609: I tensorflow/core/common_runtime/placer.cc:1059] Variable_9/read: (Identity)/job:localhost/replica:0/task:0/device:CPU:0
2023-01-07 18:17:05.387625: I tensorflow/core/common_runtime/placer.cc:1059] mul: (Mul)/job:localhost/replica:0/task:0/device:GPU:0
2023-01-07 18:17:05.387641: I tensorflow/core/common_runtime/placer.cc:1059] ExponentialDecay/Cast: (Cast)/job:localhost/replica:0/task:0/device:GPU:0
2023-01-07 18:17:05.387657: I tensorflow/core/common_runtime/placer.cc:1059] ExponentialDecay/Cast_2: (Cast)/job:localhost/replica:0/task:0/device:GPU:0
2023-01-07 18:17:05.387672: I tensorflow/core/common_runtime/placer.cc:1059] ExponentialDecay/truediv: (RealDiv)/job:localhost/replica:0/task:0/device:GPU:0
2023-01-07 18:17:05.387688: I tensorflow/core/common_runtime/placer.cc:1059] ExponentialDecay/Floor: (Floor)/job:localhost/replica:0/task:0/device:GPU:0
2023-01-07 18:17:05.387704: I tensorflow/core/common_runtime/placer.cc:1059] ExponentialDecay/Pow: (Pow)/job:localhost/replica:0/task:0/device:GPU:0
2023-01-07 18:17:05.387719: I tensorflow/core/common_runtime/placer.cc:1059] ExponentialDecay: (Mul)/job:localhost/replica:0/task:0/device:GPU:0
2023-01-07 18:17:05.387735: I tensorflow/core/common_runtime/placer.cc:1059] gradients/Fill: (Fill)/job:localhost/replica:0/task:0/device:GPU:0
2023-01-07 18:17:05.388900: I tensorflow/core/common_runtime/placer.cc:1059] gradients/Mean_grad/Reshape: (Reshape)/job:localhost/replica:0/task:0/device:GPU:0
2023-01-07 18:17:05.388920: I tensorflow/core/common_runtime/placer.cc:1059] gradients/Mean_grad/Shape: (Shape)/job:localhost/replica:0/task:0/device:GPU:0
2023-01-07 18:17:05.388936: I tensorflow/core/common_runtime/placer.cc:1059] gradients/Mean_grad/Tile: (Tile)/job:localhost/replica:0/task:0/device:GPU:0
2023-01-07 18:17:05.388952: I tensorflow/core/common_runtime/placer.cc:1059] gradients/Mean_grad/Shape_1: (Shape)/job:localhost/replica:0/task:0/device:GPU:0
2023-01-07 18:17:05.388968: I tensorflow/core/common_runtime/placer.cc:1059] gradients/Mean_grad/Prod: (Prod)/job:localhost/replica:0/task:0/device:GPU:0
2023-01-07 18:17:05.388984: I tensorflow/core/common_runtime/placer.cc:1059] gradients/Mean_grad/Prod_1: (Prod)/job:localhost/replica:0/task:0/device:GPU:0
2023-01-07 18:17:05.389000: I tensorflow/core/common_runtime/placer.cc:1059] gradients/Mean_grad/Maximum: (Maximum)/job:localhost/replica:0/task:0/device:GPU:0
2023-01-07 18:17:05.389016: I tensorflow/core/common_runtime/placer.cc:1059] gradients/Mean_grad/floordiv: (FloorDiv)/job:localhost/replica:0/task:0/device:GPU:0
2023-01-07 18:17:05.389031: I tensorflow/core/common_runtime/placer.cc:1059] gradients/Mean_grad/Cast: (Cast)/job:localhost/replica:0/task:0/device:GPU:0
2023-01-07 18:17:05.389047: I tensorflow/core/common_runtime/placer.cc:1059] gradients/Mean_grad/truediv: (RealDiv)/job:localhost/replica:0/task:0/device:GPU:0
2023-01-07 18:17:05.389063: I tensorflow/core/common_runtime/placer.cc:1059] gradients/softmax_cross_entropy_with_logits_sg/Reshape_2_grad/Shape: (Shape)/job:localhost/replica:0/task:0/device:GPU:0
2023-01-07 18:17:05.389079: I tensorflow/core/common_runtime/placer.cc:1059] gradients/softmax_cross_entropy_with_logits_sg/Reshape_2_grad/Reshape: (Reshape)/job:localhost/replica:0/task:0/device:GPU:0
2023-01-07 18:17:05.389094: I tensorflow/core/common_runtime/placer.cc:1059] gradients/zeros_like: (ZerosLike)/job:localhost/replica:0/task:0/device:GPU:0
2023-01-07 18:17:05.389110: I tensorflow/core/common_runtime/placer.cc:1059] gradients/softmax_cross_entropy_with_logits_sg_grad/ExpandDims: (ExpandDims)/job:localhost/replica:0/task:0/device:GPU:0
2023-01-07 18:17:05.389126: I tensorflow/core/common_runtime/placer.cc:1059] gradients/softmax_cross_entropy_with_logits_sg_grad/mul: (Mul)/job:localhost/replica:0/task:0/device:GPU:0
2023-01-07 18:17:05.389141: I tensorflow/core/common_runtime/placer.cc:1059] gradients/softmax_cross_entropy_with_logits_sg_grad/LogSoftmax: (LogSoftmax)/job:localhost/replica:0/task:0/device:GPU:0
2023-01-07 18:17:05.389157: I tensorflow/core/common_runtime/placer.cc:1059] gradients/softmax_cross_entropy_with_logits_sg_grad/Neg: (Neg)/job:localhost/replica:0/task:0/device:GPU:0
2023-01-07 18:17:05.389173: I tensorflow/core/common_runtime/placer.cc:1059] gradients/softmax_cross_entropy_with_logits_sg_grad/ExpandDims_1: (ExpandDims)/job:localhost/replica:0/task:0/device:GPU:0
2023-01-07 18:17:05.389189: I tensorflow/core/common_runtime/placer.cc:1059] gradients/softmax_cross_entropy_with_logits_sg_grad/mul_1: (Mul)/job:localhost/replica:0/task:0/device:GPU:0
2023-01-07 18:17:05.389205: I tensorflow/core/common_runtime/placer.cc:1059] gradients/softmax_cross_entropy_with_logits_sg_grad/tuple/group_deps: (NoOp)/job:localhost/replica:0/task:0/device:GPU:0
2023-01-07 18:17:05.389216: I tensorflow/core/common_runtime/placer.cc:1059] gradients/softmax_cross_entropy_with_logits_sg_grad/tuple/control_dependency: (Identity)/job:localhost/replica:0/task:0/device:GPU:0
2023-01-07 18:17:05.389228: I tensorflow/core/common_runtime/placer.cc:1059] gradients/softmax_cross_entropy_with_logits_sg_grad/tuple/control_dependency_1: (Identity)/job:localhost/replica:0/task:0/device:GPU:0
2023-01-07 18:17:05.389244: I tensorflow/core/common_runtime/placer.cc:1059] gradients/softmax_cross_entropy_with_logits_sg/Reshape_grad/Shape: (Shape)/job:localhost/replica:0/task:0/device:GPU:0
2023-01-07 18:17:05.389259: I tensorflow/core/common_runtime/placer.cc:1059] gradients/softmax_cross_entropy_with_logits_sg/Reshape_grad/Reshape: (Reshape)/job:localhost/replica:0/task:0/device:GPU:0
2023-01-07 18:17:05.389275: I tensorflow/core/common_runtime/placer.cc:1059] gradients/add_3_grad/Shape: (Shape)/job:localhost/replica:0/task:0/device:GPU:0
2023-01-07 18:17:05.389290: I tensorflow/core/common_runtime/placer.cc:1059] gradients/add_3_grad/BroadcastGradientArgs: (BroadcastGradientArgs)/job:localhost/replica:0/task:0/device:GPU:0
2023-01-07 18:17:05.389306: I tensorflow/core/common_runtime/placer.cc:1059] gradients/add_3_grad/Sum: (Sum)/job:localhost/replica:0/task:0/device:GPU:0
2023-01-07 18:17:05.389322: I tensorflow/core/common_runtime/placer.cc:1059] gradients/add_3_grad/Reshape: (Reshape)/job:localhost/replica:0/task:0/device:GPU:0
2023-01-07 18:17:05.389337: I tensorflow/core/common_runtime/placer.cc:1059] gradients/add_3_grad/Sum_1: (Sum)/job:localhost/replica:0/task:0/device:GPU:0
2023-01-07 18:17:05.389353: I tensorflow/core/common_runtime/placer.cc:1059] gradients/add_3_grad/Reshape_1: (Reshape)/job:localhost/replica:0/task:0/device:GPU:0
2023-01-07 18:17:05.389369: I tensorflow/core/common_runtime/placer.cc:1059] gradients/add_3_grad/tuple/group_deps: (NoOp)/job:localhost/replica:0/task:0/device:GPU:0
2023-01-07 18:17:05.389380: I tensorflow/core/common_runtime/placer.cc:1059] gradients/add_3_grad/tuple/control_dependency: (Identity)/job:localhost/replica:0/task:0/device:GPU:0
2023-01-07 18:17:05.389392: I tensorflow/core/common_runtime/placer.cc:1059] gradients/add_3_grad/tuple/control_dependency_1: (Identity)/job:localhost/replica:0/task:0/device:GPU:0
2023-01-07 18:17:05.389408: I tensorflow/core/common_runtime/placer.cc:1059] gradients/MatMul_1_grad/MatMul: (MatMul)/job:localhost/replica:0/task:0/device:GPU:0
2023-01-07 18:17:05.389423: I tensorflow/core/common_runtime/placer.cc:1059] gradients/MatMul_1_grad/MatMul_1: (MatMul)/job:localhost/replica:0/task:0/device:GPU:0
2023-01-07 18:17:05.389439: I tensorflow/core/common_runtime/placer.cc:1059] gradients/MatMul_1_grad/tuple/group_deps: (NoOp)/job:localhost/replica:0/task:0/device:GPU:0
2023-01-07 18:17:05.389451: I tensorflow/core/common_runtime/placer.cc:1059] gradients/MatMul_1_grad/tuple/control_dependency: (Identity)/job:localhost/replica:0/task:0/device:GPU:0
2023-01-07 18:17:05.389463: I tensorflow/core/common_runtime/placer.cc:1059] gradients/MatMul_1_grad/tuple/control_dependency_1: (Identity)/job:localhost/replica:0/task:0/device:GPU:0
2023-01-07 18:17:05.389478: I tensorflow/core/common_runtime/placer.cc:1059] gradients/dropout/mul_grad/Shape: (Shape)/job:localhost/replica:0/task:0/device:GPU:0
2023-01-07 18:17:05.389494: I tensorflow/core/common_runtime/placer.cc:1059] gradients/dropout/mul_grad/Shape_1: (Shape)/job:localhost/replica:0/task:0/device:GPU:0
2023-01-07 18:17:05.389509: I tensorflow/core/common_runtime/placer.cc:1059] gradients/dropout/mul_grad/BroadcastGradientArgs: (BroadcastGradientArgs)/job:localhost/replica:0/task:0/device:GPU:0
2023-01-07 18:17:05.389525: I tensorflow/core/common_runtime/placer.cc:1059] gradients/dropout/mul_grad/Mul: (Mul)/job:localhost/replica:0/task:0/device:GPU:0
2023-01-07 18:17:05.389541: I tensorflow/core/common_runtime/placer.cc:1059] gradients/dropout/mul_grad/Sum: (Sum)/job:localhost/replica:0/task:0/device:GPU:0
2023-01-07 18:17:05.389557: I tensorflow/core/common_runtime/placer.cc:1059] gradients/dropout/mul_grad/Reshape: (Reshape)/job:localhost/replica:0/task:0/device:GPU:0
2023-01-07 18:17:05.389572: I tensorflow/core/common_runtime/placer.cc:1059] gradients/dropout/mul_grad/Mul_1: (Mul)/job:localhost/replica:0/task:0/device:GPU:0
2023-01-07 18:17:05.389588: I tensorflow/core/common_runtime/placer.cc:1059] gradients/dropout/mul_grad/Sum_1: (Sum)/job:localhost/replica:0/task:0/device:GPU:0
2023-01-07 18:17:05.389604: I tensorflow/core/common_runtime/placer.cc:1059] gradients/dropout/mul_grad/Reshape_1: (Reshape)/job:localhost/replica:0/task:0/device:GPU:0
2023-01-07 18:17:05.389619: I tensorflow/core/common_runtime/placer.cc:1059] gradients/dropout/mul_grad/tuple/group_deps: (NoOp)/job:localhost/replica:0/task:0/device:GPU:0
2023-01-07 18:17:05.389631: I tensorflow/core/common_runtime/placer.cc:1059] gradients/dropout/mul_grad/tuple/control_dependency: (Identity)/job:localhost/replica:0/task:0/device:GPU:0
2023-01-07 18:17:05.389643: I tensorflow/core/common_runtime/placer.cc:1059] gradients/dropout/mul_grad/tuple/control_dependency_1: (Identity)/job:localhost/replica:0/task:0/device:GPU:0
2023-01-07 18:17:05.389658: I tensorflow/core/common_runtime/placer.cc:1059] gradients/dropout/truediv_grad/Shape: (Shape)/job:localhost/replica:0/task:0/device:GPU:0
2023-01-07 18:17:05.389674: I tensorflow/core/common_runtime/placer.cc:1059] gradients/dropout/truediv_grad/BroadcastGradientArgs: (BroadcastGradientArgs)/job:localhost/replica:0/task:0/device:GPU:0
2023-01-07 18:17:05.389689: I tensorflow/core/common_runtime/placer.cc:1059] gradients/dropout/truediv_grad/RealDiv: (RealDiv)/job:localhost/replica:0/task:0/device:GPU:0
2023-01-07 18:17:05.389705: I tensorflow/core/common_runtime/placer.cc:1059] gradients/dropout/truediv_grad/Sum: (Sum)/job:localhost/replica:0/task:0/device:GPU:0
2023-01-07 18:17:05.389721: I tensorflow/core/common_runtime/placer.cc:1059] gradients/dropout/truediv_grad/Reshape: (Reshape)/job:localhost/replica:0/task:0/device:GPU:0
2023-01-07 18:17:05.389736: I tensorflow/core/common_runtime/placer.cc:1059] gradients/dropout/truediv_grad/Neg: (Neg)/job:localhost/replica:0/task:0/device:GPU:0
2023-01-07 18:17:05.389752: I tensorflow/core/common_runtime/placer.cc:1059] gradients/dropout/truediv_grad/RealDiv_1: (RealDiv)/job:localhost/replica:0/task:0/device:GPU:0
2023-01-07 18:17:05.389767: I tensorflow/core/common_runtime/placer.cc:1059] gradients/dropout/truediv_grad/RealDiv_2: (RealDiv)/job:localhost/replica:0/task:0/device:GPU:0
2023-01-07 18:17:05.389783: I tensorflow/core/common_runtime/placer.cc:1059] gradients/dropout/truediv_grad/mul: (Mul)/job:localhost/replica:0/task:0/device:GPU:0
2023-01-07 18:17:05.389798: I tensorflow/core/common_runtime/placer.cc:1059] gradients/dropout/truediv_grad/Sum_1: (Sum)/job:localhost/replica:0/task:0/device:GPU:0
2023-01-07 18:17:05.389813: I tensorflow/core/common_runtime/placer.cc:1059] gradients/dropout/truediv_grad/Reshape_1: (Reshape)/job:localhost/replica:0/task:0/device:GPU:0
2023-01-07 18:17:05.389829: I tensorflow/core/common_runtime/placer.cc:1059] gradients/dropout/truediv_grad/tuple/group_deps: (NoOp)/job:localhost/replica:0/task:0/device:GPU:0
2023-01-07 18:17:05.389841: I tensorflow/core/common_runtime/placer.cc:1059] gradients/dropout/truediv_grad/tuple/control_dependency: (Identity)/job:localhost/replica:0/task:0/device:GPU:0
2023-01-07 18:17:05.389852: I tensorflow/core/common_runtime/placer.cc:1059] gradients/dropout/truediv_grad/tuple/control_dependency_1: (Identity)/job:localhost/replica:0/task:0/device:GPU:0
2023-01-07 18:17:05.389868: I tensorflow/core/common_runtime/placer.cc:1059] gradients/Relu_2_grad/ReluGrad: (ReluGrad)/job:localhost/replica:0/task:0/device:GPU:0
2023-01-07 18:17:05.389883: I tensorflow/core/common_runtime/placer.cc:1059] gradients/add_2_grad/Shape: (Shape)/job:localhost/replica:0/task:0/device:GPU:0
2023-01-07 18:17:05.389899: I tensorflow/core/common_runtime/placer.cc:1059] gradients/add_2_grad/BroadcastGradientArgs: (BroadcastGradientArgs)/job:localhost/replica:0/task:0/device:GPU:0
2023-01-07 18:17:05.389914: I tensorflow/core/common_runtime/placer.cc:1059] gradients/add_2_grad/Sum: (Sum)/job:localhost/replica:0/task:0/device:GPU:0
2023-01-07 18:17:05.389929: I tensorflow/core/common_runtime/placer.cc:1059] gradients/add_2_grad/Reshape: (Reshape)/job:localhost/replica:0/task:0/device:GPU:0
2023-01-07 18:17:05.389945: I tensorflow/core/common_runtime/placer.cc:1059] gradients/add_2_grad/Sum_1: (Sum)/job:localhost/replica:0/task:0/device:GPU:0
2023-01-07 18:17:05.389960: I tensorflow/core/common_runtime/placer.cc:1059] gradients/add_2_grad/Reshape_1: (Reshape)/job:localhost/replica:0/task:0/device:GPU:0
2023-01-07 18:17:05.389976: I tensorflow/core/common_runtime/placer.cc:1059] gradients/add_2_grad/tuple/group_deps: (NoOp)/job:localhost/replica:0/task:0/device:GPU:0
2023-01-07 18:17:05.389987: I tensorflow/core/common_runtime/placer.cc:1059] gradients/add_2_grad/tuple/control_dependency: (Identity)/job:localhost/replica:0/task:0/device:GPU:0
2023-01-07 18:17:05.389999: I tensorflow/core/common_runtime/placer.cc:1059] gradients/add_2_grad/tuple/control_dependency_1: (Identity)/job:localhost/replica:0/task:0/device:GPU:0
2023-01-07 18:17:05.390014: I tensorflow/core/common_runtime/placer.cc:1059] gradients/MatMul_grad/MatMul: (MatMul)/job:localhost/replica:0/task:0/device:GPU:0
2023-01-07 18:17:05.390030: I tensorflow/core/common_runtime/placer.cc:1059] gradients/MatMul_grad/MatMul_1: (MatMul)/job:localhost/replica:0/task:0/device:GPU:0
2023-01-07 18:17:05.390046: I tensorflow/core/common_runtime/placer.cc:1059] gradients/MatMul_grad/tuple/group_deps: (NoOp)/job:localhost/replica:0/task:0/device:GPU:0
2023-01-07 18:17:05.390057: I tensorflow/core/common_runtime/placer.cc:1059] gradients/MatMul_grad/tuple/control_dependency: (Identity)/job:localhost/replica:0/task:0/device:GPU:0
2023-01-07 18:17:05.390069: I tensorflow/core/common_runtime/placer.cc:1059] gradients/MatMul_grad/tuple/control_dependency_1: (Identity)/job:localhost/replica:0/task:0/device:GPU:0
2023-01-07 18:17:05.390084: I tensorflow/core/common_runtime/placer.cc:1059] gradients/Reshape_1_grad/Shape: (Shape)/job:localhost/replica:0/task:0/device:GPU:0
2023-01-07 18:17:05.390099: I tensorflow/core/common_runtime/placer.cc:1059] gradients/Reshape_1_grad/Reshape: (Reshape)/job:localhost/replica:0/task:0/device:GPU:0
2023-01-07 18:17:05.390115: I tensorflow/core/common_runtime/placer.cc:1059] gradients/MaxPool_1_grad/MaxPoolGrad: (MaxPoolGrad)/job:localhost/replica:0/task:0/device:GPU:0
2023-01-07 18:17:05.390130: I tensorflow/core/common_runtime/placer.cc:1059] gradients/Relu_1_grad/ReluGrad: (ReluGrad)/job:localhost/replica:0/task:0/device:GPU:0
2023-01-07 18:17:05.390146: I tensorflow/core/common_runtime/placer.cc:1059] gradients/add_1_grad/Shape: (Shape)/job:localhost/replica:0/task:0/device:GPU:0
2023-01-07 18:17:05.390168: I tensorflow/core/common_runtime/placer.cc:1059] gradients/add_1_grad/BroadcastGradientArgs: (BroadcastGradientArgs)/job:localhost/replica:0/task:0/device:GPU:0
2023-01-07 18:17:05.390184: I tensorflow/core/common_runtime/placer.cc:1059] gradients/add_1_grad/Sum: (Sum)/job:localhost/replica:0/task:0/device:GPU:0
2023-01-07 18:17:05.390199: I tensorflow/core/common_runtime/placer.cc:1059] gradients/add_1_grad/Reshape: (Reshape)/job:localhost/replica:0/task:0/device:GPU:0
2023-01-07 18:17:05.390215: I tensorflow/core/common_runtime/placer.cc:1059] gradients/add_1_grad/Sum_1: (Sum)/job:localhost/replica:0/task:0/device:GPU:0
2023-01-07 18:17:05.390230: I tensorflow/core/common_runtime/placer.cc:1059] gradients/add_1_grad/Reshape_1: (Reshape)/job:localhost/replica:0/task:0/device:GPU:0
2023-01-07 18:17:05.390246: I tensorflow/core/common_runtime/placer.cc:1059] gradients/add_1_grad/tuple/group_deps: (NoOp)/job:localhost/replica:0/task:0/device:GPU:0
2023-01-07 18:17:05.390257: I tensorflow/core/common_runtime/placer.cc:1059] gradients/add_1_grad/tuple/control_dependency: (Identity)/job:localhost/replica:0/task:0/device:GPU:0
2023-01-07 18:17:05.390269: I tensorflow/core/common_runtime/placer.cc:1059] gradients/add_1_grad/tuple/control_dependency_1: (Identity)/job:localhost/replica:0/task:0/device:GPU:0
2023-01-07 18:17:05.390284: I tensorflow/core/common_runtime/placer.cc:1059] gradients/Conv2D_1_grad/ShapeN: (ShapeN)/job:localhost/replica:0/task:0/device:GPU:0
2023-01-07 18:17:05.390300: I tensorflow/core/common_runtime/placer.cc:1059] gradients/Conv2D_1_grad/Conv2DBackpropInput: (Conv2DBackpropInput)/job:localhost/replica:0/task:0/device:GPU:0
2023-01-07 18:17:05.390315: I tensorflow/core/common_runtime/placer.cc:1059] gradients/Conv2D_1_grad/Conv2DBackpropFilter: (Conv2DBackpropFilter)/job:localhost/replica:0/task:0/device:GPU:0
2023-01-07 18:17:05.390331: I tensorflow/core/common_runtime/placer.cc:1059] gradients/Conv2D_1_grad/tuple/group_deps: (NoOp)/job:localhost/replica:0/task:0/device:GPU:0
2023-01-07 18:17:05.390342: I tensorflow/core/common_runtime/placer.cc:1059] gradients/Conv2D_1_grad/tuple/control_dependency: (Identity)/job:localhost/replica:0/task:0/device:GPU:0
2023-01-07 18:17:05.390354: I tensorflow/core/common_runtime/placer.cc:1059] gradients/Conv2D_1_grad/tuple/control_dependency_1: (Identity)/job:localhost/replica:0/task:0/device:GPU:0
2023-01-07 18:17:05.390370: I tensorflow/core/common_runtime/placer.cc:1059] gradients/MaxPool_grad/MaxPoolGrad: (MaxPoolGrad)/job:localhost/replica:0/task:0/device:GPU:0
2023-01-07 18:17:05.390385: I tensorflow/core/common_runtime/placer.cc:1059] gradients/Relu_grad/ReluGrad: (ReluGrad)/job:localhost/replica:0/task:0/device:GPU:0
2023-01-07 18:17:05.390401: I tensorflow/core/common_runtime/placer.cc:1059] gradients/add_grad/Shape: (Shape)/job:localhost/replica:0/task:0/device:GPU:0
2023-01-07 18:17:05.390417: I tensorflow/core/common_runtime/placer.cc:1059] gradients/add_grad/BroadcastGradientArgs: (BroadcastGradientArgs)/job:localhost/replica:0/task:0/device:GPU:0
2023-01-07 18:17:05.390433: I tensorflow/core/common_runtime/placer.cc:1059] gradients/add_grad/Sum: (Sum)/job:localhost/replica:0/task:0/device:GPU:0
2023-01-07 18:17:05.390448: I tensorflow/core/common_runtime/placer.cc:1059] gradients/add_grad/Reshape: (Reshape)/job:localhost/replica:0/task:0/device:GPU:0
2023-01-07 18:17:05.390464: I tensorflow/core/common_runtime/placer.cc:1059] gradients/add_grad/Sum_1: (Sum)/job:localhost/replica:0/task:0/device:GPU:0
2023-01-07 18:17:05.390479: I tensorflow/core/common_runtime/placer.cc:1059] gradients/add_grad/Reshape_1: (Reshape)/job:localhost/replica:0/task:0/device:GPU:0
2023-01-07 18:17:05.390495: I tensorflow/core/common_runtime/placer.cc:1059] gradients/add_grad/tuple/group_deps: (NoOp)/job:localhost/replica:0/task:0/device:GPU:0
2023-01-07 18:17:05.390506: I tensorflow/core/common_runtime/placer.cc:1059] gradients/add_grad/tuple/control_dependency: (Identity)/job:localhost/replica:0/task:0/device:GPU:0
2023-01-07 18:17:05.390518: I tensorflow/core/common_runtime/placer.cc:1059] gradients/add_grad/tuple/control_dependency_1: (Identity)/job:localhost/replica:0/task:0/device:GPU:0
2023-01-07 18:17:05.390534: I tensorflow/core/common_runtime/placer.cc:1059] gradients/Conv2D_grad/ShapeN: (ShapeN)/job:localhost/replica:0/task:0/device:GPU:0
2023-01-07 18:17:05.390549: I tensorflow/core/common_runtime/placer.cc:1059] gradients/Conv2D_grad/Conv2DBackpropInput: (Conv2DBackpropInput)/job:localhost/replica:0/task:0/device:GPU:0
2023-01-07 18:17:05.390565: I tensorflow/core/common_runtime/placer.cc:1059] gradients/Conv2D_grad/Conv2DBackpropFilter: (Conv2DBackpropFilter)/job:localhost/replica:0/task:0/device:GPU:0
2023-01-07 18:17:05.390581: I tensorflow/core/common_runtime/placer.cc:1059] gradients/Conv2D_grad/tuple/group_deps: (NoOp)/job:localhost/replica:0/task:0/device:GPU:0
2023-01-07 18:17:05.390592: I tensorflow/core/common_runtime/placer.cc:1059] gradients/Conv2D_grad/tuple/control_dependency: (Identity)/job:localhost/replica:0/task:0/device:GPU:0
2023-01-07 18:17:05.390604: I tensorflow/core/common_runtime/placer.cc:1059] gradients/Conv2D_grad/tuple/control_dependency_1: (Identity)/job:localhost/replica:0/task:0/device:GPU:0
2023-01-07 18:17:05.390616: I tensorflow/core/common_runtime/placer.cc:1059] beta1_power: (VariableV2)/job:localhost/replica:0/task:0/device:GPU:0
2023-01-07 18:17:05.390627: I tensorflow/core/common_runtime/placer.cc:1059] beta1_power/Assign: (Assign)/job:localhost/replica:0/task:0/device:GPU:0
2023-01-07 18:17:05.390638: I tensorflow/core/common_runtime/placer.cc:1059] beta1_power/read: (Identity)/job:localhost/replica:0/task:0/device:GPU:0
2023-01-07 18:17:05.390650: I tensorflow/core/common_runtime/placer.cc:1059] beta2_power: (VariableV2)/job:localhost/replica:0/task:0/device:GPU:0
2023-01-07 18:17:05.390661: I tensorflow/core/common_runtime/placer.cc:1059] beta2_power/Assign: (Assign)/job:localhost/replica:0/task:0/device:GPU:0
2023-01-07 18:17:05.390672: I tensorflow/core/common_runtime/placer.cc:1059] beta2_power/read: (Identity)/job:localhost/replica:0/task:0/device:GPU:0
2023-01-07 18:17:05.390683: I tensorflow/core/common_runtime/placer.cc:1059] Variable_1/Adam: (VariableV2)/job:localhost/replica:0/task:0/device:GPU:0
2023-01-07 18:17:05.390694: I tensorflow/core/common_runtime/placer.cc:1059] Variable_1/Adam/Assign: (Assign)/job:localhost/replica:0/task:0/device:GPU:0
2023-01-07 18:17:05.390706: I tensorflow/core/common_runtime/placer.cc:1059] Variable_1/Adam/read: (Identity)/job:localhost/replica:0/task:0/device:GPU:0
2023-01-07 18:17:05.390717: I tensorflow/core/common_runtime/placer.cc:1059] Variable_1/Adam_1: (VariableV2)/job:localhost/replica:0/task:0/device:GPU:0
2023-01-07 18:17:05.390728: I tensorflow/core/common_runtime/placer.cc:1059] Variable_1/Adam_1/Assign: (Assign)/job:localhost/replica:0/task:0/device:GPU:0
2023-01-07 18:17:05.390739: I tensorflow/core/common_runtime/placer.cc:1059] Variable_1/Adam_1/read: (Identity)/job:localhost/replica:0/task:0/device:GPU:0
2023-01-07 18:17:05.390751: I tensorflow/core/common_runtime/placer.cc:1059] Variable_2/Adam: (VariableV2)/job:localhost/replica:0/task:0/device:GPU:0
2023-01-07 18:17:05.390763: I tensorflow/core/common_runtime/placer.cc:1059] Variable_2/Adam/Assign: (Assign)/job:localhost/replica:0/task:0/device:GPU:0
2023-01-07 18:17:05.390774: I tensorflow/core/common_runtime/placer.cc:1059] Variable_2/Adam/read: (Identity)/job:localhost/replica:0/task:0/device:GPU:0
2023-01-07 18:17:05.390785: I tensorflow/core/common_runtime/placer.cc:1059] Variable_2/Adam_1: (VariableV2)/job:localhost/replica:0/task:0/device:GPU:0
2023-01-07 18:17:05.390797: I tensorflow/core/common_runtime/placer.cc:1059] Variable_2/Adam_1/Assign: (Assign)/job:localhost/replica:0/task:0/device:GPU:0
2023-01-07 18:17:05.390808: I tensorflow/core/common_runtime/placer.cc:1059] Variable_2/Adam_1/read: (Identity)/job:localhost/replica:0/task:0/device:GPU:0
2023-01-07 18:17:05.390819: I tensorflow/core/common_runtime/placer.cc:1059] Variable_3/Adam/Initializer/zeros: (Fill)/job:localhost/replica:0/task:0/device:GPU:0
2023-01-07 18:17:05.390830: I tensorflow/core/common_runtime/placer.cc:1059] Variable_3/Adam: (VariableV2)/job:localhost/replica:0/task:0/device:GPU:0
2023-01-07 18:17:05.390842: I tensorflow/core/common_runtime/placer.cc:1059] Variable_3/Adam/Assign: (Assign)/job:localhost/replica:0/task:0/device:GPU:0
2023-01-07 18:17:05.390853: I tensorflow/core/common_runtime/placer.cc:1059] Variable_3/Adam/read: (Identity)/job:localhost/replica:0/task:0/device:GPU:0
2023-01-07 18:17:05.390864: I tensorflow/core/common_runtime/placer.cc:1059] Variable_3/Adam_1/Initializer/zeros: (Fill)/job:localhost/replica:0/task:0/device:GPU:0
2023-01-07 18:17:05.390876: I tensorflow/core/common_runtime/placer.cc:1059] Variable_3/Adam_1: (VariableV2)/job:localhost/replica:0/task:0/device:GPU:0
2023-01-07 18:17:05.390887: I tensorflow/core/common_runtime/placer.cc:1059] Variable_3/Adam_1/Assign: (Assign)/job:localhost/replica:0/task:0/device:GPU:0
2023-01-07 18:17:05.390898: I tensorflow/core/common_runtime/placer.cc:1059] Variable_3/Adam_1/read: (Identity)/job:localhost/replica:0/task:0/device:GPU:0
2023-01-07 18:17:05.390910: I tensorflow/core/common_runtime/placer.cc:1059] Variable_4/Adam: (VariableV2)/job:localhost/replica:0/task:0/device:GPU:0
2023-01-07 18:17:05.390921: I tensorflow/core/common_runtime/placer.cc:1059] Variable_4/Adam/Assign: (Assign)/job:localhost/replica:0/task:0/device:GPU:0
2023-01-07 18:17:05.390932: I tensorflow/core/common_runtime/placer.cc:1059] Variable_4/Adam/read: (Identity)/job:localhost/replica:0/task:0/device:GPU:0
2023-01-07 18:17:05.390944: I tensorflow/core/common_runtime/placer.cc:1059] Variable_4/Adam_1: (VariableV2)/job:localhost/replica:0/task:0/device:GPU:0
2023-01-07 18:17:05.390955: I tensorflow/core/common_runtime/placer.cc:1059] Variable_4/Adam_1/Assign: (Assign)/job:localhost/replica:0/task:0/device:GPU:0
2023-01-07 18:17:05.390967: I tensorflow/core/common_runtime/placer.cc:1059] Variable_4/Adam_1/read: (Identity)/job:localhost/replica:0/task:0/device:GPU:0
2023-01-07 18:17:05.390978: I tensorflow/core/common_runtime/placer.cc:1059] Variable_5/Adam/Initializer/zeros: (Fill)/job:localhost/replica:0/task:0/device:GPU:0
2023-01-07 18:17:05.390989: I tensorflow/core/common_runtime/placer.cc:1059] Variable_5/Adam: (VariableV2)/job:localhost/replica:0/task:0/device:GPU:0
2023-01-07 18:17:05.391001: I tensorflow/core/common_runtime/placer.cc:1059] Variable_5/Adam/Assign: (Assign)/job:localhost/replica:0/task:0/device:GPU:0
2023-01-07 18:17:05.391012: I tensorflow/core/common_runtime/placer.cc:1059] Variable_5/Adam/read: (Identity)/job:localhost/replica:0/task:0/device:GPU:0
2023-01-07 18:17:05.391023: I tensorflow/core/common_runtime/placer.cc:1059] Variable_5/Adam_1/Initializer/zeros: (Fill)/job:localhost/replica:0/task:0/device:GPU:0
2023-01-07 18:17:05.391035: I tensorflow/core/common_runtime/placer.cc:1059] Variable_5/Adam_1: (VariableV2)/job:localhost/replica:0/task:0/device:GPU:0
2023-01-07 18:17:05.391046: I tensorflow/core/common_runtime/placer.cc:1059] Variable_5/Adam_1/Assign: (Assign)/job:localhost/replica:0/task:0/device:GPU:0
2023-01-07 18:17:05.391057: I tensorflow/core/common_runtime/placer.cc:1059] Variable_5/Adam_1/read: (Identity)/job:localhost/replica:0/task:0/device:GPU:0
2023-01-07 18:17:05.391069: I tensorflow/core/common_runtime/placer.cc:1059] Variable_6/Adam/Initializer/zeros: (Fill)/job:localhost/replica:0/task:0/device:GPU:0
2023-01-07 18:17:05.391080: I tensorflow/core/common_runtime/placer.cc:1059] Variable_6/Adam: (VariableV2)/job:localhost/replica:0/task:0/device:GPU:0
2023-01-07 18:17:05.391092: I tensorflow/core/common_runtime/placer.cc:1059] Variable_6/Adam/Assign: (Assign)/job:localhost/replica:0/task:0/device:GPU:0
2023-01-07 18:17:05.391103: I tensorflow/core/common_runtime/placer.cc:1059] Variable_6/Adam/read: (Identity)/job:localhost/replica:0/task:0/device:GPU:0
2023-01-07 18:17:05.391114: I tensorflow/core/common_runtime/placer.cc:1059] Variable_6/Adam_1/Initializer/zeros: (Fill)/job:localhost/replica:0/task:0/device:GPU:0
2023-01-07 18:17:05.391126: I tensorflow/core/common_runtime/placer.cc:1059] Variable_6/Adam_1: (VariableV2)/job:localhost/replica:0/task:0/device:GPU:0
2023-01-07 18:17:05.391137: I tensorflow/core/common_runtime/placer.cc:1059] Variable_6/Adam_1/Assign: (Assign)/job:localhost/replica:0/task:0/device:GPU:0
2023-01-07 18:17:05.391148: I tensorflow/core/common_runtime/placer.cc:1059] Variable_6/Adam_1/read: (Identity)/job:localhost/replica:0/task:0/device:GPU:0
2023-01-07 18:17:05.391159: I tensorflow/core/common_runtime/placer.cc:1059] Variable_7/Adam/Initializer/zeros: (Fill)/job:localhost/replica:0/task:0/device:GPU:0
2023-01-07 18:17:05.391171: I tensorflow/core/common_runtime/placer.cc:1059] Variable_7/Adam: (VariableV2)/job:localhost/replica:0/task:0/device:GPU:0
2023-01-07 18:17:05.391182: I tensorflow/core/common_runtime/placer.cc:1059] Variable_7/Adam/Assign: (Assign)/job:localhost/replica:0/task:0/device:GPU:0
2023-01-07 18:17:05.391193: I tensorflow/core/common_runtime/placer.cc:1059] Variable_7/Adam/read: (Identity)/job:localhost/replica:0/task:0/device:GPU:0
2023-01-07 18:17:05.391204: I tensorflow/core/common_runtime/placer.cc:1059] Variable_7/Adam_1/Initializer/zeros: (Fill)/job:localhost/replica:0/task:0/device:GPU:0
2023-01-07 18:17:05.391216: I tensorflow/core/common_runtime/placer.cc:1059] Variable_7/Adam_1: (VariableV2)/job:localhost/replica:0/task:0/device:GPU:0
2023-01-07 18:17:05.391227: I tensorflow/core/common_runtime/placer.cc:1059] Variable_7/Adam_1/Assign: (Assign)/job:localhost/replica:0/task:0/device:GPU:0
2023-01-07 18:17:05.391238: I tensorflow/core/common_runtime/placer.cc:1059] Variable_7/Adam_1/read: (Identity)/job:localhost/replica:0/task:0/device:GPU:0
2023-01-07 18:17:05.391250: I tensorflow/core/common_runtime/placer.cc:1059] Variable_8/Adam: (VariableV2)/job:localhost/replica:0/task:0/device:GPU:0
2023-01-07 18:17:05.391261: I tensorflow/core/common_runtime/placer.cc:1059] Variable_8/Adam/Assign: (Assign)/job:localhost/replica:0/task:0/device:GPU:0
2023-01-07 18:17:05.391272: I tensorflow/core/common_runtime/placer.cc:1059] Variable_8/Adam/read: (Identity)/job:localhost/replica:0/task:0/device:GPU:0
2023-01-07 18:17:05.391283: I tensorflow/core/common_runtime/placer.cc:1059] Variable_8/Adam_1: (VariableV2)/job:localhost/replica:0/task:0/device:GPU:0
2023-01-07 18:17:05.391295: I tensorflow/core/common_runtime/placer.cc:1059] Variable_8/Adam_1/Assign: (Assign)/job:localhost/replica:0/task:0/device:GPU:0
2023-01-07 18:17:05.391306: I tensorflow/core/common_runtime/placer.cc:1059] Variable_8/Adam_1/read: (Identity)/job:localhost/replica:0/task:0/device:GPU:0
2023-01-07 18:17:05.391317: I tensorflow/core/common_runtime/placer.cc:1059] Adam/update_Variable_1/ApplyAdam: (ApplyAdam)/job:localhost/replica:0/task:0/device:GPU:0
2023-01-07 18:17:05.391328: I tensorflow/core/common_runtime/placer.cc:1059] Adam/update_Variable_2/ApplyAdam: (ApplyAdam)/job:localhost/replica:0/task:0/device:GPU:0
2023-01-07 18:17:05.391340: I tensorflow/core/common_runtime/placer.cc:1059] Adam/update_Variable_3/ApplyAdam: (ApplyAdam)/job:localhost/replica:0/task:0/device:GPU:0
2023-01-07 18:17:05.391357: I tensorflow/core/common_runtime/placer.cc:1059] Adam/update_Variable_4/ApplyAdam: (ApplyAdam)/job:localhost/replica:0/task:0/device:GPU:0
2023-01-07 18:17:05.391369: I tensorflow/core/common_runtime/placer.cc:1059] Adam/update_Variable_5/ApplyAdam: (ApplyAdam)/job:localhost/replica:0/task:0/device:GPU:0
2023-01-07 18:17:05.391380: I tensorflow/core/common_runtime/placer.cc:1059] Adam/update_Variable_6/ApplyAdam: (ApplyAdam)/job:localhost/replica:0/task:0/device:GPU:0
2023-01-07 18:17:05.391391: I tensorflow/core/common_runtime/placer.cc:1059] Adam/update_Variable_7/ApplyAdam: (ApplyAdam)/job:localhost/replica:0/task:0/device:GPU:0
2023-01-07 18:17:05.391403: I tensorflow/core/common_runtime/placer.cc:1059] Adam/update_Variable_8/ApplyAdam: (ApplyAdam)/job:localhost/replica:0/task:0/device:GPU:0
2023-01-07 18:17:05.391414: I tensorflow/core/common_runtime/placer.cc:1059] Adam/mul: (Mul)/job:localhost/replica:0/task:0/device:GPU:0
2023-01-07 18:17:05.391425: I tensorflow/core/common_runtime/placer.cc:1059] Adam/Assign: (Assign)/job:localhost/replica:0/task:0/device:GPU:0
2023-01-07 18:17:05.391437: I tensorflow/core/common_runtime/placer.cc:1059] Adam/mul_1: (Mul)/job:localhost/replica:0/task:0/device:GPU:0
2023-01-07 18:17:05.391448: I tensorflow/core/common_runtime/placer.cc:1059] Adam/Assign_1: (Assign)/job:localhost/replica:0/task:0/device:GPU:0
2023-01-07 18:17:05.391464: I tensorflow/core/common_runtime/placer.cc:1059] Adam: (NoOp)/job:localhost/replica:0/task:0/device:GPU:0
2023-01-07 18:17:05.391479: I tensorflow/core/common_runtime/placer.cc:1059] ArgMax: (ArgMax)/job:localhost/replica:0/task:0/device:GPU:0
2023-01-07 18:17:05.391495: I tensorflow/core/common_runtime/placer.cc:1059] ArgMax_1: (ArgMax)/job:localhost/replica:0/task:0/device:GPU:0
2023-01-07 18:17:05.391511: I tensorflow/core/common_runtime/placer.cc:1059] Equal: (Equal)/job:localhost/replica:0/task:0/device:GPU:0
2023-01-07 18:17:05.391526: I tensorflow/core/common_runtime/placer.cc:1059] Cast: (Cast)/job:localhost/replica:0/task:0/device:GPU:0
2023-01-07 18:17:05.391542: I tensorflow/core/common_runtime/placer.cc:1059] Mean_1: (Mean)/job:localhost/replica:0/task:0/device:GPU:0
2023-01-07 18:17:05.391558: I tensorflow/core/common_runtime/placer.cc:1059] init: (NoOp)/job:localhost/replica:0/task:0/device:GPU:0
2023-01-07 18:17:05.391574: I tensorflow/core/common_runtime/placer.cc:1059] Placeholder: (Placeholder)/job:localhost/replica:0/task:0/device:GPU:0
2023-01-07 18:17:05.391590: I tensorflow/core/common_runtime/placer.cc:1059] zeros/shape_as_tensor: (Const)/job:localhost/replica:0/task:0/device:GPU:0
2023-01-07 18:17:05.391605: I tensorflow/core/common_runtime/placer.cc:1059] zeros/Const: (Const)/job:localhost/replica:0/task:0/device:GPU:0
2023-01-07 18:17:05.391621: I tensorflow/core/common_runtime/placer.cc:1059] Placeholder_1: (Placeholder)/job:localhost/replica:0/task:0/device:GPU:0
2023-01-07 18:17:05.391636: I tensorflow/core/common_runtime/placer.cc:1059] truncated_normal/shape: (Const)/job:localhost/replica:0/task:0/device:GPU:0
2023-01-07 18:17:05.391652: I tensorflow/core/common_runtime/placer.cc:1059] truncated_normal/mean: (Const)/job:localhost/replica:0/task:0/device:GPU:0
2023-01-07 18:17:05.391667: I tensorflow/core/common_runtime/placer.cc:1059] truncated_normal/stddev: (Const)/job:localhost/replica:0/task:0/device:GPU:0
2023-01-07 18:17:05.391683: I tensorflow/core/common_runtime/placer.cc:1059] Const: (Const)/job:localhost/replica:0/task:0/device:GPU:0
2023-01-07 18:17:05.391698: I tensorflow/core/common_runtime/placer.cc:1059] Reshape/shape: (Const)/job:localhost/replica:0/task:0/device:GPU:0
2023-01-07 18:17:05.391713: I tensorflow/core/common_runtime/placer.cc:1059] truncated_normal_1/shape: (Const)/job:localhost/replica:0/task:0/device:GPU:0
2023-01-07 18:17:05.391729: I tensorflow/core/common_runtime/placer.cc:1059] truncated_normal_1/mean: (Const)/job:localhost/replica:0/task:0/device:GPU:0
2023-01-07 18:17:05.391745: I tensorflow/core/common_runtime/placer.cc:1059] truncated_normal_1/stddev: (Const)/job:localhost/replica:0/task:0/device:GPU:0
2023-01-07 18:17:05.391760: I tensorflow/core/common_runtime/placer.cc:1059] Const_1: (Const)/job:localhost/replica:0/task:0/device:GPU:0
2023-01-07 18:17:05.391775: I tensorflow/core/common_runtime/placer.cc:1059] truncated_normal_2/shape: (Const)/job:localhost/replica:0/task:0/device:GPU:0
2023-01-07 18:17:05.391791: I tensorflow/core/common_runtime/placer.cc:1059] truncated_normal_2/mean: (Const)/job:localhost/replica:0/task:0/device:GPU:0
2023-01-07 18:17:05.391806: I tensorflow/core/common_runtime/placer.cc:1059] truncated_normal_2/stddev: (Const)/job:localhost/replica:0/task:0/device:GPU:0
2023-01-07 18:17:05.391822: I tensorflow/core/common_runtime/placer.cc:1059] Const_2: (Const)/job:localhost/replica:0/task:0/device:GPU:0
2023-01-07 18:17:05.391838: I tensorflow/core/common_runtime/placer.cc:1059] Reshape_1/shape: (Const)/job:localhost/replica:0/task:0/device:GPU:0
2023-01-07 18:17:05.391853: I tensorflow/core/common_runtime/placer.cc:1059] PlaceholderWithDefault/input: (Const)/job:localhost/replica:0/task:0/device:GPU:0
2023-01-07 18:17:05.391869: I tensorflow/core/common_runtime/placer.cc:1059] sub/x: (Const)/job:localhost/replica:0/task:0/device:GPU:0
2023-01-07 18:17:05.391885: I tensorflow/core/common_runtime/placer.cc:1059] dropout/sub/x: (Const)/job:localhost/replica:0/task:0/device:GPU:0
2023-01-07 18:17:05.391900: I tensorflow/core/common_runtime/placer.cc:1059] dropout/random_uniform/min: (Const)/job:localhost/replica:0/task:0/device:GPU:0
2023-01-07 18:17:05.391916: I tensorflow/core/common_runtime/placer.cc:1059] dropout/random_uniform/max: (Const)/job:localhost/replica:0/task:0/device:GPU:0
2023-01-07 18:17:05.391932: I tensorflow/core/common_runtime/placer.cc:1059] truncated_normal_3/shape: (Const)/job:localhost/replica:0/task:0/device:GPU:0
2023-01-07 18:17:05.391947: I tensorflow/core/common_runtime/placer.cc:1059] truncated_normal_3/mean: (Const)/job:localhost/replica:0/task:0/device:GPU:0
2023-01-07 18:17:05.391963: I tensorflow/core/common_runtime/placer.cc:1059] truncated_normal_3/stddev: (Const)/job:localhost/replica:0/task:0/device:GPU:0
2023-01-07 18:17:05.391978: I tensorflow/core/common_runtime/placer.cc:1059] Const_3: (Const)/job:localhost/replica:0/task:0/device:GPU:0
2023-01-07 18:17:05.391993: I tensorflow/core/common_runtime/placer.cc:1059] softmax_cross_entropy_with_logits_sg/Rank: (Const)/job:localhost/replica:0/task:0/device:GPU:0
2023-01-07 18:17:05.392009: I tensorflow/core/common_runtime/placer.cc:1059] softmax_cross_entropy_with_logits_sg/Rank_1: (Const)/job:localhost/replica:0/task:0/device:GPU:0
2023-01-07 18:17:05.392024: I tensorflow/core/common_runtime/placer.cc:1059] softmax_cross_entropy_with_logits_sg/Sub/y: (Const)/job:localhost/replica:0/task:0/device:GPU:0
2023-01-07 18:17:05.392040: I tensorflow/core/common_runtime/placer.cc:1059] softmax_cross_entropy_with_logits_sg/Slice/size: (Const)/job:localhost/replica:0/task:0/device:GPU:0
2023-01-07 18:17:05.392056: I tensorflow/core/common_runtime/placer.cc:1059] softmax_cross_entropy_with_logits_sg/concat/values_0: (Const)/job:localhost/replica:0/task:0/device:GPU:0
2023-01-07 18:17:05.392071: I tensorflow/core/common_runtime/placer.cc:1059] softmax_cross_entropy_with_logits_sg/concat/axis: (Const)/job:localhost/replica:0/task:0/device:GPU:0
2023-01-07 18:17:05.392087: I tensorflow/core/common_runtime/placer.cc:1059] softmax_cross_entropy_with_logits_sg/Rank_2: (Const)/job:localhost/replica:0/task:0/device:GPU:0
2023-01-07 18:17:05.392102: I tensorflow/core/common_runtime/placer.cc:1059] softmax_cross_entropy_with_logits_sg/Sub_1/y: (Const)/job:localhost/replica:0/task:0/device:GPU:0
2023-01-07 18:17:05.392118: I tensorflow/core/common_runtime/placer.cc:1059] softmax_cross_entropy_with_logits_sg/Slice_1/size: (Const)/job:localhost/replica:0/task:0/device:GPU:0
2023-01-07 18:17:05.392133: I tensorflow/core/common_runtime/placer.cc:1059] softmax_cross_entropy_with_logits_sg/concat_1/values_0: (Const)/job:localhost/replica:0/task:0/device:GPU:0
2023-01-07 18:17:05.392149: I tensorflow/core/common_runtime/placer.cc:1059] softmax_cross_entropy_with_logits_sg/concat_1/axis: (Const)/job:localhost/replica:0/task:0/device:GPU:0
2023-01-07 18:17:05.392164: I tensorflow/core/common_runtime/placer.cc:1059] softmax_cross_entropy_with_logits_sg/Sub_2/y: (Const)/job:localhost/replica:0/task:0/device:GPU:0
2023-01-07 18:17:05.392179: I tensorflow/core/common_runtime/placer.cc:1059] softmax_cross_entropy_with_logits_sg/Slice_2/begin: (Const)/job:localhost/replica:0/task:0/device:GPU:0
2023-01-07 18:17:05.392195: I tensorflow/core/common_runtime/placer.cc:1059] Const_4: (Const)/job:localhost/replica:0/task:0/device:GPU:0
2023-01-07 18:17:05.392211: I tensorflow/core/common_runtime/placer.cc:1059] Variable_9/initial_value: (Const)/job:localhost/replica:0/task:0/device:CPU:0
2023-01-07 18:17:05.392226: I tensorflow/core/common_runtime/placer.cc:1059] mul/y: (Const)/job:localhost/replica:0/task:0/device:GPU:0
2023-01-07 18:17:05.392242: I tensorflow/core/common_runtime/placer.cc:1059] ExponentialDecay/learning_rate: (Const)/job:localhost/replica:0/task:0/device:GPU:0
2023-01-07 18:17:05.392258: I tensorflow/core/common_runtime/placer.cc:1059] ExponentialDecay/Cast/x: (Const)/job:localhost/replica:0/task:0/device:GPU:0
2023-01-07 18:17:05.392273: I tensorflow/core/common_runtime/placer.cc:1059] ExponentialDecay/Cast_1/x: (Const)/job:localhost/replica:0/task:0/device:GPU:0
2023-01-07 18:17:05.392289: I tensorflow/core/common_runtime/placer.cc:1059] gradients/Shape: (Const)/job:localhost/replica:0/task:0/device:GPU:0
2023-01-07 18:17:05.392305: I tensorflow/core/common_runtime/placer.cc:1059] gradients/grad_ys_0: (Const)/job:localhost/replica:0/task:0/device:GPU:0
2023-01-07 18:17:05.392320: I tensorflow/core/common_runtime/placer.cc:1059] gradients/Mean_grad/Reshape/shape: (Const)/job:localhost/replica:0/task:0/device:GPU:0
2023-01-07 18:17:05.392336: I tensorflow/core/common_runtime/placer.cc:1059] gradients/Mean_grad/Shape_2: (Const)/job:localhost/replica:0/task:0/device:GPU:0
2023-01-07 18:17:05.392351: I tensorflow/core/common_runtime/placer.cc:1059] gradients/Mean_grad/Const: (Const)/job:localhost/replica:0/task:0/device:GPU:0
2023-01-07 18:17:05.392367: I tensorflow/core/common_runtime/placer.cc:1059] gradients/Mean_grad/Const_1: (Const)/job:localhost/replica:0/task:0/device:GPU:0
2023-01-07 18:17:05.392382: I tensorflow/core/common_runtime/placer.cc:1059] gradients/Mean_grad/Maximum/y: (Const)/job:localhost/replica:0/task:0/device:GPU:0
2023-01-07 18:17:05.392398: I tensorflow/core/common_runtime/placer.cc:1059] gradients/softmax_cross_entropy_with_logits_sg_grad/ExpandDims/dim: (Const)/job:localhost/replica:0/task:0/device:GPU:0
2023-01-07 18:17:05.392413: I tensorflow/core/common_runtime/placer.cc:1059] gradients/softmax_cross_entropy_with_logits_sg_grad/ExpandDims_1/dim: (Const)/job:localhost/replica:0/task:0/device:GPU:0
2023-01-07 18:17:05.392429: I tensorflow/core/common_runtime/placer.cc:1059] gradients/add_3_grad/Shape_1: (Const)/job:localhost/replica:0/task:0/device:GPU:0
2023-01-07 18:17:05.392445: I tensorflow/core/common_runtime/placer.cc:1059] gradients/dropout/truediv_grad/Shape_1: (Const)/job:localhost/replica:0/task:0/device:GPU:0
2023-01-07 18:17:05.392460: I tensorflow/core/common_runtime/placer.cc:1059] gradients/add_2_grad/Shape_1: (Const)/job:localhost/replica:0/task:0/device:GPU:0
2023-01-07 18:17:05.392476: I tensorflow/core/common_runtime/placer.cc:1059] gradients/add_1_grad/Shape_1: (Const)/job:localhost/replica:0/task:0/device:GPU:0
2023-01-07 18:17:05.392491: I tensorflow/core/common_runtime/placer.cc:1059] gradients/add_grad/Shape_1: (Const)/job:localhost/replica:0/task:0/device:GPU:0
2023-01-07 18:17:05.392503: I tensorflow/core/common_runtime/placer.cc:1059] beta1_power/initial_value: (Const)/job:localhost/replica:0/task:0/device:GPU:0
2023-01-07 18:17:05.392514: I tensorflow/core/common_runtime/placer.cc:1059] beta2_power/initial_value: (Const)/job:localhost/replica:0/task:0/device:GPU:0
2023-01-07 18:17:05.392526: I tensorflow/core/common_runtime/placer.cc:1059] Variable_1/Adam/Initializer/zeros: (Const)/job:localhost/replica:0/task:0/device:GPU:0
2023-01-07 18:17:05.392537: I tensorflow/core/common_runtime/placer.cc:1059] Variable_1/Adam_1/Initializer/zeros: (Const)/job:localhost/replica:0/task:0/device:GPU:0
2023-01-07 18:17:05.392549: I tensorflow/core/common_runtime/placer.cc:1059] Variable_2/Adam/Initializer/zeros: (Const)/job:localhost/replica:0/task:0/device:GPU:0
2023-01-07 18:17:05.392560: I tensorflow/core/common_runtime/placer.cc:1059] Variable_2/Adam_1/Initializer/zeros: (Const)/job:localhost/replica:0/task:0/device:GPU:0
2023-01-07 18:17:05.392571: I tensorflow/core/common_runtime/placer.cc:1059] Variable_3/Adam/Initializer/zeros/shape_as_tensor: (Const)/job:localhost/replica:0/task:0/device:GPU:0
2023-01-07 18:17:05.392583: I tensorflow/core/common_runtime/placer.cc:1059] Variable_3/Adam/Initializer/zeros/Const: (Const)/job:localhost/replica:0/task:0/device:GPU:0
2023-01-07 18:17:05.392594: I tensorflow/core/common_runtime/placer.cc:1059] Variable_3/Adam_1/Initializer/zeros/shape_as_tensor: (Const)/job:localhost/replica:0/task:0/device:GPU:0
2023-01-07 18:17:05.392606: I tensorflow/core/common_runtime/placer.cc:1059] Variable_3/Adam_1/Initializer/zeros/Const: (Const)/job:localhost/replica:0/task:0/device:GPU:0
2023-01-07 18:17:05.392617: I tensorflow/core/common_runtime/placer.cc:1059] Variable_4/Adam/Initializer/zeros: (Const)/job:localhost/replica:0/task:0/device:GPU:0
2023-01-07 18:17:05.392629: I tensorflow/core/common_runtime/placer.cc:1059] Variable_4/Adam_1/Initializer/zeros: (Const)/job:localhost/replica:0/task:0/device:GPU:0
2023-01-07 18:17:05.392640: I tensorflow/core/common_runtime/placer.cc:1059] Variable_5/Adam/Initializer/zeros/shape_as_tensor: (Const)/job:localhost/replica:0/task:0/device:GPU:0
2023-01-07 18:17:05.392651: I tensorflow/core/common_runtime/placer.cc:1059] Variable_5/Adam/Initializer/zeros/Const: (Const)/job:localhost/replica:0/task:0/device:GPU:0
2023-01-07 18:17:05.392663: I tensorflow/core/common_runtime/placer.cc:1059] Variable_5/Adam_1/Initializer/zeros/shape_as_tensor: (Const)/job:localhost/replica:0/task:0/device:GPU:0
2023-01-07 18:17:05.392674: I tensorflow/core/common_runtime/placer.cc:1059] Variable_5/Adam_1/Initializer/zeros/Const: (Const)/job:localhost/replica:0/task:0/device:GPU:0
2023-01-07 18:17:05.392685: I tensorflow/core/common_runtime/placer.cc:1059] Variable_6/Adam/Initializer/zeros/shape_as_tensor: (Const)/job:localhost/replica:0/task:0/device:GPU:0
2023-01-07 18:17:05.392697: I tensorflow/core/common_runtime/placer.cc:1059] Variable_6/Adam/Initializer/zeros/Const: (Const)/job:localhost/replica:0/task:0/device:GPU:0
2023-01-07 18:17:05.392708: I tensorflow/core/common_runtime/placer.cc:1059] Variable_6/Adam_1/Initializer/zeros/shape_as_tensor: (Const)/job:localhost/replica:0/task:0/device:GPU:0
2023-01-07 18:17:05.392719: I tensorflow/core/common_runtime/placer.cc:1059] Variable_6/Adam_1/Initializer/zeros/Const: (Const)/job:localhost/replica:0/task:0/device:GPU:0
2023-01-07 18:17:05.392730: I tensorflow/core/common_runtime/placer.cc:1059] Variable_7/Adam/Initializer/zeros/shape_as_tensor: (Const)/job:localhost/replica:0/task:0/device:GPU:0
2023-01-07 18:17:05.392748: I tensorflow/core/common_runtime/placer.cc:1059] Variable_7/Adam/Initializer/zeros/Const: (Const)/job:localhost/replica:0/task:0/device:GPU:0
2023-01-07 18:17:05.392759: I tensorflow/core/common_runtime/placer.cc:1059] Variable_7/Adam_1/Initializer/zeros/shape_as_tensor: (Const)/job:localhost/replica:0/task:0/device:GPU:0
2023-01-07 18:17:05.392771: I tensorflow/core/common_runtime/placer.cc:1059] Variable_7/Adam_1/Initializer/zeros/Const: (Const)/job:localhost/replica:0/task:0/device:GPU:0
2023-01-07 18:17:05.392782: I tensorflow/core/common_runtime/placer.cc:1059] Variable_8/Adam/Initializer/zeros: (Const)/job:localhost/replica:0/task:0/device:GPU:0
2023-01-07 18:17:05.392793: I tensorflow/core/common_runtime/placer.cc:1059] Variable_8/Adam_1/Initializer/zeros: (Const)/job:localhost/replica:0/task:0/device:GPU:0
2023-01-07 18:17:05.392809: I tensorflow/core/common_runtime/placer.cc:1059] Adam/beta1: (Const)/job:localhost/replica:0/task:0/device:GPU:0
2023-01-07 18:17:05.392825: I tensorflow/core/common_runtime/placer.cc:1059] Adam/beta2: (Const)/job:localhost/replica:0/task:0/device:GPU:0
2023-01-07 18:17:05.392840: I tensorflow/core/common_runtime/placer.cc:1059] Adam/epsilon: (Const)/job:localhost/replica:0/task:0/device:GPU:0
2023-01-07 18:17:05.392856: I tensorflow/core/common_runtime/placer.cc:1059] ArgMax/dimension: (Const)/job:localhost/replica:0/task:0/device:GPU:0
2023-01-07 18:17:05.392872: I tensorflow/core/common_runtime/placer.cc:1059] ArgMax_1/dimension: (Const)/job:localhost/replica:0/task:0/device:GPU:0
2023-01-07 18:17:05.392887: I tensorflow/core/common_runtime/placer.cc:1059] Const_5: (Const)/job:localhost/replica:0/task:0/device:GPU:0
2023-01-07 18:17:06.300041: I tensorflow/core/common_runtime/gpu/gpu_device.cc:1512] Adding visible gpu devices: 0, 1
2023-01-07 18:17:06.300188: I tensorflow/core/common_runtime/gpu/gpu_device.cc:984] Device interconnect StreamExecutor with strength 1 edge matrix:
2023-01-07 18:17:06.300203: I tensorflow/core/common_runtime/gpu/gpu_device.cc:990]      0 1 
2023-01-07 18:17:06.300216: I tensorflow/core/common_runtime/gpu/gpu_device.cc:1003] 0:   N Y 
2023-01-07 18:17:06.300228: I tensorflow/core/common_runtime/gpu/gpu_device.cc:1003] 1:   Y N 
2023-01-07 18:17:06.300367: I tensorflow/core/common_runtime/gpu/gpu_device.cc:1115] Created TensorFlow device (/job:localhost/replica:0/task:0/device:GPU:0 with 15052 MB memory) -> physical GPU (device: 0, name: Tesla V100-SXM2-16GB, pci bus id: 0004:05:00.0, compute capability: 7.0)
2023-01-07 18:17:06.301261: I tensorflow/core/common_runtime/gpu/gpu_device.cc:1115] Created TensorFlow device (/job:localhost/replica:0/task:0/device:GPU:1 with 15052 MB memory) -> physical GPU (device: 1, name: Tesla V100-SXM2-16GB, pci bus id: 0035:03:00.0, compute capability: 7.0)
2023-01-07 18:17:06.349138: I tensorflow/stream_executor/dso_loader.cc:152] successfully opened CUDA library libcublas.so.9.1 locally
