[1673113661.796232] [p9r3n13:101125:0]         mxm.c:196  MXM  WARN  The 'ulimit -s' on the system is set to 'unlimited'. This may have negative performance implications. Please set the stack size to the default value (10240) 
[1673113661.826633] [p9r3n13:101125:0]         mxm.c:196  MXM  WARN  The 'ulimit -s' on the system is set to 'unlimited'. This may have negative performance implications. Please set the stack size to the default value (10240) 
Device mapping:
/job:localhost/replica:0/task:0/device:XLA_CPU:0 -> device: XLA_CPU device
/job:localhost/replica:0/task:0/device:XLA_GPU:0 -> device: XLA_GPU device
/job:localhost/replica:0/task:0/device:XLA_GPU:1 -> device: XLA_GPU device
/job:localhost/replica:0/task:0/device:XLA_GPU:2 -> device: XLA_GPU device
/job:localhost/replica:0/task:0/device:XLA_GPU:3 -> device: XLA_GPU device
/job:localhost/replica:0/task:0/device:GPU:0 -> device: 0, name: Tesla V100-SXM2-16GB, pci bus id: 0004:04:00.0, compute capability: 7.0
/job:localhost/replica:0/task:0/device:GPU:1 -> device: 1, name: Tesla V100-SXM2-16GB, pci bus id: 0004:05:00.0, compute capability: 7.0
/job:localhost/replica:0/task:0/device:GPU:2 -> device: 2, name: Tesla V100-SXM2-16GB, pci bus id: 0035:03:00.0, compute capability: 7.0
/job:localhost/replica:0/task:0/device:GPU:3 -> device: 3, name: Tesla V100-SXM2-16GB, pci bus id: 0035:04:00.0, compute capability: 7.0
zeros: (Fill): /job:localhost/replica:0/task:0/device:GPU:0
Variable: (VariableV2): /job:localhost/replica:0/task:0/device:GPU:0
Variable/Assign: (Assign): /job:localhost/replica:0/task:0/device:GPU:0
Variable/read: (Identity): /job:localhost/replica:0/task:0/device:GPU:0
truncated_normal/TruncatedNormal: (TruncatedNormal): /job:localhost/replica:0/task:0/device:GPU:0
truncated_normal/mul: (Mul): /job:localhost/replica:0/task:0/device:GPU:0
truncated_normal: (Add): /job:localhost/replica:0/task:0/device:GPU:0
Variable_1: (VariableV2): /job:localhost/replica:0/task:0/device:GPU:0
Variable_1/Assign: (Assign): /job:localhost/replica:0/task:0/device:GPU:0
Variable_1/read: (Identity): /job:localhost/replica:0/task:0/device:GPU:0
Variable_2: (VariableV2): /job:localhost/replica:0/task:0/device:GPU:0
Variable_2/Assign: (Assign): /job:localhost/replica:0/task:0/device:GPU:0
Variable_2/read: (Identity): /job:localhost/replica:0/task:0/device:GPU:0
Reshape: (Reshape): /job:localhost/replica:0/task:0/device:GPU:0
Conv2D: (Conv2D): /job:localhost/replica:0/task:0/device:GPU:0
add: (Add): /job:localhost/replica:0/task:0/device:GPU:0
Relu: (Relu): /job:localhost/replica:0/task:0/device:GPU:0
MaxPool: (MaxPool): /job:localhost/replica:0/task:0/device:GPU:0
truncated_normal_1/TruncatedNormal: (TruncatedNormal): /job:localhost/replica:0/task:0/device:GPU:0
truncated_normal_1/mul: (Mul): /job:localhost/replica:0/task:0/device:GPU:0
truncated_normal_1: (Add): /job:localhost/replica:0/task:0/device:GPU:0
Variable_3: (VariableV2): /job:localhost/replica:0/task:0/device:GPU:0
Variable_3/Assign: (Assign): /job:localhost/replica:0/task:0/device:GPU:0
Variable_3/read: (Identity): /job:localhost/replica:0/task:0/device:GPU:0
Variable_4: (VariableV2): /job:localhost/replica:0/task:0/device:GPU:0
Variable_4/Assign: (Assign): /job:localhost/replica:0/task:0/device:GPU:0
Variable_4/read: (Identity): /job:localhost/replica:0/task:0/device:GPU:0
Conv2D_1: (Conv2D): /job:localhost/replica:0/task:0/device:GPU:0
add_1: (Add): /job:localhost/replica:0/task:0/device:GPU:0
Relu_1: (Relu): /job:localhost/replica:0/task:0/device:GPU:0
MaxPool_1: (MaxPool): /job:localhost/replica:0/task:0/device:GPU:0
truncated_normal_2/TruncatedNormal: (TruncatedNormal): /job:localhost/replica:0/task:0/device:GPU:0
truncated_normal_2/mul: (Mul): /job:localhost/replica:0/task:0/device:GPU:0
truncated_normal_2: (Add): /job:localhost/replica:0/task:0/device:GPU:0
Variable_5: (VariableV2): /job:localhost/replica:0/task:0/device:GPU:0
Variable_5/Assign: (Assign): /job:localhost/replica:0/task:0/device:GPU:0
Variable_5/read: (Identity): /job:localhost/replica:0/task:0/device:GPU:0
Variable_6: (VariableV2): /job:localhost/replica:0/task:0/device:GPU:0
Variable_6/Assign: (Assign): /job:localhost/replica:0/task:0/device:GPU:0
Variable_6/read: (Identity): /job:localhost/replica:0/task:0/device:GPU:0
Reshape_1: (Reshape): /job:localhost/replica:0/task:0/device:GPU:0
MatMul: (MatMul): /job:localhost/replica:0/task:0/device:GPU:0
add_2: (Add): /job:localhost/replica:0/task:0/device:GPU:0
Relu_2: (Relu): /job:localhost/replica:0/task:0/device:GPU:0
PlaceholderWithDefault: (PlaceholderWithDefault): /job:localhost/replica:0/task:0/device:GPU:0
sub: (Sub): /job:localhost/replica:0/task:0/device:GPU:0
dropout/Shape: (Shape): /job:localhost/replica:0/task:0/device:GPU:0
dropout/sub: (Sub): /job:localhost/replica:0/task:0/device:GPU:0
dropout/random_uniform/RandomUniform: (RandomUniform): /job:localhost/replica:0/task:0/device:GPU:0
dropout/random_uniform/sub: (Sub): /job:localhost/replica:0/task:0/device:GPU:0
dropout/random_uniform/mul: (Mul): /job:localhost/replica:0/task:0/device:GPU:0
dropout/random_uniform: (Add): /job:localhost/replica:0/task:0/device:GPU:0
dropout/add: (Add): /job:localhost/replica:0/task:0/device:GPU:0
dropout/Floor: (Floor): /job:localhost/replica:0/task:0/device:GPU:0
dropout/truediv: (RealDiv): /job:localhost/replica:0/task:0/device:GPU:0
dropout/mul: (Mul): /job:localhost/replica:0/task:0/device:GPU:0
truncated_normal_3/TruncatedNormal: (TruncatedNormal): /job:localhost/replica:0/task:0/device:GPU:0
truncated_normal_3/mul: (Mul): /job:localhost/replica:0/task:0/device:GPU:0
truncated_normal_3: (Add): /job:localhost/replica:0/task:0/device:GPU:0
Variable_7: (VariableV2): /job:localhost/replica:0/task:0/device:GPU:0
Variable_7/Assign: (Assign): /job:localhost/replica:0/task:0/device:GPU:0
Variable_7/read: (Identity): /job:localhost/replica:0/task:0/device:GPU:0
Variable_8: (VariableV2): /job:localhost/replica:0/task:0/device:GPU:0
Variable_8/Assign: (Assign): /job:localhost/replica:0/task:0/device:GPU:0
Variable_8/read: (Identity): /job:localhost/replica:0/task:0/device:GPU:0
MatMul_1: (MatMul): /job:localhost/replica:0/task:0/device:GPU:0
add_3: (Add): /job:localhost/replica:0/task:0/device:GPU:0
softmax_cross_entropy_with_logits_sg/labels_stop_gradient: (StopGradient): /job:localhost/replica:0/task:0/device:GPU:0
softmax_cross_entropy_with_logits_sg/Shape: (Shape): /job:localhost/replica:0/task:0/device:GPU:0
softmax_cross_entropy_with_logits_sg/Shape_1: (Shape): /job:localhost/replica:0/task:0/device:GPU:0
softmax_cross_entropy_with_logits_sg/Sub: (Sub): /job:localhost/replica:0/task:0/device:GPU:0
softmax_cross_entropy_with_logits_sg/Slice/begin: (Pack): /job:localhost/replica:0/task:0/device:GPU:0
softmax_cross_entropy_with_logits_sg/Slice: (Slice): /job:localhost/replica:0/task:0/device:GPU:0
softmax_cross_entropy_with_logits_sg/concat: (ConcatV2): /job:localhost/replica:0/task:0/device:GPU:0
softmax_cross_entropy_with_logits_sg/Reshape: (Reshape): /job:localhost/replica:0/task:0/device:GPU:0
softmax_cross_entropy_with_logits_sg/Shape_2: (Shape): /job:localhost/replica:0/task:0/device:GPU:0
softmax_cross_entropy_with_logits_sg/Sub_1: (Sub): /job:localhost/replica:0/task:0/device:GPU:0
softmax_cross_entropy_with_logits_sg/Slice_1/begin: (Pack): /job:localhost/replica:0/task:0/device:GPU:0
softmax_cross_entropy_with_logits_sg/Slice_1: (Slice): /job:localhost/replica:0/task:0/device:GPU:0
softmax_cross_entropy_with_logits_sg/concat_1: (ConcatV2): /job:localhost/replica:0/task:0/device:GPU:0
softmax_cross_entropy_with_logits_sg/Reshape_1: (Reshape): /job:localhost/replica:0/task:0/device:GPU:0
softmax_cross_entropy_with_logits_sg: (SoftmaxCrossEntropyWithLogits): /job:localhost/replica:0/task:0/device:GPU:0
softmax_cross_entropy_with_logits_sg/Sub_2: (Sub): /job:localhost/replica:0/task:0/device:GPU:0
softmax_cross_entropy_with_logits_sg/Slice_2/size: (Pack): /job:localhost/replica:0/task:0/device:GPU:0
softmax_cross_entropy_with_logits_sg/Slice_2: (Slice): /job:localhost/replica:0/task:0/device:GPU:0
softmax_cross_entropy_with_logits_sg/Reshape_2: (Reshape): /job:localhost/replica:0/task:0/device:GPU:0
Mean: (Mean): /job:localhost/replica:0/task:0/device:GPU:0
Variable_9: (VariableV2): /job:localhost/replica:0/task:0/device:CPU:0
Variable_9/Assign: (Assign): /job:localhost/replica:0/task:0/device:CPU:0
Variable_9/read: (Identity): /job:localhost/replica:0/task:0/device:CPU:0
mul: (Mul): /job:localhost/replica:0/task:0/device:GPU:0
ExponentialDecay/Cast: (Cast): /job:localhost/replica:0/task:0/device:GPU:0
ExponentialDecay/Cast_2: (Cast): /job:localhost/replica:0/task:0/device:GPU:0
ExponentialDecay/truediv: (RealDiv): /job:localhost/replica:0/task:0/device:GPU:0
ExponentialDecay/Floor: (Floor): /job:localhost/replica:0/task:0/device:GPU:0
ExponentialDecay/Pow: (Pow): /job:localhost/replica:0/task:0/device:GPU:0
ExponentialDecay: (Mul): /job:localhost/replica:0/task:0/device:GPU:0
gradients/Fill: (Fill): /job:localhost/replica:0/task:0/device:GPU:0
gradients/Mean_grad/Reshape: (Reshape): /job:localhost/replica:0/task:0/device:GPU:0
gradients/Mean_grad/Shape: (Shape): /job:localhost/replica:0/task:0/device:GPU:0
gradients/Mean_grad/Tile: (Tile): /job:localhost/replica:0/task:0/device:GPU:0
gradients/Mean_grad/Shape_1: (Shape): /job:localhost/replica:0/task:0/device:GPU:0
gradients/Mean_grad/Prod: (Prod): /job:localhost/replica:0/task:0/device:GPU:0
gradients/Mean_grad/Prod_1: (Prod): /job:localhost/replica:0/task:0/device:GPU:0
gradients/Mean_grad/Maximum: (Maximum): /job:localhost/replica:0/task:0/device:GPU:0
gradients/Mean_grad/floordiv: (FloorDiv): /job:localhost/replica:0/task:0/device:GPU:0
gradients/Mean_grad/Cast: (Cast): /job:localhost/replica:0/task:0/device:GPU:0
gradients/Mean_grad/truediv: (RealDiv): /job:localhost/replica:0/task:0/device:GPU:0
gradients/softmax_cross_entropy_with_logits_sg/Reshape_2_grad/Shape: (Shape): /job:localhost/replica:0/task:0/device:GPU:0
gradients/softmax_cross_entropy_with_logits_sg/Reshape_2_grad/Reshape: (Reshape): /job:localhost/replica:0/task:0/device:GPU:0
gradients/zeros_like: (ZerosLike): /job:localhost/replica:0/task:0/device:GPU:0
gradients/softmax_cross_entropy_with_logits_sg_grad/ExpandDims: (ExpandDims): /job:localhost/replica:0/task:0/device:GPU:0
gradients/softmax_cross_entropy_with_logits_sg_grad/mul: (Mul): /job:localhost/replica:0/task:0/device:GPU:0
gradients/softmax_cross_entropy_with_logits_sg_grad/LogSoftmax: (LogSoftmax): /job:localhost/replica:0/task:0/device:GPU:0
gradients/softmax_cross_entropy_with_logits_sg_grad/Neg: (Neg): /job:localhost/replica:0/task:0/device:GPU:0
gradients/softmax_cross_entropy_with_logits_sg_grad/ExpandDims_1: (ExpandDims): /job:localhost/replica:0/task:0/device:GPU:0
gradients/softmax_cross_entropy_with_logits_sg_grad/mul_1: (Mul): /job:localhost/replica:0/task:0/device:GPU:0
gradients/softmax_cross_entropy_with_logits_sg_grad/tuple/group_deps: (NoOp): /job:localhost/replica:0/task:0/device:GPU:0
gradients/softmax_cross_entropy_with_logits_sg_grad/tuple/control_dependency: (Identity): /job:localhost/replica:0/task:0/device:GPU:0
gradients/softmax_cross_entropy_with_logits_sg_grad/tuple/control_dependency_1: (Identity): /job:localhost/replica:0/task:0/device:GPU:0
gradients/softmax_cross_entropy_with_logits_sg/Reshape_grad/Shape: (Shape): /job:localhost/replica:0/task:0/device:GPU:0
gradients/softmax_cross_entropy_with_logits_sg/Reshape_grad/Reshape: (Reshape): /job:localhost/replica:0/task:0/device:GPU:0
gradients/add_3_grad/Shape: (Shape): /job:localhost/replica:0/task:0/device:GPU:0
gradients/add_3_grad/BroadcastGradientArgs: (BroadcastGradientArgs): /job:localhost/replica:0/task:0/device:GPU:0
gradients/add_3_grad/Sum: (Sum): /job:localhost/replica:0/task:0/device:GPU:0
gradients/add_3_grad/Reshape: (Reshape): /job:localhost/replica:0/task:0/device:GPU:0
gradients/add_3_grad/Sum_1: (Sum): /job:localhost/replica:0/task:0/device:GPU:0
gradients/add_3_grad/Reshape_1: (Reshape): /job:localhost/replica:0/task:0/device:GPU:0
gradients/add_3_grad/tuple/group_deps: (NoOp): /job:localhost/replica:0/task:0/device:GPU:0
gradients/add_3_grad/tuple/control_dependency: (Identity): /job:localhost/replica:0/task:0/device:GPU:0
gradients/add_3_grad/tuple/control_dependency_1: (Identity): /job:localhost/replica:0/task:0/device:GPU:0
gradients/MatMul_1_grad/MatMul: (MatMul): /job:localhost/replica:0/task:0/device:GPU:0
gradients/MatMul_1_grad/MatMul_1: (MatMul): /job:localhost/replica:0/task:0/device:GPU:0
gradients/MatMul_1_grad/tuple/group_deps: (NoOp): /job:localhost/replica:0/task:0/device:GPU:0
gradients/MatMul_1_grad/tuple/control_dependency: (Identity): /job:localhost/replica:0/task:0/device:GPU:0
gradients/MatMul_1_grad/tuple/control_dependency_1: (Identity): /job:localhost/replica:0/task:0/device:GPU:0
gradients/dropout/mul_grad/Shape: (Shape): /job:localhost/replica:0/task:0/device:GPU:0
gradients/dropout/mul_grad/Shape_1: (Shape): /job:localhost/replica:0/task:0/device:GPU:0
gradients/dropout/mul_grad/BroadcastGradientArgs: (BroadcastGradientArgs): /job:localhost/replica:0/task:0/device:GPU:0
gradients/dropout/mul_grad/Mul: (Mul): /job:localhost/replica:0/task:0/device:GPU:0
gradients/dropout/mul_grad/Sum: (Sum): /job:localhost/replica:0/task:0/device:GPU:0
gradients/dropout/mul_grad/Reshape: (Reshape): /job:localhost/replica:0/task:0/device:GPU:0
gradients/dropout/mul_grad/Mul_1: (Mul): /job:localhost/replica:0/task:0/device:GPU:0
gradients/dropout/mul_grad/Sum_1: (Sum): /job:localhost/replica:0/task:0/device:GPU:0
gradients/dropout/mul_grad/Reshape_1: (Reshape): /job:localhost/replica:0/task:0/device:GPU:0
gradients/dropout/mul_grad/tuple/group_deps: (NoOp): /job:localhost/replica:0/task:0/device:GPU:0
gradients/dropout/mul_grad/tuple/control_dependency: (Identity): /job:localhost/replica:0/task:0/device:GPU:0
gradients/dropout/mul_grad/tuple/control_dependency_1: (Identity): /job:localhost/replica:0/task:0/device:GPU:0
gradients/dropout/truediv_grad/Shape: (Shape): /job:localhost/replica:0/task:0/device:GPU:0
gradients/dropout/truediv_grad/BroadcastGradientArgs: (BroadcastGradientArgs): /job:localhost/replica:0/task:0/device:GPU:0
gradients/dropout/truediv_grad/RealDiv: (RealDiv): /job:localhost/replica:0/task:0/device:GPU:0
gradients/dropout/truediv_grad/Sum: (Sum): /job:localhost/replica:0/task:0/device:GPU:0
gradients/dropout/truediv_grad/Reshape: (Reshape): /job:localhost/replica:0/task:0/device:GPU:0
gradients/dropout/truediv_grad/Neg: (Neg): /job:localhost/replica:0/task:0/device:GPU:0
gradients/dropout/truediv_grad/RealDiv_1: (RealDiv): /job:localhost/replica:0/task:0/device:GPU:0
gradients/dropout/truediv_grad/RealDiv_2: (RealDiv): /job:localhost/replica:0/task:0/device:GPU:0
gradients/dropout/truediv_grad/mul: (Mul): /job:localhost/replica:0/task:0/device:GPU:0
gradients/dropout/truediv_grad/Sum_1: (Sum): /job:localhost/replica:0/task:0/device:GPU:0
gradients/dropout/truediv_grad/Reshape_1: (Reshape): /job:localhost/replica:0/task:0/device:GPU:0
gradients/dropout/truediv_grad/tuple/group_deps: (NoOp): /job:localhost/replica:0/task:0/device:GPU:0
gradients/dropout/truediv_grad/tuple/control_dependency: (Identity): /job:localhost/replica:0/task:0/device:GPU:0
gradients/dropout/truediv_grad/tuple/control_dependency_1: (Identity): /job:localhost/replica:0/task:0/device:GPU:0
gradients/Relu_2_grad/ReluGrad: (ReluGrad): /job:localhost/replica:0/task:0/device:GPU:0
gradients/add_2_grad/Shape: (Shape): /job:localhost/replica:0/task:0/device:GPU:0
gradients/add_2_grad/BroadcastGradientArgs: (BroadcastGradientArgs): /job:localhost/replica:0/task:0/device:GPU:0
gradients/add_2_grad/Sum: (Sum): /job:localhost/replica:0/task:0/device:GPU:0
gradients/add_2_grad/Reshape: (Reshape): /job:localhost/replica:0/task:0/device:GPU:0
gradients/add_2_grad/Sum_1: (Sum): /job:localhost/replica:0/task:0/device:GPU:0
gradients/add_2_grad/Reshape_1: (Reshape): /job:localhost/replica:0/task:0/device:GPU:0
gradients/add_2_grad/tuple/group_deps: (NoOp): /job:localhost/replica:0/task:0/device:GPU:0
gradients/add_2_grad/tuple/control_dependency: (Identity): /job:localhost/replica:0/task:0/device:GPU:0
gradients/add_2_grad/tuple/control_dependency_1: (Identity): /job:localhost/replica:0/task:0/device:GPU:0
gradients/MatMul_grad/MatMul: (MatMul): /job:localhost/replica:0/task:0/device:GPU:0
gradients/MatMul_grad/MatMul_1: (MatMul): /job:localhost/replica:0/task:0/device:GPU:0
gradients/MatMul_grad/tuple/group_deps: (NoOp): /job:localhost/replica:0/task:0/device:GPU:0
gradients/MatMul_grad/tuple/control_dependency: (Identity): /job:localhost/replica:0/task:0/device:GPU:0
gradients/MatMul_grad/tuple/control_dependency_1: (Identity): /job:localhost/replica:0/task:0/device:GPU:0
gradients/Reshape_1_grad/Shape: (Shape): /job:localhost/replica:0/task:0/device:GPU:0
gradients/Reshape_1_grad/Reshape: (Reshape): /job:localhost/replica:0/task:0/device:GPU:0
gradients/MaxPool_1_grad/MaxPoolGrad: (MaxPoolGrad): /job:localhost/replica:0/task:0/device:GPU:0
gradients/Relu_1_grad/ReluGrad: (ReluGrad): /job:localhost/replica:0/task:0/device:GPU:0
gradients/add_1_grad/Shape: (Shape): /job:localhost/replica:0/task:0/device:GPU:0
gradients/add_1_grad/BroadcastGradientArgs: (BroadcastGradientArgs): /job:localhost/replica:0/task:0/device:GPU:0
gradients/add_1_grad/Sum: (Sum): /job:localhost/replica:0/task:0/device:GPU:0
gradients/add_1_grad/Reshape: (Reshape): /job:localhost/replica:0/task:0/device:GPU:0
gradients/add_1_grad/Sum_1: (Sum): /job:localhost/replica:0/task:0/device:GPU:0
gradients/add_1_grad/Reshape_1: (Reshape): /job:localhost/replica:0/task:0/device:GPU:0
gradients/add_1_grad/tuple/group_deps: (NoOp): /job:localhost/replica:0/task:0/device:GPU:0
gradients/add_1_grad/tuple/control_dependency: (Identity): /job:localhost/replica:0/task:0/device:GPU:0
gradients/add_1_grad/tuple/control_dependency_1: (Identity): /job:localhost/replica:0/task:0/device:GPU:0
gradients/Conv2D_1_grad/ShapeN: (ShapeN): /job:localhost/replica:0/task:0/device:GPU:0
gradients/Conv2D_1_grad/Conv2DBackpropInput: (Conv2DBackpropInput): /job:localhost/replica:0/task:0/device:GPU:0
gradients/Conv2D_1_grad/Conv2DBackpropFilter: (Conv2DBackpropFilter): /job:localhost/replica:0/task:0/device:GPU:0
gradients/Conv2D_1_grad/tuple/group_deps: (NoOp): /job:localhost/replica:0/task:0/device:GPU:0
gradients/Conv2D_1_grad/tuple/control_dependency: (Identity): /job:localhost/replica:0/task:0/device:GPU:0
gradients/Conv2D_1_grad/tuple/control_dependency_1: (Identity): /job:localhost/replica:0/task:0/device:GPU:0
gradients/MaxPool_grad/MaxPoolGrad: (MaxPoolGrad): /job:localhost/replica:0/task:0/device:GPU:0
gradients/Relu_grad/ReluGrad: (ReluGrad): /job:localhost/replica:0/task:0/device:GPU:0
gradients/add_grad/Shape: (Shape): /job:localhost/replica:0/task:0/device:GPU:0
gradients/add_grad/BroadcastGradientArgs: (BroadcastGradientArgs): /job:localhost/replica:0/task:0/device:GPU:0
gradients/add_grad/Sum: (Sum): /job:localhost/replica:0/task:0/device:GPU:0
gradients/add_grad/Reshape: (Reshape): /job:localhost/replica:0/task:0/device:GPU:0
gradients/add_grad/Sum_1: (Sum): /job:localhost/replica:0/task:0/device:GPU:0
gradients/add_grad/Reshape_1: (Reshape): /job:localhost/replica:0/task:0/device:GPU:0
gradients/add_grad/tuple/group_deps: (NoOp): /job:localhost/replica:0/task:0/device:GPU:0
gradients/add_grad/tuple/control_dependency: (Identity): /job:localhost/replica:0/task:0/device:GPU:0
gradients/add_grad/tuple/control_dependency_1: (Identity): /job:localhost/replica:0/task:0/device:GPU:0
gradients/Conv2D_grad/ShapeN: (ShapeN): /job:localhost/replica:0/task:0/device:GPU:0
gradients/Conv2D_grad/Conv2DBackpropInput: (Conv2DBackpropInput): /job:localhost/replica:0/task:0/device:GPU:0
gradients/Conv2D_grad/Conv2DBackpropFilter: (Conv2DBackpropFilter): /job:localhost/replica:0/task:0/device:GPU:0
gradients/Conv2D_grad/tuple/group_deps: (NoOp): /job:localhost/replica:0/task:0/device:GPU:0
gradients/Conv2D_grad/tuple/control_dependency: (Identity): /job:localhost/replica:0/task:0/device:GPU:0
gradients/Conv2D_grad/tuple/control_dependency_1: (Identity): /job:localhost/replica:0/task:0/device:GPU:0
beta1_power: (VariableV2): /job:localhost/replica:0/task:0/device:GPU:0
beta1_power/Assign: (Assign): /job:localhost/replica:0/task:0/device:GPU:0
beta1_power/read: (Identity): /job:localhost/replica:0/task:0/device:GPU:0
beta2_power: (VariableV2): /job:localhost/replica:0/task:0/device:GPU:0
beta2_power/Assign: (Assign): /job:localhost/replica:0/task:0/device:GPU:0
beta2_power/read: (Identity): /job:localhost/replica:0/task:0/device:GPU:0
Variable_1/Adam: (VariableV2): /job:localhost/replica:0/task:0/device:GPU:0
Variable_1/Adam/Assign: (Assign): /job:localhost/replica:0/task:0/device:GPU:0
Variable_1/Adam/read: (Identity): /job:localhost/replica:0/task:0/device:GPU:0
Variable_1/Adam_1: (VariableV2): /job:localhost/replica:0/task:0/device:GPU:0
Variable_1/Adam_1/Assign: (Assign): /job:localhost/replica:0/task:0/device:GPU:0
Variable_1/Adam_1/read: (Identity): /job:localhost/replica:0/task:0/device:GPU:0
Variable_2/Adam: (VariableV2): /job:localhost/replica:0/task:0/device:GPU:0
Variable_2/Adam/Assign: (Assign): /job:localhost/replica:0/task:0/device:GPU:0
Variable_2/Adam/read: (Identity): /job:localhost/replica:0/task:0/device:GPU:0
Variable_2/Adam_1: (VariableV2): /job:localhost/replica:0/task:0/device:GPU:0
Variable_2/Adam_1/Assign: (Assign): /job:localhost/replica:0/task:0/device:GPU:0
Variable_2/Adam_1/read: (Identity): /job:localhost/replica:0/task:0/device:GPU:0
Variable_3/Adam/Initializer/zeros: (Fill): /job:localhost/replica:0/task:0/device:GPU:0
Variable_3/Adam: (VariableV2): /job:localhost/replica:0/task:0/device:GPU:0
Variable_3/Adam/Assign: (Assign): /job:localhost/replica:0/task:0/device:GPU:0
Variable_3/Adam/read: (Identity): /job:localhost/replica:0/task:0/device:GPU:0
Variable_3/Adam_1/Initializer/zeros: (Fill): /job:localhost/replica:0/task:0/device:GPU:0
Variable_3/Adam_1: (VariableV2): /job:localhost/replica:0/task:0/device:GPU:0
Variable_3/Adam_1/Assign: (Assign): /job:localhost/replica:0/task:0/device:GPU:0
Variable_3/Adam_1/read: (Identity): /job:localhost/replica:0/task:0/device:GPU:0
Variable_4/Adam: (VariableV2): /job:localhost/replica:0/task:0/device:GPU:0
Variable_4/Adam/Assign: (Assign): /job:localhost/replica:0/task:0/device:GPU:0
Variable_4/Adam/read: (Identity): /job:localhost/replica:0/task:0/device:GPU:0
Variable_4/Adam_1: (VariableV2): /job:localhost/replica:0/task:0/device:GPU:0
Variable_4/Adam_1/Assign: (Assign): /job:localhost/replica:0/task:0/device:GPU:0
Variable_4/Adam_1/read: (Identity): /job:localhost/replica:0/task:0/device:GPU:0
Variable_5/Adam/Initializer/zeros: (Fill): /job:localhost/replica:0/task:0/device:GPU:0
Variable_5/Adam: (VariableV2): /job:localhost/replica:0/task:0/device:GPU:0
Variable_5/Adam/Assign: (Assign): /job:localhost/replica:0/task:0/device:GPU:0
Variable_5/Adam/read: (Identity): /job:localhost/replica:0/task:0/device:GPU:0
Variable_5/Adam_1/Initializer/zeros: (Fill): /job:localhost/replica:0/task:0/device:GPU:0
Variable_5/Adam_1: (VariableV2): /job:localhost/replica:0/task:0/device:GPU:0
Variable_5/Adam_1/Assign: (Assign): /job:localhost/replica:0/task:0/device:GPU:0
Variable_5/Adam_1/read: (Identity): /job:localhost/replica:0/task:0/device:GPU:0
Variable_6/Adam/Initializer/zeros: (Fill): /job:localhost/replica:0/task:0/device:GPU:0
Variable_6/Adam: (VariableV2): /job:localhost/replica:0/task:0/device:GPU:0
Variable_6/Adam/Assign: (Assign): /job:localhost/replica:0/task:0/device:GPU:0
Variable_6/Adam/read: (Identity): /job:localhost/replica:0/task:0/device:GPU:0
Variable_6/Adam_1/Initializer/zeros: (Fill): /job:localhost/replica:0/task:0/device:GPU:0
Variable_6/Adam_1: (VariableV2): /job:localhost/replica:0/task:0/device:GPU:0
Variable_6/Adam_1/Assign: (Assign): /job:localhost/replica:0/task:0/device:GPU:0
Variable_6/Adam_1/read: (Identity): /job:localhost/replica:0/task:0/device:GPU:0
Variable_7/Adam/Initializer/zeros: (Fill): /job:localhost/replica:0/task:0/device:GPU:0
Variable_7/Adam: (VariableV2): /job:localhost/replica:0/task:0/device:GPU:0
Variable_7/Adam/Assign: (Assign): /job:localhost/replica:0/task:0/device:GPU:0
Variable_7/Adam/read: (Identity): /job:localhost/replica:0/task:0/device:GPU:0
Variable_7/Adam_1/Initializer/zeros: (Fill): /job:localhost/replica:0/task:0/device:GPU:0
Variable_7/Adam_1: (VariableV2): /job:localhost/replica:0/task:0/device:GPU:0
Variable_7/Adam_1/Assign: (Assign): /job:localhost/replica:0/task:0/device:GPU:0
Variable_7/Adam_1/read: (Identity): /job:localhost/replica:0/task:0/device:GPU:0
Variable_8/Adam: (VariableV2): /job:localhost/replica:0/task:0/device:GPU:0
Variable_8/Adam/Assign: (Assign): /job:localhost/replica:0/task:0/device:GPU:0
Variable_8/Adam/read: (Identity): /job:localhost/replica:0/task:0/device:GPU:0
Variable_8/Adam_1: (VariableV2): /job:localhost/replica:0/task:0/device:GPU:0
Variable_8/Adam_1/Assign: (Assign): /job:localhost/replica:0/task:0/device:GPU:0
Variable_8/Adam_1/read: (Identity): /job:localhost/replica:0/task:0/device:GPU:0
Adam/update_Variable_1/ApplyAdam: (ApplyAdam): /job:localhost/replica:0/task:0/device:GPU:0
Adam/update_Variable_2/ApplyAdam: (ApplyAdam): /job:localhost/replica:0/task:0/device:GPU:0
Adam/update_Variable_3/ApplyAdam: (ApplyAdam): /job:localhost/replica:0/task:0/device:GPU:0
Adam/update_Variable_4/ApplyAdam: (ApplyAdam): /job:localhost/replica:0/task:0/device:GPU:0
Adam/update_Variable_5/ApplyAdam: (ApplyAdam): /job:localhost/replica:0/task:0/device:GPU:0
Adam/update_Variable_6/ApplyAdam: (ApplyAdam): /job:localhost/replica:0/task:0/device:GPU:0
Adam/update_Variable_7/ApplyAdam: (ApplyAdam): /job:localhost/replica:0/task:0/device:GPU:0
Adam/update_Variable_8/ApplyAdam: (ApplyAdam): /job:localhost/replica:0/task:0/device:GPU:0
Adam/mul: (Mul): /job:localhost/replica:0/task:0/device:GPU:0
Adam/Assign: (Assign): /job:localhost/replica:0/task:0/device:GPU:0
Adam/mul_1: (Mul): /job:localhost/replica:0/task:0/device:GPU:0
Adam/Assign_1: (Assign): /job:localhost/replica:0/task:0/device:GPU:0
Adam: (NoOp): /job:localhost/replica:0/task:0/device:GPU:0
ArgMax: (ArgMax): /job:localhost/replica:0/task:0/device:GPU:0
ArgMax_1: (ArgMax): /job:localhost/replica:0/task:0/device:GPU:0
Equal: (Equal): /job:localhost/replica:0/task:0/device:GPU:0
Cast: (Cast): /job:localhost/replica:0/task:0/device:GPU:0
Mean_1: (Mean): /job:localhost/replica:0/task:0/device:GPU:0
init: (NoOp): /job:localhost/replica:0/task:0/device:GPU:0
Placeholder: (Placeholder): /job:localhost/replica:0/task:0/device:GPU:0
zeros/shape_as_tensor: (Const): /job:localhost/replica:0/task:0/device:GPU:0
zeros/Const: (Const): /job:localhost/replica:0/task:0/device:GPU:0
Placeholder_1: (Placeholder): /job:localhost/replica:0/task:0/device:GPU:0
truncated_normal/shape: (Const): /job:localhost/replica:0/task:0/device:GPU:0
truncated_normal/mean: (Const): /job:localhost/replica:0/task:0/device:GPU:0
truncated_normal/stddev: (Const): /job:localhost/replica:0/task:0/device:GPU:0
Const: (Const): /job:localhost/replica:0/task:0/device:GPU:0
Reshape/shape: (Const): /job:localhost/replica:0/task:0/device:GPU:0
truncated_normal_1/shape: (Const): /job:localhost/replica:0/task:0/device:GPU:0
truncated_normal_1/mean: (Const): /job:localhost/replica:0/task:0/device:GPU:0
truncated_normal_1/stddev: (Const): /job:localhost/replica:0/task:0/device:GPU:0
Const_1: (Const): /job:localhost/replica:0/task:0/device:GPU:0
truncated_normal_2/shape: (Const): /job:localhost/replica:0/task:0/device:GPU:0
truncated_normal_2/mean: (Const): /job:localhost/replica:0/task:0/device:GPU:0
truncated_normal_2/stddev: (Const): /job:localhost/replica:0/task:0/device:GPU:0
Const_2: (Const): /job:localhost/replica:0/task:0/device:GPU:0
Reshape_1/shape: (Const): /job:localhost/replica:0/task:0/device:GPU:0
PlaceholderWithDefault/input: (Const): /job:localhost/replica:0/task:0/device:GPU:0
sub/x: (Const): /job:localhost/replica:0/task:0/device:GPU:0
dropout/sub/x: (Const): /job:localhost/replica:0/task:0/device:GPU:0
dropout/random_uniform/min: (Const): /job:localhost/replica:0/task:0/device:GPU:0
dropout/random_uniform/max: (Const): /job:localhost/replica:0/task:0/device:GPU:0
truncated_normal_3/shape: (Const): /job:localhost/replica:0/task:0/device:GPU:0
truncated_normal_3/mean: (Const): /job:localhost/replica:0/task:0/device:GPU:0
truncated_normal_3/stddev: (Const): /job:localhost/replica:0/task:0/device:GPU:0
Const_3: (Const): /job:localhost/replica:0/task:0/device:GPU:0
softmax_cross_entropy_with_logits_sg/Rank: (Const): /job:localhost/replica:0/task:0/device:GPU:0
softmax_cross_entropy_with_logits_sg/Rank_1: (Const): /job:localhost/replica:0/task:0/device:GPU:0
softmax_cross_entropy_with_logits_sg/Sub/y: (Const): /job:localhost/replica:0/task:0/device:GPU:0
softmax_cross_entropy_with_logits_sg/Slice/size: (Const): /job:localhost/replica:0/task:0/device:GPU:0
softmax_cross_entropy_with_logits_sg/concat/values_0: (Const): /job:localhost/replica:0/task:0/device:GPU:0
softmax_cross_entropy_with_logits_sg/concat/axis: (Const): /job:localhost/replica:0/task:0/device:GPU:0
softmax_cross_entropy_with_logits_sg/Rank_2: (Const): /job:localhost/replica:0/task:0/device:GPU:0
softmax_cross_entropy_with_logits_sg/Sub_1/y: (Const): /job:localhost/replica:0/task:0/device:GPU:0
softmax_cross_entropy_with_logits_sg/Slice_1/size: (Const): /job:localhost/replica:0/task:0/device:GPU:0
softmax_cross_entropy_with_logits_sg/concat_1/values_0: (Const): /job:localhost/replica:0/task:0/device:GPU:0
softmax_cross_entropy_with_logits_sg/concat_1/axis: (Const): /job:localhost/replica:0/task:0/device:GPU:0
softmax_cross_entropy_with_logits_sg/Sub_2/y: (Const): /job:localhost/replica:0/task:0/device:GPU:0
softmax_cross_entropy_with_logits_sg/Slice_2/begin: (Const): /job:localhost/replica:0/task:0/device:GPU:0
Const_4: (Const): /job:localhost/replica:0/task:0/device:GPU:0
Variable_9/initial_value: (Const): /job:localhost/replica:0/task:0/device:CPU:0
mul/y: (Const): /job:localhost/replica:0/task:0/device:GPU:0
ExponentialDecay/learning_rate: (Const): /job:localhost/replica:0/task:0/device:GPU:0
ExponentialDecay/Cast/x: (Const): /job:localhost/replica:0/task:0/device:GPU:0
ExponentialDecay/Cast_1/x: (Const): /job:localhost/replica:0/task:0/device:GPU:0
gradients/Shape: (Const): /job:localhost/replica:0/task:0/device:GPU:0
gradients/grad_ys_0: (Const): /job:localhost/replica:0/task:0/device:GPU:0
gradients/Mean_grad/Reshape/shape: (Const): /job:localhost/replica:0/task:0/device:GPU:0
gradients/Mean_grad/Shape_2: (Const): /job:localhost/replica:0/task:0/device:GPU:0
gradients/Mean_grad/Const: (Const): /job:localhost/replica:0/task:0/device:GPU:0
gradients/Mean_grad/Const_1: (Const): /job:localhost/replica:0/task:0/device:GPU:0
gradients/Mean_grad/Maximum/y: (Const): /job:localhost/replica:0/task:0/device:GPU:0
gradients/softmax_cross_entropy_with_logits_sg_grad/ExpandDims/dim: (Const): /job:localhost/replica:0/task:0/device:GPU:0
gradients/softmax_cross_entropy_with_logits_sg_grad/ExpandDims_1/dim: (Const): /job:localhost/replica:0/task:0/device:GPU:0
gradients/add_3_grad/Shape_1: (Const): /job:localhost/replica:0/task:0/device:GPU:0
gradients/dropout/truediv_grad/Shape_1: (Const): /job:localhost/replica:0/task:0/device:GPU:0
gradients/add_2_grad/Shape_1: (Const): /job:localhost/replica:0/task:0/device:GPU:0
gradients/add_1_grad/Shape_1: (Const): /job:localhost/replica:0/task:0/device:GPU:0
gradients/add_grad/Shape_1: (Const): /job:localhost/replica:0/task:0/device:GPU:0
beta1_power/initial_value: (Const): /job:localhost/replica:0/task:0/device:GPU:0
beta2_power/initial_value: (Const): /job:localhost/replica:0/task:0/device:GPU:0
Variable_1/Adam/Initializer/zeros: (Const): /job:localhost/replica:0/task:0/device:GPU:0
Variable_1/Adam_1/Initializer/zeros: (Const): /job:localhost/replica:0/task:0/device:GPU:0
Variable_2/Adam/Initializer/zeros: (Const): /job:localhost/replica:0/task:0/device:GPU:0
Variable_2/Adam_1/Initializer/zeros: (Const): /job:localhost/replica:0/task:0/device:GPU:0
Variable_3/Adam/Initializer/zeros/shape_as_tensor: (Const): /job:localhost/replica:0/task:0/device:GPU:0
Variable_3/Adam/Initializer/zeros/Const: (Const): /job:localhost/replica:0/task:0/device:GPU:0
Variable_3/Adam_1/Initializer/zeros/shape_as_tensor: (Const): /job:localhost/replica:0/task:0/device:GPU:0
Variable_3/Adam_1/Initializer/zeros/Const: (Const): /job:localhost/replica:0/task:0/device:GPU:0
Variable_4/Adam/Initializer/zeros: (Const): /job:localhost/replica:0/task:0/device:GPU:0
Variable_4/Adam_1/Initializer/zeros: (Const): /job:localhost/replica:0/task:0/device:GPU:0
Variable_5/Adam/Initializer/zeros/shape_as_tensor: (Const): /job:localhost/replica:0/task:0/device:GPU:0
Variable_5/Adam/Initializer/zeros/Const: (Const): /job:localhost/replica:0/task:0/device:GPU:0
Variable_5/Adam_1/Initializer/zeros/shape_as_tensor: (Const): /job:localhost/replica:0/task:0/device:GPU:0
Variable_5/Adam_1/Initializer/zeros/Const: (Const): /job:localhost/replica:0/task:0/device:GPU:0
Variable_6/Adam/Initializer/zeros/shape_as_tensor: (Const): /job:localhost/replica:0/task:0/device:GPU:0
Variable_6/Adam/Initializer/zeros/Const: (Const): /job:localhost/replica:0/task:0/device:GPU:0
Variable_6/Adam_1/Initializer/zeros/shape_as_tensor: (Const): /job:localhost/replica:0/task:0/device:GPU:0
Variable_6/Adam_1/Initializer/zeros/Const: (Const): /job:localhost/replica:0/task:0/device:GPU:0
Variable_7/Adam/Initializer/zeros/shape_as_tensor: (Const): /job:localhost/replica:0/task:0/device:GPU:0
Variable_7/Adam/Initializer/zeros/Const: (Const): /job:localhost/replica:0/task:0/device:GPU:0
Variable_7/Adam_1/Initializer/zeros/shape_as_tensor: (Const): /job:localhost/replica:0/task:0/device:GPU:0
Variable_7/Adam_1/Initializer/zeros/Const: (Const): /job:localhost/replica:0/task:0/device:GPU:0
Variable_8/Adam/Initializer/zeros: (Const): /job:localhost/replica:0/task:0/device:GPU:0
Variable_8/Adam_1/Initializer/zeros: (Const): /job:localhost/replica:0/task:0/device:GPU:0
Adam/beta1: (Const): /job:localhost/replica:0/task:0/device:GPU:0
Adam/beta2: (Const): /job:localhost/replica:0/task:0/device:GPU:0
Adam/epsilon: (Const): /job:localhost/replica:0/task:0/device:GPU:0
ArgMax/dimension: (Const): /job:localhost/replica:0/task:0/device:GPU:0
ArgMax_1/dimension: (Const): /job:localhost/replica:0/task:0/device:GPU:0
Const_5: (Const): /job:localhost/replica:0/task:0/device:GPU:0
Num GPUs Available:  4
50000
50000
TRAINING
Num GPUs Available:  4
step 0, training accuracy 0.125 Batch [0,8]
step 35, training accuracy 0.375 Batch [280,288]
step 70, training accuracy 0.75 Batch [560,568]
step 105, training accuracy 0.75 Batch [840,848]
step 140, training accuracy 0.75 Batch [1120,1128]
step 175, training accuracy 0.875 Batch [1400,1408]
step 210, training accuracy 1 Batch [1680,1688]
step 245, training accuracy 1 Batch [1960,1968]
step 280, training accuracy 1 Batch [2240,2248]
step 315, training accuracy 1 Batch [2520,2528]
step 350, training accuracy 0.75 Batch [2800,2808]
step 385, training accuracy 1 Batch [3080,3088]
step 420, training accuracy 0.875 Batch [3360,3368]
step 455, training accuracy 1 Batch [3640,3648]
step 490, training accuracy 1 Batch [3920,3928]
step 525, training accuracy 0.875 Batch [4200,4208]
step 560, training accuracy 1 Batch [4480,4488]
step 595, training accuracy 0.875 Batch [4760,4768]
step 630, training accuracy 1 Batch [5040,5048]
step 665, training accuracy 1 Batch [5320,5328]
step 700, training accuracy 1 Batch [5600,5608]
step 735, training accuracy 1 Batch [5880,5888]
step 770, training accuracy 1 Batch [6160,6168]
step 805, training accuracy 1 Batch [6440,6448]
step 840, training accuracy 1 Batch [6720,6728]
step 875, training accuracy 0.875 Batch [7000,7008]
step 910, training accuracy 0.875 Batch [7280,7288]
step 945, training accuracy 1 Batch [7560,7568]
step 980, training accuracy 1 Batch [7840,7848]
step 1015, training accuracy 0.875 Batch [8120,8128]
step 1050, training accuracy 1 Batch [8400,8408]
step 1085, training accuracy 1 Batch [8680,8688]
step 1120, training accuracy 0.875 Batch [8960,8968]
step 1155, training accuracy 1 Batch [9240,9248]
step 1190, training accuracy 1 Batch [9520,9528]
step 1225, training accuracy 1 Batch [9800,9808]
step 1260, training accuracy 1 Batch [10080,10088]
step 1295, training accuracy 1 Batch [10360,10368]
step 1330, training accuracy 0.875 Batch [10640,10648]
step 1365, training accuracy 1 Batch [10920,10928]
step 1400, training accuracy 0.875 Batch [11200,11208]
step 1435, training accuracy 1 Batch [11480,11488]
step 1470, training accuracy 0.875 Batch [11760,11768]
step 1505, training accuracy 1 Batch [12040,12048]
step 1540, training accuracy 1 Batch [12320,12328]
step 1575, training accuracy 1 Batch [12600,12608]
step 1610, training accuracy 1 Batch [12880,12888]
step 1645, training accuracy 1 Batch [13160,13168]
step 1680, training accuracy 1 Batch [13440,13448]
step 1715, training accuracy 1 Batch [13720,13728]
step 1750, training accuracy 1 Batch [14000,14008]
step 1785, training accuracy 0.875 Batch [14280,14288]
step 1820, training accuracy 1 Batch [14560,14568]
step 1855, training accuracy 1 Batch [14840,14848]
step 1890, training accuracy 1 Batch [15120,15128]
step 1925, training accuracy 0.875 Batch [15400,15408]
step 1960, training accuracy 1 Batch [15680,15688]
step 1995, training accuracy 1 Batch [15960,15968]
step 2030, training accuracy 1 Batch [16240,16248]
step 2065, training accuracy 1 Batch [16520,16528]
step 2100, training accuracy 1 Batch [16800,16808]
step 2135, training accuracy 1 Batch [17080,17088]
step 2170, training accuracy 1 Batch [17360,17368]
step 2205, training accuracy 1 Batch [17640,17648]
step 2240, training accuracy 1 Batch [17920,17928]
step 2275, training accuracy 1 Batch [18200,18208]
step 2310, training accuracy 0.875 Batch [18480,18488]
step 2345, training accuracy 1 Batch [18760,18768]
step 2380, training accuracy 1 Batch [19040,19048]
step 2415, training accuracy 1 Batch [19320,19328]
step 2450, training accuracy 1 Batch [19600,19608]
step 2485, training accuracy 0.875 Batch [19880,19888]
step 2520, training accuracy 1 Batch [20160,20168]
step 2555, training accuracy 1 Batch [20440,20448]
step 2590, training accuracy 0.875 Batch [20720,20728]
step 2625, training accuracy 1 Batch [21000,21008]
step 2660, training accuracy 1 Batch [21280,21288]
step 2695, training accuracy 1 Batch [21560,21568]
step 2730, training accuracy 0.875 Batch [21840,21848]
step 2765, training accuracy 1 Batch [22120,22128]
step 2800, training accuracy 0.875 Batch [22400,22408]
step 2835, training accuracy 1 Batch [22680,22688]
step 2870, training accuracy 1 Batch [22960,22968]
step 2905, training accuracy 1 Batch [23240,23248]
step 2940, training accuracy 1 Batch [23520,23528]
step 2975, training accuracy 1 Batch [23800,23808]
step 3010, training accuracy 1 Batch [24080,24088]
step 3045, training accuracy 1 Batch [24360,24368]
step 3080, training accuracy 1 Batch [24640,24648]
step 3115, training accuracy 1 Batch [24920,24928]
step 3150, training accuracy 1 Batch [25200,25208]
step 3185, training accuracy 0.75 Batch [25480,25488]
step 3220, training accuracy 1 Batch [25760,25768]
step 3255, training accuracy 1 Batch [26040,26048]
step 3290, training accuracy 1 Batch [26320,26328]
step 3325, training accuracy 1 Batch [26600,26608]
step 3360, training accuracy 0.875 Batch [26880,26888]
step 3395, training accuracy 1 Batch [27160,27168]
step 3430, training accuracy 1 Batch [27440,27448]
step 3465, training accuracy 1 Batch [27720,27728]
step 3500, training accuracy 1 Batch [28000,28008]
step 3535, training accuracy 1 Batch [28280,28288]
step 3570, training accuracy 1 Batch [28560,28568]
step 3605, training accuracy 1 Batch [28840,28848]
step 3640, training accuracy 0.875 Batch [29120,29128]
step 3675, training accuracy 1 Batch [29400,29408]
step 3710, training accuracy 1 Batch [29680,29688]
step 3745, training accuracy 1 Batch [29960,29968]
step 3780, training accuracy 1 Batch [30240,30248]
step 3815, training accuracy 0.875 Batch [30520,30528]
step 3850, training accuracy 1 Batch [30800,30808]
step 3885, training accuracy 1 Batch [31080,31088]
step 3920, training accuracy 0.875 Batch [31360,31368]
step 3955, training accuracy 1 Batch [31640,31648]
step 3990, training accuracy 1 Batch [31920,31928]
step 4025, training accuracy 1 Batch [32200,32208]
step 4060, training accuracy 1 Batch [32480,32488]
step 4095, training accuracy 1 Batch [32760,32768]
step 4130, training accuracy 1 Batch [33040,33048]
step 4165, training accuracy 1 Batch [33320,33328]
step 4200, training accuracy 1 Batch [33600,33608]
step 4235, training accuracy 1 Batch [33880,33888]
step 4270, training accuracy 1 Batch [34160,34168]
step 4305, training accuracy 1 Batch [34440,34448]
step 4340, training accuracy 1 Batch [34720,34728]
step 4375, training accuracy 1 Batch [35000,35008]
step 4410, training accuracy 1 Batch [35280,35288]
step 4445, training accuracy 1 Batch [35560,35568]
step 4480, training accuracy 1 Batch [35840,35848]
step 4515, training accuracy 1 Batch [36120,36128]
step 4550, training accuracy 1 Batch [36400,36408]
step 4585, training accuracy 1 Batch [36680,36688]
step 4620, training accuracy 1 Batch [36960,36968]
step 4655, training accuracy 1 Batch [37240,37248]
step 4690, training accuracy 1 Batch [37520,37528]
step 4725, training accuracy 1 Batch [37800,37808]
step 4760, training accuracy 1 Batch [38080,38088]
step 4795, training accuracy 1 Batch [38360,38368]
step 4830, training accuracy 1 Batch [38640,38648]
step 4865, training accuracy 0.875 Batch [38920,38928]
step 4900, training accuracy 1 Batch [39200,39208]
step 4935, training accuracy 1 Batch [39480,39488]
step 4970, training accuracy 1 Batch [39760,39768]
step 5005, training accuracy 1 Batch [40040,40048]
step 5040, training accuracy 1 Batch [40320,40328]
step 5075, training accuracy 1 Batch [40600,40608]
step 5110, training accuracy 0.75 Batch [40880,40888]
step 5145, training accuracy 1 Batch [41160,41168]
step 5180, training accuracy 1 Batch [41440,41448]
step 5215, training accuracy 1 Batch [41720,41728]
step 5250, training accuracy 1 Batch [42000,42008]
step 5285, training accuracy 1 Batch [42280,42288]
step 5320, training accuracy 0.875 Batch [42560,42568]
step 5355, training accuracy 1 Batch [42840,42848]
step 5390, training accuracy 1 Batch [43120,43128]
step 5425, training accuracy 1 Batch [43400,43408]
step 5460, training accuracy 1 Batch [43680,43688]
step 5495, training accuracy 1 Batch [43960,43968]
step 5530, training accuracy 1 Batch [44240,44248]
step 5565, training accuracy 1 Batch [44520,44528]
step 5600, training accuracy 1 Batch [44800,44808]
step 5635, training accuracy 1 Batch [45080,45088]
step 5670, training accuracy 1 Batch [45360,45368]
step 5705, training accuracy 1 Batch [45640,45648]
step 5740, training accuracy 1 Batch [45920,45928]
step 5775, training accuracy 1 Batch [46200,46208]
step 5810, training accuracy 1 Batch [46480,46488]
step 5845, training accuracy 1 Batch [46760,46768]
step 5880, training accuracy 1 Batch [47040,47048]
step 5915, training accuracy 1 Batch [47320,47328]
step 5950, training accuracy 0.875 Batch [47600,47608]
step 5985, training accuracy 1 Batch [47880,47888]
step 6020, training accuracy 1 Batch [48160,48168]
step 6055, training accuracy 1 Batch [48440,48448]
step 6090, training accuracy 1 Batch [48720,48728]
step 6125, training accuracy 0.75 Batch [49000,49008]
step 6160, training accuracy 1 Batch [49280,49288]
step 6195, training accuracy 1 Batch [49560,49568]
step 6230, training accuracy 0.875 Batch [49840,49848]
Training Time: 16.137 seconds
TESTING
test accuracy 0.980
Num GPUs Available:  4
