unload bsc/commands (PATH, MANPATH) 
unload CUDA/9.1 (PATH, MANPATH, LD_LIBRARY_PATH, LIBRARY_PATH, C_INCLUDE_PATH,
CPLUS_INCLUDE_PATH, CUDA_HOME, CUDA_VERSION, CUDA_INC, CUDA_INSTALL_PATH) 
unload OPENMPI/3.0.0 (PATH, MANPATH, LD_LIBRARY_PATH, LIBRARY_PATH,
PKG_CONFIG_PATH, C_INCLUDE_PATH, CPLUS_INCLUDE_PATH, MPI, MPI_V) 
unload GCC/6.4.0 (PATH, MANPATH, INFOPATH, LD_LIBRARY_PATH, LIBRARY_PATH,
C_INCLUDE_PATH, CPLUS_INCLUDE_PATH, STD COMP VARS) 
load FFMPEG/4.0.2 (PATH, LIBRARY_PATH, PKG_CONFIG_PATH, C_INCLUDE_PATH,
CPLUS_INCLUDE_PATH) 
load GCC/6.4.0 (PATH, MANPATH, INFOPATH, LD_LIBRARY_PATH, LIBRARY_PATH,
C_INCLUDE_PATH, CPLUS_INCLUDE_PATH, STD COMP VARS) 
load CUDA/9.1 (PATH, MANPATH, LD_LIBRARY_PATH, LIBRARY_PATH, C_INCLUDE_PATH,
CPLUS_INCLUDE_PATH, CUDA_HOME, CUDA_VERSION, CUDA_INC, CUDA_INSTALL_PATH) 
load CUDNN/7.1.3 (LD_LIBRARY_PATH, LIBRARY_PATH, C_INCLUDE_PATH,
CPLUS_INCLUDE_PATH) 
load OPENMPI/3.0.0 (PATH, MANPATH, LD_LIBRARY_PATH, LIBRARY_PATH,
PKG_CONFIG_PATH, C_INCLUDE_PATH, CPLUS_INCLUDE_PATH, MPI, MPI_V) 
load ATLAS/3.10.3 (LD_LIBRARY_PATH, LIBRARY_PATH, C_INCLUDE_PATH,
CPLUS_INCLUDE_PATH) 
load SCALAPACK/2.0.2 (LD_LIBRARY_PATH, LIBRARY_PATH, PKG_CONFIG_PATH) 
load FFTW/3.3.7 (PATH, MANPATH, LD_LIBRARY_PATH, LIBRARY_PATH, C_INCLUDE_PATH,
CPLUS_INCLUDE_PATH) 
load SZIP/2.1.1 (LD_LIBRARY_PATH, LIBRARY_PATH, C_INCLUDE_PATH,
CPLUS_INCLUDE_PATH) 
load OPENCV/3.4.1 (PATH, LD_LIBRARY_PATH, LIBRARY_PATH, PKG_CONFIG_PATH,
C_INCLUDE_PATH, CPLUS_INCLUDE_PATH, PYTHONPATH) 
load PYTHON/3.6.5_ML (PATH, MANPATH, LD_LIBRARY_PATH, LIBRARY_PATH,
PKG_CONFIG_PATH, C_INCLUDE_PATH, CPLUS_INCLUDE_PATH, PYTHONHOME, PYTHONPATH) 

(singlelayer_modified.py:128960): Gtk-WARNING **: Locale not supported by C library.
	Using the fallback 'C' locale.

(singlelayer_modified.py:128960): Gdk-CRITICAL **: gdk_cursor_new_for_display: assertion 'GDK_IS_DISPLAY (display)' failed
WARNING:tensorflow:From /apps/PYTHON/3.6.5_ML/lib/python3.6/site-packages/tensorflow/python/framework/op_def_library.py:263: colocate_with (from tensorflow.python.framework.ops) is deprecated and will be removed in a future version.
Instructions for updating:
Colocations handled automatically by placer.
WARNING:tensorflow:From /apps/PYTHON/3.6.5_ML/lib/python3.6/site-packages/tensorflow/python/ops/math_ops.py:3066: to_int32 (from tensorflow.python.ops.math_ops) is deprecated and will be removed in a future version.
Instructions for updating:
Use tf.cast instead.
2023-01-07 03:10:37.393227: W tensorflow/core/platform/profile_utils/cpu_utils.cc:98] Failed to find bogomips in /proc/cpuinfo; cannot determine CPU frequency
2023-01-07 03:10:37.396919: I tensorflow/compiler/xla/service/service.cc:150] XLA service 0x389e1e90 executing computations on platform Host. Devices:
2023-01-07 03:10:37.396958: I tensorflow/compiler/xla/service/service.cc:158]   StreamExecutor device (0): <undefined>, <undefined>
2023-01-07 03:10:37.843425: I tensorflow/compiler/xla/service/service.cc:150] XLA service 0x38ab5190 executing computations on platform CUDA. Devices:
2023-01-07 03:10:37.843559: I tensorflow/compiler/xla/service/service.cc:158]   StreamExecutor device (0): Tesla V100-SXM2-16GB, Compute Capability 7.0
2023-01-07 03:10:37.843577: I tensorflow/compiler/xla/service/service.cc:158]   StreamExecutor device (1): Tesla V100-SXM2-16GB, Compute Capability 7.0
2023-01-07 03:10:37.843590: I tensorflow/compiler/xla/service/service.cc:158]   StreamExecutor device (2): Tesla V100-SXM2-16GB, Compute Capability 7.0
2023-01-07 03:10:37.843603: I tensorflow/compiler/xla/service/service.cc:158]   StreamExecutor device (3): Tesla V100-SXM2-16GB, Compute Capability 7.0
2023-01-07 03:10:37.845029: I tensorflow/core/common_runtime/gpu/gpu_device.cc:1433] Found device 0 with properties: 
name: Tesla V100-SXM2-16GB major: 7 minor: 0 memoryClockRate(GHz): 1.53
pciBusID: 0004:04:00.0
totalMemory: 15.78GiB freeMemory: 15.47GiB
2023-01-07 03:10:37.845074: I tensorflow/core/common_runtime/gpu/gpu_device.cc:1433] Found device 1 with properties: 
name: Tesla V100-SXM2-16GB major: 7 minor: 0 memoryClockRate(GHz): 1.53
pciBusID: 0004:05:00.0
totalMemory: 15.78GiB freeMemory: 15.47GiB
2023-01-07 03:10:37.845996: I tensorflow/core/common_runtime/gpu/gpu_device.cc:1433] Found device 2 with properties: 
name: Tesla V100-SXM2-16GB major: 7 minor: 0 memoryClockRate(GHz): 1.53
pciBusID: 0035:03:00.0
totalMemory: 15.78GiB freeMemory: 15.47GiB
2023-01-07 03:10:37.846036: I tensorflow/core/common_runtime/gpu/gpu_device.cc:1433] Found device 3 with properties: 
name: Tesla V100-SXM2-16GB major: 7 minor: 0 memoryClockRate(GHz): 1.53
pciBusID: 0035:04:00.0
totalMemory: 15.78GiB freeMemory: 15.47GiB
2023-01-07 03:10:37.846100: I tensorflow/core/common_runtime/gpu/gpu_device.cc:1512] Adding visible gpu devices: 0, 1, 2, 3
2023-01-07 03:10:37.862083: I tensorflow/core/common_runtime/gpu/gpu_device.cc:984] Device interconnect StreamExecutor with strength 1 edge matrix:
2023-01-07 03:10:37.862153: I tensorflow/core/common_runtime/gpu/gpu_device.cc:990]      0 1 2 3 
2023-01-07 03:10:37.862168: I tensorflow/core/common_runtime/gpu/gpu_device.cc:1003] 0:   N Y Y Y 
2023-01-07 03:10:37.862180: I tensorflow/core/common_runtime/gpu/gpu_device.cc:1003] 1:   Y N Y Y 
2023-01-07 03:10:37.862192: I tensorflow/core/common_runtime/gpu/gpu_device.cc:1003] 2:   Y Y N Y 
2023-01-07 03:10:37.862204: I tensorflow/core/common_runtime/gpu/gpu_device.cc:1003] 3:   Y Y Y N 
2023-01-07 03:10:37.862415: I tensorflow/core/common_runtime/gpu/gpu_device.cc:1115] Created TensorFlow device (/job:localhost/replica:0/task:0/device:GPU:0 with 15050 MB memory) -> physical GPU (device: 0, name: Tesla V100-SXM2-16GB, pci bus id: 0004:04:00.0, compute capability: 7.0)
2023-01-07 03:10:37.864197: I tensorflow/core/common_runtime/gpu/gpu_device.cc:1115] Created TensorFlow device (/job:localhost/replica:0/task:0/device:GPU:1 with 15050 MB memory) -> physical GPU (device: 1, name: Tesla V100-SXM2-16GB, pci bus id: 0004:05:00.0, compute capability: 7.0)
2023-01-07 03:10:37.865963: I tensorflow/core/common_runtime/gpu/gpu_device.cc:1115] Created TensorFlow device (/job:localhost/replica:0/task:0/device:GPU:2 with 15050 MB memory) -> physical GPU (device: 2, name: Tesla V100-SXM2-16GB, pci bus id: 0035:03:00.0, compute capability: 7.0)
2023-01-07 03:10:37.866834: I tensorflow/core/common_runtime/gpu/gpu_device.cc:1115] Created TensorFlow device (/job:localhost/replica:0/task:0/device:GPU:3 with 15050 MB memory) -> physical GPU (device: 3, name: Tesla V100-SXM2-16GB, pci bus id: 0035:04:00.0, compute capability: 7.0)
2023-01-07 03:10:38.344090: I tensorflow/stream_executor/dso_loader.cc:152] successfully opened CUDA library libcublas.so.9.1 locally
posx and posy should be finite values
posx and posy should be finite values
2023-01-07 03:11:03.014765: I tensorflow/core/common_runtime/gpu/gpu_device.cc:1512] Adding visible gpu devices: 0, 1, 2, 3
2023-01-07 03:11:03.014922: I tensorflow/core/common_runtime/gpu/gpu_device.cc:984] Device interconnect StreamExecutor with strength 1 edge matrix:
2023-01-07 03:11:03.014941: I tensorflow/core/common_runtime/gpu/gpu_device.cc:990]      0 1 2 3 
2023-01-07 03:11:03.014954: I tensorflow/core/common_runtime/gpu/gpu_device.cc:1003] 0:   N Y Y Y 
2023-01-07 03:11:03.014966: I tensorflow/core/common_runtime/gpu/gpu_device.cc:1003] 1:   Y N Y Y 
2023-01-07 03:11:03.014978: I tensorflow/core/common_runtime/gpu/gpu_device.cc:1003] 2:   Y Y N Y 
2023-01-07 03:11:03.014989: I tensorflow/core/common_runtime/gpu/gpu_device.cc:1003] 3:   Y Y Y N 
2023-01-07 03:11:03.015199: I tensorflow/core/common_runtime/gpu/gpu_device.cc:1115] Created TensorFlow device (/job:localhost/replica:0/task:0/device:GPU:0 with 15050 MB memory) -> physical GPU (device: 0, name: Tesla V100-SXM2-16GB, pci bus id: 0004:04:00.0, compute capability: 7.0)
2023-01-07 03:11:03.016115: I tensorflow/core/common_runtime/gpu/gpu_device.cc:1115] Created TensorFlow device (/job:localhost/replica:0/task:0/device:GPU:1 with 15050 MB memory) -> physical GPU (device: 1, name: Tesla V100-SXM2-16GB, pci bus id: 0004:05:00.0, compute capability: 7.0)
2023-01-07 03:11:03.016364: I tensorflow/core/common_runtime/gpu/gpu_device.cc:1115] Created TensorFlow device (/job:localhost/replica:0/task:0/device:GPU:2 with 15050 MB memory) -> physical GPU (device: 2, name: Tesla V100-SXM2-16GB, pci bus id: 0035:03:00.0, compute capability: 7.0)
2023-01-07 03:11:03.017358: I tensorflow/core/common_runtime/gpu/gpu_device.cc:1115] Created TensorFlow device (/job:localhost/replica:0/task:0/device:GPU:3 with 15050 MB memory) -> physical GPU (device: 3, name: Tesla V100-SXM2-16GB, pci bus id: 0035:04:00.0, compute capability: 7.0)
/apps/PYTHON/3.6.5_ML/lib/python3.6/site-packages/tensorflow/python/client/session.py:1702: UserWarning: An interactive session is already active. This can cause out-of-memory errors in some cases. You must explicitly call `InteractiveSession.close()` to release resources held by the other session(s).
  warnings.warn('An interactive session is already active. This can '
singlelayer_modified.py:108: MatplotlibDeprecationWarning: Adding an axes using the same arguments as a previous axes currently reuses the earlier instance.  In a future version, a new instance will always be created and returned.  Meanwhile, this warning can be suppressed, and the future behavior ensured, by passing a unique label to each axes instance.
  plt.subplot(2, 1, 1)
singlelayer_modified.py:117: MatplotlibDeprecationWarning: Adding an axes using the same arguments as a previous axes currently reuses the earlier instance.  In a future version, a new instance will always be created and returned.  Meanwhile, this warning can be suppressed, and the future behavior ensured, by passing a unique label to each axes instance.
  plt.subplot(2, 1, 2)
posx and posy should be finite values
posx and posy should be finite values
posx and posy should be finite values
posx and posy should be finite values
2023-01-07 03:11:29.652976: I tensorflow/core/common_runtime/gpu/gpu_device.cc:1512] Adding visible gpu devices: 0, 1, 2, 3
2023-01-07 03:11:29.653129: I tensorflow/core/common_runtime/gpu/gpu_device.cc:984] Device interconnect StreamExecutor with strength 1 edge matrix:
2023-01-07 03:11:29.653146: I tensorflow/core/common_runtime/gpu/gpu_device.cc:990]      0 1 2 3 
2023-01-07 03:11:29.653159: I tensorflow/core/common_runtime/gpu/gpu_device.cc:1003] 0:   N Y Y Y 
2023-01-07 03:11:29.653171: I tensorflow/core/common_runtime/gpu/gpu_device.cc:1003] 1:   Y N Y Y 
2023-01-07 03:11:29.653183: I tensorflow/core/common_runtime/gpu/gpu_device.cc:1003] 2:   Y Y N Y 
2023-01-07 03:11:29.653194: I tensorflow/core/common_runtime/gpu/gpu_device.cc:1003] 3:   Y Y Y N 
2023-01-07 03:11:29.653417: I tensorflow/core/common_runtime/gpu/gpu_device.cc:1115] Created TensorFlow device (/job:localhost/replica:0/task:0/device:GPU:0 with 15050 MB memory) -> physical GPU (device: 0, name: Tesla V100-SXM2-16GB, pci bus id: 0004:04:00.0, compute capability: 7.0)
2023-01-07 03:11:29.655161: I tensorflow/core/common_runtime/gpu/gpu_device.cc:1115] Created TensorFlow device (/job:localhost/replica:0/task:0/device:GPU:1 with 15050 MB memory) -> physical GPU (device: 1, name: Tesla V100-SXM2-16GB, pci bus id: 0004:05:00.0, compute capability: 7.0)
2023-01-07 03:11:29.656125: I tensorflow/core/common_runtime/gpu/gpu_device.cc:1115] Created TensorFlow device (/job:localhost/replica:0/task:0/device:GPU:2 with 15050 MB memory) -> physical GPU (device: 2, name: Tesla V100-SXM2-16GB, pci bus id: 0035:03:00.0, compute capability: 7.0)
2023-01-07 03:11:29.657848: I tensorflow/core/common_runtime/gpu/gpu_device.cc:1115] Created TensorFlow device (/job:localhost/replica:0/task:0/device:GPU:3 with 15050 MB memory) -> physical GPU (device: 3, name: Tesla V100-SXM2-16GB, pci bus id: 0035:04:00.0, compute capability: 7.0)
posx and posy should be finite values
posx and posy should be finite values
posx and posy should be finite values
posx and posy should be finite values
posx and posy should be finite values
posx and posy should be finite values
2023-01-07 03:11:57.024957: I tensorflow/core/common_runtime/gpu/gpu_device.cc:1512] Adding visible gpu devices: 0, 1, 2, 3
2023-01-07 03:11:57.031011: I tensorflow/core/common_runtime/gpu/gpu_device.cc:984] Device interconnect StreamExecutor with strength 1 edge matrix:
2023-01-07 03:11:57.031031: I tensorflow/core/common_runtime/gpu/gpu_device.cc:990]      0 1 2 3 
2023-01-07 03:11:57.031045: I tensorflow/core/common_runtime/gpu/gpu_device.cc:1003] 0:   N Y Y Y 
2023-01-07 03:11:57.031057: I tensorflow/core/common_runtime/gpu/gpu_device.cc:1003] 1:   Y N Y Y 
2023-01-07 03:11:57.031068: I tensorflow/core/common_runtime/gpu/gpu_device.cc:1003] 2:   Y Y N Y 
2023-01-07 03:11:57.031079: I tensorflow/core/common_runtime/gpu/gpu_device.cc:1003] 3:   Y Y Y N 
2023-01-07 03:11:57.031363: I tensorflow/core/common_runtime/gpu/gpu_device.cc:1115] Created TensorFlow device (/job:localhost/replica:0/task:0/device:GPU:0 with 15050 MB memory) -> physical GPU (device: 0, name: Tesla V100-SXM2-16GB, pci bus id: 0004:04:00.0, compute capability: 7.0)
2023-01-07 03:11:57.033830: I tensorflow/core/common_runtime/gpu/gpu_device.cc:1115] Created TensorFlow device (/job:localhost/replica:0/task:0/device:GPU:1 with 15050 MB memory) -> physical GPU (device: 1, name: Tesla V100-SXM2-16GB, pci bus id: 0004:05:00.0, compute capability: 7.0)
2023-01-07 03:11:57.035934: I tensorflow/core/common_runtime/gpu/gpu_device.cc:1115] Created TensorFlow device (/job:localhost/replica:0/task:0/device:GPU:2 with 15050 MB memory) -> physical GPU (device: 2, name: Tesla V100-SXM2-16GB, pci bus id: 0035:03:00.0, compute capability: 7.0)
2023-01-07 03:11:57.038393: I tensorflow/core/common_runtime/gpu/gpu_device.cc:1115] Created TensorFlow device (/job:localhost/replica:0/task:0/device:GPU:3 with 15050 MB memory) -> physical GPU (device: 3, name: Tesla V100-SXM2-16GB, pci bus id: 0035:04:00.0, compute capability: 7.0)
posx and posy should be finite values
posx and posy should be finite values
posx and posy should be finite values
posx and posy should be finite values
posx and posy should be finite values
posx and posy should be finite values
2023-01-07 03:12:25.715074: I tensorflow/core/common_runtime/gpu/gpu_device.cc:1512] Adding visible gpu devices: 0, 1, 2, 3
2023-01-07 03:12:25.715224: I tensorflow/core/common_runtime/gpu/gpu_device.cc:984] Device interconnect StreamExecutor with strength 1 edge matrix:
2023-01-07 03:12:25.715240: I tensorflow/core/common_runtime/gpu/gpu_device.cc:990]      0 1 2 3 
2023-01-07 03:12:25.715253: I tensorflow/core/common_runtime/gpu/gpu_device.cc:1003] 0:   N Y Y Y 
2023-01-07 03:12:25.715265: I tensorflow/core/common_runtime/gpu/gpu_device.cc:1003] 1:   Y N Y Y 
2023-01-07 03:12:25.715277: I tensorflow/core/common_runtime/gpu/gpu_device.cc:1003] 2:   Y Y N Y 
2023-01-07 03:12:25.715289: I tensorflow/core/common_runtime/gpu/gpu_device.cc:1003] 3:   Y Y Y N 
2023-01-07 03:12:25.715513: I tensorflow/core/common_runtime/gpu/gpu_device.cc:1115] Created TensorFlow device (/job:localhost/replica:0/task:0/device:GPU:0 with 15050 MB memory) -> physical GPU (device: 0, name: Tesla V100-SXM2-16GB, pci bus id: 0004:04:00.0, compute capability: 7.0)
2023-01-07 03:12:25.717265: I tensorflow/core/common_runtime/gpu/gpu_device.cc:1115] Created TensorFlow device (/job:localhost/replica:0/task:0/device:GPU:1 with 15050 MB memory) -> physical GPU (device: 1, name: Tesla V100-SXM2-16GB, pci bus id: 0004:05:00.0, compute capability: 7.0)
2023-01-07 03:12:25.719000: I tensorflow/core/common_runtime/gpu/gpu_device.cc:1115] Created TensorFlow device (/job:localhost/replica:0/task:0/device:GPU:2 with 15050 MB memory) -> physical GPU (device: 2, name: Tesla V100-SXM2-16GB, pci bus id: 0035:03:00.0, compute capability: 7.0)
2023-01-07 03:12:25.720730: I tensorflow/core/common_runtime/gpu/gpu_device.cc:1115] Created TensorFlow device (/job:localhost/replica:0/task:0/device:GPU:3 with 15050 MB memory) -> physical GPU (device: 3, name: Tesla V100-SXM2-16GB, pci bus id: 0035:04:00.0, compute capability: 7.0)
posx and posy should be finite values
posx and posy should be finite values
posx and posy should be finite values
posx and posy should be finite values
posx and posy should be finite values
posx and posy should be finite values
2023-01-07 03:12:53.409128: I tensorflow/core/common_runtime/gpu/gpu_device.cc:1512] Adding visible gpu devices: 0, 1, 2, 3
2023-01-07 03:12:53.409296: I tensorflow/core/common_runtime/gpu/gpu_device.cc:984] Device interconnect StreamExecutor with strength 1 edge matrix:
2023-01-07 03:12:53.409313: I tensorflow/core/common_runtime/gpu/gpu_device.cc:990]      0 1 2 3 
2023-01-07 03:12:53.409326: I tensorflow/core/common_runtime/gpu/gpu_device.cc:1003] 0:   N Y Y Y 
2023-01-07 03:12:53.409338: I tensorflow/core/common_runtime/gpu/gpu_device.cc:1003] 1:   Y N Y Y 
2023-01-07 03:12:53.409350: I tensorflow/core/common_runtime/gpu/gpu_device.cc:1003] 2:   Y Y N Y 
2023-01-07 03:12:53.409361: I tensorflow/core/common_runtime/gpu/gpu_device.cc:1003] 3:   Y Y Y N 
2023-01-07 03:12:53.409625: I tensorflow/core/common_runtime/gpu/gpu_device.cc:1115] Created TensorFlow device (/job:localhost/replica:0/task:0/device:GPU:0 with 15050 MB memory) -> physical GPU (device: 0, name: Tesla V100-SXM2-16GB, pci bus id: 0004:04:00.0, compute capability: 7.0)
2023-01-07 03:12:53.411440: I tensorflow/core/common_runtime/gpu/gpu_device.cc:1115] Created TensorFlow device (/job:localhost/replica:0/task:0/device:GPU:1 with 15050 MB memory) -> physical GPU (device: 1, name: Tesla V100-SXM2-16GB, pci bus id: 0004:05:00.0, compute capability: 7.0)
2023-01-07 03:12:53.413564: I tensorflow/core/common_runtime/gpu/gpu_device.cc:1115] Created TensorFlow device (/job:localhost/replica:0/task:0/device:GPU:2 with 15050 MB memory) -> physical GPU (device: 2, name: Tesla V100-SXM2-16GB, pci bus id: 0035:03:00.0, compute capability: 7.0)
2023-01-07 03:12:53.415301: I tensorflow/core/common_runtime/gpu/gpu_device.cc:1115] Created TensorFlow device (/job:localhost/replica:0/task:0/device:GPU:3 with 15050 MB memory) -> physical GPU (device: 3, name: Tesla V100-SXM2-16GB, pci bus id: 0035:04:00.0, compute capability: 7.0)
posx and posy should be finite values
posx and posy should be finite values
posx and posy should be finite values
posx and posy should be finite values
posx and posy should be finite values
posx and posy should be finite values
2023-01-07 03:13:20.518868: I tensorflow/core/common_runtime/gpu/gpu_device.cc:1512] Adding visible gpu devices: 0, 1, 2, 3
2023-01-07 03:13:20.519028: I tensorflow/core/common_runtime/gpu/gpu_device.cc:984] Device interconnect StreamExecutor with strength 1 edge matrix:
2023-01-07 03:13:20.519046: I tensorflow/core/common_runtime/gpu/gpu_device.cc:990]      0 1 2 3 
2023-01-07 03:13:20.519059: I tensorflow/core/common_runtime/gpu/gpu_device.cc:1003] 0:   N Y Y Y 
2023-01-07 03:13:20.519071: I tensorflow/core/common_runtime/gpu/gpu_device.cc:1003] 1:   Y N Y Y 
2023-01-07 03:13:20.519082: I tensorflow/core/common_runtime/gpu/gpu_device.cc:1003] 2:   Y Y N Y 
2023-01-07 03:13:20.519094: I tensorflow/core/common_runtime/gpu/gpu_device.cc:1003] 3:   Y Y Y N 
2023-01-07 03:13:20.519363: I tensorflow/core/common_runtime/gpu/gpu_device.cc:1115] Created TensorFlow device (/job:localhost/replica:0/task:0/device:GPU:0 with 15050 MB memory) -> physical GPU (device: 0, name: Tesla V100-SXM2-16GB, pci bus id: 0004:04:00.0, compute capability: 7.0)
2023-01-07 03:13:20.521009: I tensorflow/core/common_runtime/gpu/gpu_device.cc:1115] Created TensorFlow device (/job:localhost/replica:0/task:0/device:GPU:1 with 15050 MB memory) -> physical GPU (device: 1, name: Tesla V100-SXM2-16GB, pci bus id: 0004:05:00.0, compute capability: 7.0)
2023-01-07 03:13:20.523484: I tensorflow/core/common_runtime/gpu/gpu_device.cc:1115] Created TensorFlow device (/job:localhost/replica:0/task:0/device:GPU:2 with 15050 MB memory) -> physical GPU (device: 2, name: Tesla V100-SXM2-16GB, pci bus id: 0035:03:00.0, compute capability: 7.0)
2023-01-07 03:13:20.526018: I tensorflow/core/common_runtime/gpu/gpu_device.cc:1115] Created TensorFlow device (/job:localhost/replica:0/task:0/device:GPU:3 with 15050 MB memory) -> physical GPU (device: 3, name: Tesla V100-SXM2-16GB, pci bus id: 0035:04:00.0, compute capability: 7.0)
posx and posy should be finite values
posx and posy should be finite values
posx and posy should be finite values
posx and posy should be finite values
posx and posy should be finite values
posx and posy should be finite values
2023-01-07 03:13:46.877734: I tensorflow/core/common_runtime/gpu/gpu_device.cc:1512] Adding visible gpu devices: 0, 1, 2, 3
2023-01-07 03:13:46.877889: I tensorflow/core/common_runtime/gpu/gpu_device.cc:984] Device interconnect StreamExecutor with strength 1 edge matrix:
2023-01-07 03:13:46.877905: I tensorflow/core/common_runtime/gpu/gpu_device.cc:990]      0 1 2 3 
2023-01-07 03:13:46.877919: I tensorflow/core/common_runtime/gpu/gpu_device.cc:1003] 0:   N Y Y Y 
2023-01-07 03:13:46.877931: I tensorflow/core/common_runtime/gpu/gpu_device.cc:1003] 1:   Y N Y Y 
2023-01-07 03:13:46.877942: I tensorflow/core/common_runtime/gpu/gpu_device.cc:1003] 2:   Y Y N Y 
2023-01-07 03:13:46.877954: I tensorflow/core/common_runtime/gpu/gpu_device.cc:1003] 3:   Y Y Y N 
2023-01-07 03:13:46.878177: I tensorflow/core/common_runtime/gpu/gpu_device.cc:1115] Created TensorFlow device (/job:localhost/replica:0/task:0/device:GPU:0 with 15050 MB memory) -> physical GPU (device: 0, name: Tesla V100-SXM2-16GB, pci bus id: 0004:04:00.0, compute capability: 7.0)
2023-01-07 03:13:46.879929: I tensorflow/core/common_runtime/gpu/gpu_device.cc:1115] Created TensorFlow device (/job:localhost/replica:0/task:0/device:GPU:1 with 15050 MB memory) -> physical GPU (device: 1, name: Tesla V100-SXM2-16GB, pci bus id: 0004:05:00.0, compute capability: 7.0)
2023-01-07 03:13:46.880914: I tensorflow/core/common_runtime/gpu/gpu_device.cc:1115] Created TensorFlow device (/job:localhost/replica:0/task:0/device:GPU:2 with 15050 MB memory) -> physical GPU (device: 2, name: Tesla V100-SXM2-16GB, pci bus id: 0035:03:00.0, compute capability: 7.0)
2023-01-07 03:13:46.881884: I tensorflow/core/common_runtime/gpu/gpu_device.cc:1115] Created TensorFlow device (/job:localhost/replica:0/task:0/device:GPU:3 with 15050 MB memory) -> physical GPU (device: 3, name: Tesla V100-SXM2-16GB, pci bus id: 0035:04:00.0, compute capability: 7.0)
posx and posy should be finite values
posx and posy should be finite values
posx and posy should be finite values
posx and posy should be finite values
posx and posy should be finite values
posx and posy should be finite values
